 ---------------------------------------------------------------------------------------------------------------------- 
| Snapshot           | WNS                  | TNS                  | Density (%) | Resource               | DRVs       |
|                    | HEPG (ns) | ALL (ns) | HEPG (ns) | ALL (ns) |             | Real (s) | Memory (MB) | Tran | Cap |
|--------------------+-----------+----------+-----------+----------+-------------+----------+-------------+------+-----|
| initial_summary    |    -0.357 |   -0.357 |           |       -0 |       42.20 | 0:00:32  |        6036 |    1 |  31 |
| area_reclaiming    |    -0.357 |   -0.357 |        -0 |       -0 |       42.07 | 0:00:27  |        6043 |      |     |
| ccopt_pro          |           |          |           |          |             | 0:00:07  |        8255 |      |     |
| drv_eco_fixing     |    -0.359 |   -0.359 |        -0 |       -0 |       42.09 | 0:00:05  |        6287 |    0 |   0 |
| wns_fixing         |    -0.359 |   -0.359 |        -0 |       -0 |       42.09 | 0:00:05  |        6913 |      |     |
| tns_fixing         |    -0.359 |   -0.359 |        -0 |       -0 |       42.09 | 0:00:06  |        6748 |      |     |
| area_reclaiming_2  |    -0.357 |   -0.357 |        -0 |       -0 |       42.08 | 0:00:14  |        6122 |      |     |
| wns_fixing_2       |    -0.357 |   -0.357 |        -0 |       -0 |       42.08 | 0:00:04  |        6603 |      |     |
| tns_fixing_2       |    -0.357 |   -0.357 |        -0 |       -0 |       42.08 | 0:00:05  |        6604 |      |     |
| initial_summary_2  |    -0.357 |   -0.357 |           |       -0 |       41.97 | 0:00:24  |        6302 |    0 |   0 |
| hold_fixing        |           |   -0.357 |           |       -0 |       42.09 | 0:00:04  |        6281 |      |     |
| harden_opt_fixing  |           |          |           |          |             | 0:00:03  |        6313 |      |     |
| route_type_fixing  |           |          |           |          |             | 0:00:01  |        6310 |      |     |
| pre_route_summary  |    -0.357 |   -0.357 |           |       -0 |       41.98 | 0:00:01  |        6312 |    0 |   0 |
| eco_route          |           |          |           |          |             | 0:00:47  |        5953 |      |     |
| post_route_summary |    -0.357 |   -0.357 |           |       -0 |       41.98 | 0:00:17  |        6292 |    0 |   0 |
| tns_eco_fixing     |    -0.357 |   -0.357 |        -0 |       -0 |       42.09 | 0:00:03  |        6713 |      |     |
| final_summary      |    -0.357 |   -0.357 |           |       -0 |       41.98 | 0:00:28  |        6320 |    0 |   0 |
 ---------------------------------------------------------------------------------------------------------------------- 
