 ------------------------------------------------------------------------------------------------------------------------------------------------------- 
| Snapshot                | WNS                  | TNS                  | Density (%) | Hotspot                   | Resource               | DRVs       |
|                         | HEPG (ns) | ALL (ns) | HEPG (ns) | ALL (ns) |             | Max (bins) | Total (bins) | Real (s) | Memory (MB) | Tran | Cap |
|-------------------------+-----------+----------+-----------+----------+-------------+------------+--------------+----------+-------------+------+-----|
| initial_summary         |           |   -1.032 |           |      -20 |       42.72 |            |              | 0:00:14  |        4890 |   55 |  65 |
| route_type_refinement   |           |          |           |          |             |            |              | 0:00:02  |        4983 |      |     |
| simplify_netlist        |           |          |           |          |             |            |              | 0:00:05  |        4983 |      |     |
| excluded_clk_net_fixing |           |          |           |          |             |            |              | 0:00:00  |        4983 |      |     |
| drv_fixing              |     0.000 |   -0.608 |         0 |       -6 |       42.89 |            |              | 0:00:14  |        5166 |    0 |   5 |
| global_opt              |           |   -0.271 |           |       -1 |       42.89 |            |              | 0:00:08  |        5232 |      |     |
| global_opt_2            |           |   -0.267 |           |       -1 |       42.90 |            |              | 0:00:10  |        5270 |      |     |
| area_reclaiming         |     0.000 |   -0.267 |         0 |       -1 |       42.84 |            |              | 0:00:14  |        5260 |      |     |
| wns_fixing              |    -0.267 |   -0.283 |        -0 |       -1 |       42.84 |            |              | 0:00:44  |        5883 |      |     |
| tns_fixing              |    -0.267 |   -0.283 |        -0 |       -1 |       42.86 |            |              | 0:00:16  |        5891 |      |     |
| area_reclaiming_2       |    -0.267 |   -0.267 |        -0 |       -1 |       42.85 |            |              | 0:00:14  |        5313 |      |     |
| local_wire_reclaim      |           |          |           |          |             |            |              | 0:01:16  |        5321 |      |     |
| global_route            |           |          |           |          |             |       0.00 |         0.00 | 0:00:09  |        5125 |      |     |
| route_type_refinement_2 |           |          |           |          |             |            |              | 0:00:00  |        5125 |      |     |
| drv_eco_fixing          |    -0.269 |   -0.269 |        -0 |       -0 |       42.88 |            |              | 0:00:11  |        5305 |    0 |   6 |
| tns_eco_fixing          |    -0.269 |   -0.269 |        -0 |       -0 |       42.88 |            |              | 0:00:32  |        5964 |      |     |
| tns_eco_fixing_2        |    -0.269 |   -0.269 |        -0 |       -0 |       42.88 |            |              | 0:00:11  |        5771 |      |     |
| final_summary           |    -0.269 |   -0.269 |           |       -0 |       42.77 |       0.79 |         1.84 | 0:00:17  |        5273 |    0 |   0 |
 ------------------------------------------------------------------------------------------------------------------------------------------------------- 
