 ---------------------------------------------------------------------------------------------------------------------- 
| Snapshot           | WNS                  | TNS                  | Density (%) | Resource               | DRVs       |
|                    | HEPG (ns) | ALL (ns) | HEPG (ns) | ALL (ns) |             | Real (s) | Memory (MB) | Tran | Cap |
|--------------------+-----------+----------+-----------+----------+-------------+----------+-------------+------+-----|
| initial_summary    |    -0.511 |   -6.966 |           |     -219 |       42.67 | 0:00:45  |        5567 |    4 |  28 |
| area_reclaiming    |    -0.510 |   -6.966 |        -2 |     -219 |       42.41 | 0:00:39  |        5749 |      |     |
| ccopt_pro          |           |          |           |          |             | 0:00:01  |        5749 |      |     |
| drv_eco_fixing     |    -0.510 |   -6.966 |        -2 |     -219 |       42.45 | 0:00:20  |        5934 |    8 |   0 |
| wns_fixing         |     0.001 |   -6.966 |         0 |     -217 |       42.45 | 0:00:08  |        6588 |      |     |
| tns_fixing         |     0.001 |   -6.966 |         0 |     -217 |       42.45 | 0:00:10  |        6436 |      |     |
| area_reclaiming_2  |     0.006 |   -6.966 |         0 |     -217 |       42.41 | 0:00:19  |        5811 |      |     |
| wns_fixing_2       |     0.006 |   -6.966 |         0 |     -217 |       42.41 | 0:00:05  |        6237 |      |     |
| tns_fixing_2       |     0.006 |   -6.966 |         0 |     -217 |       42.41 | 0:00:09  |        6265 |      |     |
| initial_summary_2  |     0.862 |   -6.966 |           |     -217 |       42.30 | 0:00:35  |        5838 |    0 |   0 |
| hold_fixing        |           |   -6.966 |           |     -217 |       42.41 | 0:00:04  |        5786 |      |     |
| harden_opt_fixing  |           |          |           |          |             | 0:00:06  |        5842 |      |     |
| route_type_fixing  |           |          |           |          |             | 0:00:01  |        5837 |      |     |
| pre_route_summary  |     0.862 |   -6.966 |           |     -217 |       42.30 | 0:00:02  |        5838 |    0 |   0 |
| eco_route          |           |          |           |          |             | 0:00:47  |        5559 |      |     |
| post_route_summary |     0.862 |   -6.967 |           |     -217 |       42.30 | 0:00:25  |        5799 |    0 |   0 |
| tns_eco_fixing     |     0.006 |   -6.966 |         0 |     -217 |       42.41 | 0:00:08  |        6220 |      |     |
| final_summary      |     0.006 |   -6.967 |           |     -217 |       42.30 | 0:00:38  |        5839 |    0 |   0 |
 ---------------------------------------------------------------------------------------------------------------------- 
