============================================================
  Generated by:           Genus(TM) Synthesis Solution 23.10-p004_1
  Generated on:           Apr 07 2025  10:09:02 am
  Module:                 top
  Technology libraries:   saed32rvt_ss0p75vn40c 1.0000000
                          saed32rvt_dlvl_ss0p75vn40c_i0p95v 1.0000000
                          saed32rvt_ulvl_ss0p75vn40c_i0p75v 1.0000000
                          saed32rvt_dlvl_ss0p75vn40c_i0p75v 1.0000000
                          saed32rvt_ss0p95vn40c 1.0000000
                          saed32rvt_ulvl_ss0p95vn40c_i0p75v 1.0000000
                          saed32lvt_ss0p75vn40c 1.0000000
                          saed32lvt_dlvl_ss0p75vn40c_i0p95v 1.0000000
                          saed32lvt_ulvl_ss0p75vn40c_i0p75v 1.0000000
                          saed32lvt_dlvl_ss0p75vn40c_i0p75v 1.0000000
                          saed32lvt_ss0p95vn40c 1.0000000
                          saed32lvt_ulvl_ss0p95vn40c_i0p75v 1.0000000
                          saed32hvt_ss0p75vn40c 1.0000000
                          saed32hvt_dlvl_ss0p75vn40c_i0p95v 1.0000000
                          saed32hvt_ulvl_ss0p75vn40c_i0p75v 1.0000000
                          saed32hvt_dlvl_ss0p75vn40c_i0p75v 1.0000000
                          saed32hvt_ss0p95vn40c 1.0000000
                          saed32hvt_ulvl_ss0p95vn40c_i0p75v 1.0000000
                          saed32sram_ss0p95vn40c 1.0000000
  Operating conditions:   _nominal_ (balanced_tree)
  Wireload mode:          enclosed
  Area mode:              timing library
============================================================

Timing
-------
  Cost    Critical         Violating 
 Group   Path Slack  TNS     Paths   
-------------------------------------
default    No paths   0.0            
-------------------------------------
Total                 0.0          0 

Instance Count
--------------
Leaf Instance Count             1437 
Physical Instance count            0 
Sequential Instance Count        350 
Combinational Instance Count    1087 
Hierarchical Instance Count       10 

Area
----
Cell Area                          6108.097
Physical Cell Area                 0.000
Total Cell Area (Cell+Physical)    6108.097
Net Area                           0.000
Total Area (Cell+Physical+Net)     6108.097

Max Fanout                         357 (clk)
Min Fanout                         0 (nn_inst/n_3)
Average Fanout                     2.6
Terms to net ratio                 3.6241
Terms to instance ratio            4.9582
Runtime                            98.44786599999998 seconds
Elapsed Runtime                    123 seconds
Genus peak memory usage            2193.63 
Innovus peak memory usage          no_value 
Hostname                           mo.ece.pdx.edu
