 ------------------------------------------------------------------------------------------------------------------------------------------------------- 
| Snapshot                | WNS                  | TNS                  | Density (%) | Hotspot                   | Resource               | DRVs       |
|                         | HEPG (ns) | ALL (ns) | HEPG (ns) | ALL (ns) |             | Max (bins) | Total (bins) | Real (s) | Memory (MB) | Tran | Cap |
|-------------------------+-----------+----------+-----------+----------+-------------+------------+--------------+----------+-------------+------+-----|
| initial_summary         |           |   -8.620 |           |     -267 |       42.57 |            |              | 0:00:13  |        4575 |    0 |   0 |
| ccopt_clustering        |           |   -1.008 |           |      -21 |       42.78 |       0.00 |         0.00 | 0:01:57  |        6741 |   56 |  65 |
| simplify_netlist        |           |          |           |          |             |            |              | 0:00:05  |        4748 |      |     |
| excluded_clk_net_fixing |           |          |           |          |             |            |              | 0:00:00  |        4748 |      |     |
| drv_fixing              |    -0.592 |   -0.592 |        -7 |       -7 |       42.95 |            |              | 0:00:12  |        4950 |    0 |   5 |
| global_opt              |           |   -0.272 |           |       -2 |       42.95 |            |              | 0:00:11  |        5009 |      |     |
| area_reclaiming         |    -0.272 |   -0.272 |        -2 |       -2 |       42.78 |            |              | 0:00:48  |        4852 |      |     |
| wns_fixing              |     0.002 |    0.000 |         0 |        0 |       42.79 |            |              | 0:02:33  |        7649 |      |     |
| ccopt_implementation    |           |          |           |          |             |            |              | 0:02:53  |        5482 |      |     |
| route_type_refinement   |           |          |           |          |             |            |              | 0:00:01  |        5249 |      |     |
| wns_fixing_2            |     0.034 |    0.000 |         0 |        0 |       42.71 |            |              | 0:00:13  |        5965 |      |     |
| area_reclaiming_2       |     0.034 |    0.034 |         0 |        0 |       41.90 |            |              | 0:00:50  |        5666 |      |     |
| area_reclaiming_3       |     0.034 |    0.034 |         0 |        0 |       41.88 |            |              | 0:00:14  |        5609 |      |     |
| local_wire_reclaim      |           |          |           |          |             |            |              | 0:01:13  |        5607 |      |     |
| global_route            |           |          |           |          |             |       0.00 |         0.00 | 0:00:09  |        5384 |      |     |
| route_type_refinement_2 |           |          |           |          |             |            |              | 0:00:01  |        5384 |      |     |
| drv_eco_fixing          |     0.044 |    0.044 |         0 |        0 |       41.94 |            |              | 0:00:07  |        5560 |    0 |   4 |
| final_summary           |     0.044 |    0.044 |           |        0 |       41.83 |       1.05 |         1.31 | 0:00:15  |        5460 |    0 |   0 |
 ------------------------------------------------------------------------------------------------------------------------------------------------------- 
