 ------------------------------------------------------------------------------------------------------------------------------------------------------- 
| Snapshot                | WNS                  | TNS                  | Density (%) | Hotspot                   | Resource               | DRVs       |
|                         | HEPG (ns) | ALL (ns) | HEPG (ns) | ALL (ns) |             | Max (bins) | Total (bins) | Real (s) | Memory (MB) | Tran | Cap |
|-------------------------+-----------+----------+-----------+----------+-------------+------------+--------------+----------+-------------+------+-----|
| initial_summary         |           |   -0.795 |           |      -14 |       42.80 |            |              | 0:00:10  |        5015 |   57 |  67 |
| route_type_refinement   |           |          |           |          |             |            |              | 0:00:02  |        5098 |      |     |
| simplify_netlist        |           |          |           |          |             |            |              | 0:00:03  |        5100 |      |     |
| excluded_clk_net_fixing |           |          |           |          |             |            |              | 0:00:00  |        5100 |      |     |
| drv_fixing              |     0.000 |   -0.674 |         0 |       -2 |       42.98 |            |              | 0:00:10  |        5230 |    0 |   6 |
| global_opt              |           |   -0.362 |           |       -0 |       42.98 |            |              | 0:00:07  |        5287 |      |     |
| global_opt_2            |           |   -0.358 |           |       -0 |       42.98 |            |              | 0:00:11  |        5311 |      |     |
| area_reclaiming         |     0.000 |   -0.358 |         0 |       -0 |       42.80 |            |              | 0:00:37  |        5338 |      |     |
| drv_fixing_2            |     0.000 |   -0.358 |         0 |       -0 |       42.71 |            |              | 0:00:12  |        5335 |    0 |   0 |
| wns_fixing              |    -0.358 |   -0.374 |        -0 |       -0 |       42.82 |            |              | 0:00:26  |        5965 |      |     |
| tns_fixing              |    -0.358 |   -0.374 |        -0 |       -0 |       42.82 |            |              | 0:00:04  |        5805 |      |     |
| area_reclaiming_2       |    -0.358 |   -0.358 |        -0 |       -0 |       42.11 |            |              | 0:00:28  |        5480 |      |     |
| area_reclaiming_3       |    -0.358 |   -0.358 |        -0 |       -0 |       42.11 |            |              | 0:00:10  |        5430 |      |     |
| local_wire_reclaim      |           |          |           |          |             |            |              | 0:00:54  |        5433 |      |     |
| global_route            |           |          |           |          |             |       0.00 |         0.00 | 0:00:07  |        5221 |      |     |
| route_type_refinement_2 |           |          |           |          |             |            |              | 0:00:01  |        5221 |      |     |
| drv_eco_fixing          |    -0.365 |   -0.365 |        -0 |       -0 |       42.16 |            |              | 0:00:06  |        5386 |    0 |   4 |
| tns_eco_fixing          |    -0.360 |   -0.360 |        -0 |       -0 |       42.16 |            |              | 0:00:09  |        5907 |      |     |
| tns_eco_fixing_2        |    -0.360 |   -0.360 |        -0 |       -0 |       42.16 |            |              | 0:00:03  |        5806 |      |     |
| final_summary           |    -0.360 |   -0.360 |           |       -0 |       42.05 |       2.62 |         4.98 | 0:00:11  |        5329 |    0 |   0 |
 ------------------------------------------------------------------------------------------------------------------------------------------------------- 
