 ------------------------------------------------------------------------------------------------------------------------------------------------------- 
| Snapshot                | WNS                  | TNS                  | Density (%) | Hotspot                   | Resource               | DRVs       |
|                         | HEPG (ns) | ALL (ns) | HEPG (ns) | ALL (ns) |             | Max (bins) | Total (bins) | Real (s) | Memory (MB) | Tran | Cap |
|-------------------------+-----------+----------+-----------+----------+-------------+------------+--------------+----------+-------------+------+-----|
| initial_summary         |           |   -1.032 |           |      -20 |       42.72 |            |              | 0:00:14  |        4888 |   55 |  65 |
| route_type_refinement   |           |          |           |          |             |            |              | 0:00:02  |        4983 |      |     |
| simplify_netlist        |           |          |           |          |             |            |              | 0:00:04  |        4985 |      |     |
| excluded_clk_net_fixing |           |          |           |          |             |            |              | 0:00:00  |        4985 |      |     |
| drv_fixing              |     0.000 |   -0.608 |         0 |       -6 |       42.89 |            |              | 0:00:12  |        5157 |    0 |   5 |
| global_opt              |           |   -0.271 |           |       -1 |       42.89 |            |              | 0:00:08  |        5223 |      |     |
| global_opt_2            |           |   -0.267 |           |       -1 |       42.90 |            |              | 0:00:09  |        5265 |      |     |
| area_reclaiming         |     0.000 |   -0.267 |         0 |       -1 |       42.73 |            |              | 0:00:28  |        5292 |      |     |
| drv_fixing_2            |     0.000 |   -0.266 |         0 |       -1 |       42.64 |            |              | 0:00:13  |        5285 |    0 |   0 |
| wns_fixing              |    -0.267 |   -0.283 |        -0 |       -1 |       42.75 |            |              | 0:00:47  |        5917 |      |     |
| tns_fixing              |    -0.267 |   -0.283 |        -0 |       -1 |       42.76 |            |              | 0:00:20  |        5935 |      |     |
| area_reclaiming_2       |    -0.267 |   -0.267 |        -0 |       -1 |       42.04 |            |              | 0:00:41  |        5463 |      |     |
| area_reclaiming_3       |    -0.267 |   -0.267 |        -0 |       -1 |       42.04 |            |              | 0:00:14  |        5404 |      |     |
| local_wire_reclaim      |           |          |           |          |             |            |              | 0:01:06  |        5401 |      |     |
| global_route            |           |          |           |          |             |       0.00 |         0.00 | 0:00:10  |        5197 |      |     |
| route_type_refinement_2 |           |          |           |          |             |            |              | 0:00:01  |        5197 |      |     |
| drv_eco_fixing          |    -0.269 |   -0.269 |        -0 |       -0 |       42.09 |            |              | 0:00:07  |        5363 |    0 |   5 |
| tns_eco_fixing          |    -0.269 |   -0.269 |        -0 |       -0 |       42.09 |            |              | 0:00:15  |        5989 |      |     |
| tns_eco_fixing_2        |    -0.269 |   -0.269 |        -0 |       -0 |       42.09 |            |              | 0:00:06  |        5814 |      |     |
| final_summary           |    -0.269 |   -0.269 |           |       -0 |       41.98 |       2.62 |         4.20 | 0:00:14  |        5330 |    0 |   0 |
 ------------------------------------------------------------------------------------------------------------------------------------------------------- 
