 ------------------------------------------------------------------------------------------------------------------------------------------------------- 
| Snapshot                | WNS                  | TNS                  | Density (%) | Hotspot                   | Resource               | DRVs       |
|                         | HEPG (ns) | ALL (ns) | HEPG (ns) | ALL (ns) |             | Max (bins) | Total (bins) | Real (s) | Memory (MB) | Tran | Cap |
|-------------------------+-----------+----------+-----------+----------+-------------+------------+--------------+----------+-------------+------+-----|
| initial_summary         |           |   -0.901 |           |       -7 |       54.26 |            |              | 0:00:15  |        4351 |   34 |  45 |
| route_type_refinement   |           |          |           |          |             |            |              | 0:00:03  |        4456 |      |     |
| simplify_netlist        |           |          |           |          |             |            |              | 0:00:04  |        4457 |      |     |
| excluded_clk_net_fixing |           |          |           |          |             |            |              | 0:00:01  |        4457 |      |     |
| drv_fixing              |     0.000 |   -0.901 |         0 |       -3 |       54.45 |            |              | 0:00:15  |        4554 |    7 |   4 |
| global_opt              |           |   -0.565 |           |       -1 |       54.45 |            |              | 0:00:07  |        4594 |      |     |
| global_opt_2            |           |   -0.560 |           |       -1 |       54.45 |            |              | 0:00:09  |        4601 |      |     |
| area_reclaiming         |     0.000 |   -0.560 |         0 |       -1 |       54.33 |            |              | 0:00:18  |        4595 |      |     |
| wns_fixing              |    -0.524 |   -0.541 |        -1 |       -1 |       54.33 |            |              | 0:00:33  |        4922 |      |     |
| tns_fixing              |    -0.524 |   -0.541 |        -1 |       -1 |       54.33 |            |              | 0:00:06  |        4894 |      |     |
| area_reclaiming_2       |    -0.524 |   -0.524 |        -1 |       -1 |       54.33 |            |              | 0:00:17  |        4623 |      |     |
| local_wire_reclaim      |           |          |           |          |             |            |              | 0:01:14  |        4640 |      |     |
| global_route            |           |          |           |          |             |       0.00 |         0.00 | 0:00:09  |        4530 |      |     |
| route_type_refinement_2 |           |          |           |          |             |            |              | 0:00:01  |        4530 |      |     |
| drv_eco_fixing          |    -0.522 |   -0.522 |        -1 |       -1 |       54.39 |            |              | 0:00:08  |        4645 |    7 |   2 |
| tns_eco_fixing          |    -0.522 |   -0.522 |        -1 |       -1 |       54.39 |            |              | 0:00:04  |        4938 |      |     |
| tns_eco_fixing_2        |    -0.522 |   -0.522 |        -1 |       -1 |       54.39 |            |              | 0:00:05  |        4873 |      |     |
| final_summary           |    -0.522 |   -0.522 |           |       -1 |       54.25 |      24.59 |        43.02 | 0:00:16  |        4608 |    0 |   0 |
 ------------------------------------------------------------------------------------------------------------------------------------------------------- 
