 ------------------------------------------------------------------------------------------------------------------------------------------------------- 
| Snapshot                | WNS                  | TNS                  | Density (%) | Hotspot                   | Resource               | DRVs       |
|                         | HEPG (ns) | ALL (ns) | HEPG (ns) | ALL (ns) |             | Max (bins) | Total (bins) | Real (s) | Memory (MB) | Tran | Cap |
|-------------------------+-----------+----------+-----------+----------+-------------+------------+--------------+----------+-------------+------+-----|
| initial_summary         |           |   -0.795 |           |      -14 |       42.80 |            |              | 0:00:10  |        5008 |   57 |  67 |
| route_type_refinement   |           |          |           |          |             |            |              | 0:00:01  |        5092 |      |     |
| simplify_netlist        |           |          |           |          |             |            |              | 0:00:03  |        5092 |      |     |
| excluded_clk_net_fixing |           |          |           |          |             |            |              | 0:00:00  |        5092 |      |     |
| drv_fixing              |     0.000 |   -0.674 |         0 |       -2 |       42.98 |            |              | 0:00:10  |        5240 |    0 |   6 |
| global_opt              |           |   -0.362 |           |       -0 |       42.98 |            |              | 0:00:06  |        5295 |      |     |
| global_opt_2            |           |   -0.358 |           |       -0 |       42.98 |            |              | 0:00:11  |        5318 |      |     |
| area_reclaiming         |     0.000 |   -0.358 |         0 |       -0 |       42.80 |            |              | 0:00:35  |        5346 |      |     |
| drv_fixing_2            |     0.000 |   -0.358 |         0 |       -0 |       42.71 |            |              | 0:00:10  |        5347 |    0 |   0 |
| wns_fixing              |    -0.358 |   -0.374 |        -0 |       -0 |       42.82 |            |              | 0:00:23  |        5997 |      |     |
| tns_fixing              |    -0.358 |   -0.374 |        -0 |       -0 |       42.82 |            |              | 0:00:04  |        5819 |      |     |
| area_reclaiming_2       |    -0.358 |   -0.358 |        -0 |       -0 |       42.11 |            |              | 0:00:27  |        5505 |      |     |
| area_reclaiming_3       |    -0.358 |   -0.358 |        -0 |       -0 |       42.11 |            |              | 0:00:11  |        5435 |      |     |
| local_wire_reclaim      |           |          |           |          |             |            |              | 0:00:51  |        5439 |      |     |
| global_route            |           |          |           |          |             |       0.00 |         0.00 | 0:00:07  |        5220 |      |     |
| route_type_refinement_2 |           |          |           |          |             |            |              | 0:00:00  |        5220 |      |     |
| drv_eco_fixing          |    -0.365 |   -0.365 |        -0 |       -0 |       42.16 |            |              | 0:00:05  |        5381 |    0 |   4 |
| tns_eco_fixing          |    -0.360 |   -0.360 |        -0 |       -0 |       42.16 |            |              | 0:00:10  |        5955 |      |     |
| tns_eco_fixing_2        |    -0.360 |   -0.360 |        -0 |       -0 |       42.16 |            |              | 0:00:03  |        5818 |      |     |
| final_summary           |    -0.360 |   -0.360 |           |       -0 |       42.05 |       2.62 |         4.98 | 0:00:11  |        5343 |    0 |   0 |
 ------------------------------------------------------------------------------------------------------------------------------------------------------- 
