 ---------------------------------------------------------------------------------------------------------------------- 
| Snapshot           | WNS                  | TNS                  | Density (%) | Resource               | DRVs       |
|                    | HEPG (ns) | ALL (ns) | HEPG (ns) | ALL (ns) |             | Real (s) | Memory (MB) | Tran | Cap |
|--------------------+-----------+----------+-----------+----------+-------------+----------+-------------+------+-----|
| initial_summary    |    -0.369 |   -0.369 |           |       -0 |       42.20 | 0:00:35  |        5965 |    0 |  27 |
| area_reclaiming    |    -0.369 |   -0.369 |        -0 |       -0 |       42.07 | 0:00:33  |        5987 |      |     |
| ccopt_pro          |           |          |           |          |             | 0:00:09  |        8198 |      |     |
| drv_eco_fixing     |    -0.371 |   -0.371 |        -0 |       -0 |       42.09 | 0:00:07  |        6228 |    0 |   0 |
| wns_fixing         |    -0.371 |   -0.371 |        -0 |       -0 |       42.09 | 0:00:04  |        6861 |      |     |
| tns_fixing         |    -0.371 |   -0.371 |        -0 |       -0 |       42.09 | 0:00:02  |        6693 |      |     |
| area_reclaiming_2  |    -0.368 |   -0.368 |        -0 |       -0 |       42.09 | 0:00:13  |        6071 |      |     |
| wns_fixing_2       |    -0.368 |   -0.368 |        -0 |       -0 |       42.09 | 0:00:05  |        6553 |      |     |
| tns_fixing_2       |    -0.368 |   -0.368 |        -0 |       -0 |       42.09 | 0:00:03  |        6555 |      |     |
| initial_summary_2  |    -0.368 |   -0.368 |           |       -0 |       41.98 | 0:00:30  |        6241 |    0 |   0 |
| hold_fixing        |           |   -0.368 |           |       -0 |       42.10 | 0:00:05  |        6177 |      |     |
| harden_opt_fixing  |           |          |           |          |             | 0:00:04  |        6213 |      |     |
| route_type_fixing  |           |          |           |          |             | 0:00:01  |        6207 |      |     |
| pre_route_summary  |    -0.368 |   -0.368 |           |       -0 |       41.99 | 0:00:01  |        6209 |    0 |   0 |
| eco_route          |           |          |           |          |             | 0:00:56  |        5883 |      |     |
| post_route_summary |    -0.368 |   -0.368 |           |       -0 |       41.99 | 0:00:21  |        6224 |    0 |   0 |
| tns_eco_fixing     |    -0.368 |   -0.368 |        -0 |       -0 |       42.10 | 0:00:03  |        6645 |      |     |
| final_summary      |    -0.368 |   -0.368 |           |       -0 |       41.99 | 0:00:34  |        6265 |    0 |   0 |
 ---------------------------------------------------------------------------------------------------------------------- 
