============================================================
  Generated by:           Genus(TM) Synthesis Solution 23.10-p004_1
  Generated on:           Apr 30 2025  03:24:35 pm
  Module:                 max_q_finder
  Operating conditions:   _nominal_ (balanced_tree)
  Wireload mode:          enclosed
  Area mode:              timing library
============================================================

-------------------------------------------------------------------------------
Sequential clock pins without clock waveform

The following sequential clock pins have no clock waveform driving them.  No    
timing constraints will be derived for paths leading to or from these pins.     
(Pin | Source | Reason)                                                         

pin:max_q_finder/best_action_reg_0_/CLK port:max_q_finder/clk {Unclocked source}
pin:max_q_finder/best_action_reg_1_/CLK port:max_q_finder/clk {Unclocked source}
pin:max_q_finder/max_Q_value_reg_0_/CLK port:max_q_finder/clk {Unclocked source}
pin:max_q_finder/max_Q_value_reg_10_/CLK port:max_q_finder/clk {Unclocked source}
pin:max_q_finder/max_Q_value_reg_11_/CLK port:max_q_finder/clk {Unclocked source}
pin:max_q_finder/max_Q_value_reg_12_/CLK port:max_q_finder/clk {Unclocked source}
pin:max_q_finder/max_Q_value_reg_13_/CLK port:max_q_finder/clk {Unclocked source}
pin:max_q_finder/max_Q_value_reg_14_/CLK port:max_q_finder/clk {Unclocked source}
pin:max_q_finder/max_Q_value_reg_15_/CLK port:max_q_finder/clk {Unclocked source}
pin:max_q_finder/max_Q_value_reg_1_/CLK port:max_q_finder/clk {Unclocked source}
pin:max_q_finder/max_Q_value_reg_2_/CLK port:max_q_finder/clk {Unclocked source}
pin:max_q_finder/max_Q_value_reg_3_/CLK port:max_q_finder/clk {Unclocked source}
pin:max_q_finder/max_Q_value_reg_4_/CLK port:max_q_finder/clk {Unclocked source}
pin:max_q_finder/max_Q_value_reg_5_/CLK port:max_q_finder/clk {Unclocked source}
pin:max_q_finder/max_Q_value_reg_6_/CLK port:max_q_finder/clk {Unclocked source}
pin:max_q_finder/max_Q_value_reg_7_/CLK port:max_q_finder/clk {Unclocked source}
pin:max_q_finder/max_Q_value_reg_8_/CLK port:max_q_finder/clk {Unclocked source}
pin:max_q_finder/max_Q_value_reg_9_/CLK port:max_q_finder/clk {Unclocked source}
pin:max_q_finder/valid_reg/CLK port:max_q_finder/clk {Unclocked source}
-------------------------------------------------------------------------------

-------------------------------------------------------------------------------
Inputs without clocked external delays

The following primary inputs have no clocked external delays.  As a result the  
timing paths leading from the ports have no timing constraints derived from     
clock waveforms.  The'external_delay' command is used to create new external    
delays.                                                                         

port:max_q_finder/Q_values_0_[0]
port:max_q_finder/Q_values_0_[10]
port:max_q_finder/Q_values_0_[11]
port:max_q_finder/Q_values_0_[12]
port:max_q_finder/Q_values_0_[13]
port:max_q_finder/Q_values_0_[14]
port:max_q_finder/Q_values_0_[15]
port:max_q_finder/Q_values_0_[1]
port:max_q_finder/Q_values_0_[2]
port:max_q_finder/Q_values_0_[3]
port:max_q_finder/Q_values_0_[4]
port:max_q_finder/Q_values_0_[5]
port:max_q_finder/Q_values_0_[6]
port:max_q_finder/Q_values_0_[7]
port:max_q_finder/Q_values_0_[8]
port:max_q_finder/Q_values_0_[9]
port:max_q_finder/Q_values_1_[0]
port:max_q_finder/Q_values_1_[10]
port:max_q_finder/Q_values_1_[11]
port:max_q_finder/Q_values_1_[12]
port:max_q_finder/Q_values_1_[13]
port:max_q_finder/Q_values_1_[14]
port:max_q_finder/Q_values_1_[15]
port:max_q_finder/Q_values_1_[1]
port:max_q_finder/Q_values_1_[2]
port:max_q_finder/Q_values_1_[3]
port:max_q_finder/Q_values_1_[4]
port:max_q_finder/Q_values_1_[5]
port:max_q_finder/Q_values_1_[6]
port:max_q_finder/Q_values_1_[7]
port:max_q_finder/Q_values_1_[8]
port:max_q_finder/Q_values_1_[9]
port:max_q_finder/Q_values_2_[0]
port:max_q_finder/Q_values_2_[10]
port:max_q_finder/Q_values_2_[11]
port:max_q_finder/Q_values_2_[12]
port:max_q_finder/Q_values_2_[13]
port:max_q_finder/Q_values_2_[14]
port:max_q_finder/Q_values_2_[15]
port:max_q_finder/Q_values_2_[1]
port:max_q_finder/Q_values_2_[2]
port:max_q_finder/Q_values_2_[3]
port:max_q_finder/Q_values_2_[4]
port:max_q_finder/Q_values_2_[5]
port:max_q_finder/Q_values_2_[6]
port:max_q_finder/Q_values_2_[7]
port:max_q_finder/Q_values_2_[8]
port:max_q_finder/Q_values_2_[9]
port:max_q_finder/Q_values_3_[0]
port:max_q_finder/Q_values_3_[10]
port:max_q_finder/Q_values_3_[11]
port:max_q_finder/Q_values_3_[12]
port:max_q_finder/Q_values_3_[13]
port:max_q_finder/Q_values_3_[14]
port:max_q_finder/Q_values_3_[15]
port:max_q_finder/Q_values_3_[1]
port:max_q_finder/Q_values_3_[2]
port:max_q_finder/Q_values_3_[3]
port:max_q_finder/Q_values_3_[4]
port:max_q_finder/Q_values_3_[5]
port:max_q_finder/Q_values_3_[6]
port:max_q_finder/Q_values_3_[7]
port:max_q_finder/Q_values_3_[8]
port:max_q_finder/Q_values_3_[9]
port:max_q_finder/clk
port:max_q_finder/enable
port:max_q_finder/rst_n
-------------------------------------------------------------------------------

-------------------------------------------------------------------------------
Outputs without clocked external delays

The following primary outputs have no clocked external delays.  As a result the 
timing paths leading to the ports have no timing constraints derived from clock 
waveforms.  The'external_delay' command is used to create new external delays.  

port:max_q_finder/best_action[0]
port:max_q_finder/best_action[1]
port:max_q_finder/max_Q_value[0]
port:max_q_finder/max_Q_value[10]
port:max_q_finder/max_Q_value[11]
port:max_q_finder/max_Q_value[12]
port:max_q_finder/max_Q_value[13]
port:max_q_finder/max_Q_value[14]
port:max_q_finder/max_Q_value[15]
port:max_q_finder/max_Q_value[1]
port:max_q_finder/max_Q_value[2]
port:max_q_finder/max_Q_value[3]
port:max_q_finder/max_Q_value[4]
port:max_q_finder/max_Q_value[5]
port:max_q_finder/max_Q_value[6]
port:max_q_finder/max_Q_value[7]
port:max_q_finder/max_Q_value[8]
port:max_q_finder/max_Q_value[9]
port:max_q_finder/valid
-------------------------------------------------------------------------------

-------------------------------------------------------------------------------
Inputs without external driver/transition

The following primary inputs have no external driver or input transition set.   
As a result the transition on the ports will be assumed as zero. The            
'external_driver' attribute is used to add and external driver or the           
'fixed_slew' attribute to add an external transition.                           

port:max_q_finder/Q_values_0_[0]
port:max_q_finder/Q_values_0_[10]
port:max_q_finder/Q_values_0_[11]
port:max_q_finder/Q_values_0_[12]
port:max_q_finder/Q_values_0_[13]
port:max_q_finder/Q_values_0_[14]
port:max_q_finder/Q_values_0_[15]
port:max_q_finder/Q_values_0_[1]
port:max_q_finder/Q_values_0_[2]
port:max_q_finder/Q_values_0_[3]
port:max_q_finder/Q_values_0_[4]
port:max_q_finder/Q_values_0_[5]
port:max_q_finder/Q_values_0_[6]
port:max_q_finder/Q_values_0_[7]
port:max_q_finder/Q_values_0_[8]
port:max_q_finder/Q_values_0_[9]
port:max_q_finder/Q_values_1_[0]
port:max_q_finder/Q_values_1_[10]
port:max_q_finder/Q_values_1_[11]
port:max_q_finder/Q_values_1_[12]
port:max_q_finder/Q_values_1_[13]
port:max_q_finder/Q_values_1_[14]
port:max_q_finder/Q_values_1_[15]
port:max_q_finder/Q_values_1_[1]
port:max_q_finder/Q_values_1_[2]
port:max_q_finder/Q_values_1_[3]
port:max_q_finder/Q_values_1_[4]
port:max_q_finder/Q_values_1_[5]
port:max_q_finder/Q_values_1_[6]
port:max_q_finder/Q_values_1_[7]
port:max_q_finder/Q_values_1_[8]
port:max_q_finder/Q_values_1_[9]
port:max_q_finder/Q_values_2_[0]
port:max_q_finder/Q_values_2_[10]
port:max_q_finder/Q_values_2_[11]
port:max_q_finder/Q_values_2_[12]
port:max_q_finder/Q_values_2_[13]
port:max_q_finder/Q_values_2_[14]
port:max_q_finder/Q_values_2_[15]
port:max_q_finder/Q_values_2_[1]
port:max_q_finder/Q_values_2_[2]
port:max_q_finder/Q_values_2_[3]
port:max_q_finder/Q_values_2_[4]
port:max_q_finder/Q_values_2_[5]
port:max_q_finder/Q_values_2_[6]
port:max_q_finder/Q_values_2_[7]
port:max_q_finder/Q_values_2_[8]
port:max_q_finder/Q_values_2_[9]
port:max_q_finder/Q_values_3_[0]
port:max_q_finder/Q_values_3_[10]
port:max_q_finder/Q_values_3_[11]
port:max_q_finder/Q_values_3_[12]
port:max_q_finder/Q_values_3_[13]
port:max_q_finder/Q_values_3_[14]
port:max_q_finder/Q_values_3_[15]
port:max_q_finder/Q_values_3_[1]
port:max_q_finder/Q_values_3_[2]
port:max_q_finder/Q_values_3_[3]
port:max_q_finder/Q_values_3_[4]
port:max_q_finder/Q_values_3_[5]
port:max_q_finder/Q_values_3_[6]
port:max_q_finder/Q_values_3_[7]
port:max_q_finder/Q_values_3_[8]
port:max_q_finder/Q_values_3_[9]
port:max_q_finder/clk
port:max_q_finder/enable
port:max_q_finder/rst_n
-------------------------------------------------------------------------------

-------------------------------------------------------------------------------
Outputs without external load

The following primary outputs have no external load set. As a result the load   
on the ports will be assumed as zero. The 'external_pin_cap' attribute is used  
to add and external pin cap.                                                    

port:max_q_finder/best_action[0]
port:max_q_finder/best_action[1]
port:max_q_finder/max_Q_value[0]
port:max_q_finder/max_Q_value[10]
port:max_q_finder/max_Q_value[11]
port:max_q_finder/max_Q_value[12]
port:max_q_finder/max_Q_value[13]
port:max_q_finder/max_Q_value[14]
port:max_q_finder/max_Q_value[15]
port:max_q_finder/max_Q_value[1]
port:max_q_finder/max_Q_value[2]
port:max_q_finder/max_Q_value[3]
port:max_q_finder/max_Q_value[4]
port:max_q_finder/max_Q_value[5]
port:max_q_finder/max_Q_value[6]
port:max_q_finder/max_Q_value[7]
port:max_q_finder/max_Q_value[8]
port:max_q_finder/max_Q_value[9]
port:max_q_finder/valid
-------------------------------------------------------------------------------


Lint summary
 Unconnected/logic driven clocks                                  0
 Sequential data pins driven by a clock signal                    0
 Sequential clock pins without clock waveform                    19
 Sequential clock pins with multiple clock waveforms              0
 Generated clocks without clock waveform                          0
 Generated clocks with incompatible options                       0
 Generated clocks with multi-master clock                         0
 Paths constrained with different clocks                          0
 Loop-breaking cells for combinational feedback                   0
 Nets with multiple drivers                                       0
 Timing exceptions with no effect                                 0
 Suspicious multi_cycle exceptions                                0
 Pins/ports with conflicting case constants                       0
 Inputs without clocked external delays                          67
 Outputs without clocked external delays                         19
 Inputs without external driver/transition                       67
 Outputs without external load                                   19
 Exceptions with invalid timing start-/endpoints                  0

                                                  Total:        191

