============================================================
  Generated by:           Genus(TM) Synthesis Solution 23.10-p004_1
  Generated on:           Apr 30 2025  03:26:10 pm
  Module:                 SequentialMultiplier
  Operating conditions:   _nominal_ (balanced_tree)
  Wireload mode:          enclosed
  Area mode:              timing library
============================================================

Timing
-------
  Cost    Critical         Violating 
 Group   Path Slack  TNS     Paths   
-------------------------------------
default    No paths   0.0            
-------------------------------------
Total                 0.0          0 

Instance Count
--------------
Leaf Instance Count             73 
Physical Instance count          0 
Sequential Instance Count       19 
Combinational Instance Count    54 
Hierarchical Instance Count      1 

Area
----
Cell Area                          295.824
Physical Cell Area                 0.000
Total Cell Area (Cell+Physical)    295.824
Net Area                           0.000
Total Area (Cell+Physical+Net)     295.824

Max Fanout                         19 (clock)
Min Fanout                         0 (F/MultiplierLSB)
Average Fanout                     1.9
Terms to net ratio                 2.8829
Terms to instance ratio            4.3836
Runtime                            58.592497 seconds
Elapsed Runtime                    312 seconds
Genus peak memory usage            1944.45 
Innovus peak memory usage          no_value 
Hostname                           mo.ece.pdx.edu
