****************************************
Report : analysis_coverage
Design : ORCA_TOP
Version: O-2018.06
Date   : Thu Apr 10 23:20:46 2025
****************************************

Type of Check         Total              Met         Violated         Untested
--------------------------------------------------------------------------------
setup                 16213      3238 ( 20%)       315 (  2%)     12660 ( 78%)
hold                  16053         0 (  0%)         0 (  0%)     16053 (100%)
recovery               4413      3140 ( 71%)         0 (  0%)      1273 ( 29%)
removal                4413         0 (  0%)         0 (  0%)      4413 (100%)
min_pulse_width       14762      6882 ( 47%)        53 (  0%)      7827 ( 53%)
clock_gating_setup       66         0 (  0%)        16 ( 24%)        50 ( 76%)
clock_gating_hold        66         0 (  0%)         0 (  0%)        66 (100%)
out_setup               134        39 ( 29%)        71 ( 53%)        24 ( 18%)
out_hold                134         0 (  0%)         0 (  0%)       134 (100%)
--------------------------------------------------------------------------------
All Checks            56254     13299 ( 24%)       455 (  1%)     42500 ( 76%)

1
