****************************************
Report : constraint
	-all_violators
	-path slack_only
Design : ORCA_TOP
Version: O-2018.06
Date   : Thu Apr 10 23:20:45 2025
****************************************


   max_delay/setup ('clock_gating_default' group)

   Endpoint                                                  Slack
   -----------------------------------------------------------------
   I_RISC_CORE/I_STACK_TOP_I2_STACK_MEM_clk_gate_Stack_Mem_reg_7_/latch/EN
                                                            -5.520  (VIOLATED)
   I_RISC_CORE/I_STACK_TOP_I2_STACK_MEM_clk_gate_Stack_Mem_reg_2_/latch/EN
                                                            -5.435  (VIOLATED)
   I_RISC_CORE/I_STACK_TOP_I2_STACK_MEM_clk_gate_Stack_Mem_reg_3_/latch/EN
                                                            -5.162  (VIOLATED)
   I_RISC_CORE/I_STACK_TOP_I2_STACK_MEM_clk_gate_Stack_Mem_reg_1_/latch/EN
                                                            -5.124  (VIOLATED)
   I_RISC_CORE/I_STACK_TOP_I2_STACK_MEM_clk_gate_Stack_Mem_reg_0_/latch/EN
                                                            -4.969  (VIOLATED)
   I_RISC_CORE/I_STACK_TOP_I2_STACK_MEM_clk_gate_Stack_Mem_reg_6_/latch/EN
                                                            -4.954  (VIOLATED)
   I_RISC_CORE/I_STACK_TOP_I_STACK_FSM_clk_gate_TOS_int_reg/latch/EN
                                                            -4.908  (VIOLATED)
   I_RISC_CORE/I_STACK_TOP_I2_STACK_MEM_clk_gate_Stack_Mem_reg_5_/latch/EN
                                                            -4.733  (VIOLATED)
   I_RISC_CORE/I_STACK_TOP_I2_STACK_MEM_clk_gate_Stack_Mem_reg_4_/latch/EN
                                                            -4.674  (VIOLATED)
   I_RISC_CORE/I_STACK_TOP_I2_STACK_MEM_clk_gate_PopDataOut_reg/latch/EN
                                                            -3.211  (VIOLATED)
   I_RISC_CORE/I_DATA_PATH_clk_gate_Oprnd_A_reg/latch/EN    -3.165  (VIOLATED)
   I_RISC_CORE/I_DATA_PATH_clk_gate_Oprnd_B_reg/latch/EN    -2.264  (VIOLATED)
   I_RISC_CORE/I_INSTRN_LAT_clk_gate_Crnt_Instrn_2_reg/latch/EN
                                                            -1.862  (VIOLATED)
   I_RISC_CORE/I_DATA_PATH_clk_gate_PSWL_Carry_reg/latch/EN
                                                            -1.556  (VIOLATED)
   I_RISC_CORE/I_ALU_clk_gate_Lachd_Result_reg/latch/EN     -1.217  (VIOLATED)
   I_RISC_CORE/I_PRGRM_CNT_TOP_I_PRGRM_CNT_clk_gate_PCint_reg/latch/EN
                                                            -0.744  (VIOLATED)

   max_delay/setup ('PCI_CLK' group)

   Endpoint                                                  Slack
   -----------------------------------------------------------------
   I_PCI_TOP/I_PCI_CORE_d_out_i_bus_reg_5_/D                -0.108  (VIOLATED)
   I_PCI_TOP/I_PCI_CORE_mega_shift_reg_9__26_/D             -0.083  (VIOLATED)
   I_PCI_TOP/I_PCI_CORE_mega_shift_reg_7__28_/D             -0.079  (VIOLATED)
   I_PCI_TOP/I_PCI_CORE_mega_shift_reg_4__26_/D             -0.079  (VIOLATED)
   I_PCI_TOP/I_PCI_CORE_mega_shift_reg_8__24_/D             -0.077  (VIOLATED)
   I_PCI_TOP/I_PCI_CORE_mega_shift_reg_8__22_/D             -0.074  (VIOLATED)
   I_PCI_TOP/I_PCI_CORE_mega_shift_reg_9__28_/D             -0.072  (VIOLATED)
   I_PCI_TOP/I_PCI_CORE_mega_shift_reg_9__29_/D             -0.070  (VIOLATED)
   I_PCI_TOP/I_PCI_CORE_mega_shift_reg_8__31_/D             -0.069  (VIOLATED)
   I_PCI_TOP/I_PCI_CORE_mega_shift_reg_8__23_/D             -0.066  (VIOLATED)
   I_PCI_TOP/I_PCI_CORE_mega_shift_reg_3__22_/D             -0.063  (VIOLATED)
   I_PCI_TOP/I_PCI_CORE_mega_shift_reg_3__13_/D             -0.056  (VIOLATED)
   I_PCI_TOP/I_PCI_CORE_mega_shift_reg_9__17_/D             -0.056  (VIOLATED)
   I_PCI_TOP/I_PCI_CORE_mega_shift_reg_3__20_/D             -0.055  (VIOLATED)
   I_PCI_TOP/I_PCI_CORE_mega_shift_reg_6__19_/D             -0.055  (VIOLATED)
   I_PCI_TOP/I_PCI_CORE_mega_shift_reg_9__31_/D             -0.054  (VIOLATED)
   I_PCI_TOP/I_PCI_CORE_mega_shift_reg_9__24_/D             -0.053  (VIOLATED)
   I_PCI_TOP/I_PCI_CORE_mega_shift_reg_5__27_/D             -0.052  (VIOLATED)
   I_PCI_TOP/I_PCI_CORE_mega_shift_reg_0__18_/D             -0.051  (VIOLATED)
   I_PCI_TOP/I_PCI_CORE_mega_shift_reg_1__24_/D             -0.050  (VIOLATED)
   I_PCI_TOP/I_PCI_CORE_mega_shift_reg_3__30_/D             -0.048  (VIOLATED)
   I_PCI_TOP/I_PCI_CORE_mega_shift_reg_9__21_/D             -0.047  (VIOLATED)
   I_PCI_TOP/I_PCI_CORE_mega_shift_reg_0__15_/D             -0.047  (VIOLATED)
   I_PCI_TOP/I_PCI_CORE_mega_shift_reg_4__28_/D             -0.045  (VIOLATED)
   I_PCI_TOP/I_PCI_CORE_mega_shift_reg_8__27_/D             -0.044  (VIOLATED)
   I_PCI_TOP/I_PCI_CORE_mega_shift_reg_9__18_/D             -0.041  (VIOLATED)
   I_PCI_TOP/I_PCI_CORE_mega_shift_reg_9__13_/D             -0.041  (VIOLATED)
   I_PCI_TOP/I_PCI_CORE_mega_shift_reg_8__29_/D             -0.039  (VIOLATED)
   I_PCI_TOP/I_PCI_CORE_mega_shift_reg_9__12_/D             -0.039  (VIOLATED)
   I_PCI_TOP/I_PCI_CORE_mega_shift_reg_5__15_/D             -0.039  (VIOLATED)
   I_PCI_TOP/I_PCI_CORE_mega_shift_reg_8__21_/D             -0.039  (VIOLATED)
   I_PCI_TOP/I_PCI_CORE_mega_shift_reg_0__30_/D             -0.038  (VIOLATED)
   I_PCI_TOP/I_PCI_CORE_mega_shift_reg_0__19_/D             -0.038  (VIOLATED)
   I_PCI_TOP/I_PCI_CORE_mega_shift_reg_6__23_/D             -0.038  (VIOLATED)
   I_PCI_TOP/I_PCI_CORE_mega_shift_reg_8__14_/D             -0.037  (VIOLATED)
   I_PCI_TOP/I_PCI_CORE_mega_shift_reg_2__22_/D             -0.037  (VIOLATED)
   I_PCI_TOP/I_PCI_CORE_mega_shift_reg_2__19_/D             -0.037  (VIOLATED)
   I_PCI_TOP/I_PCI_CORE_mega_shift_reg_9__23_/D             -0.036  (VIOLATED)
   I_PCI_TOP/I_PCI_CORE_mega_shift_reg_5__24_/D             -0.036  (VIOLATED)
   I_PCI_TOP/I_PCI_CORE_mega_shift_reg_7__24_/D             -0.035  (VIOLATED)
   I_PCI_TOP/I_PCI_CORE_mega_shift_reg_3__15_/D             -0.034  (VIOLATED)
   I_PCI_TOP/I_PCI_CORE_mega_shift_reg_5__30_/D             -0.034  (VIOLATED)
   I_PCI_TOP/I_PCI_CORE_mega_shift_reg_4__19_/D             -0.033  (VIOLATED)
   I_PCI_TOP/I_PCI_CORE_mega_shift_reg_8__25_/D             -0.033  (VIOLATED)
   I_PCI_TOP/I_PCI_CORE_mega_shift_reg_7__22_/D             -0.032  (VIOLATED)
   I_PCI_TOP/I_PCI_CORE_mega_shift_reg_2__27_/D             -0.031  (VIOLATED)
   I_PCI_TOP/I_PCI_CORE_mega_shift_reg_0__16_/D             -0.030  (VIOLATED)
   I_PCI_TOP/I_PCI_CORE_mega_shift_reg_7__29_/D             -0.029  (VIOLATED)
   I_PCI_TOP/I_PCI_CORE_mega_shift_reg_1__27_/D             -0.029  (VIOLATED)
   I_PCI_TOP/I_PCI_CORE_mega_shift_reg_0__31_/D             -0.029  (VIOLATED)
   I_PCI_TOP/I_PCI_CORE_mega_shift_reg_5__22_/D             -0.029  (VIOLATED)
   I_PCI_TOP/I_PCI_CORE_mega_shift_reg_0__23_/D             -0.029  (VIOLATED)
   I_PCI_TOP/I_PCI_CORE_mega_shift_reg_1__25_/D             -0.028  (VIOLATED)
   I_PCI_TOP/I_PCI_CORE_mega_shift_reg_3__24_/D             -0.028  (VIOLATED)
   I_PCI_TOP/I_PCI_CORE_mega_shift_reg_7__23_/D             -0.028  (VIOLATED)
   I_PCI_TOP/I_PCI_CORE_mega_shift_reg_2__29_/D             -0.026  (VIOLATED)
   I_PCI_TOP/I_PCI_CORE_mega_shift_reg_5__28_/D             -0.026  (VIOLATED)
   I_PCI_TOP/I_PCI_CORE_mega_shift_reg_5__16_/D             -0.026  (VIOLATED)
   I_PCI_TOP/I_PCI_CORE_mega_shift_reg_0__25_/D             -0.025  (VIOLATED)
   I_PCI_TOP/I_PCI_CORE_mega_shift_reg_6__18_/D             -0.025  (VIOLATED)
   I_PCI_TOP/I_PCI_CORE_mega_shift_reg_1__15_/D             -0.024  (VIOLATED)
   I_PCI_TOP/I_PCI_CORE_mega_shift_reg_1__19_/D             -0.024  (VIOLATED)
   I_PCI_TOP/I_PCI_CORE_mega_shift_reg_9__30_/D             -0.023  (VIOLATED)
   I_PCI_TOP/I_PCI_CORE_mega_shift_reg_1__28_/D             -0.023  (VIOLATED)
   I_PCI_TOP/I_PCI_CORE_mega_shift_reg_8__13_/D             -0.022  (VIOLATED)
   I_PCI_TOP/I_PCI_CORE_mega_shift_reg_1__17_/D             -0.021  (VIOLATED)
   I_PCI_TOP/I_PCI_CORE_mega_shift_reg_5__31_/D             -0.018  (VIOLATED)
   I_PCI_TOP/I_PCI_CORE_mega_shift_reg_4__21_/D             -0.017  (VIOLATED)
   I_PCI_TOP/I_PCI_CORE_mega_shift_reg_5__14_/D             -0.016  (VIOLATED)
   I_PCI_TOP/I_PCI_CORE_mega_shift_reg_3__14_/D             -0.016  (VIOLATED)
   I_PCI_TOP/I_PCI_CORE_mega_shift_reg_0__27_/D             -0.015  (VIOLATED)
   I_PCI_TOP/I_PCI_CORE_mega_shift_reg_5__19_/D             -0.015  (VIOLATED)
   I_PCI_TOP/I_PCI_CORE_mega_shift_reg_5__20_/D             -0.013  (VIOLATED)
   I_PCI_TOP/I_PCI_CORE_mega_shift_reg_2__28_/D             -0.013  (VIOLATED)
   I_PCI_TOP/I_PCI_CORE_mega_shift_reg_0__24_/D             -0.012  (VIOLATED)
   I_PCI_TOP/I_PCI_CORE_mega_shift_reg_1__21_/D             -0.011  (VIOLATED)
   I_PCI_TOP/I_PCI_CORE_mega_shift_reg_2__31_/D             -0.011  (VIOLATED)
   I_PCI_TOP/I_PCI_CORE_mega_shift_reg_6__27_/D             -0.011  (VIOLATED)
   I_PCI_TOP/I_PCI_CORE_mega_shift_reg_3__28_/D             -0.009  (VIOLATED)
   I_PCI_TOP/I_PCI_CORE_mega_shift_reg_2__25_/D             -0.009  (VIOLATED)
   I_PCI_TOP/I_PCI_CORE_mega_shift_reg_5__29_/D             -0.008  (VIOLATED)
   I_PCI_TOP/I_PCI_CORE_mega_shift_reg_4__25_/D             -0.008  (VIOLATED)
   I_PCI_TOP/I_PCI_CORE_mega_shift_reg_3__29_/D             -0.007  (VIOLATED)
   I_PCI_TOP/I_PCI_CORE_mega_shift_reg_2__20_/D             -0.007  (VIOLATED)
   I_PCI_TOP/I_PCI_CORE_mega_shift_reg_1__26_/D             -0.007  (VIOLATED)
   I_PCI_TOP/I_PCI_CORE_mega_shift_reg_8__26_/D             -0.006  (VIOLATED)
   I_PCI_TOP/I_PCI_CORE_mega_shift_reg_4__16_/D             -0.006  (VIOLATED)
   I_PCI_TOP/I_PCI_CORE_mega_shift_reg_9__22_/D             -0.006  (VIOLATED)
   I_PCI_TOP/I_PCI_CORE_mega_shift_reg_1__30_/D             -0.006  (VIOLATED)
   I_PCI_TOP/I_PCI_CORE_mega_shift_reg_4__29_/D             -0.005  (VIOLATED)
   I_PCI_TOP/I_PCI_CORE_mega_shift_reg_4__20_/D             -0.004  (VIOLATED)
   I_PCI_TOP/I_PCI_CORE_mega_shift_reg_2__23_/D             -0.004  (VIOLATED)
   I_PCI_TOP/I_PCI_CORE_mega_shift_reg_5__21_/D             -0.004  (VIOLATED)
   I_PCI_TOP/I_PCI_CORE_mega_shift_reg_6__16_/D             -0.003  (VIOLATED)
   I_PCI_TOP/I_PCI_CORE_mega_shift_reg_1__16_/D             -0.003  (VIOLATED)
   I_PCI_TOP/I_PCI_CORE_mega_shift_reg_1__23_/D             -0.002  (VIOLATED)
   I_PCI_TOP/I_PCI_CORE_mega_shift_reg_2__18_/D             -0.001  (VIOLATED)

   max_delay/setup ('SDRAM_CLK' group)

   Endpoint                                                  Slack
   -----------------------------------------------------------------
   I_SDRAM_TOP/I_SDRAM_IF/R_10/D                            -0.087  (VIOLATED)
   I_SDRAM_TOP/I_SDRAM_IF/R_18/D                            -0.067  (VIOLATED)
   I_SDRAM_TOP/I_SDRAM_IF/mega_shift_0_reg_11__19_/D        -0.048  (VIOLATED)
   I_SDRAM_TOP/I_SDRAM_IF/mega_shift_1_reg_29__26_/D        -0.046  (VIOLATED)
   I_SDRAM_TOP/I_SDRAM_IF/DQ_in_0_reg_10_/D                 -0.044  (VIOLATED)
   I_SDRAM_TOP/I_SDRAM_WRITE_FIFO_SD_FIFO_CTL_U2_this_addr_g_int_reg_4_/D
                                                            -0.043  (VIOLATED)
   I_SDRAM_TOP/I_SDRAM_IF/mega_shift_1_reg_32__0_/D         -0.043  (VIOLATED)
   I_SDRAM_TOP/I_SDRAM_IF/mega_shift_0_reg_30__5_/D         -0.043  (VIOLATED)
   I_SDRAM_TOP/I_SDRAM_IF/mega_shift_0_reg_14__10_/D        -0.042  (VIOLATED)
   I_SDRAM_TOP/I_SDRAM_IF/mega_shift_0_reg_7__28_/D         -0.042  (VIOLATED)
   I_SDRAM_TOP/I_SDRAM_IF/mega_shift_1_reg_37__15_/D        -0.041  (VIOLATED)
   I_SDRAM_TOP/I_SDRAM_IF/DQ_in_0_reg_13_/D                 -0.041  (VIOLATED)
   I_SDRAM_TOP/I_SDRAM_IF/mega_shift_0_reg_23__17_/D        -0.041  (VIOLATED)
   I_SDRAM_TOP/I_SDRAM_IF/mega_shift_1_reg_37__27_/D        -0.041  (VIOLATED)
   I_SDRAM_TOP/I_SDRAM_IF/mega_shift_1_reg_30__13_/D        -0.040  (VIOLATED)
   I_SDRAM_TOP/I_SDRAM_IF/mega_shift_0_reg_26__31_/D        -0.040  (VIOLATED)
   I_SDRAM_TOP/I_SDRAM_IF/mega_shift_0_reg_28__4_/D         -0.040  (VIOLATED)
   I_SDRAM_TOP/I_SDRAM_IF/mega_shift_0_reg_38__23_/D        -0.040  (VIOLATED)
   I_SDRAM_TOP/I_SDRAM_IF/mega_shift_0_reg_38__22_/D        -0.039  (VIOLATED)
   I_SDRAM_TOP/I_SDRAM_IF/mega_shift_1_reg_5__4_/D          -0.038  (VIOLATED)
   I_SDRAM_TOP/I_SDRAM_IF/mega_shift_0_reg_30__17_/D        -0.038  (VIOLATED)
   I_SDRAM_TOP/I_SDRAM_IF/mega_shift_0_reg_5__16_/D         -0.038  (VIOLATED)
   I_SDRAM_TOP/I_SDRAM_IF/DQ_in_1_reg_6_/D                  -0.037  (VIOLATED)
   I_SDRAM_TOP/I_SDRAM_IF/mega_shift_0_reg_5__14_/D         -0.036  (VIOLATED)
   I_SDRAM_TOP/I_SDRAM_IF/R_26/D                            -0.035  (VIOLATED)
   I_SDRAM_TOP/I_SDRAM_IF/mega_shift_0_reg_39__30_/D        -0.035  (VIOLATED)
   I_SDRAM_TOP/I_SDRAM_IF/mega_shift_1_reg_23__3_/D         -0.034  (VIOLATED)
   I_SDRAM_TOP/I_SDRAM_IF/mega_shift_1_reg_7__25_/D         -0.034  (VIOLATED)
   I_SDRAM_TOP/I_SDRAM_IF/mega_shift_1_reg_11__24_/D        -0.033  (VIOLATED)
   I_SDRAM_TOP/I_SDRAM_IF/mega_shift_0_reg_36__23_/D        -0.032  (VIOLATED)
   I_SDRAM_TOP/I_SDRAM_IF/mega_shift_1_reg_8__12_/D         -0.032  (VIOLATED)
   I_SDRAM_TOP/I_SDRAM_IF/mega_shift_0_reg_29__28_/D        -0.031  (VIOLATED)
   I_SDRAM_TOP/I_SDRAM_IF/mega_shift_1_reg_0__25_/D         -0.031  (VIOLATED)
   I_SDRAM_TOP/I_SDRAM_READ_FIFO_SD_FIFO_CTL_U1_this_addr_g_int_reg_1_/D
                                                            -0.031  (VIOLATED)
   I_SDRAM_TOP/I_SDRAM_IF/mega_shift_1_reg_31__27_/D        -0.031  (VIOLATED)
   I_SDRAM_TOP/I_SDRAM_IF/DQ_in_1_reg_15_/D                 -0.031  (VIOLATED)
   I_SDRAM_TOP/I_SDRAM_IF/DQ_in_1_reg_28_/D                 -0.030  (VIOLATED)
   I_SDRAM_TOP/I_SDRAM_IF/mega_shift_0_reg_8__7_/D          -0.030  (VIOLATED)
   I_SDRAM_TOP/I_SDRAM_IF/mega_shift_1_reg_0__1_/D          -0.030  (VIOLATED)
   I_SDRAM_TOP/I_SDRAM_IF/mega_shift_1_reg_24__31_/D        -0.030  (VIOLATED)
   I_SDRAM_TOP/I_SDRAM_IF/mega_shift_0_reg_39__4_/D         -0.029  (VIOLATED)
   I_SDRAM_TOP/I_SDRAM_IF/mega_shift_0_reg_39__5_/D         -0.029  (VIOLATED)
   I_SDRAM_TOP/I_SDRAM_IF/mega_shift_0_reg_25__28_/D        -0.029  (VIOLATED)
   I_SDRAM_TOP/I_SDRAM_IF/mega_shift_1_reg_18__13_/D        -0.029  (VIOLATED)
   I_SDRAM_TOP/I_SDRAM_IF/mega_shift_0_reg_25__4_/D         -0.028  (VIOLATED)
   I_SDRAM_TOP/I_SDRAM_IF/mega_shift_0_reg_38__7_/D         -0.028  (VIOLATED)
   I_SDRAM_TOP/I_SDRAM_IF/mega_shift_1_reg_8__0_/D          -0.027  (VIOLATED)
   I_SDRAM_TOP/I_SDRAM_IF/mega_shift_1_reg_12__8_/D         -0.027  (VIOLATED)
   I_SDRAM_TOP/I_SDRAM_IF/mega_shift_0_reg_39__20_/D        -0.027  (VIOLATED)
   I_SDRAM_TOP/I_SDRAM_IF/mega_shift_1_reg_27__13_/D        -0.027  (VIOLATED)
   I_SDRAM_TOP/I_SDRAM_IF/mega_shift_1_reg_30__20_/D        -0.027  (VIOLATED)
   I_SDRAM_TOP/I_SDRAM_IF/mega_shift_1_reg_32__22_/D        -0.027  (VIOLATED)
   I_SDRAM_TOP/I_SDRAM_IF/mega_shift_0_reg_15__24_/D        -0.027  (VIOLATED)
   I_SDRAM_TOP/I_SDRAM_IF/mega_shift_0_reg_33__9_/D         -0.026  (VIOLATED)
   I_SDRAM_TOP/I_SDRAM_IF/mega_shift_0_reg_39__16_/D        -0.026  (VIOLATED)
   I_SDRAM_TOP/I_SDRAM_IF/mega_shift_0_reg_38__10_/D        -0.026  (VIOLATED)
   I_SDRAM_TOP/I_SDRAM_IF/mega_shift_0_reg_38__18_/D        -0.025  (VIOLATED)
   I_SDRAM_TOP/I_SDRAM_IF/mega_shift_0_reg_1__3_/D          -0.025  (VIOLATED)
   I_SDRAM_TOP/I_SDRAM_IF/mega_shift_0_reg_30__21_/D        -0.025  (VIOLATED)
   I_SDRAM_TOP/I_SDRAM_IF/DQ_in_1_reg_0_/D                  -0.025  (VIOLATED)
   I_SDRAM_TOP/I_SDRAM_IF/mega_shift_0_reg_30__1_/D         -0.024  (VIOLATED)
   I_SDRAM_TOP/I_SDRAM_IF/mega_shift_0_reg_35__15_/D        -0.024  (VIOLATED)
   I_SDRAM_TOP/I_SDRAM_IF/mega_shift_0_reg_3__29_/D         -0.023  (VIOLATED)
   I_SDRAM_TOP/I_SDRAM_IF/mega_shift_0_reg_3__25_/D         -0.022  (VIOLATED)
   I_SDRAM_TOP/I_SDRAM_IF/mega_shift_0_reg_6__28_/D         -0.022  (VIOLATED)
   I_SDRAM_TOP/I_SDRAM_IF/mega_shift_0_reg_27__19_/D        -0.022  (VIOLATED)
   I_SDRAM_TOP/I_SDRAM_IF/mega_shift_0_reg_39__3_/D         -0.022  (VIOLATED)
   I_SDRAM_TOP/I_SDRAM_WRITE_FIFO_SD_FIFO_CTL_U2_this_addr_g_int_reg_3_/D
                                                            -0.022  (VIOLATED)
   I_SDRAM_TOP/I_SDRAM_IF/mega_shift_1_reg_27__26_/D        -0.021  (VIOLATED)
   I_SDRAM_TOP/I_SDRAM_IF/mega_shift_1_reg_9__18_/D         -0.021  (VIOLATED)
   I_SDRAM_TOP/I_SDRAM_IF/mega_shift_1_reg_10__5_/D         -0.020  (VIOLATED)
   I_SDRAM_TOP/I_SDRAM_IF/mega_shift_1_reg_31__3_/D         -0.020  (VIOLATED)
   I_SDRAM_TOP/I_SDRAM_WRITE_FIFO_SD_FIFO_CTL_U2_empty_int_reg/D
                                                            -0.020  (VIOLATED)
   I_SDRAM_TOP/I_SDRAM_IF/mega_shift_0_reg_23__13_/D        -0.019  (VIOLATED)
   I_SDRAM_TOP/I_SDRAM_IF/mega_shift_1_reg_9__22_/D         -0.019  (VIOLATED)
   I_SDRAM_TOP/I_SDRAM_IF/mega_shift_1_reg_35__20_/D        -0.019  (VIOLATED)
   I_SDRAM_TOP/I_SDRAM_IF/mega_shift_0_reg_35__25_/D        -0.019  (VIOLATED)
   I_SDRAM_TOP/I_SDRAM_IF/mega_shift_1_reg_38__28_/D        -0.019  (VIOLATED)
   I_SDRAM_TOP/I_SDRAM_IF/mega_shift_0_reg_23__24_/D        -0.018  (VIOLATED)
   I_SDRAM_TOP/I_SDRAM_IF/mega_shift_0_reg_20__29_/D        -0.017  (VIOLATED)
   I_SDRAM_TOP/I_SDRAM_IF/mega_shift_0_reg_7__12_/D         -0.016  (VIOLATED)
   I_SDRAM_TOP/I_SDRAM_IF/mega_shift_1_reg_23__23_/D        -0.016  (VIOLATED)
   I_SDRAM_TOP/I_SDRAM_IF/mega_shift_1_reg_27__5_/D         -0.016  (VIOLATED)
   I_SDRAM_TOP/I_SDRAM_IF/mega_shift_1_reg_27__9_/D         -0.016  (VIOLATED)
   I_SDRAM_TOP/I_SDRAM_IF/mega_shift_0_reg_5__12_/D         -0.015  (VIOLATED)
   I_SDRAM_TOP/I_SDRAM_IF/DQ_in_0_reg_5_/D                  -0.015  (VIOLATED)
   I_SDRAM_TOP/I_SDRAM_IF/DQ_in_1_reg_9_/D                  -0.015  (VIOLATED)
   I_SDRAM_TOP/I_SDRAM_IF/mega_shift_1_reg_25__1_/D         -0.015  (VIOLATED)
   I_SDRAM_TOP/I_SDRAM_WRITE_FIFO_SD_FIFO_CTL_U2_this_addr_g_int_reg_0_/D
                                                            -0.013  (VIOLATED)
   I_SDRAM_TOP/I_SDRAM_IF/mega_shift_1_reg_23__7_/D         -0.013  (VIOLATED)
   I_SDRAM_TOP/I_SDRAM_IF/mega_shift_1_reg_11__27_/D        -0.012  (VIOLATED)
   I_SDRAM_TOP/I_SDRAM_IF/mega_shift_0_reg_0__27_/D         -0.012  (VIOLATED)
   I_SDRAM_TOP/I_SDRAM_IF/mega_shift_1_reg_20__28_/D        -0.012  (VIOLATED)
   I_SDRAM_TOP/I_SDRAM_IF/mega_shift_1_reg_32__18_/D        -0.012  (VIOLATED)
   I_SDRAM_TOP/I_SDRAM_READ_FIFO_SD_FIFO_CTL_U1_this_addr_g_int_reg_3_/D
                                                            -0.012  (VIOLATED)
   I_SDRAM_TOP/I_SDRAM_IF/mega_shift_1_reg_2__9_/D          -0.012  (VIOLATED)
   I_SDRAM_TOP/I_SDRAM_IF/mega_shift_1_reg_8__28_/D         -0.012  (VIOLATED)
   I_SDRAM_TOP/I_SDRAM_IF/mega_shift_0_reg_9__4_/D          -0.011  (VIOLATED)
   I_SDRAM_TOP/I_SDRAM_IF/mega_shift_0_reg_8__25_/D         -0.011  (VIOLATED)
   I_SDRAM_TOP/I_SDRAM_IF/mega_shift_0_reg_36__3_/D         -0.011  (VIOLATED)
   I_SDRAM_TOP/I_SDRAM_IF/mega_shift_1_reg_8__27_/D         -0.011  (VIOLATED)
   I_SDRAM_TOP/I_SDRAM_IF/mega_shift_1_reg_36__31_/D        -0.011  (VIOLATED)
   I_SDRAM_TOP/I_SDRAM_IF/mega_shift_1_reg_8__24_/D         -0.011  (VIOLATED)
   I_SDRAM_TOP/I_SDRAM_IF/mega_shift_1_reg_0__23_/D         -0.010  (VIOLATED)
   I_SDRAM_TOP/I_SDRAM_IF/mega_shift_0_reg_6__24_/D         -0.010  (VIOLATED)
   I_SDRAM_TOP/I_SDRAM_IF/mega_shift_0_reg_36__20_/D        -0.010  (VIOLATED)
   I_SDRAM_TOP/I_SDRAM_IF/mega_shift_1_reg_28__12_/D        -0.009  (VIOLATED)
   I_SDRAM_TOP/I_SDRAM_IF/mega_shift_1_reg_25__29_/D        -0.009  (VIOLATED)
   I_SDRAM_TOP/I_SDRAM_IF/mega_shift_0_reg_32__15_/D        -0.009  (VIOLATED)
   I_SDRAM_TOP/I_SDRAM_IF/mega_shift_1_reg_34__25_/D        -0.009  (VIOLATED)
   I_SDRAM_TOP/I_SDRAM_IF/mega_shift_0_reg_6__27_/D         -0.009  (VIOLATED)
   I_SDRAM_TOP/I_SDRAM_IF/mega_shift_1_reg_19__27_/D        -0.009  (VIOLATED)
   I_SDRAM_TOP/I_SDRAM_IF/mega_shift_1_reg_34__5_/D         -0.009  (VIOLATED)
   I_SDRAM_TOP/I_SDRAM_IF/mega_shift_0_reg_27__1_/D         -0.008  (VIOLATED)
   I_SDRAM_TOP/I_SDRAM_IF/mega_shift_0_reg_26__14_/D        -0.008  (VIOLATED)
   I_SDRAM_TOP/I_SDRAM_IF/mega_shift_0_reg_39__8_/D         -0.008  (VIOLATED)
   I_SDRAM_TOP/I_SDRAM_IF/mega_shift_1_reg_20__2_/D         -0.008  (VIOLATED)
   I_SDRAM_TOP/I_SDRAM_IF/mega_shift_1_reg_30__4_/D         -0.008  (VIOLATED)
   I_SDRAM_TOP/I_SDRAM_IF/mega_shift_0_reg_38__26_/D        -0.008  (VIOLATED)
   I_SDRAM_TOP/I_SDRAM_IF/mega_shift_1_reg_11__28_/D        -0.008  (VIOLATED)
   I_SDRAM_TOP/I_SDRAM_IF/mega_shift_1_reg_19__23_/D        -0.007  (VIOLATED)
   I_SDRAM_TOP/I_SDRAM_IF/mega_shift_0_reg_30__13_/D        -0.007  (VIOLATED)
   I_SDRAM_TOP/I_SDRAM_IF/mega_shift_1_reg_30__16_/D        -0.007  (VIOLATED)
   I_SDRAM_TOP/I_SDRAM_IF/mega_shift_0_reg_0__23_/D         -0.007  (VIOLATED)
   I_SDRAM_TOP/I_SDRAM_IF/mega_shift_1_reg_17__20_/D        -0.007  (VIOLATED)
   I_SDRAM_TOP/I_SDRAM_IF/mega_shift_1_reg_3__25_/D         -0.006  (VIOLATED)
   I_SDRAM_TOP/I_SDRAM_IF/mega_shift_1_reg_33__16_/D        -0.006  (VIOLATED)
   I_SDRAM_TOP/I_SDRAM_IF/mega_shift_1_reg_31__8_/D         -0.006  (VIOLATED)
   I_SDRAM_TOP/I_SDRAM_IF/mega_shift_1_reg_11__0_/D         -0.006  (VIOLATED)
   I_SDRAM_TOP/I_SDRAM_IF/mega_shift_0_reg_38__6_/D         -0.005  (VIOLATED)
   I_SDRAM_TOP/I_SDRAM_IF/mega_shift_1_reg_27__22_/D        -0.005  (VIOLATED)
   I_SDRAM_TOP/I_SDRAM_IF/mega_shift_1_reg_38__22_/D        -0.005  (VIOLATED)
   I_SDRAM_TOP/I_SDRAM_IF/mega_shift_1_reg_37__23_/D        -0.005  (VIOLATED)
   I_SDRAM_TOP/I_SDRAM_IF/mega_shift_1_reg_18__9_/D         -0.005  (VIOLATED)
   I_SDRAM_TOP/I_SDRAM_IF/mega_shift_0_reg_10__20_/D        -0.005  (VIOLATED)
   I_SDRAM_TOP/I_SDRAM_IF/mega_shift_0_reg_31__26_/D        -0.005  (VIOLATED)
   I_SDRAM_TOP/I_SDRAM_IF/mega_shift_1_reg_2__21_/D         -0.004  (VIOLATED)
   I_SDRAM_TOP/I_SDRAM_IF/mega_shift_0_reg_27__5_/D         -0.004  (VIOLATED)
   I_SDRAM_TOP/I_SDRAM_IF/mega_shift_1_reg_10__1_/D         -0.004  (VIOLATED)
   I_SDRAM_TOP/I_SDRAM_IF/mega_shift_0_reg_7__20_/D         -0.004  (VIOLATED)
   I_SDRAM_TOP/I_SDRAM_IF/mega_shift_0_reg_11__11_/D        -0.003  (VIOLATED)
   I_SDRAM_TOP/I_SDRAM_IF/mega_shift_0_reg_31__30_/D        -0.003  (VIOLATED)
   I_SDRAM_TOP/I_SDRAM_IF/mega_shift_1_reg_27__11_/D        -0.003  (VIOLATED)
   I_SDRAM_TOP/I_SDRAM_IF/mega_shift_1_reg_29__22_/D        -0.003  (VIOLATED)
   I_SDRAM_TOP/I_SDRAM_IF/mega_shift_1_reg_4__25_/D         -0.003  (VIOLATED)
   I_SDRAM_TOP/I_SDRAM_IF/mega_shift_1_reg_28__0_/D         -0.003  (VIOLATED)
   I_SDRAM_TOP/I_SDRAM_IF/mega_shift_0_reg_7__24_/D         -0.003  (VIOLATED)
   I_SDRAM_TOP/I_SDRAM_IF/mega_shift_0_reg_34__0_/D         -0.002  (VIOLATED)
   I_SDRAM_TOP/I_SDRAM_IF/mega_shift_0_reg_25__16_/D        -0.002  (VIOLATED)
   I_SDRAM_TOP/I_SDRAM_IF/DQ_in_1_reg_27_/D                 -0.002  (VIOLATED)
   I_SDRAM_TOP/I_SDRAM_IF/mega_shift_1_reg_32__6_/D         -0.001  (VIOLATED)
   I_SDRAM_TOP/I_SDRAM_IF/mega_shift_1_reg_2__13_/D         -0.001  (VIOLATED)
   I_SDRAM_TOP/I_SDRAM_IF/mega_shift_0_reg_1__20_/D         -0.001  (VIOLATED)
   I_SDRAM_TOP/I_SDRAM_IF/mega_shift_0_reg_9__2_/D          -0.001  (VIOLATED)
   I_SDRAM_TOP/I_SDRAM_IF/mega_shift_1_reg_19__30_/D        -0.001  (VIOLATED)
   I_SDRAM_TOP/I_SDRAM_IF/mega_shift_0_reg_25__0_/D          0.000  (VIOLATED: increase significant digits)
   I_SDRAM_TOP/I_SDRAM_IF/DQ_in_1_reg_22_/D                  0.000  (VIOLATED: increase significant digits)
   I_SDRAM_TOP/I_SDRAM_IF/mega_shift_1_reg_7__30_/D          0.000  (VIOLATED: increase significant digits)
   I_SDRAM_TOP/I_SDRAM_IF/mega_shift_1_reg_31__14_/D         0.000  (VIOLATED: increase significant digits)

   max_delay/setup ('SD_DDR_CLK' group)

   Endpoint                                                  Slack
   -----------------------------------------------------------------
   sd_DQ_out[16]                                            -1.786  (VIOLATED)
   sd_DQ_out[11]                                            -1.744  (VIOLATED)
   sd_DQ_out[17]                                            -1.706  (VIOLATED)
   sd_DQ_out[0]                                             -1.701  (VIOLATED)
   sd_DQ_out[15]                                            -1.699  (VIOLATED)
   sd_DQ_out[19]                                            -1.699  (VIOLATED)
   sd_DQ_out[9]                                             -1.692  (VIOLATED)
   sd_DQ_out[24]                                            -1.685  (VIOLATED)
   sd_DQ_out[5]                                             -1.660  (VIOLATED)
   sd_DQ_out[1]                                             -1.648  (VIOLATED)
   sd_DQ_out[31]                                            -1.644  (VIOLATED)
   sd_DQ_out[26]                                            -1.624  (VIOLATED)
   sd_DQ_out[18]                                            -1.612  (VIOLATED)
   sd_DQ_out[14]                                            -1.603  (VIOLATED)
   sd_DQ_out[10]                                            -1.596  (VIOLATED)
   sd_DQ_out[4]                                             -1.593  (VIOLATED)
   sd_DQ_out[6]                                             -1.565  (VIOLATED)
   sd_DQ_out[13]                                            -1.558  (VIOLATED)
   sd_DQ_out[30]                                            -1.557  (VIOLATED)
   sd_DQ_out[3]                                             -1.548  (VIOLATED)
   sd_DQ_out[22]                                            -1.542  (VIOLATED)
   sd_DQ_out[7]                                             -1.535  (VIOLATED)
   sd_DQ_out[2]                                             -1.524  (VIOLATED)
   sd_DQ_out[27]                                            -1.514  (VIOLATED)
   sd_DQ_out[25]                                            -1.504  (VIOLATED)
   sd_DQ_out[21]                                            -1.480  (VIOLATED)
   sd_DQ_out[23]                                            -1.460  (VIOLATED)
   sd_DQ_out[29]                                            -1.318  (VIOLATED)
   sd_DQ_out[12]                                            -1.062  (VIOLATED)
   sd_DQ_out[28]                                            -1.055  (VIOLATED)
   sd_DQ_out[8]                                             -1.034  (VIOLATED)
   sd_DQ_out[20]                                            -1.030  (VIOLATED)
   sd_A[5]                                                  -0.433  (VIOLATED)
   sd_DQ_en[28]                                             -0.223  (VIOLATED)
   sd_DQ_en[24]                                             -0.223  (VIOLATED)
   sd_DQ_en[21]                                             -0.223  (VIOLATED)
   sd_DQ_en[23]                                             -0.223  (VIOLATED)
   sd_DQ_en[30]                                             -0.223  (VIOLATED)
   sd_DQ_en[26]                                             -0.223  (VIOLATED)
   sd_DQ_en[17]                                             -0.223  (VIOLATED)
   sd_DQ_en[11]                                             -0.223  (VIOLATED)
   sd_DQ_en[19]                                             -0.223  (VIOLATED)
   sd_DQ_en[13]                                             -0.223  (VIOLATED)
   sd_DQ_en[15]                                             -0.223  (VIOLATED)
   sd_DQ_en[9]                                              -0.222  (VIOLATED)
   sd_DQ_en[5]                                              -0.222  (VIOLATED)
   sd_DQ_en[7]                                              -0.222  (VIOLATED)
   sd_DQ_en[0]                                              -0.222  (VIOLATED)
   sd_DQ_en[3]                                              -0.222  (VIOLATED)
   sd_BWS[1]                                                -0.189  (VIOLATED)
   sd_DQ_en[22]                                             -0.153  (VIOLATED)
   sd_DQ_en[27]                                             -0.153  (VIOLATED)
   sd_DQ_en[29]                                             -0.153  (VIOLATED)
   sd_DQ_en[1]                                              -0.153  (VIOLATED)
   sd_DQ_en[25]                                             -0.153  (VIOLATED)
   sd_DQ_en[31]                                             -0.153  (VIOLATED)
   sd_DQ_en[16]                                             -0.153  (VIOLATED)
   sd_DQ_en[18]                                             -0.153  (VIOLATED)
   sd_DQ_en[20]                                             -0.153  (VIOLATED)
   sd_DQ_en[2]                                              -0.153  (VIOLATED)
   sd_DQ_en[4]                                              -0.153  (VIOLATED)
   sd_DQ_en[6]                                              -0.153  (VIOLATED)
   sd_DQ_en[8]                                              -0.153  (VIOLATED)
   sd_DQ_en[10]                                             -0.152  (VIOLATED)
   sd_DQ_en[12]                                             -0.152  (VIOLATED)
   sd_DQ_en[14]                                             -0.152  (VIOLATED)
   sd_A[8]                                                  -0.130  (VIOLATED)
   sd_A[7]                                                  -0.078  (VIOLATED)
   sd_RW                                                    -0.070  (VIOLATED)
   sd_A[6]                                                  -0.055  (VIOLATED)
   sd_BWS[0]                                                -0.054  (VIOLATED)
   sd_LD                                                    -0.044  (VIOLATED)
   sd_A[9]                                                  -0.006  (VIOLATED)

   max_delay/setup ('SYS_2x_CLK' group)

   Endpoint                                                  Slack
   -----------------------------------------------------------------
   I_RISC_CORE/I_ALU_Lachd_Result_reg_1_/D                  -7.376  (VIOLATED)
   I_RISC_CORE/I_STACK_TOP_I_STACK_FSM_Crnt_Stack_reg_0_/D
                                                            -7.198  (VIOLATED)
   I_RISC_CORE/I_ALU_Lachd_Result_reg_8_/D                  -7.171  (VIOLATED)
   I_RISC_CORE/I_STACK_TOP_I_STACK_FSM_TOS_int_reg_1_/D     -7.161  (VIOLATED)
   I_RISC_CORE/R_31/D                                       -7.129  (VIOLATED)
   I_RISC_CORE/I_ALU_Lachd_Result_reg_11_/D                 -7.049  (VIOLATED)
   I_RISC_CORE/I_ALU_Lachd_Result_reg_0_/D                  -6.972  (VIOLATED)
   I_RISC_CORE/I_ALU_Lachd_Result_reg_7_/D                  -6.968  (VIOLATED)
   I_RISC_CORE/I_STACK_TOP_I_STACK_FSM_TOS_int_reg_2_/D     -6.944  (VIOLATED)
   I_RISC_CORE/I_ALU_Lachd_Result_reg_9_/D                  -6.935  (VIOLATED)
   I_RISC_CORE/I_STACK_TOP_I_STACK_FSM_TOS_int_reg_0_/D     -6.838  (VIOLATED)
   I_RISC_CORE/I_ALU_Lachd_Result_reg_10_/D                 -6.835  (VIOLATED)
   I_RISC_CORE/I_PRGRM_CNT_TOP_I_PRGRM_CNT_PCint_reg_6_/D   -6.822  (VIOLATED)
   I_RISC_CORE/I_PRGRM_CNT_TOP_I_PRGRM_CNT_PCint_reg_1_/D   -6.818  (VIOLATED)
   I_RISC_CORE/I_PRGRM_CNT_TOP_I_PRGRM_CNT_PCint_reg_2_/D   -6.807  (VIOLATED)
   I_RISC_CORE/R_30/D                                       -6.710  (VIOLATED)
   I_RISC_CORE/I_STACK_TOP_I_STACK_FSM_Crnt_Stack_reg_1_/D
                                                            -6.667  (VIOLATED)
   I_RISC_CORE/I_PRGRM_CNT_TOP_I_PRGRM_CNT_PCint_reg_3_/D   -6.589  (VIOLATED)
   I_RISC_CORE/I_PRGRM_CNT_TOP_I_PRGRM_CNT_PCint_reg_5_/D   -6.546  (VIOLATED)
   I_RISC_CORE/I_ALU_Lachd_Result_reg_15_/D                 -6.484  (VIOLATED)
   I_RISC_CORE/I_ALU_Lachd_Result_reg_4_/D                  -6.370  (VIOLATED)
   I_RISC_CORE/I_ALU_Lachd_Result_reg_13_/D                 -6.352  (VIOLATED)
   I_RISC_CORE/I_ALU_Lachd_Result_reg_12_/D                 -6.290  (VIOLATED)
   I_RISC_CORE/I_ALU_Lachd_Result_reg_3_/D                  -6.271  (VIOLATED)
   I_RISC_CORE/I_STACK_TOP_I3_STACK_MEM_PopDataOut_reg_2_/D
                                                            -6.244  (VIOLATED)
   I_RISC_CORE/I_ALU_Lachd_Result_reg_6_/D                  -6.185  (VIOLATED)
   I_RISC_CORE/I_STACK_TOP_I2_STACK_MEM_PopDataOut_reg_2_/D
                                                            -6.164  (VIOLATED)
   I_RISC_CORE/I_PRGRM_CNT_TOP_I_PRGRM_CNT_PCint_reg_7_/D   -6.160  (VIOLATED)
   I_RISC_CORE/I_PRGRM_CNT_TOP_I_PRGRM_CNT_PCint_reg_0_/D   -6.153  (VIOLATED)
   I_RISC_CORE/I_PRGRM_CNT_TOP_I_PRGRM_CNT_PCint_reg_4_/D   -6.145  (VIOLATED)
   I_RISC_CORE/I_ALU_Lachd_Result_reg_2_/D                  -6.115  (VIOLATED)
   I_RISC_CORE/I_STACK_TOP_I1_STACK_MEM_PopDataOut_reg_3_/D
                                                            -6.085  (VIOLATED)
   I_RISC_CORE/I_STACK_TOP_I1_STACK_MEM_PopDataOut_reg_2_/D
                                                            -5.995  (VIOLATED)
   I_RISC_CORE/R_34/D                                       -5.987  (VIOLATED)
   I_RISC_CORE/I_STACK_TOP_I1_STACK_MEM_PopDataOut_reg_0_/D
                                                            -5.983  (VIOLATED)
   I_RISC_CORE/I_STACK_TOP_I2_STACK_MEM_PopDataOut_reg_1_/D
                                                            -5.960  (VIOLATED)
   I_RISC_CORE/I_STACK_TOP_I1_STACK_MEM_PopDataOut_reg_1_/D
                                                            -5.930  (VIOLATED)
   I_RISC_CORE/I_STACK_TOP_I2_STACK_MEM_PopDataOut_reg_3_/D
                                                            -5.896  (VIOLATED)
   I_RISC_CORE/I_STACK_TOP_I2_STACK_MEM_PopDataOut_reg_0_/D
                                                            -5.870  (VIOLATED)
   I_RISC_CORE/I_ALU_Lachd_Result_reg_5_/D                  -5.736  (VIOLATED)
   I_RISC_CORE/I_DATA_PATH_Oprnd_B_reg_4_/D                 -3.850  (VIOLATED)
   I_RISC_CORE/I_DATA_PATH_Oprnd_B_reg_2_/D                 -3.847  (VIOLATED)
   I_RISC_CORE/I_DATA_PATH_Oprnd_B_reg_6_/D                 -3.758  (VIOLATED)
   I_RISC_CORE/I_DATA_PATH_Oprnd_B_reg_5_/D                 -3.702  (VIOLATED)
   I_RISC_CORE/I_DATA_PATH_Oprnd_B_reg_10_/D                -3.701  (VIOLATED)
   I_RISC_CORE/I_DATA_PATH_Oprnd_B_reg_7_/D                 -3.694  (VIOLATED)
   I_RISC_CORE/I_DATA_PATH_Oprnd_B_reg_14_/D                -3.678  (VIOLATED)
   I_RISC_CORE/I_DATA_PATH_Oprnd_B_reg_8_/D                 -3.660  (VIOLATED)
   I_RISC_CORE/I_DATA_PATH_Oprnd_B_reg_11_/D                -3.656  (VIOLATED)
   I_RISC_CORE/I_DATA_PATH_Oprnd_B_reg_12_/D                -3.638  (VIOLATED)
   I_RISC_CORE/I_DATA_PATH_Oprnd_B_reg_15_/D                -3.611  (VIOLATED)
   I_RISC_CORE/I_DATA_PATH_Oprnd_B_reg_9_/D                 -3.609  (VIOLATED)
   I_RISC_CORE/I_DATA_PATH_Oprnd_B_reg_13_/D                -3.578  (VIOLATED)
   I_RISC_CORE/I_DATA_PATH_Oprnd_B_reg_3_/D                 -3.124  (VIOLATED)
   I_RISC_CORE/I_DATA_PATH_Oprnd_B_reg_1_/D                 -3.109  (VIOLATED)
   I_RISC_CORE/I_REG_FILE_REG_FILE_C_RAM/A2[2]              -3.082  (VIOLATED)
   I_RISC_CORE/I_DATA_PATH_Oprnd_B_reg_0_/D                 -3.075  (VIOLATED)
   I_RISC_CORE/I_REG_FILE_REG_FILE_A_RAM/A2[2]              -3.065  (VIOLATED)
   I_RISC_CORE/I_REG_FILE_REG_FILE_C_RAM/A2[3]              -3.025  (VIOLATED)
   I_RISC_CORE/I_REG_FILE_REG_FILE_A_RAM/A2[3]              -3.008  (VIOLATED)
   I_RISC_CORE/I_REG_FILE_REG_FILE_C_RAM/A2[5]              -2.919  (VIOLATED)
   I_RISC_CORE/I_REG_FILE_REG_FILE_C_RAM/A2[4]              -2.917  (VIOLATED)
   I_RISC_CORE/I_REG_FILE_REG_FILE_A_RAM/A2[5]              -2.903  (VIOLATED)
   I_RISC_CORE/I_REG_FILE_REG_FILE_A_RAM/A2[4]              -2.901  (VIOLATED)
   I_RISC_CORE/I_REG_FILE_REG_FILE_A_RAM/A2[1]              -2.856  (VIOLATED)
   I_RISC_CORE/I_REG_FILE_REG_FILE_A_RAM/A2[0]              -2.842  (VIOLATED)
   I_RISC_CORE/I_DATA_PATH_Oprnd_A_reg_8_/D                 -2.819  (VIOLATED)
   I_RISC_CORE/I_DATA_PATH_Oprnd_A_reg_5_/D                 -2.746  (VIOLATED)
   I_RISC_CORE/I_DATA_PATH_Oprnd_A_reg_7_/D                 -2.737  (VIOLATED)
   I_RISC_CORE/I_DATA_PATH_Oprnd_A_reg_9_/D                 -2.715  (VIOLATED)
   I_RISC_CORE/I_DATA_PATH_Oprnd_A_reg_15_/D                -2.650  (VIOLATED)
   I_RISC_CORE/I_REG_FILE_REG_FILE_C_RAM/A2[6]              -2.630  (VIOLATED)
   I_RISC_CORE/I_REG_FILE_REG_FILE_B_RAM/A1[3]              -2.625  (VIOLATED)
   I_RISC_CORE/I_REG_FILE_REG_FILE_D_RAM/A1[3]              -2.625  (VIOLATED)
   I_RISC_CORE/I_STACK_TOP_I_STACK_FSM_STACK_FULL_reg/D     -2.621  (VIOLATED)
   I_RISC_CORE/I_REG_FILE_REG_FILE_A_RAM/A2[6]              -2.614  (VIOLATED)
   I_RISC_CORE/I_CONTROL_UseData_Imm_Or_RegB_reg/D          -2.597  (VIOLATED)
   I_RISC_CORE/I_DATA_PATH_Oprnd_A_reg_10_/D                -2.591  (VIOLATED)
   I_RISC_CORE/I_CONTROL_UseData_Imm_Or_ALU_reg/D           -2.561  (VIOLATED)
   I_RISC_CORE/I_DATA_PATH_Oprnd_A_reg_6_/D                 -2.483  (VIOLATED)
   I_RISC_CORE/I_STACK_TOP_I3_STACK_MEM_Stack_Mem_reg_7__2_/D
                                                            -2.452  (VIOLATED)
   I_RISC_CORE/I_STACK_TOP_I3_STACK_MEM_Stack_Mem_reg_0__2_/D
                                                            -2.448  (VIOLATED)
   I_RISC_CORE/I_STACK_TOP_I3_STACK_MEM_Stack_Mem_reg_1__2_/D
                                                            -2.445  (VIOLATED)
   I_RISC_CORE/I_STACK_TOP_I3_STACK_MEM_Stack_Mem_reg_4__2_/D
                                                            -2.440  (VIOLATED)
   I_RISC_CORE/I_STACK_TOP_I3_STACK_MEM_Stack_Mem_reg_3__2_/D
                                                            -2.440  (VIOLATED)
   I_RISC_CORE/I_STACK_TOP_I3_STACK_MEM_Stack_Mem_reg_2__2_/D
                                                            -2.438  (VIOLATED)
   I_RISC_CORE/I_STACK_TOP_I3_STACK_MEM_Stack_Mem_reg_6__2_/D
                                                            -2.437  (VIOLATED)
   I_RISC_CORE/I_STACK_TOP_I3_STACK_MEM_Stack_Mem_reg_5__2_/D
                                                            -2.436  (VIOLATED)
   I_RISC_CORE/I_DATA_PATH_Oprnd_A_reg_12_/D                -2.379  (VIOLATED)
   I_RISC_CORE/I_DATA_PATH_Oprnd_A_reg_3_/D                 -2.378  (VIOLATED)
   I_RISC_CORE/I_DATA_PATH_Oprnd_A_reg_13_/D                -2.371  (VIOLATED)
   I_RISC_CORE/I_DATA_PATH_Oprnd_A_reg_11_/D                -2.371  (VIOLATED)
   I_RISC_CORE/I_DATA_PATH_Oprnd_A_reg_14_/D                -2.363  (VIOLATED)
   I_RISC_CORE/I_DATA_PATH_Oprnd_A_reg_4_/D                 -2.342  (VIOLATED)
   I_RISC_CORE/I_DATA_PATH_Oprnd_A_reg_0_/D                 -2.293  (VIOLATED)
   I_RISC_CORE/I_REG_FILE_REG_FILE_C_RAM/A2[1]              -2.250  (VIOLATED)
   I_RISC_CORE/I_REG_FILE_REG_FILE_C_RAM/A2[0]              -2.235  (VIOLATED)
   I_RISC_CORE/I_DATA_PATH_Oprnd_A_reg_2_/D                 -2.050  (VIOLATED)
   I_RISC_CORE/I_REG_FILE_REG_FILE_D_RAM/I1[1]              -1.770  (VIOLATED)
   I_RISC_CORE/I_REG_FILE_REG_FILE_C_RAM/I1[1]              -1.770  (VIOLATED)
   I_RISC_CORE/I_REG_FILE_REG_FILE_B_RAM/I1[1]              -1.770  (VIOLATED)
   I_RISC_CORE/I_REG_FILE_REG_FILE_A_RAM/I1[1]              -1.770  (VIOLATED)
   I_RISC_CORE/I_DATA_PATH_Oprnd_A_reg_1_/D                 -1.768  (VIOLATED)
   I_RISC_CORE/I_REG_FILE_REG_FILE_D_RAM/I1[0]              -1.748  (VIOLATED)
   I_RISC_CORE/I_REG_FILE_REG_FILE_C_RAM/I1[0]              -1.748  (VIOLATED)
   I_RISC_CORE/I_REG_FILE_REG_FILE_B_RAM/I1[0]              -1.748  (VIOLATED)
   I_RISC_CORE/I_REG_FILE_REG_FILE_A_RAM/I1[0]              -1.748  (VIOLATED)
   I_RISC_CORE/I_PRGRM_CNT_TOP_I_PRGRM_FSM_Current_State_reg_1_/D
                                                            -1.718  (VIOLATED)
   I_RISC_CORE/I_REG_FILE_REG_FILE_A_RAM/I1[14]             -1.711  (VIOLATED)
   I_RISC_CORE/I_REG_FILE_REG_FILE_B_RAM/I1[14]             -1.711  (VIOLATED)
   I_RISC_CORE/I_REG_FILE_REG_FILE_C_RAM/I1[14]             -1.711  (VIOLATED)
   I_RISC_CORE/I_REG_FILE_REG_FILE_D_RAM/I1[14]             -1.711  (VIOLATED)
   I_RISC_CORE/I_REG_FILE_REG_FILE_D_RAM/I1[4]              -1.690  (VIOLATED)
   I_RISC_CORE/I_REG_FILE_REG_FILE_B_RAM/I1[4]              -1.690  (VIOLATED)
   I_RISC_CORE/I_REG_FILE_REG_FILE_C_RAM/I1[4]              -1.690  (VIOLATED)
   I_RISC_CORE/I_REG_FILE_REG_FILE_A_RAM/I1[4]              -1.690  (VIOLATED)
   I_RISC_CORE/I_REG_FILE_REG_FILE_B_RAM/I1[9]              -1.687  (VIOLATED)
   I_RISC_CORE/I_REG_FILE_REG_FILE_A_RAM/I1[9]              -1.687  (VIOLATED)
   I_RISC_CORE/I_REG_FILE_REG_FILE_C_RAM/I1[9]              -1.685  (VIOLATED)
   I_RISC_CORE/I_REG_FILE_REG_FILE_D_RAM/I1[9]              -1.685  (VIOLATED)
   I_RISC_CORE/I_REG_FILE_REG_FILE_B_RAM/I1[12]             -1.671  (VIOLATED)
   I_RISC_CORE/I_REG_FILE_REG_FILE_D_RAM/I1[12]             -1.671  (VIOLATED)
   I_RISC_CORE/I_REG_FILE_REG_FILE_A_RAM/I1[12]             -1.671  (VIOLATED)
   I_RISC_CORE/I_REG_FILE_REG_FILE_C_RAM/I1[12]             -1.671  (VIOLATED)
   I_RISC_CORE/I_REG_FILE_REG_FILE_D_RAM/I1[11]             -1.663  (VIOLATED)
   I_RISC_CORE/I_REG_FILE_REG_FILE_C_RAM/I1[11]             -1.663  (VIOLATED)
   I_RISC_CORE/I_REG_FILE_REG_FILE_B_RAM/I1[11]             -1.663  (VIOLATED)
   I_RISC_CORE/I_REG_FILE_REG_FILE_A_RAM/I1[11]             -1.663  (VIOLATED)
   I_RISC_CORE/I_REG_FILE_REG_FILE_B_RAM/I1[5]              -1.627  (VIOLATED)
   I_RISC_CORE/I_REG_FILE_REG_FILE_A_RAM/I1[5]              -1.627  (VIOLATED)
   I_RISC_CORE/I_REG_FILE_REG_FILE_D_RAM/I1[5]              -1.625  (VIOLATED)
   I_RISC_CORE/I_REG_FILE_REG_FILE_C_RAM/I1[5]              -1.625  (VIOLATED)
   I_RISC_CORE/I_REG_FILE_REG_FILE_D_RAM/I1[7]              -1.619  (VIOLATED)
   I_RISC_CORE/I_REG_FILE_REG_FILE_C_RAM/I1[7]              -1.619  (VIOLATED)
   I_RISC_CORE/I_REG_FILE_REG_FILE_B_RAM/I1[7]              -1.619  (VIOLATED)
   I_RISC_CORE/I_REG_FILE_REG_FILE_A_RAM/I1[7]              -1.619  (VIOLATED)
   I_RISC_CORE/I_REG_FILE_REG_FILE_B_RAM/I1[6]              -1.608  (VIOLATED)
   I_RISC_CORE/I_REG_FILE_REG_FILE_A_RAM/I1[6]              -1.608  (VIOLATED)
   I_RISC_CORE/I_REG_FILE_REG_FILE_D_RAM/I1[6]              -1.608  (VIOLATED)
   I_RISC_CORE/I_REG_FILE_REG_FILE_C_RAM/I1[6]              -1.608  (VIOLATED)
   I_RISC_CORE/I_REG_FILE_REG_FILE_B_RAM/I1[8]              -1.591  (VIOLATED)
   I_RISC_CORE/I_REG_FILE_REG_FILE_A_RAM/I1[8]              -1.591  (VIOLATED)
   I_RISC_CORE/I_REG_FILE_REG_FILE_C_RAM/I1[8]              -1.589  (VIOLATED)
   I_RISC_CORE/I_REG_FILE_REG_FILE_D_RAM/I1[8]              -1.589  (VIOLATED)
   I_RISC_CORE/I_REG_FILE_REG_FILE_D_RAM/I1[2]              -1.587  (VIOLATED)
   I_RISC_CORE/I_REG_FILE_REG_FILE_C_RAM/I1[2]              -1.587  (VIOLATED)
   I_RISC_CORE/I_REG_FILE_REG_FILE_B_RAM/I1[2]              -1.587  (VIOLATED)
   I_RISC_CORE/I_REG_FILE_REG_FILE_A_RAM/I1[2]              -1.587  (VIOLATED)
   I_RISC_CORE/I_REG_FILE_REG_FILE_B_RAM/I1[3]              -1.582  (VIOLATED)
   I_RISC_CORE/I_REG_FILE_REG_FILE_A_RAM/I1[3]              -1.582  (VIOLATED)
   I_RISC_CORE/I_REG_FILE_REG_FILE_C_RAM/I1[3]              -1.580  (VIOLATED)
   I_RISC_CORE/I_REG_FILE_REG_FILE_D_RAM/I1[3]              -1.580  (VIOLATED)
   I_RISC_CORE/I_REG_FILE_REG_FILE_A_RAM/I1[15]             -1.567  (VIOLATED)
   I_RISC_CORE/I_REG_FILE_REG_FILE_B_RAM/I1[15]             -1.567  (VIOLATED)
   I_RISC_CORE/I_REG_FILE_REG_FILE_D_RAM/I1[15]             -1.566  (VIOLATED)
   I_RISC_CORE/I_REG_FILE_REG_FILE_C_RAM/I1[15]             -1.565  (VIOLATED)
   I_RISC_CORE/I_REG_FILE_REG_FILE_B_RAM/I1[10]             -1.546  (VIOLATED)
   I_RISC_CORE/I_REG_FILE_REG_FILE_A_RAM/I1[10]             -1.546  (VIOLATED)
   I_RISC_CORE/I_REG_FILE_REG_FILE_D_RAM/I1[10]             -1.544  (VIOLATED)
   I_RISC_CORE/I_REG_FILE_REG_FILE_C_RAM/I1[10]             -1.544  (VIOLATED)
   I_RISC_CORE/I_REG_FILE_REG_FILE_D_RAM/I1[13]             -1.534  (VIOLATED)
   I_RISC_CORE/I_REG_FILE_REG_FILE_C_RAM/I1[13]             -1.534  (VIOLATED)
   I_RISC_CORE/I_REG_FILE_REG_FILE_B_RAM/I1[13]             -1.533  (VIOLATED)
   I_RISC_CORE/I_REG_FILE_REG_FILE_A_RAM/I1[13]             -1.533  (VIOLATED)
   I_RISC_CORE/I_CONTROL_EndOfInstrn_reg/D                  -1.445  (VIOLATED)
   I_RISC_CORE/R_32/D                                       -1.217  (VIOLATED)
   I_RISC_CORE/I_PRGRM_CNT_TOP_I_PRGRM_FSM_Current_State_reg_2_/D
                                                            -1.165  (VIOLATED)
   I_RISC_CORE/R_33/D                                       -1.143  (VIOLATED)
   I_RISC_CORE/I_STACK_TOP_I1_STACK_MEM_Stack_Mem_reg_7__2_/D
                                                            -1.112  (VIOLATED)
   I_RISC_CORE/I_STACK_TOP_I1_STACK_MEM_Stack_Mem_reg_0__2_/D
                                                            -1.109  (VIOLATED)
   I_RISC_CORE/I_STACK_TOP_I1_STACK_MEM_Stack_Mem_reg_1__2_/D
                                                            -1.106  (VIOLATED)
   I_RISC_CORE/I_STACK_TOP_I1_STACK_MEM_Stack_Mem_reg_4__2_/D
                                                            -1.101  (VIOLATED)
   I_RISC_CORE/I_STACK_TOP_I1_STACK_MEM_Stack_Mem_reg_7__3_/D
                                                            -1.101  (VIOLATED)
   I_RISC_CORE/I_REG_FILE_REG_FILE_A_RAM/A1[3]              -1.101  (VIOLATED)
   I_RISC_CORE/I_REG_FILE_REG_FILE_C_RAM/A1[3]              -1.101  (VIOLATED)
   I_RISC_CORE/I_STACK_TOP_I1_STACK_MEM_Stack_Mem_reg_3__2_/D
                                                            -1.101  (VIOLATED)
   I_RISC_CORE/I_STACK_TOP_I1_STACK_MEM_Stack_Mem_reg_2__2_/D
                                                            -1.098  (VIOLATED)
   I_RISC_CORE/I_STACK_TOP_I1_STACK_MEM_Stack_Mem_reg_0__3_/D
                                                            -1.098  (VIOLATED)
   I_RISC_CORE/I_STACK_TOP_I1_STACK_MEM_Stack_Mem_reg_6__2_/D
                                                            -1.098  (VIOLATED)
   I_RISC_CORE/I_STACK_TOP_I1_STACK_MEM_Stack_Mem_reg_5__2_/D
                                                            -1.097  (VIOLATED)
   I_RISC_CORE/I_STACK_TOP_I1_STACK_MEM_Stack_Mem_reg_1__3_/D
                                                            -1.096  (VIOLATED)
   I_RISC_CORE/I_STACK_TOP_I1_STACK_MEM_Stack_Mem_reg_4__3_/D
                                                            -1.092  (VIOLATED)
   I_RISC_CORE/I_STACK_TOP_I1_STACK_MEM_Stack_Mem_reg_3__3_/D
                                                            -1.091  (VIOLATED)
   I_RISC_CORE/I_STACK_TOP_I1_STACK_MEM_Stack_Mem_reg_6__3_/D
                                                            -1.088  (VIOLATED)
   I_RISC_CORE/I_STACK_TOP_I1_STACK_MEM_Stack_Mem_reg_2__3_/D
                                                            -1.088  (VIOLATED)
   I_RISC_CORE/I_STACK_TOP_I1_STACK_MEM_Stack_Mem_reg_5__3_/D
                                                            -1.085  (VIOLATED)
   I_RISC_CORE/I_PRGRM_CNT_TOP_I_PRGRM_FSM_Current_State_reg_0_/D
                                                            -1.039  (VIOLATED)
   I_RISC_CORE/I_STACK_TOP_I2_STACK_MEM_Stack_Mem_reg_7__1_/D
                                                            -0.979  (VIOLATED)
   I_RISC_CORE/I_STACK_TOP_I2_STACK_MEM_Stack_Mem_reg_0__1_/D
                                                            -0.976  (VIOLATED)
   I_RISC_CORE/I_STACK_TOP_I2_STACK_MEM_Stack_Mem_reg_1__1_/D
                                                            -0.973  (VIOLATED)
   I_RISC_CORE/I_STACK_TOP_I2_STACK_MEM_Stack_Mem_reg_4__1_/D
                                                            -0.969  (VIOLATED)
   I_RISC_CORE/I_STACK_TOP_I2_STACK_MEM_Stack_Mem_reg_3__1_/D
                                                            -0.968  (VIOLATED)
   I_RISC_CORE/I_STACK_TOP_I2_STACK_MEM_Stack_Mem_reg_2__1_/D
                                                            -0.966  (VIOLATED)
   I_RISC_CORE/I_STACK_TOP_I2_STACK_MEM_Stack_Mem_reg_6__1_/D
                                                            -0.966  (VIOLATED)
   I_RISC_CORE/I_STACK_TOP_I2_STACK_MEM_Stack_Mem_reg_5__1_/D
                                                            -0.965  (VIOLATED)
   I_RISC_CORE/I_STACK_TOP_I1_STACK_MEM_Stack_Mem_reg_7__1_/D
                                                            -0.862  (VIOLATED)
   I_RISC_CORE/I_STACK_TOP_I2_STACK_MEM_Stack_Mem_reg_7__2_/D
                                                            -0.861  (VIOLATED)
   I_RISC_CORE/I_STACK_TOP_I1_STACK_MEM_Stack_Mem_reg_0__1_/D
                                                            -0.859  (VIOLATED)
   I_RISC_CORE/I_STACK_TOP_I2_STACK_MEM_Stack_Mem_reg_0__2_/D
                                                            -0.858  (VIOLATED)
   I_RISC_CORE/I_STACK_TOP_I1_STACK_MEM_Stack_Mem_reg_1__1_/D
                                                            -0.856  (VIOLATED)
   I_RISC_CORE/I_STACK_TOP_I2_STACK_MEM_Stack_Mem_reg_1__2_/D
                                                            -0.855  (VIOLATED)
   I_RISC_CORE/I_STACK_TOP_I2_STACK_MEM_Stack_Mem_reg_7__3_/D
                                                            -0.853  (VIOLATED)
   I_RISC_CORE/I_STACK_TOP_I1_STACK_MEM_Stack_Mem_reg_4__1_/D
                                                            -0.852  (VIOLATED)
   I_RISC_CORE/I_STACK_TOP_I1_STACK_MEM_Stack_Mem_reg_3__1_/D
                                                            -0.852  (VIOLATED)
   I_RISC_CORE/I_STACK_TOP_I2_STACK_MEM_Stack_Mem_reg_4__2_/D
                                                            -0.851  (VIOLATED)
   I_RISC_CORE/I_STACK_TOP_I2_STACK_MEM_Stack_Mem_reg_0__3_/D
                                                            -0.851  (VIOLATED)
   I_RISC_CORE/I_STACK_TOP_I2_STACK_MEM_Stack_Mem_reg_3__2_/D
                                                            -0.850  (VIOLATED)
   I_RISC_CORE/I_STACK_TOP_I1_STACK_MEM_Stack_Mem_reg_2__1_/D
                                                            -0.850  (VIOLATED)
   I_RISC_CORE/I_STACK_TOP_I1_STACK_MEM_Stack_Mem_reg_6__1_/D
                                                            -0.849  (VIOLATED)
   I_RISC_CORE/I_STACK_TOP_I2_STACK_MEM_Stack_Mem_reg_2__2_/D
                                                            -0.848  (VIOLATED)
   I_RISC_CORE/I_STACK_TOP_I1_STACK_MEM_Stack_Mem_reg_5__1_/D
                                                            -0.848  (VIOLATED)
   I_RISC_CORE/I_STACK_TOP_I2_STACK_MEM_Stack_Mem_reg_6__2_/D
                                                            -0.848  (VIOLATED)
   I_RISC_CORE/I_STACK_TOP_I2_STACK_MEM_Stack_Mem_reg_1__3_/D
                                                            -0.847  (VIOLATED)
   I_RISC_CORE/I_STACK_TOP_I2_STACK_MEM_Stack_Mem_reg_5__2_/D
                                                            -0.846  (VIOLATED)
   I_RISC_CORE/I_STACK_TOP_I1_STACK_MEM_Stack_Mem_reg_7__0_/D
                                                            -0.844  (VIOLATED)
   I_RISC_CORE/I_STACK_TOP_I2_STACK_MEM_Stack_Mem_reg_4__3_/D
                                                            -0.843  (VIOLATED)
   I_RISC_CORE/I_STACK_TOP_I2_STACK_MEM_Stack_Mem_reg_3__3_/D
                                                            -0.843  (VIOLATED)
   I_RISC_CORE/I_STACK_TOP_I1_STACK_MEM_Stack_Mem_reg_0__0_/D
                                                            -0.841  (VIOLATED)
   I_RISC_CORE/I_STACK_TOP_I2_STACK_MEM_Stack_Mem_reg_2__3_/D
                                                            -0.841  (VIOLATED)
   I_RISC_CORE/I_STACK_TOP_I2_STACK_MEM_Stack_Mem_reg_6__3_/D
                                                            -0.840  (VIOLATED)
   I_RISC_CORE/I_STACK_TOP_I2_STACK_MEM_Stack_Mem_reg_5__3_/D
                                                            -0.839  (VIOLATED)
   I_RISC_CORE/I_STACK_TOP_I1_STACK_MEM_Stack_Mem_reg_1__0_/D
                                                            -0.838  (VIOLATED)
   I_RISC_CORE/I_STACK_TOP_I1_STACK_MEM_Stack_Mem_reg_4__0_/D
                                                            -0.834  (VIOLATED)
   I_RISC_CORE/I_STACK_TOP_I1_STACK_MEM_Stack_Mem_reg_3__0_/D
                                                            -0.834  (VIOLATED)
   I_RISC_CORE/I_STACK_TOP_I1_STACK_MEM_Stack_Mem_reg_2__0_/D
                                                            -0.831  (VIOLATED)
   I_RISC_CORE/I_STACK_TOP_I1_STACK_MEM_Stack_Mem_reg_6__0_/D
                                                            -0.831  (VIOLATED)
   I_RISC_CORE/I_STACK_TOP_I1_STACK_MEM_Stack_Mem_reg_5__0_/D
                                                            -0.830  (VIOLATED)
   I_RISC_CORE/I_STACK_TOP_I2_STACK_MEM_Stack_Mem_reg_7__0_/D
                                                            -0.781  (VIOLATED)
   I_RISC_CORE/I_STACK_TOP_I2_STACK_MEM_Stack_Mem_reg_0__0_/D
                                                            -0.778  (VIOLATED)
   I_RISC_CORE/I_STACK_TOP_I2_STACK_MEM_Stack_Mem_reg_1__0_/D
                                                            -0.775  (VIOLATED)
   I_RISC_CORE/I_STACK_TOP_I2_STACK_MEM_Stack_Mem_reg_4__0_/D
                                                            -0.771  (VIOLATED)
   I_RISC_CORE/I_STACK_TOP_I2_STACK_MEM_Stack_Mem_reg_3__0_/D
                                                            -0.770  (VIOLATED)
   I_RISC_CORE/I_STACK_TOP_I2_STACK_MEM_Stack_Mem_reg_2__0_/D
                                                            -0.768  (VIOLATED)
   I_RISC_CORE/I_STACK_TOP_I2_STACK_MEM_Stack_Mem_reg_6__0_/D
                                                            -0.768  (VIOLATED)
   I_RISC_CORE/I_STACK_TOP_I2_STACK_MEM_Stack_Mem_reg_5__0_/D
                                                            -0.766  (VIOLATED)
   I_RISC_CORE/I_REG_FILE_REG_FILE_D_RAM/A1[5]              -0.525  (VIOLATED)
   I_RISC_CORE/I_REG_FILE_REG_FILE_B_RAM/A1[5]              -0.524  (VIOLATED)
   I_RISC_CORE/I_REG_FILE_REG_FILE_A_RAM/A1[5]              -0.515  (VIOLATED)
   I_RISC_CORE/I_REG_FILE_REG_FILE_C_RAM/A1[5]              -0.508  (VIOLATED)
   I_RISC_CORE/I_DATA_PATH_PSWL_Zro_reg/D                   -0.448  (VIOLATED)
   I_RISC_CORE/I_REG_FILE_REG_FILE_B_RAM/A1[4]              -0.417  (VIOLATED)
   I_RISC_CORE/I_REG_FILE_REG_FILE_D_RAM/A1[4]              -0.416  (VIOLATED)
   I_RISC_CORE/I_REG_FILE_REG_FILE_A_RAM/A1[4]              -0.407  (VIOLATED)
   I_RISC_CORE/I_REG_FILE_REG_FILE_C_RAM/A1[4]              -0.407  (VIOLATED)
   I_RISC_CORE/I_REG_FILE_REG_FILE_D_RAM/A1[2]              -0.406  (VIOLATED)
   I_RISC_CORE/I_REG_FILE_REG_FILE_B_RAM/A1[2]              -0.406  (VIOLATED)
   I_RISC_CORE/I_REG_FILE_REG_FILE_A_RAM/A1[2]              -0.396  (VIOLATED)
   I_RISC_CORE/I_REG_FILE_REG_FILE_C_RAM/A1[2]              -0.389  (VIOLATED)
   I_RISC_CORE/I_REG_FILE_REG_FILE_D_RAM/A2[2]              -0.300  (VIOLATED)
   I_RISC_CORE/I_REG_FILE_REG_FILE_B_RAM/A2[2]              -0.300  (VIOLATED)
   I_RISC_CORE/I_REG_FILE_REG_FILE_B_RAM/A2[5]              -0.035  (VIOLATED)
   I_RISC_CORE/I_REG_FILE_REG_FILE_D_RAM/A2[5]              -0.035  (VIOLATED)


   recovery

   Endpoint                                                  Slack
   -----------------------------------------------------------------
   I_SDRAM_TOP/I_SDRAM_IF/mega_shift_1_reg_1__28_/RSTB      -0.007  (VIOLATED)
   I_SDRAM_TOP/I_SDRAM_IF/mega_shift_1_reg_32__28_/RSTB     -0.007  (VIOLATED)
   I_SDRAM_TOP/I_SDRAM_IF/mega_shift_1_reg_7__1_/RSTB       -0.007  (VIOLATED)
   I_SDRAM_TOP/I_SDRAM_IF/mega_shift_1_reg_21__13_/RSTB     -0.007  (VIOLATED)
   I_SDRAM_TOP/I_SDRAM_IF/mega_shift_1_reg_21__29_/RSTB     -0.007  (VIOLATED)
   I_SDRAM_TOP/I_SDRAM_IF/mega_shift_1_reg_32__16_/RSTB     -0.006  (VIOLATED)
   I_SDRAM_TOP/I_SDRAM_IF/mega_shift_1_reg_0__7_/RSTB       -0.006  (VIOLATED)
   I_SDRAM_TOP/I_SDRAM_IF/mega_shift_1_reg_7__21_/RSTB      -0.001  (VIOLATED)
   I_SDRAM_TOP/I_SDRAM_IF/mega_shift_1_reg_8__25_/RSTB      -0.001  (VIOLATED)
   I_SDRAM_TOP/I_SDRAM_IF/mega_shift_1_reg_8__9_/RSTB       -0.001  (VIOLATED)
   I_SDRAM_TOP/I_SDRAM_IF/mega_shift_1_reg_21__5_/RSTB      -0.001  (VIOLATED)
   I_SDRAM_TOP/I_SDRAM_IF/mega_shift_1_reg_21__21_/RSTB     -0.001  (VIOLATED)
   I_SDRAM_TOP/I_SDRAM_IF/mega_shift_1_reg_21__25_/RSTB     -0.001  (VIOLATED)
   I_SDRAM_TOP/I_SDRAM_IF/mega_shift_1_reg_21__9_/RSTB      -0.001  (VIOLATED)
   I_SDRAM_TOP/I_SDRAM_IF/mega_shift_1_reg_21__17_/RSTB     -0.001  (VIOLATED)
   I_SDRAM_TOP/I_SDRAM_IF/mega_shift_1_reg_21__1_/RSTB      -0.001  (VIOLATED)


   clock_gating_setup

   Endpoint                                                  Slack
   -----------------------------------------------------------------
   I_RISC_CORE/I_STACK_TOP_I2_STACK_MEM_clk_gate_Stack_Mem_reg_7_/latch/EN
                                                            -5.520  (VIOLATED)
   I_RISC_CORE/I_STACK_TOP_I2_STACK_MEM_clk_gate_Stack_Mem_reg_2_/latch/EN
                                                            -5.435  (VIOLATED)
   I_RISC_CORE/I_STACK_TOP_I2_STACK_MEM_clk_gate_Stack_Mem_reg_3_/latch/EN
                                                            -5.162  (VIOLATED)
   I_RISC_CORE/I_STACK_TOP_I2_STACK_MEM_clk_gate_Stack_Mem_reg_1_/latch/EN
                                                            -5.124  (VIOLATED)
   I_RISC_CORE/I_STACK_TOP_I2_STACK_MEM_clk_gate_Stack_Mem_reg_0_/latch/EN
                                                            -4.969  (VIOLATED)
   I_RISC_CORE/I_STACK_TOP_I2_STACK_MEM_clk_gate_Stack_Mem_reg_6_/latch/EN
                                                            -4.954  (VIOLATED)
   I_RISC_CORE/I_STACK_TOP_I_STACK_FSM_clk_gate_TOS_int_reg/latch/EN
                                                            -4.908  (VIOLATED)
   I_RISC_CORE/I_STACK_TOP_I2_STACK_MEM_clk_gate_Stack_Mem_reg_5_/latch/EN
                                                            -4.733  (VIOLATED)
   I_RISC_CORE/I_STACK_TOP_I2_STACK_MEM_clk_gate_Stack_Mem_reg_4_/latch/EN
                                                            -4.674  (VIOLATED)
   I_RISC_CORE/I_STACK_TOP_I2_STACK_MEM_clk_gate_PopDataOut_reg/latch/EN
                                                            -3.211  (VIOLATED)
   I_RISC_CORE/I_DATA_PATH_clk_gate_Oprnd_A_reg/latch/EN    -3.165  (VIOLATED)
   I_RISC_CORE/I_DATA_PATH_clk_gate_Oprnd_B_reg/latch/EN    -2.264  (VIOLATED)
   I_RISC_CORE/I_INSTRN_LAT_clk_gate_Crnt_Instrn_2_reg/latch/EN
                                                            -1.862  (VIOLATED)
   I_RISC_CORE/I_DATA_PATH_clk_gate_PSWL_Carry_reg/latch/EN
                                                            -1.556  (VIOLATED)
   I_RISC_CORE/I_ALU_clk_gate_Lachd_Result_reg/latch/EN     -1.217  (VIOLATED)
   I_RISC_CORE/I_PRGRM_CNT_TOP_I_PRGRM_CNT_clk_gate_PCint_reg/latch/EN
                                                            -0.744  (VIOLATED)


   sequential_clock_pulse_width

                             Required        Actual
   Pin                      pulse width    pulse width       Slack
   -----------------------------------------------------------------
   I_RISC_CORE/I_PRGRM_CNT_TOP_I_PRGRM_FSM_Current_State_reg_2_/CLK (low)
                               1.060          0.982         -0.078  (VIOLATED)
   I_CLOCKING/sys_2x_rst_ff_reg/CLK (low)
                               1.036          0.966         -0.070  (VIOLATED)
   I_RISC_CORE/R_30/CLK (low)
                               1.080          1.011         -0.068  (VIOLATED)
   I_RISC_CORE/I_CONTROL_UseData_Imm_Or_ALU_reg/CLK (low)
                               1.060          1.000         -0.060  (VIOLATED)
   I_RISC_CORE/I_INSTRN_LAT_Crnt_Instrn_2_reg_11_/CLK (low)
                               1.060          1.005         -0.055  (VIOLATED)
   I_RISC_CORE/I_INSTRN_LAT_Crnt_Instrn_2_reg_12_/CLK (low)
                               1.060          1.005         -0.055  (VIOLATED)
   I_RISC_CORE/I_INSTRN_LAT_Crnt_Instrn_2_reg_25_/CLK (low)
                               1.060          1.005         -0.055  (VIOLATED)
   I_RISC_CORE/I_PRGRM_CNT_TOP_I_PRGRM_FSM_Current_State_reg_0_/CLK (low)
                               1.036          0.982         -0.053  (VIOLATED)
   I_RISC_CORE/I_PRGRM_CNT_TOP_I_PRGRM_FSM_Current_State_reg_1_/CLK (low)
                               1.036          0.982         -0.053  (VIOLATED)
   I_RISC_CORE/I_STACK_TOP_I_STACK_FSM_STACK_FULL_reg/CLK (low)
                               1.036          0.982         -0.053  (VIOLATED)
   I_RISC_CORE/I_STACK_TOP_I_STACK_FSM_TOS_int_reg_0_/CLK (low)
                               1.060          1.012         -0.048  (VIOLATED)
   I_RISC_CORE/I_PRGRM_CNT_TOP_I_PRGRM_CNT_PCint_reg_0_/CLK (low)
                               1.036          0.992         -0.043  (VIOLATED)
   I_RISC_CORE/I_PRGRM_CNT_TOP_I_PRGRM_CNT_PCint_reg_1_/CLK (low)
                               1.036          0.992         -0.043  (VIOLATED)
   I_RISC_CORE/I_PRGRM_CNT_TOP_I_PRGRM_CNT_PCint_reg_2_/CLK (low)
                               1.036          0.992         -0.043  (VIOLATED)
   I_RISC_CORE/I_PRGRM_CNT_TOP_I_PRGRM_CNT_PCint_reg_3_/CLK (low)
                               1.036          0.992         -0.043  (VIOLATED)
   I_RISC_CORE/I_PRGRM_CNT_TOP_I_PRGRM_CNT_PCint_reg_4_/CLK (low)
                               1.036          0.992         -0.043  (VIOLATED)
   I_RISC_CORE/I_PRGRM_CNT_TOP_I_PRGRM_CNT_PCint_reg_5_/CLK (low)
                               1.036          0.992         -0.043  (VIOLATED)
   I_RISC_CORE/I_PRGRM_CNT_TOP_I_PRGRM_CNT_PCint_reg_6_/CLK (low)
                               1.036          0.992         -0.043  (VIOLATED)
   I_RISC_CORE/I_PRGRM_CNT_TOP_I_PRGRM_CNT_PCint_reg_7_/CLK (low)
                               1.036          0.992         -0.043  (VIOLATED)
   I_RISC_CORE/I_CONTROL_UseData_Imm_Or_RegB_reg/CLK (low)
                               1.036          1.000         -0.036  (VIOLATED)
   I_RISC_CORE/I_INSTRN_LAT_Crnt_Instrn_2_reg_0_/CLK (low)
                               1.036          1.005         -0.031  (VIOLATED)
   I_RISC_CORE/I_INSTRN_LAT_Crnt_Instrn_2_reg_1_/CLK (low)
                               1.036          1.005         -0.031  (VIOLATED)
   I_RISC_CORE/I_INSTRN_LAT_Crnt_Instrn_2_reg_2_/CLK (low)
                               1.036          1.005         -0.031  (VIOLATED)
   I_RISC_CORE/I_INSTRN_LAT_Crnt_Instrn_2_reg_3_/CLK (low)
                               1.036          1.005         -0.031  (VIOLATED)
   I_RISC_CORE/I_INSTRN_LAT_Crnt_Instrn_2_reg_4_/CLK (low)
                               1.036          1.005         -0.031  (VIOLATED)
   I_RISC_CORE/I_INSTRN_LAT_Crnt_Instrn_2_reg_5_/CLK (low)
                               1.036          1.005         -0.031  (VIOLATED)
   I_RISC_CORE/I_INSTRN_LAT_Crnt_Instrn_2_reg_6_/CLK (low)
                               1.036          1.005         -0.031  (VIOLATED)
   I_RISC_CORE/I_INSTRN_LAT_Crnt_Instrn_2_reg_7_/CLK (low)
                               1.036          1.005         -0.031  (VIOLATED)
   I_RISC_CORE/I_INSTRN_LAT_Crnt_Instrn_2_reg_8_/CLK (low)
                               1.036          1.005         -0.031  (VIOLATED)
   I_RISC_CORE/I_INSTRN_LAT_Crnt_Instrn_2_reg_9_/CLK (low)
                               1.036          1.005         -0.031  (VIOLATED)
   I_RISC_CORE/I_INSTRN_LAT_Crnt_Instrn_2_reg_10_/CLK (low)
                               1.036          1.005         -0.031  (VIOLATED)
   I_RISC_CORE/I_INSTRN_LAT_Crnt_Instrn_2_reg_13_/CLK (low)
                               1.036          1.005         -0.031  (VIOLATED)
   I_RISC_CORE/I_INSTRN_LAT_Crnt_Instrn_2_reg_14_/CLK (low)
                               1.036          1.005         -0.031  (VIOLATED)
   I_RISC_CORE/I_INSTRN_LAT_Crnt_Instrn_2_reg_15_/CLK (low)
                               1.036          1.005         -0.031  (VIOLATED)
   I_RISC_CORE/I_INSTRN_LAT_Crnt_Instrn_2_reg_16_/CLK (low)
                               1.036          1.005         -0.031  (VIOLATED)
   I_RISC_CORE/I_INSTRN_LAT_Crnt_Instrn_2_reg_17_/CLK (low)
                               1.036          1.005         -0.031  (VIOLATED)
   I_RISC_CORE/I_INSTRN_LAT_Crnt_Instrn_2_reg_18_/CLK (low)
                               1.036          1.005         -0.031  (VIOLATED)
   I_RISC_CORE/I_INSTRN_LAT_Crnt_Instrn_2_reg_19_/CLK (low)
                               1.036          1.005         -0.031  (VIOLATED)
   I_RISC_CORE/I_INSTRN_LAT_Crnt_Instrn_2_reg_20_/CLK (low)
                               1.036          1.005         -0.031  (VIOLATED)
   I_RISC_CORE/I_INSTRN_LAT_Crnt_Instrn_2_reg_21_/CLK (low)
                               1.036          1.005         -0.031  (VIOLATED)
   I_RISC_CORE/I_INSTRN_LAT_Crnt_Instrn_2_reg_22_/CLK (low)
                               1.036          1.005         -0.031  (VIOLATED)
   I_RISC_CORE/I_INSTRN_LAT_Crnt_Instrn_2_reg_23_/CLK (low)
                               1.036          1.005         -0.031  (VIOLATED)
   I_RISC_CORE/I_INSTRN_LAT_Crnt_Instrn_2_reg_24_/CLK (low)
                               1.036          1.005         -0.031  (VIOLATED)
   I_RISC_CORE/I_INSTRN_LAT_Crnt_Instrn_2_reg_26_/CLK (low)
                               1.036          1.005         -0.031  (VIOLATED)
   I_RISC_CORE/I_INSTRN_LAT_Crnt_Instrn_2_reg_27_/CLK (low)
                               1.036          1.005         -0.031  (VIOLATED)
   I_RISC_CORE/I_INSTRN_LAT_Crnt_Instrn_2_reg_28_/CLK (low)
                               1.036          1.005         -0.031  (VIOLATED)
   I_RISC_CORE/I_INSTRN_LAT_Crnt_Instrn_2_reg_29_/CLK (low)
                               1.036          1.005         -0.031  (VIOLATED)
   I_RISC_CORE/I_DATA_PATH_PSWL_Zro_reg/CLK (low)
                               1.036          1.011         -0.024  (VIOLATED)
   I_RISC_CORE/R_32/CLK (low)
                               1.036          1.011         -0.024  (VIOLATED)
   I_RISC_CORE/I_STACK_TOP_I_STACK_FSM_Crnt_Stack_reg_0_/CLK (low)
                               1.036          1.012         -0.024  (VIOLATED)
   I_RISC_CORE/I_STACK_TOP_I_STACK_FSM_Crnt_Stack_reg_1_/CLK (low)
                               1.036          1.012         -0.024  (VIOLATED)
   I_RISC_CORE/I_STACK_TOP_I_STACK_FSM_TOS_int_reg_1_/CLK (low)
                               1.036          1.012         -0.024  (VIOLATED)
   I_RISC_CORE/I_STACK_TOP_I_STACK_FSM_TOS_int_reg_2_/CLK (low)
                               1.036          1.012         -0.024  (VIOLATED)


   max_capacitance

                             Required        Actual
   Pin                      Capacitance    Capacitance       Slack
   -----------------------------------------------------------------
   ropt_mt_inst_8410/Y        82.000        163.902        -81.902  (VIOLATED)
   ropt_mt_inst_8411/Y        82.000        162.267        -80.267  (VIOLATED)
   ZINV_9_f_inst_5348/Y       82.000        104.103        -22.103  (VIOLATED)
   ZINV_9_f_inst_6880/Y       82.000        103.805        -21.805  (VIOLATED)
   ropt_mt_inst_8346/Y        82.000        102.974        -20.974  (VIOLATED)
   ropt_mt_inst_8412/Y        82.000        102.879        -20.879  (VIOLATED)
   ropt_mt_inst_8413/Y        82.000        102.804        -20.804  (VIOLATED)
   copt_gre_mt_inst_7066/Y    82.000        102.728        -20.728  (VIOLATED)
   ropt_mt_inst_8415/Y        82.000        102.695        -20.695  (VIOLATED)
   ropt_mt_inst_8347/Y        82.000        102.289        -20.289  (VIOLATED)
   ropt_mt_inst_8363/Y        82.000        102.225        -20.225  (VIOLATED)
   ZINV_9_f_inst_5006/Y       82.000        102.145        -20.145  (VIOLATED)
   ropt_mt_inst_8348/Y        82.000        102.041        -20.041  (VIOLATED)
   ropt_mt_inst_8376/Y        82.000        102.030        -20.030  (VIOLATED)
   ropt_mt_inst_8365/Y        82.000        101.998        -19.998  (VIOLATED)
   ropt_mt_inst_8355/Y        82.000        101.785        -19.785  (VIOLATED)
   HFSINV_22_f_398/Y          82.000        101.772        -19.772  (VIOLATED)
   ropt_mt_inst_8356/Y        82.000        101.750        -19.750  (VIOLATED)
   ZINV_9_f_inst_5327/Y       82.000        101.716        -19.716  (VIOLATED)
   ropt_mt_inst_8354/Y        82.000        101.653        -19.653  (VIOLATED)
   copt_gre_mt_inst_7936/Y    82.000        101.618        -19.618  (VIOLATED)
   ropt_mt_inst_8350/Y        82.000        101.578        -19.578  (VIOLATED)
   ropt_mt_inst_8378/Y        82.000        101.518        -19.518  (VIOLATED)
   ropt_mt_inst_8373/Y        82.000        101.431        -19.431  (VIOLATED)
   ZINV_9_f_inst_5323/Y       82.000        101.418        -19.418  (VIOLATED)
   ropt_mt_inst_8381/Y        82.000        101.388        -19.388  (VIOLATED)
   ropt_mt_inst_8345/Y        82.000        101.383        -19.383  (VIOLATED)
   ZINV_9_f_inst_6015/Y       82.000        101.378        -19.378  (VIOLATED)
   copt_gre_mt_inst_7929/Y    82.000        101.319        -19.319  (VIOLATED)
   ropt_mt_inst_8371/Y        82.000        101.314        -19.314  (VIOLATED)
   ropt_mt_inst_8368/Y        82.000        101.274        -19.274  (VIOLATED)
   ropt_mt_inst_8349/Y        82.000        101.194        -19.194  (VIOLATED)
   ropt_mt_inst_8492/Y        82.000        101.168        -19.168  (VIOLATED)
   ropt_mt_inst_8379/Y        82.000        101.161        -19.161  (VIOLATED)
   I_RISC_CORE/ropt_mt_inst_8294/Y
                              16.000         17.077         -1.077  (VIOLATED)
   I_RISC_CORE/ropt_mt_inst_8375/Y
                              16.000         16.728         -0.728  (VIOLATED)
   I_RISC_CORE/ropt_mt_inst_8272/Y
                              16.000         16.375         -0.375  (VIOLATED)
   I_BLENDER_0/U4479/SO        8.000          8.232         -0.232  (VIOLATED)
   U465/Y                      8.000          8.141         -0.141  (VIOLATED)
   I_PCI_TOP/ropt_mt_inst_8320/Y
                              16.000         16.137         -0.137  (VIOLATED)
   I_SDRAM_TOP/I_SDRAM_IF/HFSINV_2759_1906/Y
                               8.000          8.054         -0.054  (VIOLATED)
   occ_int2/U_clk_control_i_0/ropt_mt_inst_8288/Y
                              16.000         16.032         -0.032  (VIOLATED)
   I_SDRAM_TOP/I_SDRAM_IF/ropt_mt_inst_8283/Y
                              16.000         16.030         -0.030  (VIOLATED)
   I_BLENDER_1/mega_shift_reg_10__5_/QN
                               8.000          8.016         -0.016  (VIOLATED)
   I_CONTEXT_MEM/sram_fixcell_237/Y
                              16.000         16.011         -0.011  (VIOLATED)
   I_CONTEXT_MEM/ropt_mt_inst_8309/Y
                              16.000         16.003         -0.003  (VIOLATED)
   I_RISC_CORE/ZBUF_81_inst_5285/Y
                              32.000         32.003         -0.003  (VIOLATED)


   min_capacitance

                             Required        Actual
   Pin                      Capacitance    Capacitance       Slack
   -----------------------------------------------------------------
   I_RISC_CORE/I_REG_FILE_REG_FILE_B_RAM/O2[0]
                               0.100          0.011         -0.089  (VIOLATED)
   I_RISC_CORE/I_REG_FILE_REG_FILE_B_RAM/O2[1]
                               0.100          0.011         -0.089  (VIOLATED)
   I_RISC_CORE/I_REG_FILE_REG_FILE_B_RAM/O2[2]
                               0.100          0.011         -0.089  (VIOLATED)
   I_RISC_CORE/I_REG_FILE_REG_FILE_B_RAM/O2[3]
                               0.100          0.011         -0.089  (VIOLATED)
   I_RISC_CORE/I_REG_FILE_REG_FILE_B_RAM/O2[4]
                               0.100          0.011         -0.089  (VIOLATED)
   I_RISC_CORE/I_REG_FILE_REG_FILE_B_RAM/O2[5]
                               0.100          0.011         -0.089  (VIOLATED)
   I_RISC_CORE/I_REG_FILE_REG_FILE_B_RAM/O2[6]
                               0.100          0.011         -0.089  (VIOLATED)
   I_RISC_CORE/I_REG_FILE_REG_FILE_B_RAM/O2[7]
                               0.100          0.011         -0.089  (VIOLATED)
   I_RISC_CORE/I_REG_FILE_REG_FILE_D_RAM/O2[8]
                               0.100          0.011         -0.089  (VIOLATED)
   I_RISC_CORE/I_REG_FILE_REG_FILE_D_RAM/O2[9]
                               0.100          0.011         -0.089  (VIOLATED)
   I_RISC_CORE/I_REG_FILE_REG_FILE_D_RAM/O2[10]
                               0.100          0.011         -0.089  (VIOLATED)
   I_RISC_CORE/I_REG_FILE_REG_FILE_D_RAM/O2[11]
                               0.100          0.011         -0.089  (VIOLATED)
   I_RISC_CORE/I_REG_FILE_REG_FILE_D_RAM/O2[12]
                               0.100          0.011         -0.089  (VIOLATED)
   I_RISC_CORE/I_REG_FILE_REG_FILE_D_RAM/O2[13]
                               0.100          0.011         -0.089  (VIOLATED)
   I_RISC_CORE/I_REG_FILE_REG_FILE_D_RAM/O2[14]
                               0.100          0.011         -0.089  (VIOLATED)
   I_RISC_CORE/I_REG_FILE_REG_FILE_D_RAM/O2[15]
                               0.100          0.011         -0.089  (VIOLATED)


   max_transition

                             Required        Actual
   Pin                      Transition     Transition        Slack
   -----------------------------------------------------------------
   I_RISC_CORE/HFSINV_29_342/A
                               1.024          1.731         -0.707  (VIOLATED)
   I_RISC_CORE/U1507/A4        1.024          1.305         -0.281  (VIOLATED)
   I_RISC_CORE/U1558/A6        1.024          1.305         -0.281  (VIOLATED)
   I_RISC_CORE/U1561/A2        1.024          1.305         -0.281  (VIOLATED)
   I_RISC_CORE/U1571/A2        1.024          1.305         -0.281  (VIOLATED)
   I_RISC_CORE/U1643/A         1.024          1.305         -0.281  (VIOLATED)
   I_RISC_CORE/HFSINV_29_342/Y
                               0.603          0.826         -0.223  (VIOLATED)
   ropt_mt_inst_8346/Y         0.353          0.363         -0.009  (VIOLATED)
   copt_gre_mt_inst_7066/Y     0.353          0.361         -0.008  (VIOLATED)
   ropt_mt_inst_8347/Y         0.353          0.361         -0.007  (VIOLATED)
   ropt_mt_inst_8376/Y         0.353          0.361         -0.007  (VIOLATED)
   ropt_mt_inst_8363/Y         0.353          0.359         -0.006  (VIOLATED)
   ropt_mt_inst_8355/Y         0.353          0.358         -0.005  (VIOLATED)
   ropt_mt_inst_8348/Y         0.353          0.358         -0.005  (VIOLATED)
   ropt_mt_inst_8356/Y         0.353          0.358         -0.005  (VIOLATED)
   ropt_mt_inst_8371/Y         0.353          0.358         -0.004  (VIOLATED)
   ropt_mt_inst_8381/Y         0.353          0.357         -0.004  (VIOLATED)
   ropt_mt_inst_8354/Y         0.353          0.357         -0.004  (VIOLATED)
   ropt_mt_inst_8349/Y         0.353          0.356         -0.003  (VIOLATED)
   copt_gre_mt_inst_7936/Y     0.353          0.356         -0.003  (VIOLATED)
   ropt_mt_inst_8345/Y         0.353          0.356         -0.003  (VIOLATED)
   ropt_mt_inst_8378/Y         0.353          0.356         -0.003  (VIOLATED)
   ropt_mt_inst_8368/Y         0.353          0.356         -0.003  (VIOLATED)
   ropt_mt_inst_8379/Y         0.353          0.356         -0.003  (VIOLATED)
   U465/Y                      0.394          0.396         -0.002  (VIOLATED)
   I_RISC_CORE/ropt_mt_inst_8375/Y
                               0.469          0.471         -0.002  (VIOLATED)
   copt_gre_mt_inst_7929/Y     0.353          0.355         -0.002  (VIOLATED)
   ropt_mt_inst_8492/Y         0.353          0.355         -0.001  (VIOLATED)
   I_BLENDER_0/U4479/SO        0.475          0.476         -0.001  (VIOLATED)
   occ_int2/U_clk_control_i_0/ropt_mt_inst_8290/Y
                               0.416          0.416          0.000  (VIOLATED: increase significant digits)
   occ_int2/slow_clk_0_clkgt/u_icg/GCLK
                               0.185          0.185          0.000  (VIOLATED: increase significant digits)


1
