****************************************
Report : constraint
	-all_violators
	-path slack_only
Design : ORCA_TOP
Version: O-2018.06
Date   : Thu Apr 10 23:20:45 2025
****************************************


   max_delay/setup ('clock_gating_default' group)

   Endpoint                                                  Slack
   -----------------------------------------------------------------
   I_RISC_CORE/I_STACK_TOP_I2_STACK_MEM_clk_gate_Stack_Mem_reg_7_/latch/EN
                                                            -5.405  (VIOLATED)
   I_RISC_CORE/I_STACK_TOP_I2_STACK_MEM_clk_gate_Stack_Mem_reg_2_/latch/EN
                                                            -5.337  (VIOLATED)
   I_RISC_CORE/I_STACK_TOP_I2_STACK_MEM_clk_gate_Stack_Mem_reg_3_/latch/EN
                                                            -5.071  (VIOLATED)
   I_RISC_CORE/I_STACK_TOP_I2_STACK_MEM_clk_gate_Stack_Mem_reg_1_/latch/EN
                                                            -5.032  (VIOLATED)
   I_RISC_CORE/I_STACK_TOP_I2_STACK_MEM_clk_gate_Stack_Mem_reg_0_/latch/EN
                                                            -4.875  (VIOLATED)
   I_RISC_CORE/I_STACK_TOP_I2_STACK_MEM_clk_gate_Stack_Mem_reg_6_/latch/EN
                                                            -4.862  (VIOLATED)
   I_RISC_CORE/I_STACK_TOP_I_STACK_FSM_clk_gate_TOS_int_reg/latch/EN
                                                            -4.811  (VIOLATED)
   I_RISC_CORE/I_STACK_TOP_I2_STACK_MEM_clk_gate_Stack_Mem_reg_5_/latch/EN
                                                            -4.635  (VIOLATED)
   I_RISC_CORE/I_STACK_TOP_I2_STACK_MEM_clk_gate_Stack_Mem_reg_4_/latch/EN
                                                            -4.582  (VIOLATED)
   I_RISC_CORE/I_DATA_PATH_clk_gate_Oprnd_A_reg/latch/EN    -3.073  (VIOLATED)
   I_RISC_CORE/I_STACK_TOP_I2_STACK_MEM_clk_gate_PopDataOut_reg/latch/EN
                                                            -3.064  (VIOLATED)
   I_RISC_CORE/I_DATA_PATH_clk_gate_Oprnd_B_reg/latch/EN    -2.152  (VIOLATED)
   I_RISC_CORE/I_INSTRN_LAT_clk_gate_Crnt_Instrn_2_reg/latch/EN
                                                            -1.773  (VIOLATED)
   I_RISC_CORE/I_DATA_PATH_clk_gate_PSWL_Carry_reg/latch/EN
                                                            -1.512  (VIOLATED)
   I_RISC_CORE/I_ALU_clk_gate_Lachd_Result_reg/latch/EN     -1.174  (VIOLATED)
   I_RISC_CORE/I_PRGRM_CNT_TOP_I_PRGRM_CNT_clk_gate_PCint_reg/latch/EN
                                                            -0.709  (VIOLATED)

   max_delay/setup ('PCI_CLK' group)

   Endpoint                                                  Slack
   -----------------------------------------------------------------
   I_PCI_TOP/I_PCI_CORE_d_out_i_bus_reg_5_/D                -0.038  (VIOLATED)
   I_PCI_TOP/I_PCI_CORE_mega_shift_reg_4__26_/D             -0.024  (VIOLATED)
   I_PCI_TOP/I_PCI_CORE_mega_shift_reg_7__28_/D             -0.017  (VIOLATED)
   I_PCI_TOP/I_PCI_CORE_mega_shift_reg_9__26_/D             -0.013  (VIOLATED)
   I_PCI_TOP/I_PCI_CORE_mega_shift_reg_8__24_/D             -0.010  (VIOLATED)
   I_PCI_TOP/I_PCI_CORE_mega_shift_reg_8__31_/D             -0.009  (VIOLATED)
   I_PCI_TOP/I_PCI_CORE_mega_shift_reg_9__29_/D             -0.008  (VIOLATED)
   I_PCI_TOP/I_PCI_CORE_mega_shift_reg_9__28_/D             -0.007  (VIOLATED)

   max_delay/setup ('SDRAM_CLK' group)

   Endpoint                                                  Slack
   -----------------------------------------------------------------
   I_SDRAM_TOP/I_SDRAM_IF/DQ_in_0_reg_13_/D                 -0.066  (VIOLATED)
   I_SDRAM_TOP/I_SDRAM_IF/DQ_in_0_reg_10_/D                 -0.043  (VIOLATED)
   I_SDRAM_TOP/I_SDRAM_IF/DQ_in_1_reg_6_/D                  -0.041  (VIOLATED)
   I_SDRAM_TOP/I_SDRAM_IF/DQ_in_1_reg_28_/D                 -0.035  (VIOLATED)
   I_SDRAM_TOP/I_SDRAM_IF/DQ_in_1_reg_15_/D                 -0.034  (VIOLATED)
   I_SDRAM_TOP/I_SDRAM_IF/R_10/D                            -0.032  (VIOLATED)
   I_SDRAM_TOP/I_SDRAM_IF/DQ_in_1_reg_0_/D                  -0.025  (VIOLATED)
   I_SDRAM_TOP/I_SDRAM_IF/mega_shift_0_reg_38__23_/D        -0.025  (VIOLATED)
   I_SDRAM_TOP/I_SDRAM_IF/R_26/D                            -0.023  (VIOLATED)
   I_SDRAM_TOP/I_SDRAM_IF/mega_shift_0_reg_28__4_/D         -0.021  (VIOLATED)
   I_SDRAM_TOP/I_SDRAM_IF/mega_shift_1_reg_7__25_/D         -0.020  (VIOLATED)
   I_SDRAM_TOP/I_SDRAM_IF/mega_shift_0_reg_7__28_/D         -0.019  (VIOLATED)
   I_SDRAM_TOP/I_SDRAM_IF/mega_shift_1_reg_5__4_/D          -0.019  (VIOLATED)
   I_SDRAM_TOP/I_SDRAM_IF/mega_shift_1_reg_32__0_/D         -0.017  (VIOLATED)
   I_SDRAM_TOP/I_SDRAM_IF/mega_shift_1_reg_29__26_/D        -0.017  (VIOLATED)
   I_SDRAM_TOP/I_SDRAM_IF/mega_shift_1_reg_37__15_/D        -0.016  (VIOLATED)
   I_SDRAM_TOP/I_SDRAM_IF/DQ_in_1_reg_9_/D                  -0.016  (VIOLATED)
   I_SDRAM_TOP/I_SDRAM_IF/mega_shift_0_reg_14__10_/D        -0.016  (VIOLATED)
   I_SDRAM_TOP/I_SDRAM_IF/mega_shift_0_reg_11__19_/D        -0.015  (VIOLATED)
   I_SDRAM_TOP/I_SDRAM_IF/mega_shift_1_reg_30__13_/D        -0.015  (VIOLATED)
   I_SDRAM_TOP/I_SDRAM_IF/mega_shift_1_reg_37__27_/D        -0.014  (VIOLATED)
   I_SDRAM_TOP/I_SDRAM_IF/mega_shift_0_reg_23__17_/D        -0.013  (VIOLATED)
   I_SDRAM_TOP/I_SDRAM_IF/mega_shift_0_reg_38__22_/D        -0.013  (VIOLATED)
   I_SDRAM_TOP/I_SDRAM_IF/mega_shift_0_reg_26__31_/D        -0.012  (VIOLATED)
   I_SDRAM_TOP/I_SDRAM_IF/DQ_in_0_reg_5_/D                  -0.011  (VIOLATED)
   I_SDRAM_TOP/I_SDRAM_IF/R_18/D                            -0.010  (VIOLATED)
   I_SDRAM_TOP/I_SDRAM_IF/mega_shift_0_reg_30__5_/D         -0.010  (VIOLATED)
   I_SDRAM_TOP/I_SDRAM_IF/mega_shift_0_reg_30__17_/D        -0.009  (VIOLATED)
   I_SDRAM_TOP/I_SDRAM_IF/mega_shift_0_reg_25__28_/D        -0.008  (VIOLATED)
   I_SDRAM_TOP/I_SDRAM_READ_FIFO_SD_FIFO_CTL_U1_this_addr_g_int_reg_1_/D
                                                            -0.008  (VIOLATED)
   I_SDRAM_TOP/I_SDRAM_IF/mega_shift_0_reg_5__16_/D         -0.007  (VIOLATED)
   I_SDRAM_TOP/I_SDRAM_IF/mega_shift_1_reg_0__1_/D          -0.007  (VIOLATED)
   I_SDRAM_TOP/I_SDRAM_IF/mega_shift_0_reg_6__28_/D         -0.005  (VIOLATED)
   I_SDRAM_TOP/I_SDRAM_IF/mega_shift_0_reg_39__4_/D         -0.005  (VIOLATED)
   I_SDRAM_TOP/I_SDRAM_IF/mega_shift_0_reg_38__7_/D         -0.004  (VIOLATED)
   I_SDRAM_TOP/I_SDRAM_IF/mega_shift_0_reg_8__7_/D          -0.004  (VIOLATED)
   I_SDRAM_TOP/I_SDRAM_IF/mega_shift_0_reg_7__12_/D         -0.004  (VIOLATED)
   I_SDRAM_TOP/I_SDRAM_IF/mega_shift_0_reg_5__14_/D         -0.003  (VIOLATED)
   I_SDRAM_TOP/I_SDRAM_IF/mega_shift_1_reg_18__13_/D        -0.003  (VIOLATED)
   I_SDRAM_TOP/I_SDRAM_IF/mega_shift_0_reg_33__9_/D         -0.003  (VIOLATED)
   I_SDRAM_TOP/I_SDRAM_IF/mega_shift_1_reg_31__27_/D        -0.003  (VIOLATED)
   I_SDRAM_TOP/I_SDRAM_IF/mega_shift_1_reg_11__24_/D        -0.003  (VIOLATED)
   I_SDRAM_TOP/I_SDRAM_IF/mega_shift_1_reg_27__26_/D        -0.003  (VIOLATED)
   I_SDRAM_TOP/I_SDRAM_IF/DQ_in_0_reg_1_/D                  -0.002  (VIOLATED)
   I_SDRAM_TOP/I_SDRAM_IF/mega_shift_1_reg_24__31_/D        -0.002  (VIOLATED)
   I_SDRAM_TOP/I_SDRAM_IF/mega_shift_1_reg_32__22_/D        -0.002  (VIOLATED)
   I_SDRAM_TOP/I_SDRAM_IF/mega_shift_1_reg_23__3_/D         -0.002  (VIOLATED)
   I_SDRAM_TOP/I_SDRAM_IF/mega_shift_0_reg_39__20_/D        -0.001  (VIOLATED)
   I_SDRAM_TOP/I_SDRAM_IF/mega_shift_0_reg_25__4_/D         -0.001  (VIOLATED)
   I_SDRAM_TOP/I_SDRAM_IF/mega_shift_1_reg_0__25_/D         -0.001  (VIOLATED)
   I_SDRAM_TOP/I_SDRAM_IF/mega_shift_1_reg_8__12_/D         -0.001  (VIOLATED)
   I_SDRAM_TOP/I_SDRAM_IF/mega_shift_0_reg_35__25_/D        -0.001  (VIOLATED)
   I_SDRAM_TOP/I_SDRAM_IF/mega_shift_0_reg_29__28_/D        -0.001  (VIOLATED)
   I_SDRAM_TOP/I_SDRAM_IF/mega_shift_1_reg_12__8_/D          0.000  (VIOLATED: increase significant digits)
   I_SDRAM_TOP/I_SDRAM_IF/mega_shift_0_reg_38__10_/D         0.000  (VIOLATED: increase significant digits)

   max_delay/setup ('SD_DDR_CLK' group)

   Endpoint                                                  Slack
   -----------------------------------------------------------------
   sd_DQ_out[16]                                            -1.741  (VIOLATED)
   sd_DQ_out[11]                                            -1.688  (VIOLATED)
   sd_DQ_out[0]                                             -1.668  (VIOLATED)
   sd_DQ_out[17]                                            -1.665  (VIOLATED)
   sd_DQ_out[9]                                             -1.652  (VIOLATED)
   sd_DQ_out[19]                                            -1.650  (VIOLATED)
   sd_DQ_out[15]                                            -1.646  (VIOLATED)
   sd_DQ_out[24]                                            -1.628  (VIOLATED)
   sd_DQ_out[5]                                             -1.579  (VIOLATED)
   sd_DQ_out[31]                                            -1.578  (VIOLATED)
   sd_DQ_out[18]                                            -1.565  (VIOLATED)
   sd_DQ_out[1]                                             -1.563  (VIOLATED)
   sd_DQ_out[26]                                            -1.562  (VIOLATED)
   sd_DQ_out[4]                                             -1.545  (VIOLATED)
   sd_DQ_out[14]                                            -1.533  (VIOLATED)
   sd_DQ_out[10]                                            -1.531  (VIOLATED)
   sd_DQ_out[13]                                            -1.529  (VIOLATED)
   sd_DQ_out[6]                                             -1.517  (VIOLATED)
   sd_DQ_out[30]                                            -1.503  (VIOLATED)
   sd_DQ_out[3]                                             -1.494  (VIOLATED)
   sd_DQ_out[7]                                             -1.480  (VIOLATED)
   sd_DQ_out[2]                                             -1.475  (VIOLATED)
   sd_DQ_out[22]                                            -1.474  (VIOLATED)
   sd_DQ_out[27]                                            -1.464  (VIOLATED)
   sd_DQ_out[25]                                            -1.457  (VIOLATED)
   sd_DQ_out[21]                                            -1.427  (VIOLATED)
   sd_DQ_out[23]                                            -1.417  (VIOLATED)
   sd_DQ_out[29]                                            -1.283  (VIOLATED)
   sd_DQ_out[12]                                            -1.002  (VIOLATED)
   sd_DQ_out[28]                                            -1.001  (VIOLATED)
   sd_DQ_out[20]                                            -0.976  (VIOLATED)
   sd_DQ_out[8]                                             -0.954  (VIOLATED)
   sd_A[5]                                                  -0.364  (VIOLATED)
   sd_BWS[1]                                                -0.129  (VIOLATED)
   sd_DQ_en[28]                                             -0.069  (VIOLATED)
   sd_DQ_en[24]                                             -0.069  (VIOLATED)
   sd_DQ_en[21]                                             -0.069  (VIOLATED)
   sd_DQ_en[23]                                             -0.069  (VIOLATED)
   sd_DQ_en[30]                                             -0.069  (VIOLATED)
   sd_DQ_en[26]                                             -0.069  (VIOLATED)
   sd_DQ_en[17]                                             -0.069  (VIOLATED)
   sd_DQ_en[11]                                             -0.069  (VIOLATED)
   sd_DQ_en[19]                                             -0.069  (VIOLATED)
   sd_DQ_en[13]                                             -0.069  (VIOLATED)
   sd_DQ_en[15]                                             -0.069  (VIOLATED)
   sd_DQ_en[9]                                              -0.069  (VIOLATED)
   sd_DQ_en[5]                                              -0.069  (VIOLATED)
   sd_DQ_en[7]                                              -0.069  (VIOLATED)
   sd_DQ_en[0]                                              -0.068  (VIOLATED)
   sd_DQ_en[3]                                              -0.068  (VIOLATED)
   sd_A[8]                                                  -0.067  (VIOLATED)
   sd_A[7]                                                  -0.024  (VIOLATED)
   sd_A[6]                                                  -0.020  (VIOLATED)
   sd_DQ_en[22]                                             -0.008  (VIOLATED)
   sd_DQ_en[27]                                             -0.008  (VIOLATED)
   sd_DQ_en[29]                                             -0.008  (VIOLATED)
   sd_DQ_en[1]                                              -0.008  (VIOLATED)
   sd_DQ_en[25]                                             -0.008  (VIOLATED)
   sd_DQ_en[31]                                             -0.008  (VIOLATED)
   sd_DQ_en[16]                                             -0.008  (VIOLATED)
   sd_DQ_en[18]                                             -0.008  (VIOLATED)
   sd_DQ_en[20]                                             -0.008  (VIOLATED)
   sd_DQ_en[2]                                              -0.008  (VIOLATED)
   sd_DQ_en[4]                                              -0.008  (VIOLATED)
   sd_DQ_en[6]                                              -0.008  (VIOLATED)
   sd_DQ_en[8]                                              -0.008  (VIOLATED)
   sd_DQ_en[10]                                             -0.008  (VIOLATED)
   sd_DQ_en[12]                                             -0.008  (VIOLATED)
   sd_DQ_en[14]                                             -0.008  (VIOLATED)
   sd_LD                                                    -0.005  (VIOLATED)
   sd_RW                                                    -0.003  (VIOLATED)

   max_delay/setup ('SYS_2x_CLK' group)

   Endpoint                                                  Slack
   -----------------------------------------------------------------
   I_RISC_CORE/I_ALU_Lachd_Result_reg_1_/D                  -7.300  (VIOLATED)
   I_RISC_CORE/I_STACK_TOP_I_STACK_FSM_Crnt_Stack_reg_0_/D
                                                            -7.097  (VIOLATED)
   I_RISC_CORE/I_ALU_Lachd_Result_reg_8_/D                  -7.085  (VIOLATED)
   I_RISC_CORE/I_STACK_TOP_I_STACK_FSM_TOS_int_reg_1_/D     -7.054  (VIOLATED)
   I_RISC_CORE/R_31/D                                       -7.053  (VIOLATED)
   I_RISC_CORE/I_ALU_Lachd_Result_reg_11_/D                 -6.964  (VIOLATED)
   I_RISC_CORE/I_ALU_Lachd_Result_reg_7_/D                  -6.915  (VIOLATED)
   I_RISC_CORE/I_ALU_Lachd_Result_reg_0_/D                  -6.865  (VIOLATED)
   I_RISC_CORE/I_STACK_TOP_I_STACK_FSM_TOS_int_reg_2_/D     -6.850  (VIOLATED)
   I_RISC_CORE/I_ALU_Lachd_Result_reg_9_/D                  -6.783  (VIOLATED)
   I_RISC_CORE/I_ALU_Lachd_Result_reg_10_/D                 -6.742  (VIOLATED)
   I_RISC_CORE/I_PRGRM_CNT_TOP_I_PRGRM_CNT_PCint_reg_6_/D   -6.721  (VIOLATED)
   I_RISC_CORE/I_PRGRM_CNT_TOP_I_PRGRM_CNT_PCint_reg_1_/D   -6.715  (VIOLATED)
   I_RISC_CORE/I_PRGRM_CNT_TOP_I_PRGRM_CNT_PCint_reg_2_/D   -6.712  (VIOLATED)
   I_RISC_CORE/I_STACK_TOP_I_STACK_FSM_TOS_int_reg_0_/D     -6.711  (VIOLATED)
   I_RISC_CORE/R_30/D                                       -6.638  (VIOLATED)
   I_RISC_CORE/I_STACK_TOP_I_STACK_FSM_Crnt_Stack_reg_1_/D
                                                            -6.568  (VIOLATED)
   I_RISC_CORE/I_PRGRM_CNT_TOP_I_PRGRM_CNT_PCint_reg_3_/D   -6.490  (VIOLATED)
   I_RISC_CORE/I_PRGRM_CNT_TOP_I_PRGRM_CNT_PCint_reg_5_/D   -6.446  (VIOLATED)
   I_RISC_CORE/I_ALU_Lachd_Result_reg_15_/D                 -6.405  (VIOLATED)
   I_RISC_CORE/I_ALU_Lachd_Result_reg_4_/D                  -6.279  (VIOLATED)
   I_RISC_CORE/I_ALU_Lachd_Result_reg_13_/D                 -6.264  (VIOLATED)
   I_RISC_CORE/I_ALU_Lachd_Result_reg_12_/D                 -6.207  (VIOLATED)
   I_RISC_CORE/I_ALU_Lachd_Result_reg_3_/D                  -6.198  (VIOLATED)
   I_RISC_CORE/I_STACK_TOP_I3_STACK_MEM_PopDataOut_reg_2_/D
                                                            -6.120  (VIOLATED)
   I_RISC_CORE/I_ALU_Lachd_Result_reg_6_/D                  -6.110  (VIOLATED)
   I_RISC_CORE/I_PRGRM_CNT_TOP_I_PRGRM_CNT_PCint_reg_0_/D   -6.071  (VIOLATED)
   I_RISC_CORE/I_PRGRM_CNT_TOP_I_PRGRM_CNT_PCint_reg_4_/D   -6.059  (VIOLATED)
   I_RISC_CORE/I_PRGRM_CNT_TOP_I_PRGRM_CNT_PCint_reg_7_/D   -6.057  (VIOLATED)
   I_RISC_CORE/I_STACK_TOP_I2_STACK_MEM_PopDataOut_reg_2_/D
                                                            -6.037  (VIOLATED)
   I_RISC_CORE/I_ALU_Lachd_Result_reg_2_/D                  -6.030  (VIOLATED)
   I_RISC_CORE/I_STACK_TOP_I1_STACK_MEM_PopDataOut_reg_3_/D
                                                            -5.950  (VIOLATED)
   I_RISC_CORE/R_34/D                                       -5.941  (VIOLATED)
   I_RISC_CORE/I_STACK_TOP_I1_STACK_MEM_PopDataOut_reg_2_/D
                                                            -5.860  (VIOLATED)
   I_RISC_CORE/I_STACK_TOP_I1_STACK_MEM_PopDataOut_reg_0_/D
                                                            -5.849  (VIOLATED)
   I_RISC_CORE/I_STACK_TOP_I2_STACK_MEM_PopDataOut_reg_1_/D
                                                            -5.823  (VIOLATED)
   I_RISC_CORE/I_STACK_TOP_I1_STACK_MEM_PopDataOut_reg_1_/D
                                                            -5.813  (VIOLATED)
   I_RISC_CORE/I_STACK_TOP_I2_STACK_MEM_PopDataOut_reg_3_/D
                                                            -5.779  (VIOLATED)
   I_RISC_CORE/I_STACK_TOP_I2_STACK_MEM_PopDataOut_reg_0_/D
                                                            -5.747  (VIOLATED)
   I_RISC_CORE/I_ALU_Lachd_Result_reg_5_/D                  -5.671  (VIOLATED)
   I_RISC_CORE/I_DATA_PATH_Oprnd_B_reg_4_/D                 -3.740  (VIOLATED)
   I_RISC_CORE/I_DATA_PATH_Oprnd_B_reg_2_/D                 -3.739  (VIOLATED)
   I_RISC_CORE/I_DATA_PATH_Oprnd_B_reg_6_/D                 -3.656  (VIOLATED)
   I_RISC_CORE/I_DATA_PATH_Oprnd_B_reg_5_/D                 -3.602  (VIOLATED)
   I_RISC_CORE/I_DATA_PATH_Oprnd_B_reg_10_/D                -3.596  (VIOLATED)
   I_RISC_CORE/I_DATA_PATH_Oprnd_B_reg_7_/D                 -3.595  (VIOLATED)
   I_RISC_CORE/I_DATA_PATH_Oprnd_B_reg_14_/D                -3.573  (VIOLATED)
   I_RISC_CORE/I_DATA_PATH_Oprnd_B_reg_11_/D                -3.560  (VIOLATED)
   I_RISC_CORE/I_DATA_PATH_Oprnd_B_reg_8_/D                 -3.554  (VIOLATED)
   I_RISC_CORE/I_DATA_PATH_Oprnd_B_reg_12_/D                -3.537  (VIOLATED)
   I_RISC_CORE/I_DATA_PATH_Oprnd_B_reg_9_/D                 -3.509  (VIOLATED)
   I_RISC_CORE/I_DATA_PATH_Oprnd_B_reg_15_/D                -3.508  (VIOLATED)
   I_RISC_CORE/I_DATA_PATH_Oprnd_B_reg_13_/D                -3.479  (VIOLATED)
   I_RISC_CORE/I_DATA_PATH_Oprnd_B_reg_3_/D                 -3.021  (VIOLATED)
   I_RISC_CORE/I_DATA_PATH_Oprnd_B_reg_1_/D                 -3.003  (VIOLATED)
   I_RISC_CORE/I_REG_FILE_REG_FILE_C_RAM/A2[2]              -2.996  (VIOLATED)
   I_RISC_CORE/I_REG_FILE_REG_FILE_A_RAM/A2[2]              -2.984  (VIOLATED)
   I_RISC_CORE/I_DATA_PATH_Oprnd_B_reg_0_/D                 -2.969  (VIOLATED)
   I_RISC_CORE/I_REG_FILE_REG_FILE_C_RAM/A2[3]              -2.943  (VIOLATED)
   I_RISC_CORE/I_REG_FILE_REG_FILE_A_RAM/A2[3]              -2.931  (VIOLATED)
   I_RISC_CORE/I_REG_FILE_REG_FILE_C_RAM/A2[4]              -2.817  (VIOLATED)
   I_RISC_CORE/I_REG_FILE_REG_FILE_C_RAM/A2[5]              -2.812  (VIOLATED)
   I_RISC_CORE/I_REG_FILE_REG_FILE_A_RAM/A2[4]              -2.805  (VIOLATED)
   I_RISC_CORE/I_REG_FILE_REG_FILE_A_RAM/A2[5]              -2.800  (VIOLATED)
   I_RISC_CORE/I_REG_FILE_REG_FILE_A_RAM/A2[1]              -2.757  (VIOLATED)
   I_RISC_CORE/I_REG_FILE_REG_FILE_A_RAM/A2[0]              -2.747  (VIOLATED)
   I_RISC_CORE/I_DATA_PATH_Oprnd_A_reg_8_/D                 -2.741  (VIOLATED)
   I_RISC_CORE/I_DATA_PATH_Oprnd_A_reg_5_/D                 -2.670  (VIOLATED)
   I_RISC_CORE/I_DATA_PATH_Oprnd_A_reg_7_/D                 -2.669  (VIOLATED)
   I_RISC_CORE/I_DATA_PATH_Oprnd_A_reg_9_/D                 -2.642  (VIOLATED)
   I_RISC_CORE/I_DATA_PATH_Oprnd_A_reg_15_/D                -2.581  (VIOLATED)
   I_RISC_CORE/I_CONTROL_UseData_Imm_Or_RegB_reg/D          -2.565  (VIOLATED)
   I_RISC_CORE/I_REG_FILE_REG_FILE_C_RAM/A2[6]              -2.548  (VIOLATED)
   I_RISC_CORE/I_CONTROL_UseData_Imm_Or_ALU_reg/D           -2.545  (VIOLATED)
   I_RISC_CORE/I_STACK_TOP_I_STACK_FSM_STACK_FULL_reg/D     -2.541  (VIOLATED)
   I_RISC_CORE/I_REG_FILE_REG_FILE_A_RAM/A2[6]              -2.536  (VIOLATED)
   I_RISC_CORE/I_DATA_PATH_Oprnd_A_reg_10_/D                -2.510  (VIOLATED)
   I_RISC_CORE/I_REG_FILE_REG_FILE_B_RAM/A1[3]              -2.477  (VIOLATED)
   I_RISC_CORE/I_REG_FILE_REG_FILE_D_RAM/A1[3]              -2.477  (VIOLATED)
   I_RISC_CORE/I_DATA_PATH_Oprnd_A_reg_6_/D                 -2.433  (VIOLATED)
   I_RISC_CORE/I_STACK_TOP_I3_STACK_MEM_Stack_Mem_reg_7__2_/D
                                                            -2.421  (VIOLATED)
   I_RISC_CORE/I_STACK_TOP_I3_STACK_MEM_Stack_Mem_reg_0__2_/D
                                                            -2.417  (VIOLATED)
   I_RISC_CORE/I_STACK_TOP_I3_STACK_MEM_Stack_Mem_reg_1__2_/D
                                                            -2.416  (VIOLATED)
   I_RISC_CORE/I_STACK_TOP_I3_STACK_MEM_Stack_Mem_reg_4__2_/D
                                                            -2.410  (VIOLATED)
   I_RISC_CORE/I_STACK_TOP_I3_STACK_MEM_Stack_Mem_reg_3__2_/D
                                                            -2.410  (VIOLATED)
   I_RISC_CORE/I_STACK_TOP_I3_STACK_MEM_Stack_Mem_reg_2__2_/D
                                                            -2.409  (VIOLATED)
   I_RISC_CORE/I_STACK_TOP_I3_STACK_MEM_Stack_Mem_reg_5__2_/D
                                                            -2.407  (VIOLATED)
   I_RISC_CORE/I_STACK_TOP_I3_STACK_MEM_Stack_Mem_reg_6__2_/D
                                                            -2.407  (VIOLATED)
   I_RISC_CORE/I_DATA_PATH_Oprnd_A_reg_3_/D                 -2.324  (VIOLATED)
   I_RISC_CORE/I_DATA_PATH_Oprnd_A_reg_12_/D                -2.319  (VIOLATED)
   I_RISC_CORE/I_DATA_PATH_Oprnd_A_reg_13_/D                -2.315  (VIOLATED)
   I_RISC_CORE/I_DATA_PATH_Oprnd_A_reg_11_/D                -2.313  (VIOLATED)
   I_RISC_CORE/I_DATA_PATH_Oprnd_A_reg_14_/D                -2.306  (VIOLATED)
   I_RISC_CORE/I_DATA_PATH_Oprnd_A_reg_4_/D                 -2.286  (VIOLATED)
   I_RISC_CORE/I_DATA_PATH_Oprnd_A_reg_0_/D                 -2.214  (VIOLATED)
   I_RISC_CORE/I_REG_FILE_REG_FILE_C_RAM/A2[1]              -2.188  (VIOLATED)
   I_RISC_CORE/I_REG_FILE_REG_FILE_C_RAM/A2[0]              -2.176  (VIOLATED)
   I_RISC_CORE/I_DATA_PATH_Oprnd_A_reg_2_/D                 -1.998  (VIOLATED)
   I_RISC_CORE/I_DATA_PATH_Oprnd_A_reg_1_/D                 -1.711  (VIOLATED)
   I_RISC_CORE/I_REG_FILE_REG_FILE_D_RAM/I1[1]              -1.692  (VIOLATED)
   I_RISC_CORE/I_REG_FILE_REG_FILE_C_RAM/I1[1]              -1.692  (VIOLATED)
   I_RISC_CORE/I_REG_FILE_REG_FILE_B_RAM/I1[1]              -1.692  (VIOLATED)
   I_RISC_CORE/I_REG_FILE_REG_FILE_A_RAM/I1[1]              -1.692  (VIOLATED)
   I_RISC_CORE/I_PRGRM_CNT_TOP_I_PRGRM_FSM_Current_State_reg_1_/D
                                                            -1.682  (VIOLATED)
   I_RISC_CORE/I_REG_FILE_REG_FILE_D_RAM/I1[0]              -1.645  (VIOLATED)
   I_RISC_CORE/I_REG_FILE_REG_FILE_C_RAM/I1[0]              -1.645  (VIOLATED)
   I_RISC_CORE/I_REG_FILE_REG_FILE_B_RAM/I1[0]              -1.645  (VIOLATED)
   I_RISC_CORE/I_REG_FILE_REG_FILE_A_RAM/I1[0]              -1.645  (VIOLATED)
   I_RISC_CORE/I_REG_FILE_REG_FILE_A_RAM/I1[14]             -1.625  (VIOLATED)
   I_RISC_CORE/I_REG_FILE_REG_FILE_B_RAM/I1[14]             -1.625  (VIOLATED)
   I_RISC_CORE/I_REG_FILE_REG_FILE_C_RAM/I1[14]             -1.625  (VIOLATED)
   I_RISC_CORE/I_REG_FILE_REG_FILE_D_RAM/I1[14]             -1.625  (VIOLATED)
   I_RISC_CORE/I_REG_FILE_REG_FILE_B_RAM/I1[9]              -1.611  (VIOLATED)
   I_RISC_CORE/I_REG_FILE_REG_FILE_A_RAM/I1[9]              -1.611  (VIOLATED)
   I_RISC_CORE/I_REG_FILE_REG_FILE_C_RAM/I1[9]              -1.610  (VIOLATED)
   I_RISC_CORE/I_REG_FILE_REG_FILE_D_RAM/I1[9]              -1.609  (VIOLATED)
   I_RISC_CORE/I_REG_FILE_REG_FILE_D_RAM/I1[11]             -1.586  (VIOLATED)
   I_RISC_CORE/I_REG_FILE_REG_FILE_C_RAM/I1[11]             -1.586  (VIOLATED)
   I_RISC_CORE/I_REG_FILE_REG_FILE_B_RAM/I1[11]             -1.586  (VIOLATED)
   I_RISC_CORE/I_REG_FILE_REG_FILE_A_RAM/I1[11]             -1.586  (VIOLATED)
   I_RISC_CORE/I_REG_FILE_REG_FILE_D_RAM/I1[4]              -1.585  (VIOLATED)
   I_RISC_CORE/I_REG_FILE_REG_FILE_B_RAM/I1[4]              -1.585  (VIOLATED)
   I_RISC_CORE/I_REG_FILE_REG_FILE_C_RAM/I1[4]              -1.585  (VIOLATED)
   I_RISC_CORE/I_REG_FILE_REG_FILE_A_RAM/I1[4]              -1.585  (VIOLATED)
   I_RISC_CORE/I_REG_FILE_REG_FILE_B_RAM/I1[12]             -1.572  (VIOLATED)
   I_RISC_CORE/I_REG_FILE_REG_FILE_D_RAM/I1[12]             -1.572  (VIOLATED)
   I_RISC_CORE/I_REG_FILE_REG_FILE_A_RAM/I1[12]             -1.572  (VIOLATED)
   I_RISC_CORE/I_REG_FILE_REG_FILE_C_RAM/I1[12]             -1.572  (VIOLATED)
   I_RISC_CORE/I_REG_FILE_REG_FILE_D_RAM/I1[7]              -1.539  (VIOLATED)
   I_RISC_CORE/I_REG_FILE_REG_FILE_C_RAM/I1[7]              -1.539  (VIOLATED)
   I_RISC_CORE/I_REG_FILE_REG_FILE_B_RAM/I1[7]              -1.538  (VIOLATED)
   I_RISC_CORE/I_REG_FILE_REG_FILE_A_RAM/I1[7]              -1.538  (VIOLATED)
   I_RISC_CORE/I_REG_FILE_REG_FILE_B_RAM/I1[5]              -1.530  (VIOLATED)
   I_RISC_CORE/I_REG_FILE_REG_FILE_A_RAM/I1[5]              -1.530  (VIOLATED)
   I_RISC_CORE/I_REG_FILE_REG_FILE_D_RAM/I1[5]              -1.529  (VIOLATED)
   I_RISC_CORE/I_REG_FILE_REG_FILE_C_RAM/I1[5]              -1.529  (VIOLATED)
   I_RISC_CORE/I_REG_FILE_REG_FILE_B_RAM/I1[6]              -1.514  (VIOLATED)
   I_RISC_CORE/I_REG_FILE_REG_FILE_A_RAM/I1[6]              -1.514  (VIOLATED)
   I_RISC_CORE/I_REG_FILE_REG_FILE_D_RAM/I1[6]              -1.514  (VIOLATED)
   I_RISC_CORE/I_REG_FILE_REG_FILE_C_RAM/I1[6]              -1.514  (VIOLATED)
   I_RISC_CORE/I_REG_FILE_REG_FILE_B_RAM/I1[8]              -1.513  (VIOLATED)
   I_RISC_CORE/I_REG_FILE_REG_FILE_A_RAM/I1[8]              -1.513  (VIOLATED)
   I_RISC_CORE/I_REG_FILE_REG_FILE_C_RAM/I1[8]              -1.511  (VIOLATED)
   I_RISC_CORE/I_REG_FILE_REG_FILE_D_RAM/I1[8]              -1.511  (VIOLATED)
   I_RISC_CORE/I_REG_FILE_REG_FILE_B_RAM/I1[3]              -1.506  (VIOLATED)
   I_RISC_CORE/I_REG_FILE_REG_FILE_A_RAM/I1[3]              -1.506  (VIOLATED)
   I_RISC_CORE/I_REG_FILE_REG_FILE_C_RAM/I1[3]              -1.504  (VIOLATED)
   I_RISC_CORE/I_REG_FILE_REG_FILE_D_RAM/I1[3]              -1.504  (VIOLATED)
   I_RISC_CORE/I_REG_FILE_REG_FILE_A_RAM/I1[15]             -1.495  (VIOLATED)
   I_RISC_CORE/I_REG_FILE_REG_FILE_B_RAM/I1[15]             -1.495  (VIOLATED)
   I_RISC_CORE/I_REG_FILE_REG_FILE_D_RAM/I1[15]             -1.494  (VIOLATED)
   I_RISC_CORE/I_REG_FILE_REG_FILE_C_RAM/I1[15]             -1.494  (VIOLATED)
   I_RISC_CORE/I_REG_FILE_REG_FILE_D_RAM/I1[2]              -1.492  (VIOLATED)
   I_RISC_CORE/I_REG_FILE_REG_FILE_C_RAM/I1[2]              -1.492  (VIOLATED)
   I_RISC_CORE/I_REG_FILE_REG_FILE_B_RAM/I1[2]              -1.492  (VIOLATED)
   I_RISC_CORE/I_REG_FILE_REG_FILE_A_RAM/I1[2]              -1.492  (VIOLATED)
   I_RISC_CORE/I_REG_FILE_REG_FILE_B_RAM/I1[10]             -1.468  (VIOLATED)
   I_RISC_CORE/I_REG_FILE_REG_FILE_A_RAM/I1[10]             -1.468  (VIOLATED)
   I_RISC_CORE/I_REG_FILE_REG_FILE_D_RAM/I1[10]             -1.466  (VIOLATED)
   I_RISC_CORE/I_REG_FILE_REG_FILE_C_RAM/I1[10]             -1.466  (VIOLATED)
   I_RISC_CORE/I_REG_FILE_REG_FILE_D_RAM/I1[13]             -1.450  (VIOLATED)
   I_RISC_CORE/I_REG_FILE_REG_FILE_C_RAM/I1[13]             -1.450  (VIOLATED)
   I_RISC_CORE/I_REG_FILE_REG_FILE_B_RAM/I1[13]             -1.450  (VIOLATED)
   I_RISC_CORE/I_REG_FILE_REG_FILE_A_RAM/I1[13]             -1.450  (VIOLATED)
   I_RISC_CORE/I_CONTROL_EndOfInstrn_reg/D                  -1.416  (VIOLATED)
   I_RISC_CORE/R_32/D                                       -1.192  (VIOLATED)
   I_RISC_CORE/I_PRGRM_CNT_TOP_I_PRGRM_FSM_Current_State_reg_2_/D
                                                            -1.134  (VIOLATED)
   I_RISC_CORE/R_33/D                                       -1.113  (VIOLATED)
   I_RISC_CORE/I_STACK_TOP_I1_STACK_MEM_Stack_Mem_reg_7__2_/D
                                                            -1.067  (VIOLATED)
   I_RISC_CORE/I_STACK_TOP_I1_STACK_MEM_Stack_Mem_reg_0__2_/D
                                                            -1.065  (VIOLATED)
   I_RISC_CORE/I_STACK_TOP_I1_STACK_MEM_Stack_Mem_reg_1__2_/D
                                                            -1.063  (VIOLATED)
   I_RISC_CORE/I_STACK_TOP_I1_STACK_MEM_Stack_Mem_reg_7__3_/D
                                                            -1.061  (VIOLATED)
   I_RISC_CORE/I_STACK_TOP_I1_STACK_MEM_Stack_Mem_reg_0__3_/D
                                                            -1.059  (VIOLATED)
   I_RISC_CORE/I_STACK_TOP_I1_STACK_MEM_Stack_Mem_reg_4__2_/D
                                                            -1.058  (VIOLATED)
   I_RISC_CORE/I_STACK_TOP_I1_STACK_MEM_Stack_Mem_reg_3__2_/D
                                                            -1.057  (VIOLATED)
   I_RISC_CORE/I_STACK_TOP_I1_STACK_MEM_Stack_Mem_reg_1__3_/D
                                                            -1.057  (VIOLATED)
   I_RISC_CORE/I_STACK_TOP_I1_STACK_MEM_Stack_Mem_reg_2__2_/D
                                                            -1.056  (VIOLATED)
   I_RISC_CORE/I_STACK_TOP_I1_STACK_MEM_Stack_Mem_reg_5__2_/D
                                                            -1.055  (VIOLATED)
   I_RISC_CORE/I_STACK_TOP_I1_STACK_MEM_Stack_Mem_reg_6__2_/D
                                                            -1.055  (VIOLATED)
   I_RISC_CORE/I_STACK_TOP_I1_STACK_MEM_Stack_Mem_reg_4__3_/D
                                                            -1.053  (VIOLATED)
   I_RISC_CORE/I_STACK_TOP_I1_STACK_MEM_Stack_Mem_reg_3__3_/D
                                                            -1.052  (VIOLATED)
   I_RISC_CORE/I_STACK_TOP_I1_STACK_MEM_Stack_Mem_reg_2__3_/D
                                                            -1.050  (VIOLATED)
   I_RISC_CORE/I_STACK_TOP_I1_STACK_MEM_Stack_Mem_reg_6__3_/D
                                                            -1.049  (VIOLATED)
   I_RISC_CORE/I_STACK_TOP_I1_STACK_MEM_Stack_Mem_reg_5__3_/D
                                                            -1.047  (VIOLATED)
   I_RISC_CORE/I_REG_FILE_REG_FILE_A_RAM/A1[3]              -1.008  (VIOLATED)
   I_RISC_CORE/I_REG_FILE_REG_FILE_C_RAM/A1[3]              -1.008  (VIOLATED)
   I_RISC_CORE/I_PRGRM_CNT_TOP_I_PRGRM_FSM_Current_State_reg_0_/D
                                                            -1.005  (VIOLATED)
   I_RISC_CORE/I_STACK_TOP_I2_STACK_MEM_Stack_Mem_reg_7__1_/D
                                                            -0.943  (VIOLATED)
   I_RISC_CORE/I_STACK_TOP_I2_STACK_MEM_Stack_Mem_reg_0__1_/D
                                                            -0.941  (VIOLATED)
   I_RISC_CORE/I_STACK_TOP_I2_STACK_MEM_Stack_Mem_reg_1__1_/D
                                                            -0.939  (VIOLATED)
   I_RISC_CORE/I_STACK_TOP_I2_STACK_MEM_Stack_Mem_reg_4__1_/D
                                                            -0.935  (VIOLATED)
   I_RISC_CORE/I_STACK_TOP_I2_STACK_MEM_Stack_Mem_reg_3__1_/D
                                                            -0.935  (VIOLATED)
   I_RISC_CORE/I_STACK_TOP_I2_STACK_MEM_Stack_Mem_reg_2__1_/D
                                                            -0.933  (VIOLATED)
   I_RISC_CORE/I_STACK_TOP_I2_STACK_MEM_Stack_Mem_reg_6__1_/D
                                                            -0.932  (VIOLATED)
   I_RISC_CORE/I_STACK_TOP_I2_STACK_MEM_Stack_Mem_reg_5__1_/D
                                                            -0.932  (VIOLATED)
   I_RISC_CORE/I_STACK_TOP_I1_STACK_MEM_Stack_Mem_reg_7__1_/D
                                                            -0.838  (VIOLATED)
   I_RISC_CORE/I_STACK_TOP_I1_STACK_MEM_Stack_Mem_reg_0__1_/D
                                                            -0.836  (VIOLATED)
   I_RISC_CORE/I_STACK_TOP_I1_STACK_MEM_Stack_Mem_reg_1__1_/D
                                                            -0.834  (VIOLATED)
   I_RISC_CORE/I_STACK_TOP_I1_STACK_MEM_Stack_Mem_reg_4__1_/D
                                                            -0.830  (VIOLATED)
   I_RISC_CORE/I_STACK_TOP_I1_STACK_MEM_Stack_Mem_reg_3__1_/D
                                                            -0.829  (VIOLATED)
   I_RISC_CORE/I_STACK_TOP_I1_STACK_MEM_Stack_Mem_reg_2__1_/D
                                                            -0.828  (VIOLATED)
   I_RISC_CORE/I_STACK_TOP_I2_STACK_MEM_Stack_Mem_reg_7__2_/D
                                                            -0.828  (VIOLATED)
   I_RISC_CORE/I_STACK_TOP_I1_STACK_MEM_Stack_Mem_reg_6__1_/D
                                                            -0.827  (VIOLATED)
   I_RISC_CORE/I_STACK_TOP_I1_STACK_MEM_Stack_Mem_reg_5__1_/D
                                                            -0.827  (VIOLATED)
   I_RISC_CORE/I_STACK_TOP_I2_STACK_MEM_Stack_Mem_reg_0__2_/D
                                                            -0.825  (VIOLATED)
   I_RISC_CORE/I_STACK_TOP_I2_STACK_MEM_Stack_Mem_reg_7__3_/D
                                                            -0.825  (VIOLATED)
   I_RISC_CORE/I_STACK_TOP_I2_STACK_MEM_Stack_Mem_reg_1__2_/D
                                                            -0.823  (VIOLATED)
   I_RISC_CORE/I_STACK_TOP_I2_STACK_MEM_Stack_Mem_reg_0__3_/D
                                                            -0.823  (VIOLATED)
   I_RISC_CORE/I_STACK_TOP_I2_STACK_MEM_Stack_Mem_reg_1__3_/D
                                                            -0.821  (VIOLATED)
   I_RISC_CORE/I_STACK_TOP_I1_STACK_MEM_Stack_Mem_reg_7__0_/D
                                                            -0.820  (VIOLATED)
   I_RISC_CORE/I_STACK_TOP_I2_STACK_MEM_Stack_Mem_reg_4__2_/D
                                                            -0.819  (VIOLATED)
   I_RISC_CORE/I_STACK_TOP_I2_STACK_MEM_Stack_Mem_reg_3__2_/D
                                                            -0.819  (VIOLATED)
   I_RISC_CORE/I_STACK_TOP_I1_STACK_MEM_Stack_Mem_reg_0__0_/D
                                                            -0.818  (VIOLATED)
   I_RISC_CORE/I_STACK_TOP_I2_STACK_MEM_Stack_Mem_reg_2__2_/D
                                                            -0.817  (VIOLATED)
   I_RISC_CORE/I_STACK_TOP_I2_STACK_MEM_Stack_Mem_reg_4__3_/D
                                                            -0.816  (VIOLATED)
   I_RISC_CORE/I_STACK_TOP_I1_STACK_MEM_Stack_Mem_reg_1__0_/D
                                                            -0.816  (VIOLATED)
   I_RISC_CORE/I_STACK_TOP_I2_STACK_MEM_Stack_Mem_reg_6__2_/D
                                                            -0.816  (VIOLATED)
   I_RISC_CORE/I_STACK_TOP_I2_STACK_MEM_Stack_Mem_reg_3__3_/D
                                                            -0.816  (VIOLATED)
   I_RISC_CORE/I_STACK_TOP_I2_STACK_MEM_Stack_Mem_reg_5__2_/D
                                                            -0.815  (VIOLATED)
   I_RISC_CORE/I_STACK_TOP_I2_STACK_MEM_Stack_Mem_reg_2__3_/D
                                                            -0.815  (VIOLATED)
   I_RISC_CORE/I_STACK_TOP_I2_STACK_MEM_Stack_Mem_reg_6__3_/D
                                                            -0.813  (VIOLATED)
   I_RISC_CORE/I_STACK_TOP_I2_STACK_MEM_Stack_Mem_reg_5__3_/D
                                                            -0.813  (VIOLATED)
   I_RISC_CORE/I_STACK_TOP_I1_STACK_MEM_Stack_Mem_reg_4__0_/D
                                                            -0.812  (VIOLATED)
   I_RISC_CORE/I_STACK_TOP_I1_STACK_MEM_Stack_Mem_reg_3__0_/D
                                                            -0.812  (VIOLATED)
   I_RISC_CORE/I_STACK_TOP_I1_STACK_MEM_Stack_Mem_reg_2__0_/D
                                                            -0.810  (VIOLATED)
   I_RISC_CORE/I_STACK_TOP_I1_STACK_MEM_Stack_Mem_reg_6__0_/D
                                                            -0.809  (VIOLATED)
   I_RISC_CORE/I_STACK_TOP_I1_STACK_MEM_Stack_Mem_reg_5__0_/D
                                                            -0.809  (VIOLATED)
   I_RISC_CORE/I_STACK_TOP_I2_STACK_MEM_Stack_Mem_reg_7__0_/D
                                                            -0.745  (VIOLATED)
   I_RISC_CORE/I_STACK_TOP_I2_STACK_MEM_Stack_Mem_reg_0__0_/D
                                                            -0.743  (VIOLATED)
   I_RISC_CORE/I_STACK_TOP_I2_STACK_MEM_Stack_Mem_reg_1__0_/D
                                                            -0.741  (VIOLATED)
   I_RISC_CORE/I_STACK_TOP_I2_STACK_MEM_Stack_Mem_reg_4__0_/D
                                                            -0.737  (VIOLATED)
   I_RISC_CORE/I_STACK_TOP_I2_STACK_MEM_Stack_Mem_reg_3__0_/D
                                                            -0.737  (VIOLATED)
   I_RISC_CORE/I_STACK_TOP_I2_STACK_MEM_Stack_Mem_reg_2__0_/D
                                                            -0.735  (VIOLATED)
   I_RISC_CORE/I_STACK_TOP_I2_STACK_MEM_Stack_Mem_reg_6__0_/D
                                                            -0.734  (VIOLATED)
   I_RISC_CORE/I_STACK_TOP_I2_STACK_MEM_Stack_Mem_reg_5__0_/D
                                                            -0.733  (VIOLATED)
   I_RISC_CORE/I_REG_FILE_REG_FILE_D_RAM/A1[5]              -0.467  (VIOLATED)
   I_RISC_CORE/I_REG_FILE_REG_FILE_B_RAM/A1[5]              -0.467  (VIOLATED)
   I_RISC_CORE/I_REG_FILE_REG_FILE_A_RAM/A1[5]              -0.459  (VIOLATED)
   I_RISC_CORE/I_REG_FILE_REG_FILE_C_RAM/A1[5]              -0.453  (VIOLATED)
   I_RISC_CORE/I_DATA_PATH_PSWL_Zro_reg/D                   -0.438  (VIOLATED)
   I_RISC_CORE/I_REG_FILE_REG_FILE_D_RAM/A1[2]              -0.365  (VIOLATED)
   I_RISC_CORE/I_REG_FILE_REG_FILE_B_RAM/A1[2]              -0.364  (VIOLATED)
   I_RISC_CORE/I_REG_FILE_REG_FILE_B_RAM/A1[4]              -0.364  (VIOLATED)
   I_RISC_CORE/I_REG_FILE_REG_FILE_D_RAM/A1[4]              -0.363  (VIOLATED)
   I_RISC_CORE/I_REG_FILE_REG_FILE_A_RAM/A1[2]              -0.356  (VIOLATED)
   I_RISC_CORE/I_REG_FILE_REG_FILE_A_RAM/A1[4]              -0.356  (VIOLATED)
   I_RISC_CORE/I_REG_FILE_REG_FILE_C_RAM/A1[4]              -0.355  (VIOLATED)
   I_RISC_CORE/I_REG_FILE_REG_FILE_C_RAM/A1[2]              -0.350  (VIOLATED)
   I_RISC_CORE/I_REG_FILE_REG_FILE_D_RAM/A2[2]              -0.268  (VIOLATED)
   I_RISC_CORE/I_REG_FILE_REG_FILE_B_RAM/A2[2]              -0.268  (VIOLATED)
   I_RISC_CORE/I_REG_FILE_REG_FILE_D_RAM/A2[5]              -0.005  (VIOLATED)
   I_RISC_CORE/I_REG_FILE_REG_FILE_B_RAM/A2[5]              -0.004  (VIOLATED)



   clock_gating_setup

   Endpoint                                                  Slack
   -----------------------------------------------------------------
   I_RISC_CORE/I_STACK_TOP_I2_STACK_MEM_clk_gate_Stack_Mem_reg_7_/latch/EN
                                                            -5.405  (VIOLATED)
   I_RISC_CORE/I_STACK_TOP_I2_STACK_MEM_clk_gate_Stack_Mem_reg_2_/latch/EN
                                                            -5.337  (VIOLATED)
   I_RISC_CORE/I_STACK_TOP_I2_STACK_MEM_clk_gate_Stack_Mem_reg_3_/latch/EN
                                                            -5.071  (VIOLATED)
   I_RISC_CORE/I_STACK_TOP_I2_STACK_MEM_clk_gate_Stack_Mem_reg_1_/latch/EN
                                                            -5.032  (VIOLATED)
   I_RISC_CORE/I_STACK_TOP_I2_STACK_MEM_clk_gate_Stack_Mem_reg_0_/latch/EN
                                                            -4.875  (VIOLATED)
   I_RISC_CORE/I_STACK_TOP_I2_STACK_MEM_clk_gate_Stack_Mem_reg_6_/latch/EN
                                                            -4.862  (VIOLATED)
   I_RISC_CORE/I_STACK_TOP_I_STACK_FSM_clk_gate_TOS_int_reg/latch/EN
                                                            -4.811  (VIOLATED)
   I_RISC_CORE/I_STACK_TOP_I2_STACK_MEM_clk_gate_Stack_Mem_reg_5_/latch/EN
                                                            -4.635  (VIOLATED)
   I_RISC_CORE/I_STACK_TOP_I2_STACK_MEM_clk_gate_Stack_Mem_reg_4_/latch/EN
                                                            -4.582  (VIOLATED)
   I_RISC_CORE/I_DATA_PATH_clk_gate_Oprnd_A_reg/latch/EN    -3.073  (VIOLATED)
   I_RISC_CORE/I_STACK_TOP_I2_STACK_MEM_clk_gate_PopDataOut_reg/latch/EN
                                                            -3.064  (VIOLATED)
   I_RISC_CORE/I_DATA_PATH_clk_gate_Oprnd_B_reg/latch/EN    -2.152  (VIOLATED)
   I_RISC_CORE/I_INSTRN_LAT_clk_gate_Crnt_Instrn_2_reg/latch/EN
                                                            -1.773  (VIOLATED)
   I_RISC_CORE/I_DATA_PATH_clk_gate_PSWL_Carry_reg/latch/EN
                                                            -1.512  (VIOLATED)
   I_RISC_CORE/I_ALU_clk_gate_Lachd_Result_reg/latch/EN     -1.174  (VIOLATED)
   I_RISC_CORE/I_PRGRM_CNT_TOP_I_PRGRM_CNT_clk_gate_PCint_reg/latch/EN
                                                            -0.709  (VIOLATED)


   sequential_clock_pulse_width

                             Required        Actual
   Pin                      pulse width    pulse width       Slack
   -----------------------------------------------------------------
   I_RISC_CORE/I_PRGRM_CNT_TOP_I_PRGRM_FSM_Current_State_reg_2_/CLK (low)
                               1.060          0.980         -0.080  (VIOLATED)
   I_RISC_CORE/R_30/CLK (low)
                               1.080          1.008         -0.071  (VIOLATED)
   I_CLOCKING/sys_2x_rst_ff_reg/CLK (low)
                               1.036          0.968         -0.068  (VIOLATED)
   I_RISC_CORE/I_CONTROL_UseData_Imm_Or_ALU_reg/CLK (low)
                               1.060          0.996         -0.065  (VIOLATED)
   I_RISC_CORE/I_INSTRN_LAT_Crnt_Instrn_2_reg_11_/CLK (low)
                               1.060          1.004         -0.056  (VIOLATED)
   I_RISC_CORE/I_INSTRN_LAT_Crnt_Instrn_2_reg_12_/CLK (low)
                               1.060          1.004         -0.056  (VIOLATED)
   I_RISC_CORE/I_INSTRN_LAT_Crnt_Instrn_2_reg_25_/CLK (low)
                               1.060          1.004         -0.056  (VIOLATED)
   I_RISC_CORE/I_PRGRM_CNT_TOP_I_PRGRM_FSM_Current_State_reg_0_/CLK (low)
                               1.036          0.980         -0.056  (VIOLATED)
   I_RISC_CORE/I_PRGRM_CNT_TOP_I_PRGRM_FSM_Current_State_reg_1_/CLK (low)
                               1.036          0.980         -0.056  (VIOLATED)
   I_RISC_CORE/I_STACK_TOP_I_STACK_FSM_STACK_FULL_reg/CLK (low)
                               1.036          0.980         -0.056  (VIOLATED)
   I_RISC_CORE/I_STACK_TOP_I_STACK_FSM_TOS_int_reg_0_/CLK (low)
                               1.060          1.009         -0.052  (VIOLATED)
   I_RISC_CORE/I_PRGRM_CNT_TOP_I_PRGRM_CNT_PCint_reg_0_/CLK (low)
                               1.036          0.991         -0.045  (VIOLATED)
   I_RISC_CORE/I_PRGRM_CNT_TOP_I_PRGRM_CNT_PCint_reg_1_/CLK (low)
                               1.036          0.991         -0.045  (VIOLATED)
   I_RISC_CORE/I_PRGRM_CNT_TOP_I_PRGRM_CNT_PCint_reg_2_/CLK (low)
                               1.036          0.991         -0.045  (VIOLATED)
   I_RISC_CORE/I_PRGRM_CNT_TOP_I_PRGRM_CNT_PCint_reg_3_/CLK (low)
                               1.036          0.991         -0.045  (VIOLATED)
   I_RISC_CORE/I_PRGRM_CNT_TOP_I_PRGRM_CNT_PCint_reg_4_/CLK (low)
                               1.036          0.991         -0.045  (VIOLATED)
   I_RISC_CORE/I_PRGRM_CNT_TOP_I_PRGRM_CNT_PCint_reg_5_/CLK (low)
                               1.036          0.991         -0.045  (VIOLATED)
   I_RISC_CORE/I_PRGRM_CNT_TOP_I_PRGRM_CNT_PCint_reg_6_/CLK (low)
                               1.036          0.991         -0.045  (VIOLATED)
   I_RISC_CORE/I_PRGRM_CNT_TOP_I_PRGRM_CNT_PCint_reg_7_/CLK (low)
                               1.036          0.991         -0.045  (VIOLATED)
   I_RISC_CORE/I_CONTROL_UseData_Imm_Or_RegB_reg/CLK (low)
                               1.036          0.996         -0.040  (VIOLATED)
   I_RISC_CORE/I_INSTRN_LAT_Crnt_Instrn_2_reg_0_/CLK (low)
                               1.036          1.004         -0.031  (VIOLATED)
   I_RISC_CORE/I_INSTRN_LAT_Crnt_Instrn_2_reg_1_/CLK (low)
                               1.036          1.004         -0.031  (VIOLATED)
   I_RISC_CORE/I_INSTRN_LAT_Crnt_Instrn_2_reg_2_/CLK (low)
                               1.036          1.004         -0.031  (VIOLATED)
   I_RISC_CORE/I_INSTRN_LAT_Crnt_Instrn_2_reg_3_/CLK (low)
                               1.036          1.004         -0.031  (VIOLATED)
   I_RISC_CORE/I_INSTRN_LAT_Crnt_Instrn_2_reg_4_/CLK (low)
                               1.036          1.004         -0.031  (VIOLATED)
   I_RISC_CORE/I_INSTRN_LAT_Crnt_Instrn_2_reg_5_/CLK (low)
                               1.036          1.004         -0.031  (VIOLATED)
   I_RISC_CORE/I_INSTRN_LAT_Crnt_Instrn_2_reg_6_/CLK (low)
                               1.036          1.004         -0.031  (VIOLATED)
   I_RISC_CORE/I_INSTRN_LAT_Crnt_Instrn_2_reg_7_/CLK (low)
                               1.036          1.004         -0.031  (VIOLATED)
   I_RISC_CORE/I_INSTRN_LAT_Crnt_Instrn_2_reg_8_/CLK (low)
                               1.036          1.004         -0.031  (VIOLATED)
   I_RISC_CORE/I_INSTRN_LAT_Crnt_Instrn_2_reg_9_/CLK (low)
                               1.036          1.004         -0.031  (VIOLATED)
   I_RISC_CORE/I_INSTRN_LAT_Crnt_Instrn_2_reg_10_/CLK (low)
                               1.036          1.004         -0.031  (VIOLATED)
   I_RISC_CORE/I_INSTRN_LAT_Crnt_Instrn_2_reg_13_/CLK (low)
                               1.036          1.004         -0.031  (VIOLATED)
   I_RISC_CORE/I_INSTRN_LAT_Crnt_Instrn_2_reg_14_/CLK (low)
                               1.036          1.004         -0.031  (VIOLATED)
   I_RISC_CORE/I_INSTRN_LAT_Crnt_Instrn_2_reg_15_/CLK (low)
                               1.036          1.004         -0.031  (VIOLATED)
   I_RISC_CORE/I_INSTRN_LAT_Crnt_Instrn_2_reg_16_/CLK (low)
                               1.036          1.004         -0.031  (VIOLATED)
   I_RISC_CORE/I_INSTRN_LAT_Crnt_Instrn_2_reg_17_/CLK (low)
                               1.036          1.004         -0.031  (VIOLATED)
   I_RISC_CORE/I_INSTRN_LAT_Crnt_Instrn_2_reg_18_/CLK (low)
                               1.036          1.004         -0.031  (VIOLATED)
   I_RISC_CORE/I_INSTRN_LAT_Crnt_Instrn_2_reg_19_/CLK (low)
                               1.036          1.004         -0.031  (VIOLATED)
   I_RISC_CORE/I_INSTRN_LAT_Crnt_Instrn_2_reg_20_/CLK (low)
                               1.036          1.004         -0.031  (VIOLATED)
   I_RISC_CORE/I_INSTRN_LAT_Crnt_Instrn_2_reg_21_/CLK (low)
                               1.036          1.004         -0.031  (VIOLATED)
   I_RISC_CORE/I_INSTRN_LAT_Crnt_Instrn_2_reg_22_/CLK (low)
                               1.036          1.004         -0.031  (VIOLATED)
   I_RISC_CORE/I_INSTRN_LAT_Crnt_Instrn_2_reg_23_/CLK (low)
                               1.036          1.004         -0.031  (VIOLATED)
   I_RISC_CORE/I_INSTRN_LAT_Crnt_Instrn_2_reg_24_/CLK (low)
                               1.036          1.004         -0.031  (VIOLATED)
   I_RISC_CORE/I_INSTRN_LAT_Crnt_Instrn_2_reg_26_/CLK (low)
                               1.036          1.004         -0.031  (VIOLATED)
   I_RISC_CORE/I_INSTRN_LAT_Crnt_Instrn_2_reg_27_/CLK (low)
                               1.036          1.004         -0.031  (VIOLATED)
   I_RISC_CORE/I_INSTRN_LAT_Crnt_Instrn_2_reg_28_/CLK (low)
                               1.036          1.004         -0.031  (VIOLATED)
   I_RISC_CORE/I_INSTRN_LAT_Crnt_Instrn_2_reg_29_/CLK (low)
                               1.036          1.004         -0.031  (VIOLATED)
   I_RISC_CORE/I_DATA_PATH_PSWL_Zro_reg/CLK (low)
                               1.036          1.008         -0.027  (VIOLATED)
   I_RISC_CORE/R_32/CLK (low)
                               1.036          1.008         -0.027  (VIOLATED)
   I_RISC_CORE/I_STACK_TOP_I_STACK_FSM_Crnt_Stack_reg_0_/CLK (low)
                               1.036          1.009         -0.027  (VIOLATED)
   I_RISC_CORE/I_STACK_TOP_I_STACK_FSM_Crnt_Stack_reg_1_/CLK (low)
                               1.036          1.009         -0.027  (VIOLATED)
   I_RISC_CORE/I_STACK_TOP_I_STACK_FSM_TOS_int_reg_1_/CLK (low)
                               1.036          1.009         -0.027  (VIOLATED)
   I_RISC_CORE/I_STACK_TOP_I_STACK_FSM_TOS_int_reg_2_/CLK (low)
                               1.036          1.009         -0.027  (VIOLATED)


   max_capacitance

                             Required        Actual
   Pin                      Capacitance    Capacitance       Slack
   -----------------------------------------------------------------
   ropt_mt_inst_8410/Y        82.000        163.397        -81.397  (VIOLATED)
   ropt_mt_inst_8411/Y        82.000        161.943        -79.943  (VIOLATED)
   ZINV_9_f_inst_5348/Y       82.000        103.661        -21.661  (VIOLATED)
   ZINV_9_f_inst_6880/Y       82.000        103.398        -21.398  (VIOLATED)
   ropt_mt_inst_8346/Y        82.000        102.629        -20.629  (VIOLATED)
   ropt_mt_inst_8412/Y        82.000        102.513        -20.513  (VIOLATED)
   ropt_mt_inst_8413/Y        82.000        102.480        -20.480  (VIOLATED)
   ropt_mt_inst_8415/Y        82.000        102.381        -20.381  (VIOLATED)
   copt_gre_mt_inst_7066/Y    82.000        102.377        -20.377  (VIOLATED)
   ropt_mt_inst_8347/Y        82.000        101.979        -19.979  (VIOLATED)
   ropt_mt_inst_8363/Y        82.000        101.940        -19.940  (VIOLATED)
   ZINV_9_f_inst_5006/Y       82.000        101.844        -19.844  (VIOLATED)
   ropt_mt_inst_8376/Y        82.000        101.782        -19.782  (VIOLATED)
   ropt_mt_inst_8348/Y        82.000        101.776        -19.776  (VIOLATED)
   ropt_mt_inst_8365/Y        82.000        101.759        -19.759  (VIOLATED)
   ropt_mt_inst_8355/Y        82.000        101.553        -19.553  (VIOLATED)
   HFSINV_22_f_398/Y          82.000        101.522        -19.522  (VIOLATED)
   ropt_mt_inst_8356/Y        82.000        101.516        -19.516  (VIOLATED)
   ZINV_9_f_inst_5327/Y       82.000        101.512        -19.512  (VIOLATED)
   ropt_mt_inst_8354/Y        82.000        101.425        -19.425  (VIOLATED)
   copt_gre_mt_inst_7936/Y    82.000        101.384        -19.384  (VIOLATED)
   ropt_mt_inst_8350/Y        82.000        101.358        -19.358  (VIOLATED)
   ropt_mt_inst_8378/Y        82.000        101.313        -19.313  (VIOLATED)
   ZINV_9_f_inst_5323/Y       82.000        101.243        -19.243  (VIOLATED)
   ropt_mt_inst_8373/Y        82.000        101.236        -19.236  (VIOLATED)
   ZINV_9_f_inst_6015/Y       82.000        101.216        -19.216  (VIOLATED)
   ropt_mt_inst_8381/Y        82.000        101.216        -19.216  (VIOLATED)
   ropt_mt_inst_8345/Y        82.000        101.176        -19.176  (VIOLATED)
   ropt_mt_inst_8371/Y        82.000        101.159        -19.159  (VIOLATED)
   copt_gre_mt_inst_7929/Y    82.000        101.141        -19.141  (VIOLATED)
   ropt_mt_inst_8368/Y        82.000        101.084        -19.084  (VIOLATED)
   ropt_mt_inst_8492/Y        82.000        101.041        -19.041  (VIOLATED)
   ropt_mt_inst_8349/Y        82.000        101.013        -19.013  (VIOLATED)
   ropt_mt_inst_8379/Y        82.000        100.995        -18.995  (VIOLATED)


   min_capacitance

                             Required        Actual
   Pin                      Capacitance    Capacitance       Slack
   -----------------------------------------------------------------
   I_RISC_CORE/I_REG_FILE_REG_FILE_B_RAM/O2[0]
                               0.100          0.011         -0.089  (VIOLATED)
   I_RISC_CORE/I_REG_FILE_REG_FILE_B_RAM/O2[1]
                               0.100          0.011         -0.089  (VIOLATED)
   I_RISC_CORE/I_REG_FILE_REG_FILE_B_RAM/O2[2]
                               0.100          0.011         -0.089  (VIOLATED)
   I_RISC_CORE/I_REG_FILE_REG_FILE_B_RAM/O2[3]
                               0.100          0.011         -0.089  (VIOLATED)
   I_RISC_CORE/I_REG_FILE_REG_FILE_B_RAM/O2[4]
                               0.100          0.011         -0.089  (VIOLATED)
   I_RISC_CORE/I_REG_FILE_REG_FILE_B_RAM/O2[5]
                               0.100          0.011         -0.089  (VIOLATED)
   I_RISC_CORE/I_REG_FILE_REG_FILE_B_RAM/O2[6]
                               0.100          0.011         -0.089  (VIOLATED)
   I_RISC_CORE/I_REG_FILE_REG_FILE_B_RAM/O2[7]
                               0.100          0.011         -0.089  (VIOLATED)
   I_RISC_CORE/I_REG_FILE_REG_FILE_D_RAM/O2[8]
                               0.100          0.011         -0.089  (VIOLATED)
   I_RISC_CORE/I_REG_FILE_REG_FILE_D_RAM/O2[9]
                               0.100          0.011         -0.089  (VIOLATED)
   I_RISC_CORE/I_REG_FILE_REG_FILE_D_RAM/O2[10]
                               0.100          0.011         -0.089  (VIOLATED)
   I_RISC_CORE/I_REG_FILE_REG_FILE_D_RAM/O2[11]
                               0.100          0.011         -0.089  (VIOLATED)
   I_RISC_CORE/I_REG_FILE_REG_FILE_D_RAM/O2[12]
                               0.100          0.011         -0.089  (VIOLATED)
   I_RISC_CORE/I_REG_FILE_REG_FILE_D_RAM/O2[13]
                               0.100          0.011         -0.089  (VIOLATED)
   I_RISC_CORE/I_REG_FILE_REG_FILE_D_RAM/O2[14]
                               0.100          0.011         -0.089  (VIOLATED)
   I_RISC_CORE/I_REG_FILE_REG_FILE_D_RAM/O2[15]
                               0.100          0.011         -0.089  (VIOLATED)


   max_transition

                             Required        Actual
   Pin                      Transition     Transition        Slack
   -----------------------------------------------------------------
   I_RISC_CORE/HFSINV_29_342/A
                               1.024          1.678         -0.654  (VIOLATED)
   I_RISC_CORE/U1507/A4        1.024          1.236         -0.212  (VIOLATED)
   I_RISC_CORE/U1558/A6        1.024          1.236         -0.212  (VIOLATED)
   I_RISC_CORE/U1561/A2        1.024          1.236         -0.212  (VIOLATED)
   I_RISC_CORE/U1571/A2        1.024          1.236         -0.212  (VIOLATED)
   I_RISC_CORE/U1643/A         1.024          1.236         -0.212  (VIOLATED)
   I_RISC_CORE/HFSINV_29_342/Y
                               0.603          0.800         -0.198  (VIOLATED)
   ropt_mt_inst_8346/Y         0.353          0.362         -0.008  (VIOLATED)
   copt_gre_mt_inst_7066/Y     0.353          0.360         -0.007  (VIOLATED)
   ropt_mt_inst_8347/Y         0.353          0.360         -0.006  (VIOLATED)
   ropt_mt_inst_8376/Y         0.353          0.360         -0.006  (VIOLATED)
   ropt_mt_inst_8363/Y         0.353          0.359         -0.006  (VIOLATED)
   ropt_mt_inst_8348/Y         0.353          0.357         -0.004  (VIOLATED)
   ropt_mt_inst_8355/Y         0.353          0.357         -0.004  (VIOLATED)
   ropt_mt_inst_8356/Y         0.353          0.357         -0.004  (VIOLATED)
   ropt_mt_inst_8371/Y         0.353          0.357         -0.004  (VIOLATED)
   ropt_mt_inst_8381/Y         0.353          0.357         -0.003  (VIOLATED)
   ropt_mt_inst_8354/Y         0.353          0.356         -0.003  (VIOLATED)
   copt_gre_mt_inst_7936/Y     0.353          0.356         -0.003  (VIOLATED)
   ropt_mt_inst_8349/Y         0.353          0.356         -0.002  (VIOLATED)
   ropt_mt_inst_8378/Y         0.353          0.356         -0.002  (VIOLATED)
   ropt_mt_inst_8345/Y         0.353          0.355         -0.002  (VIOLATED)
   ropt_mt_inst_8368/Y         0.353          0.355         -0.002  (VIOLATED)
   ropt_mt_inst_8379/Y         0.353          0.355         -0.002  (VIOLATED)
   copt_gre_mt_inst_7929/Y     0.353          0.355         -0.001  (VIOLATED)
   ropt_mt_inst_8492/Y         0.353          0.354         -0.001  (VIOLATED)


1
