****************************************
Report : analysis_coverage
Design : ORCA_TOP
Version: O-2018.06
Date   : Thu Apr 10 23:20:46 2025
****************************************

Type of Check         Total              Met         Violated         Untested
--------------------------------------------------------------------------------
setup                 16213         0 (  0%)         0 (  0%)     16213 (100%)
hold                  16053      3551 ( 22%)         2 (  0%)     12500 ( 78%)
recovery               4413         0 (  0%)         0 (  0%)      4413 (100%)
removal                4413      3140 ( 71%)         0 (  0%)      1273 ( 29%)
min_pulse_width       14762      6935 ( 47%)         0 (  0%)      7827 ( 53%)
clock_gating_setup       66         0 (  0%)         0 (  0%)        66 (100%)
clock_gating_hold        66        16 ( 24%)         0 (  0%)        50 ( 76%)
out_setup               134         0 (  0%)         0 (  0%)       134 (100%)
out_hold                134       110 ( 82%)         0 (  0%)        24 ( 18%)
--------------------------------------------------------------------------------
All Checks            56254     13752 ( 24%)         2 (  0%)     42500 ( 76%)

1
