****************************************
Report : annotated_parasitics
	-check
	-internal_nets
	-boundary_nets
Design : ORCA_TOP
Version: O-2018.06
Date   : Thu Apr 10 23:20:47 2025
****************************************

                    |         |         |         |   RC    | Coupled |   Not   |
Net Type            |  Total  | Lumped  |  RC pi  | network | network |Annotated|
--------------------+---------+---------+---------+---------+---------+---------+
Internal nets       |         |         |         |         |         |         |
  - Pin to pin nets |   40551 |       0 |       0 |    4058 |   36493 |       0 |
  - Driverless nets |    1156 |       0 |       0 |       0 |       0 |    1156 |
  - Loadless nets   |      16 |       0 |       0 |       0 |       0 |      16 |
--------------------+---------+---------+---------+---------+---------+---------+
Boundary/port nets  |         |         |         |         |         |         |
  - Pin to pin nets |     185 |       0 |       0 |      46 |     139 |       0 |
  - Driverless nets |       0 |       0 |       0 |       0 |       0 |       0 |
  - Loadless nets   |       3 |       0 |       0 |       0 |       0 |       3 |
--------------------+---------+---------+---------+---------+---------+---------+
                    |   41911 |       0 |       0 |    4104 |   36632 |    1175 |

1
