 ------------------------------------------------------------------------------------------------------------------------------------------------------- 
| Snapshot                | WNS                  | TNS                  | Density (%) | Hotspot                   | Resource               | DRVs       |
|                         | HEPG (ns) | ALL (ns) | HEPG (ns) | ALL (ns) |             | Max (bins) | Total (bins) | Real (s) | Memory (MB) | Tran | Cap |
|-------------------------+-----------+----------+-----------+----------+-------------+------------+--------------+----------+-------------+------+-----|
| initial_summary         |           |   -0.772 |           |      -14 |       42.80 |            |              | 0:00:10  |        5000 |   57 |  66 |
| route_type_refinement   |           |          |           |          |             |            |              | 0:00:01  |        5086 |      |     |
| simplify_netlist        |           |          |           |          |             |            |              | 0:00:03  |        5087 |      |     |
| excluded_clk_net_fixing |           |          |           |          |             |            |              | 0:00:01  |        5087 |      |     |
| drv_fixing              |     0.000 |   -0.665 |         0 |       -2 |       42.97 |            |              | 0:00:10  |        5225 |    0 |   6 |
| global_opt              |           |   -0.340 |           |       -0 |       42.97 |            |              | 0:00:06  |        5281 |      |     |
| global_opt_2            |           |   -0.340 |           |       -0 |       42.97 |            |              | 0:00:07  |        5305 |      |     |
| area_reclaiming         |     0.000 |   -0.340 |         0 |       -0 |       42.80 |            |              | 0:00:28  |        5331 |      |     |
| drv_fixing_2            |     0.000 |   -0.340 |         0 |       -0 |       42.71 |            |              | 0:00:11  |        5330 |    0 |   0 |
| wns_fixing              |    -0.336 |   -0.353 |        -0 |       -0 |       42.82 |            |              | 0:00:22  |        5994 |      |     |
| tns_fixing              |    -0.336 |   -0.353 |        -0 |       -0 |       42.82 |            |              | 0:00:05  |        5800 |      |     |
| area_reclaiming_2       |    -0.336 |   -0.336 |        -0 |       -0 |       42.11 |            |              | 0:00:28  |        5489 |      |     |
| area_reclaiming_3       |    -0.336 |   -0.336 |        -0 |       -0 |       42.10 |            |              | 0:00:11  |        5436 |      |     |
| local_wire_reclaim      |           |          |           |          |             |            |              | 0:00:55  |        5435 |      |     |
| global_route            |           |          |           |          |             |       0.00 |         0.00 | 0:00:06  |        5218 |      |     |
| route_type_refinement_2 |           |          |           |          |             |            |              | 0:00:00  |        5218 |      |     |
| drv_eco_fixing          |    -0.337 |   -0.337 |        -0 |       -0 |       42.15 |            |              | 0:00:05  |        5383 |    0 |   4 |
| tns_eco_fixing          |    -0.337 |   -0.337 |        -0 |       -0 |       42.15 |            |              | 0:00:04  |        5824 |      |     |
| tns_eco_fixing_2        |    -0.337 |   -0.337 |        -0 |       -0 |       42.15 |            |              | 0:00:04  |        5790 |      |     |
| final_summary           |    -0.337 |   -0.337 |           |       -0 |       42.04 |       2.62 |         5.51 | 0:00:11  |        5319 |    0 |   0 |
 ------------------------------------------------------------------------------------------------------------------------------------------------------- 
