 ------------------------------------------------------------------------------------------------------------------------------------------------------- 
| Snapshot                | WNS                  | TNS                  | Density (%) | Hotspot                   | Resource               | DRVs       |
|                         | HEPG (ns) | ALL (ns) | HEPG (ns) | ALL (ns) |             | Max (bins) | Total (bins) | Real (s) | Memory (MB) | Tran | Cap |
|-------------------------+-----------+----------+-----------+----------+-------------+------------+--------------+----------+-------------+------+-----|
| initial_summary         |           |   -0.795 |           |      -14 |       42.80 |            |              | 0:00:11  |        5004 |   57 |  67 |
| route_type_refinement   |           |          |           |          |             |            |              | 0:01:48  |        5097 |      |     |
| simplify_netlist        |           |          |           |          |             |            |              | 0:00:03  |        5098 |      |     |
| excluded_clk_net_fixing |           |          |           |          |             |            |              | 0:00:00  |        5098 |      |     |
| drv_fixing              |     0.000 |   -0.674 |         0 |       -2 |       42.98 |            |              | 0:00:10  |        5237 |    0 |   6 |
| global_opt              |           |   -0.362 |           |       -0 |       42.98 |            |              | 0:00:07  |        5281 |      |     |
| global_opt_2            |           |   -0.358 |           |       -0 |       42.98 |            |              | 0:00:10  |        5302 |      |     |
| area_reclaiming         |     0.000 |   -0.358 |         0 |       -0 |       42.80 |            |              | 0:00:31  |        5321 |      |     |
| drv_fixing_2            |     0.000 |   -0.358 |         0 |       -0 |       42.71 |            |              | 0:00:11  |        5315 |    0 |   0 |
| wns_fixing              |    -0.358 |   -0.374 |        -0 |       -0 |       42.82 |            |              | 0:00:23  |        5975 |      |     |
| tns_fixing              |    -0.358 |   -0.374 |        -0 |       -0 |       42.82 |            |              | 0:00:04  |        5800 |      |     |
| area_reclaiming_2       |    -0.358 |   -0.358 |        -0 |       -0 |       42.11 |            |              | 0:00:30  |        5493 |      |     |
| area_reclaiming_3       |    -0.358 |   -0.358 |        -0 |       -0 |       42.11 |            |              | 0:00:10  |        5438 |      |     |
| local_wire_reclaim      |           |          |           |          |             |            |              | 0:00:59  |        5444 |      |     |
| global_route            |           |          |           |          |             |       0.00 |         0.00 | 0:00:08  |        5236 |      |     |
| route_type_refinement_2 |           |          |           |          |             |            |              | 0:00:01  |        5236 |      |     |
| drv_eco_fixing          |    -0.365 |   -0.365 |        -0 |       -0 |       42.16 |            |              | 0:00:06  |        5405 |    0 |   4 |
| tns_eco_fixing          |    -0.360 |   -0.360 |        -0 |       -0 |       42.16 |            |              | 0:00:09  |        5922 |      |     |
| tns_eco_fixing_2        |    -0.360 |   -0.360 |        -0 |       -0 |       42.16 |            |              | 0:00:03  |        5825 |      |     |
| final_summary           |    -0.360 |   -0.360 |           |       -0 |       42.05 |       2.62 |         4.98 | 0:00:12  |        5348 |    0 |   0 |
 ------------------------------------------------------------------------------------------------------------------------------------------------------- 
