/pkgs/synopsys/current/design_compiler/syn/V-2023.12-SP2/auxx/gui/dv/dv_setup.tcl
/pkgs/synopsys/current/design_compiler/syn/V-2023.12-SP2/auxx/gui/syn/snpsSynProcs.tcl
/pkgs/synopsys/current/design_compiler/syn/V-2023.12-SP2/auxx/gui/syn/layout/pkgIndex.tcl
/pkgs/synopsys/current/design_compiler/syn/V-2023.12-SP2/auxx/gui/common/view/pkgIndex.tcl
/pkgs/synopsys/current/design_compiler/syn/V-2023.12-SP2/auxx/gui/common/3dmodel/pkgIndex.tcl
/pkgs/synopsys/current/design_compiler/syn/V-2023.12-SP2/auxx/gui/common/tiledview/pkgIndex.tcl
/pkgs/synopsys/current/design_compiler/syn/V-2023.12-SP2/auxx/gui/common/charts/pkgIndex.tcl
/pkgs/synopsys/current/design_compiler/syn/V-2023.12-SP2/auxx/gui/common/strokes/pkgIndex.tcl
/pkgs/synopsys/current/design_compiler/syn/V-2023.12-SP2/auxx/gui/common/schematic/pkgIndex.tcl
/pkgs/synopsys/current/design_compiler/syn/V-2023.12-SP2/auxx/gui/common/layout/pkgIndex.tcl
/pkgs/synopsys/current/design_compiler/syn/V-2023.12-SP2/auxx/gui/common/highlight/pkgIndex.tcl
/pkgs/synopsys/current/design_compiler/syn/V-2023.12-SP2/auxx/gui/common/palettegroup/pkgIndex.tcl
/pkgs/synopsys/current/design_compiler/syn/V-2023.12-SP2/auxx/gui/common/table/pkgIndex.tcl
/pkgs/synopsys/current/design_compiler/syn/V-2023.12-SP2/auxx/gui/common/tq/pkgIndex.tcl
/pkgs/synopsys/current/design_compiler/syn/V-2023.12-SP2/auxx/gui/common/timing/pkgIndex.tcl
/pkgs/synopsys/current/design_compiler/syn/V-2023.12-SP2/auxx/gui/common/dialogs/pkgIndex.tcl
/pkgs/synopsys/current/design_compiler/syn/V-2023.12-SP2/auxx/gui/common/hierAttrView/pkgIndex.tcl
/pkgs/synopsys/current/design_compiler/syn/V-2023.12-SP2/auxx/gui/common/hierarchy/pkgIndex.tcl
/pkgs/synopsys/current/design_compiler/syn/V-2023.12-SP2/auxx/gui/common/histogram/pkgIndex.tcl
/pkgs/synopsys/current/design_compiler/syn/V-2023.12-SP2/auxx/gui/common/select/pkgIndex.tcl
/pkgs/synopsys/current/design_compiler/syn/V-2023.12-SP2/auxx/gui/common/opdlg/pkgIndex.tcl
/pkgs/synopsys/current/design_compiler/syn/V-2023.12-SP2/auxx/gui/common/qtcl/pkgIndex.tcl
/pkgs/synopsys/current/design_compiler/syn/V-2023.12-SP2/auxx/gui/common/3dlayout/pkgIndex.tcl
/pkgs/synopsys/current/design_compiler/syn/V-2023.12-SP2/auxx/gui/common/mrupalette/pkgIndex.tcl
/pkgs/synopsys/current/design_compiler/syn/V-2023.12-SP2/auxx/gui/common/menus/pkgIndex.tcl
/pkgs/synopsys/current/design_compiler/syn/V-2023.12-SP2/auxx/gui/common/acg/pkgIndex.tcl
/pkgs/synopsys/current/design_compiler/syn/V-2023.12-SP2/auxx/gui/common/utable/pkgIndex.tcl
/pkgs/synopsys/current/design_compiler/syn/V-2023.12-SP2/auxx/gui/common/taskassistant/pkgIndex.tcl
/pkgs/synopsys/current/design_compiler/syn/V-2023.12-SP2/auxx/gui/common/setup/pkgIndex.tcl
/pkgs/synopsys/current/design_compiler/syn/V-2023.12-SP2/auxx/gui/common/rtlxref/pkgIndex.tcl
/pkgs/synopsys/current/design_compiler/syn/V-2023.12-SP2/auxx/gui/common/propertyEditor/pkgIndex.tcl
/pkgs/synopsys/current/design_compiler/syn/V-2023.12-SP2/auxx/gui/common/3dic/pkgIndex.tcl
/pkgs/synopsys/current/design_compiler/syn/V-2023.12-SP2/auxx/gui/common/misc/pkgIndex.tcl
/pkgs/synopsys/current/design_compiler/syn/V-2023.12-SP2/auxx/gui/common/docBrowser/pkgIndex.tcl
/pkgs/synopsys/current/design_compiler/syn/V-2023.12-SP2/auxx/gui/common/libviewer/pkgIndex.tcl
/pkgs/synopsys/current/design_compiler/syn/V-2023.12-SP2/auxx/gui/common/tcl-dp/pkgIndex.tcl
/pkgs/synopsys/current/design_compiler/syn/V-2023.12-SP2/auxx/gui/common/regressionToolkit/pkgIndex.tcl
/pkgs/synopsys/current/design_compiler/syn/V-2023.12-SP2/auxx/gui/common/commandform/pkgIndex.tcl
/pkgs/synopsys/current/design_compiler/syn/V-2023.12-SP2/auxx/gui/common/WindowFrameWork/pkgIndex.tcl
/pkgs/synopsys/current/design_compiler/syn/V-2023.12-SP2/auxx/gui/dv/pkgIndex.tcl
/pkgs/synopsys/current/design_compiler/syn/V-2023.12-SP2/auxx/syn/lib/pkgIndex.tcl
/pkgs/synopsys/current/design_compiler/syn/V-2023.12-SP2/auxx/tcllib/lib/iwidgets4.1/pkgIndex.tcl
/pkgs/synopsys/current/design_compiler/syn/V-2023.12-SP2/auxx/tcllib/lib/itcl4.2.1/pkgIndex.tcl
/pkgs/synopsys/current/design_compiler/syn/V-2023.12-SP2/auxx/tcllib/snps_tcl/snpsUtils/pkgIndex.tcl
/pkgs/synopsys/current/design_compiler/syn/V-2023.12-SP2/auxx/tcllib/snps_tcl/snpsTest/pkgIndex.tcl
/pkgs/synopsys/current/design_compiler/syn/V-2023.12-SP2/auxx/tcllib/snps_tcl/snpsTclPro/pkgIndex.tcl
/pkgs/synopsys/current/design_compiler/syn/V-2023.12-SP2/auxx/tcllib/snps_tcl/pkgIndex.tcl
/pkgs/synopsys/current/design_compiler/syn/V-2023.12-SP2/auxx/tcllib/lib/tcl8.6/reg/pkgIndex.tcl
/pkgs/synopsys/current/design_compiler/syn/V-2023.12-SP2/auxx/tcllib/lib/tcl8.6/http1.0/pkgIndex.tcl
/pkgs/synopsys/current/design_compiler/syn/V-2023.12-SP2/auxx/tcllib/lib/tcl8.6/http/pkgIndex.tcl
/pkgs/synopsys/current/design_compiler/syn/V-2023.12-SP2/auxx/tcllib/lib/tcl8.6/msgcat/pkgIndex.tcl
/pkgs/synopsys/current/design_compiler/syn/V-2023.12-SP2/auxx/tcllib/lib/tcl8.6/tcltest/pkgIndex.tcl
/pkgs/synopsys/current/design_compiler/syn/V-2023.12-SP2/auxx/tcllib/lib/tcl8.6/platform/pkgIndex.tcl
/pkgs/synopsys/current/design_compiler/syn/V-2023.12-SP2/auxx/tcllib/lib/tcl8.6/opt/pkgIndex.tcl
/pkgs/synopsys/current/design_compiler/syn/V-2023.12-SP2/auxx/tcllib/lib/tcl8.6/dde/pkgIndex.tcl
/pkgs/synopsys/current/design_compiler/syn/V-2023.12-SP2/auxx/gui/common/setup/snpsCommonSetup.tcl
/pkgs/synopsys/current/design_compiler/syn/V-2023.12-SP2/auxx/gui/common/setup/snpsCustomize.tcl
/pkgs/synopsys/current/design_compiler/syn/V-2023.12-SP2/auxx/gui/common/setup/snpsProcheck.tcl
/pkgs/synopsys/current/design_compiler/syn/V-2023.12-SP2/auxx/gui/common/misc/base.tcl
/pkgs/synopsys/current/design_compiler/syn/V-2023.12-SP2/auxx/gui/common/misc/timing.tcl
/pkgs/synopsys/current/design_compiler/syn/V-2023.12-SP2/auxx/gui/common/misc/setting.tcl
/pkgs/synopsys/current/design_compiler/syn/V-2023.12-SP2/auxx/gui/common/misc/preset.tcl
/pkgs/synopsys/current/design_compiler/syn/V-2023.12-SP2/auxx/gui/common/WindowFrameWork/windowFrameWork.tcl
/pkgs/synopsys/current/design_compiler/syn/V-2023.12-SP2/auxx/gui/common/WindowFrameWork/skipBusyCursorCmdList.tcl
/pkgs/synopsys/current/design_compiler/syn/V-2023.12-SP2/auxx/gui/common/qtcl/.synopsys_qtcl.tcl
/pkgs/synopsys/current/design_compiler/syn/V-2023.12-SP2/auxx/gui/common/highlight/highlight.tcl
/pkgs/synopsys/current/design_compiler/syn/V-2023.12-SP2/auxx/gui/common/palettegroup/palettegroup.tcl
/pkgs/synopsys/current/design_compiler/syn/V-2023.12-SP2/auxx/gui/common/commandform/commandform.tcl
/pkgs/synopsys/current/design_compiler/syn/V-2023.12-SP2/auxx/gui/common/tiledview/tiledview.tcl
/pkgs/synopsys/current/design_compiler/syn/V-2023.12-SP2/auxx/gui/common/docBrowser/docBrowser.tcl
/pkgs/synopsys/current/design_compiler/syn/V-2023.12-SP2/auxx/tcllib/snps_tcl/snpsUtils/snpsUtils.tcl
/pkgs/synopsys/current/design_compiler/syn/V-2023.12-SP2/auxx/gui/common/dialogs/ObjectChooser.tcl
/pkgs/synopsys/current/design_compiler/syn/V-2023.12-SP2/auxx/gui/common/misc/DialogObjectChooser.tcl
/pkgs/synopsys/current/design_compiler/syn/V-2023.12-SP2/auxx/gui/common/dialogs/HistBinInformation.tcl
/pkgs/synopsys/current/design_compiler/syn/V-2023.12-SP2/auxx/gui/common/dialogs/HistBin1Information.tcl
/pkgs/synopsys/current/design_compiler/syn/V-2023.12-SP2/auxx/gui/common/dialogs/BinsOnlyInformation.tcl
/pkgs/synopsys/current/design_compiler/syn/V-2023.12-SP2/auxx/gui/common/dialogs/FileChooser.tcl
/pkgs/synopsys/current/design_compiler/syn/V-2023.12-SP2/auxx/gui/common/dialogs/PathPinSimpleInfo.tcl
/pkgs/synopsys/current/design_compiler/syn/V-2023.12-SP2/auxx/gui/common/dialogs/PathsBasicInfo.tcl
/pkgs/synopsys/current/design_compiler/syn/V-2023.12-SP2/auxx/gui/common/dialogs/PathsBasicSimpleInfo.tcl
/pkgs/synopsys/current/design_compiler/syn/V-2023.12-SP2/auxx/gui/common/dialogs/SlctOperationInfo.tcl
/pkgs/synopsys/current/design_compiler/syn/V-2023.12-SP2/auxx/gui/common/dialogs/ObjectListInfo.tcl
/pkgs/synopsys/current/design_compiler/syn/V-2023.12-SP2/auxx/gui/common/dialogs/FanInOutInfo.tcl
/pkgs/synopsys/current/design_compiler/syn/V-2023.12-SP2/auxx/gui/common/dialogs/NumberOfLevelsChooser.tcl
/pkgs/synopsys/current/design_compiler/syn/V-2023.12-SP2/auxx/gui/common/dialogs/WindowReuseInfo.tcl
/pkgs/synopsys/current/design_compiler/syn/V-2023.12-SP2/auxx/gui/common/dialogs/ReportOutputOptionInfo.tcl
/pkgs/synopsys/current/design_compiler/syn/V-2023.12-SP2/auxx/gui/common/setup/snpsCollections.tcl
/pkgs/synopsys/current/design_compiler/syn/V-2023.12-SP2/auxx/gui/common/dialogs/CompileLinkDesign.tcl
/pkgs/synopsys/current/design_compiler/syn/V-2023.12-SP2/auxx/gui/common/histogram/base.tcl
/pkgs/synopsys/current/design_compiler/syn/V-2023.12-SP2/auxx/gui/common/histogram/DialogNetCapacitance.tcl
/pkgs/synopsys/current/design_compiler/syn/V-2023.12-SP2/auxx/gui/common/schematic/DialogPathSchematicFanInOut.tcl
/pkgs/synopsys/current/design_compiler/syn/V-2023.12-SP2/auxx/gui/common/schematic/DialogPathSchematicAddPaths.tcl
/pkgs/synopsys/current/design_compiler/syn/V-2023.12-SP2/auxx/gui/common/layout/preferences.tcl
/u/nmallebo/ECE530-2024-SPRING/finalprj-group4/syn/scripts/dct.tcl
/u/nmallebo/ECE530-2024-SPRING/finalprj-group4/ORCA_TOP.design_config.tcl
/u/nmallebo/ECE530-2024-SPRING/finalprj-group4/syn/scripts/dc-get-timlibs.tcl
/u/nmallebo/ECE530-2024-SPRING/finalprj-group4/syn/scripts/dct-getcreate-mwlib.tcl
/pkgs/synopsys/2020/32_28nm/SAED32_EDK/tech/star_rcxt/saed32nm_1p9m_Cmax.tluplus
/pkgs/synopsys/2020/32_28nm/SAED32_EDK/tech/star_rcxt/saed32nm_1p9m_Cmin.tluplus
/pkgs/synopsys/2020/32_28nm/SAED32_EDK/tech/star_rcxt/saed32nm_tf_itf_tluplus.map
/u/nmallebo/ECE530-2024-SPRING/finalprj-group4/syn/outputs/ORCA_TOP.mw
/pkgs/synopsys/2020/32_28nm/SAED32_EDK/tech/milkyway/saed32nm_1p9m_mw.tf
/pkgs/synopsys/2020/32_28nm/SAED32_EDK/lib/stdcell_hvt/milkyway/saed32nm_hvt_1p9m
/pkgs/synopsys/2020/32_28nm/SAED32_EDK/lib/stdcell_rvt/milkyway/saed32nm_rvt_1p9m
/pkgs/synopsys/2020/32_28nm/SAED32_EDK/lib/stdcell_lvt/milkyway/saed32nm_lvt_1p9m
/pkgs/synopsys/2020/32_28nm/SAED32_EDK/lib/sram/milkyway/SRAM32NM
/pkgs/synopsys/2020/32_28nm/SAED32_EDK/lib/pll/milkyway/SAED32_PLL_FR
/u/nmallebo/ECE530-2024-SPRING/finalprj-group4/syn/outputs/ORCA_TOP.mw
/pkgs/synopsys/2020/32_28nm/SAED32_EDK/lib/stdcell_hvt/milkyway/saed32nm_hvt_1p9m
/pkgs/synopsys/2020/32_28nm/SAED32_EDK/lib/stdcell_rvt/milkyway/saed32nm_rvt_1p9m
/pkgs/synopsys/2020/32_28nm/SAED32_EDK/lib/stdcell_lvt/milkyway/saed32nm_lvt_1p9m
/pkgs/synopsys/2020/32_28nm/SAED32_EDK/lib/sram/milkyway/SRAM32NM
/pkgs/synopsys/2020/32_28nm/SAED32_EDK/lib/pll/milkyway/SAED32_PLL_FR
/u/nmallebo/ECE530-2024-SPRING/finalprj-group4/syn/rtl/ORCA_TOP.sv
/pkgs/synopsys/2020/32_28nm/SAED32_EDK/lib/stdcell_rvt/db_nldm/saed32rvt_ss0p75vn40c.db
/pkgs/synopsys/2020/32_28nm/SAED32_EDK/lib/stdcell_rvt/db_nldm/saed32rvt_dlvl_ss0p75vn40c_i0p95v.db
/pkgs/synopsys/2020/32_28nm/SAED32_EDK/lib/stdcell_rvt/db_nldm/saed32rvt_ulvl_ss0p75vn40c_i0p75v.db
/pkgs/synopsys/2020/32_28nm/SAED32_EDK/lib/stdcell_rvt/db_nldm/saed32rvt_dlvl_ss0p75vn40c_i0p75v.db
/pkgs/synopsys/2020/32_28nm/SAED32_EDK/lib/stdcell_rvt/db_nldm/saed32rvt_ss0p95vn40c.db
/pkgs/synopsys/2020/32_28nm/SAED32_EDK/lib/stdcell_rvt/db_nldm/saed32rvt_ulvl_ss0p95vn40c_i0p75v.db
/pkgs/synopsys/2020/32_28nm/SAED32_EDK/lib/stdcell_lvt/db_nldm/saed32lvt_ss0p75vn40c.db
/pkgs/synopsys/2020/32_28nm/SAED32_EDK/lib/stdcell_lvt/db_nldm/saed32lvt_dlvl_ss0p75vn40c_i0p95v.db
/pkgs/synopsys/2020/32_28nm/SAED32_EDK/lib/stdcell_lvt/db_nldm/saed32lvt_ulvl_ss0p75vn40c_i0p75v.db
/pkgs/synopsys/2020/32_28nm/SAED32_EDK/lib/stdcell_lvt/db_nldm/saed32lvt_dlvl_ss0p75vn40c_i0p75v.db
/pkgs/synopsys/2020/32_28nm/SAED32_EDK/lib/stdcell_lvt/db_nldm/saed32lvt_ss0p95vn40c.db
/pkgs/synopsys/2020/32_28nm/SAED32_EDK/lib/stdcell_lvt/db_nldm/saed32lvt_ulvl_ss0p95vn40c_i0p75v.db
/pkgs/synopsys/2020/32_28nm/SAED32_EDK/lib/stdcell_hvt/db_nldm/saed32hvt_ss0p75vn40c.db
/pkgs/synopsys/2020/32_28nm/SAED32_EDK/lib/stdcell_hvt/db_nldm/saed32hvt_dlvl_ss0p75vn40c_i0p95v.db
/pkgs/synopsys/2020/32_28nm/SAED32_EDK/lib/stdcell_hvt/db_nldm/saed32hvt_ulvl_ss0p75vn40c_i0p75v.db
/pkgs/synopsys/2020/32_28nm/SAED32_EDK/lib/stdcell_hvt/db_nldm/saed32hvt_dlvl_ss0p75vn40c_i0p75v.db
/pkgs/synopsys/2020/32_28nm/SAED32_EDK/lib/stdcell_hvt/db_nldm/saed32hvt_ss0p95vn40c.db
/pkgs/synopsys/2020/32_28nm/SAED32_EDK/lib/stdcell_hvt/db_nldm/saed32hvt_ulvl_ss0p95vn40c_i0p75v.db
/pkgs/synopsys/2020/32_28nm/SAED32_EDK/lib/sram/db_nldm/saed32sram_ss0p95vn40c.db
/pkgs/synopsys/2020/design_compiler/syn/Q-2019.12-SP3/libraries/syn/dw_foundation.sldb
/pkgs/synopsys/current/design_compiler/syn/V-2023.12-SP2/libraries/syn/gtech.db
/pkgs/synopsys/current/design_compiler/syn/V-2023.12-SP2/libraries/syn/standard.sldb
/u/nmallebo/ECE530-2024-SPRING/finalprj-group4/apr/outputs/ORCA_TOP.floorplan.def.gz
/u/nmallebo/ECE530-2024-SPRING/finalprj-group4/constraints/ORCA_TOP.sdc
/u/nmallebo/ECE530-2024-SPRING/finalprj-group4/constraints/ORCA_TOP.upf
/u/nmallebo/ECE530-2024-SPRING/finalprj-group4/constraints/ORCA_TOP_func_worst.sdc
/pkgs/synopsys/2020/32_28nm/SAED32_EDK/lib/stdcell_rvt/db_nldm/saed32rvt_ss0p95vn40c.db
/pkgs/synopsys/2020/32_28nm/SAED32_EDK/lib/stdcell_rvt/db_nldm/saed32rvt_ss0p75vn40c.db
/u/nmallebo/ECE530-2024-SPRING/finalprj-group4/syn/outputs/alib-52/saed32rvt_ss0p95vn40c.db.alib
/u/nmallebo/ECE530-2024-SPRING/finalprj-group4/syn/outputs/alib-52/alib_analyze_libs.tcl.e
/u/nmallebo/ECE530-2024-SPRING/finalprj-group4/syn/outputs/alib-52/saed32rvt_ss0p75vn40c.db.alib
/u/nmallebo/ECE530-2024-SPRING/finalprj-group4/syn/outputs/alib-52/alib_analyze_libs.tcl.e
/pkgs/synopsys/2020/32_28nm/SAED32_EDK/lib/stdcell_rvt/db_nldm/saed32rvt_ss0p95vn40c.db
/u/nmallebo/ECE530-2024-SPRING/finalprj-group4/syn/outputs/alib-52/saed32rvt_ss0p95vn40c.db.alib
/pkgs/synopsys/2020/32_28nm/SAED32_EDK/lib/stdcell_rvt/db_nldm/saed32rvt_ss0p75vn40c.db
/u/nmallebo/ECE530-2024-SPRING/finalprj-group4/syn/outputs/alib-52/saed32rvt_ss0p75vn40c.db.alib
/pkgs/synopsys/2020/32_28nm/SAED32_EDK/lib/stdcell_rvt/db_nldm/saed32rvt_ss0p75vn40c.db
/pkgs/synopsys/2020/32_28nm/SAED32_EDK/lib/stdcell_rvt/db_nldm/saed32rvt_dlvl_ss0p75vn40c_i0p95v.db
/pkgs/synopsys/2020/32_28nm/SAED32_EDK/lib/stdcell_rvt/db_nldm/saed32rvt_ulvl_ss0p75vn40c_i0p75v.db
/pkgs/synopsys/2020/32_28nm/SAED32_EDK/lib/stdcell_rvt/db_nldm/saed32rvt_dlvl_ss0p75vn40c_i0p75v.db
/pkgs/synopsys/2020/32_28nm/SAED32_EDK/lib/stdcell_rvt/db_nldm/saed32rvt_ss0p95vn40c.db
/pkgs/synopsys/2020/32_28nm/SAED32_EDK/lib/stdcell_rvt/db_nldm/saed32rvt_ulvl_ss0p95vn40c_i0p75v.db
/pkgs/synopsys/2020/32_28nm/SAED32_EDK/lib/stdcell_lvt/db_nldm/saed32lvt_ss0p75vn40c.db
/pkgs/synopsys/2020/32_28nm/SAED32_EDK/lib/stdcell_lvt/db_nldm/saed32lvt_dlvl_ss0p75vn40c_i0p95v.db
/pkgs/synopsys/2020/32_28nm/SAED32_EDK/lib/stdcell_lvt/db_nldm/saed32lvt_ulvl_ss0p75vn40c_i0p75v.db
/pkgs/synopsys/2020/32_28nm/SAED32_EDK/lib/stdcell_lvt/db_nldm/saed32lvt_dlvl_ss0p75vn40c_i0p75v.db
/pkgs/synopsys/2020/32_28nm/SAED32_EDK/lib/stdcell_lvt/db_nldm/saed32lvt_ss0p95vn40c.db
/pkgs/synopsys/2020/32_28nm/SAED32_EDK/lib/stdcell_lvt/db_nldm/saed32lvt_ulvl_ss0p95vn40c_i0p75v.db
/pkgs/synopsys/2020/32_28nm/SAED32_EDK/lib/stdcell_hvt/db_nldm/saed32hvt_ss0p75vn40c.db
/pkgs/synopsys/2020/32_28nm/SAED32_EDK/lib/stdcell_hvt/db_nldm/saed32hvt_dlvl_ss0p75vn40c_i0p95v.db
/pkgs/synopsys/2020/32_28nm/SAED32_EDK/lib/stdcell_hvt/db_nldm/saed32hvt_ulvl_ss0p75vn40c_i0p75v.db
/pkgs/synopsys/2020/32_28nm/SAED32_EDK/lib/stdcell_hvt/db_nldm/saed32hvt_dlvl_ss0p75vn40c_i0p75v.db
/pkgs/synopsys/2020/32_28nm/SAED32_EDK/lib/stdcell_hvt/db_nldm/saed32hvt_ss0p95vn40c.db
/pkgs/synopsys/2020/32_28nm/SAED32_EDK/lib/stdcell_hvt/db_nldm/saed32hvt_ulvl_ss0p95vn40c_i0p75v.db
/pkgs/synopsys/2020/32_28nm/SAED32_EDK/lib/sram/db_nldm/saed32sram_ss0p95vn40c.db
/pkgs/synopsys/2020/32_28nm/SAED32_EDK/lib/stdcell_rvt/db_nldm/saed32rvt_ss0p95vn40c.db
/u/nmallebo/ECE530-2024-SPRING/finalprj-group4/syn/outputs/alib-52/saed32rvt_ss0p95vn40c.db.alib
/pkgs/synopsys/2020/32_28nm/SAED32_EDK/lib/stdcell_rvt/db_nldm/saed32rvt_ss0p75vn40c.db
/u/nmallebo/ECE530-2024-SPRING/finalprj-group4/syn/outputs/alib-52/saed32rvt_ss0p75vn40c.db.alib
/pkgs/synopsys/2020/32_28nm/SAED32_EDK/lib/stdcell_rvt/db_nldm/saed32rvt_ss0p75vn40c.db
/pkgs/synopsys/2020/32_28nm/SAED32_EDK/lib/stdcell_rvt/db_nldm/saed32rvt_dlvl_ss0p75vn40c_i0p95v.db
/pkgs/synopsys/2020/32_28nm/SAED32_EDK/lib/stdcell_rvt/db_nldm/saed32rvt_ulvl_ss0p75vn40c_i0p75v.db
/pkgs/synopsys/2020/32_28nm/SAED32_EDK/lib/stdcell_rvt/db_nldm/saed32rvt_dlvl_ss0p75vn40c_i0p75v.db
/pkgs/synopsys/2020/32_28nm/SAED32_EDK/lib/stdcell_rvt/db_nldm/saed32rvt_ss0p95vn40c.db
/pkgs/synopsys/2020/32_28nm/SAED32_EDK/lib/stdcell_rvt/db_nldm/saed32rvt_ulvl_ss0p95vn40c_i0p75v.db
/pkgs/synopsys/2020/32_28nm/SAED32_EDK/lib/stdcell_lvt/db_nldm/saed32lvt_ss0p75vn40c.db
/pkgs/synopsys/2020/32_28nm/SAED32_EDK/lib/stdcell_lvt/db_nldm/saed32lvt_dlvl_ss0p75vn40c_i0p95v.db
/pkgs/synopsys/2020/32_28nm/SAED32_EDK/lib/stdcell_lvt/db_nldm/saed32lvt_ulvl_ss0p75vn40c_i0p75v.db
/pkgs/synopsys/2020/32_28nm/SAED32_EDK/lib/stdcell_lvt/db_nldm/saed32lvt_dlvl_ss0p75vn40c_i0p75v.db
/pkgs/synopsys/2020/32_28nm/SAED32_EDK/lib/stdcell_lvt/db_nldm/saed32lvt_ss0p95vn40c.db
/pkgs/synopsys/2020/32_28nm/SAED32_EDK/lib/stdcell_lvt/db_nldm/saed32lvt_ulvl_ss0p95vn40c_i0p75v.db
/pkgs/synopsys/2020/32_28nm/SAED32_EDK/lib/stdcell_hvt/db_nldm/saed32hvt_ss0p75vn40c.db
/pkgs/synopsys/2020/32_28nm/SAED32_EDK/lib/stdcell_hvt/db_nldm/saed32hvt_dlvl_ss0p75vn40c_i0p95v.db
/pkgs/synopsys/2020/32_28nm/SAED32_EDK/lib/stdcell_hvt/db_nldm/saed32hvt_ulvl_ss0p75vn40c_i0p75v.db
/pkgs/synopsys/2020/32_28nm/SAED32_EDK/lib/stdcell_hvt/db_nldm/saed32hvt_dlvl_ss0p75vn40c_i0p75v.db
/pkgs/synopsys/2020/32_28nm/SAED32_EDK/lib/stdcell_hvt/db_nldm/saed32hvt_ss0p95vn40c.db
/pkgs/synopsys/2020/32_28nm/SAED32_EDK/lib/stdcell_hvt/db_nldm/saed32hvt_ulvl_ss0p95vn40c_i0p75v.db
/pkgs/synopsys/2020/32_28nm/SAED32_EDK/lib/sram/db_nldm/saed32sram_ss0p95vn40c.db
/u/nmallebo/ECE530-2024-SPRING/finalprj-group4/syn/outputs/ORCA_TOP.dct.upf
/pkgs/synopsys/current/design_compiler/syn/V-2023.12-SP2/auxx/gui/common/utable/utable_top.tcl
/pkgs/synopsys/current/design_compiler/syn/V-2023.12-SP2/auxx/gui/common/utable/utable.tcl
/pkgs/synopsys/current/design_compiler/syn/V-2023.12-SP2/auxx/gui/common/utable/utable_timing.tcl
/pkgs/synopsys/current/design_compiler/syn/V-2023.12-SP2/auxx/gui/common/utable/utable_plot.tcl
/pkgs/synopsys/current/design_compiler/syn/V-2023.12-SP2/auxx/tcllib/lib/tk8.6/tk.tcl
/pkgs/synopsys/current/design_compiler/syn/V-2023.12-SP2/auxx/tcllib/lib/tcl8.6/msgcat/msgcat.tcl
/pkgs/synopsys/current/design_compiler/syn/V-2023.12-SP2/auxx/tcllib/lib/tk8.6/icons.tcl
/pkgs/synopsys/current/design_compiler/syn/V-2023.12-SP2/auxx/tcllib/lib/tk8.6/button.tcl
/pkgs/synopsys/current/design_compiler/syn/V-2023.12-SP2/auxx/tcllib/lib/tk8.6/entry.tcl
/pkgs/synopsys/current/design_compiler/syn/V-2023.12-SP2/auxx/tcllib/lib/tk8.6/listbox.tcl
/pkgs/synopsys/current/design_compiler/syn/V-2023.12-SP2/auxx/tcllib/lib/tk8.6/menu.tcl
/pkgs/synopsys/current/design_compiler/syn/V-2023.12-SP2/auxx/tcllib/lib/tk8.6/panedwindow.tcl
/pkgs/synopsys/current/design_compiler/syn/V-2023.12-SP2/auxx/tcllib/lib/tk8.6/scale.tcl
/pkgs/synopsys/current/design_compiler/syn/V-2023.12-SP2/auxx/tcllib/lib/tk8.6/scrlbar.tcl
/pkgs/synopsys/current/design_compiler/syn/V-2023.12-SP2/auxx/tcllib/lib/tk8.6/spinbox.tcl
/pkgs/synopsys/current/design_compiler/syn/V-2023.12-SP2/auxx/tcllib/lib/tk8.6/text.tcl
/pkgs/synopsys/current/design_compiler/syn/V-2023.12-SP2/auxx/tcllib/lib/tk8.6/ttk/ttk.tcl
/pkgs/synopsys/current/design_compiler/syn/V-2023.12-SP2/auxx/tcllib/lib/tk8.6/ttk/fonts.tcl
/pkgs/synopsys/current/design_compiler/syn/V-2023.12-SP2/auxx/tcllib/lib/tk8.6/ttk/cursors.tcl
/pkgs/synopsys/current/design_compiler/syn/V-2023.12-SP2/auxx/tcllib/lib/tk8.6/ttk/utils.tcl
/pkgs/synopsys/current/design_compiler/syn/V-2023.12-SP2/auxx/tcllib/lib/tk8.6/ttk/button.tcl
/pkgs/synopsys/current/design_compiler/syn/V-2023.12-SP2/auxx/tcllib/lib/tk8.6/ttk/menubutton.tcl
/pkgs/synopsys/current/design_compiler/syn/V-2023.12-SP2/auxx/tcllib/lib/tk8.6/ttk/scrollbar.tcl
/pkgs/synopsys/current/design_compiler/syn/V-2023.12-SP2/auxx/tcllib/lib/tk8.6/ttk/scale.tcl
/pkgs/synopsys/current/design_compiler/syn/V-2023.12-SP2/auxx/tcllib/lib/tk8.6/ttk/progress.tcl
/pkgs/synopsys/current/design_compiler/syn/V-2023.12-SP2/auxx/tcllib/lib/tk8.6/ttk/notebook.tcl
/pkgs/synopsys/current/design_compiler/syn/V-2023.12-SP2/auxx/tcllib/lib/tk8.6/ttk/panedwindow.tcl
/pkgs/synopsys/current/design_compiler/syn/V-2023.12-SP2/auxx/tcllib/lib/tk8.6/ttk/entry.tcl
/pkgs/synopsys/current/design_compiler/syn/V-2023.12-SP2/auxx/tcllib/lib/tk8.6/ttk/combobox.tcl
/pkgs/synopsys/current/design_compiler/syn/V-2023.12-SP2/auxx/tcllib/lib/tk8.6/ttk/spinbox.tcl
/pkgs/synopsys/current/design_compiler/syn/V-2023.12-SP2/auxx/tcllib/lib/tk8.6/ttk/treeview.tcl
/pkgs/synopsys/current/design_compiler/syn/V-2023.12-SP2/auxx/tcllib/lib/tk8.6/ttk/sizegrip.tcl
/pkgs/synopsys/current/design_compiler/syn/V-2023.12-SP2/auxx/tcllib/lib/tk8.6/ttk/defaults.tcl
/pkgs/synopsys/current/design_compiler/syn/V-2023.12-SP2/auxx/tcllib/lib/tk8.6/ttk/classicTheme.tcl
/pkgs/synopsys/current/design_compiler/syn/V-2023.12-SP2/auxx/tcllib/lib/tk8.6/ttk/altTheme.tcl
/pkgs/synopsys/current/design_compiler/syn/V-2023.12-SP2/auxx/tcllib/lib/tk8.6/ttk/clamTheme.tcl
/pkgs/synopsys/current/design_compiler/syn/V-2023.12-SP2/auxx/tcllib/lib/tix8.4.3/Init.tcl
/pkgs/synopsys/current/design_compiler/syn/V-2023.12-SP2/auxx/tcllib/lib/tix8.4.3/fs.tcl
/pkgs/synopsys/current/design_compiler/syn/V-2023.12-SP2/auxx/tcllib/lib/tix8.4.3/Tix.tcl
/pkgs/synopsys/current/design_compiler/syn/V-2023.12-SP2/auxx/tcllib/lib/tix8.4.3/Event.tcl
/pkgs/synopsys/current/design_compiler/syn/V-2023.12-SP2/auxx/tcllib/lib/tix8.4.3/Balloon.tcl
/pkgs/synopsys/current/design_compiler/syn/V-2023.12-SP2/auxx/tcllib/lib/tix8.4.3/BtnBox.tcl
/pkgs/synopsys/current/design_compiler/syn/V-2023.12-SP2/auxx/tcllib/lib/tix8.4.3/CObjView.tcl
/pkgs/synopsys/current/design_compiler/syn/V-2023.12-SP2/auxx/tcllib/lib/tix8.4.3/ChkList.tcl
/pkgs/synopsys/current/design_compiler/syn/V-2023.12-SP2/auxx/tcllib/lib/tix8.4.3/ComboBox.tcl
/pkgs/synopsys/current/design_compiler/syn/V-2023.12-SP2/auxx/tcllib/lib/tk8.6/unsupported.tcl
/pkgs/synopsys/current/design_compiler/syn/V-2023.12-SP2/auxx/tcllib/lib/tix8.4.3/Compat.tcl
/pkgs/synopsys/current/design_compiler/syn/V-2023.12-SP2/auxx/tcllib/lib/tix8.4.3/Console.tcl
/pkgs/synopsys/current/design_compiler/syn/V-2023.12-SP2/auxx/tcllib/lib/tix8.4.3/Control.tcl
/pkgs/synopsys/current/design_compiler/syn/V-2023.12-SP2/auxx/tcllib/lib/tix8.4.3/DefSchm.tcl
/pkgs/synopsys/current/design_compiler/syn/V-2023.12-SP2/auxx/tcllib/lib/tix8.4.3/DialogS.tcl
/pkgs/synopsys/current/design_compiler/syn/V-2023.12-SP2/auxx/tcllib/lib/tix8.4.3/DirBox.tcl
/pkgs/synopsys/current/design_compiler/syn/V-2023.12-SP2/auxx/tcllib/lib/tix8.4.3/DirDlg.tcl
/pkgs/synopsys/current/design_compiler/syn/V-2023.12-SP2/auxx/tcllib/lib/tix8.4.3/DirList.tcl
/pkgs/synopsys/current/design_compiler/syn/V-2023.12-SP2/auxx/tcllib/lib/tix8.4.3/DirTree.tcl
/pkgs/synopsys/current/design_compiler/syn/V-2023.12-SP2/auxx/tcllib/lib/tix8.4.3/DragDrop.tcl
/pkgs/synopsys/current/design_compiler/syn/V-2023.12-SP2/auxx/tcllib/lib/tix8.4.3/DtlList.tcl
/pkgs/synopsys/current/design_compiler/syn/V-2023.12-SP2/auxx/tcllib/lib/tix8.4.3/EFileBox.tcl
/pkgs/synopsys/current/design_compiler/syn/V-2023.12-SP2/auxx/tcllib/lib/tix8.4.3/EFileDlg.tcl
/pkgs/synopsys/current/design_compiler/syn/V-2023.12-SP2/auxx/tcllib/lib/tix8.4.3/FileBox.tcl
/pkgs/synopsys/current/design_compiler/syn/V-2023.12-SP2/auxx/tcllib/lib/tix8.4.3/FileCbx.tcl
/pkgs/synopsys/current/design_compiler/syn/V-2023.12-SP2/auxx/tcllib/lib/tix8.4.3/FileDlg.tcl
/pkgs/synopsys/current/design_compiler/syn/V-2023.12-SP2/auxx/tcllib/lib/tix8.4.3/FileEnt.tcl
/pkgs/synopsys/current/design_compiler/syn/V-2023.12-SP2/auxx/tcllib/lib/tix8.4.3/FloatEnt.tcl
/pkgs/synopsys/current/design_compiler/syn/V-2023.12-SP2/auxx/tcllib/lib/tix8.4.3/Grid.tcl
/pkgs/synopsys/current/design_compiler/syn/V-2023.12-SP2/auxx/tcllib/lib/tix8.4.3/HList.tcl
/pkgs/synopsys/current/design_compiler/syn/V-2023.12-SP2/auxx/tcllib/lib/tix8.4.3/HListDD.tcl
/pkgs/synopsys/current/design_compiler/syn/V-2023.12-SP2/auxx/tcllib/lib/tix8.4.3/IconView.tcl
/pkgs/synopsys/current/design_compiler/syn/V-2023.12-SP2/auxx/tcllib/lib/tix8.4.3/LabEntry.tcl
/pkgs/synopsys/current/design_compiler/syn/V-2023.12-SP2/auxx/tcllib/lib/tix8.4.3/LabFrame.tcl
/pkgs/synopsys/current/design_compiler/syn/V-2023.12-SP2/auxx/tcllib/lib/tix8.4.3/LabWidg.tcl
/pkgs/synopsys/current/design_compiler/syn/V-2023.12-SP2/auxx/tcllib/lib/tix8.4.3/ListNBk.tcl
/pkgs/synopsys/current/design_compiler/syn/V-2023.12-SP2/auxx/tcllib/lib/tix8.4.3/Meter.tcl
/pkgs/synopsys/current/design_compiler/syn/V-2023.12-SP2/auxx/tcllib/lib/tix8.4.3/MultView.tcl
/pkgs/synopsys/current/design_compiler/syn/V-2023.12-SP2/auxx/tcllib/lib/tix8.4.3/NoteBook.tcl
/pkgs/synopsys/current/design_compiler/syn/V-2023.12-SP2/auxx/tcllib/lib/tix8.4.3/OldUtil.tcl
/pkgs/synopsys/current/design_compiler/syn/V-2023.12-SP2/auxx/tcllib/lib/tix8.4.3/OptMenu.tcl
/pkgs/synopsys/current/design_compiler/syn/V-2023.12-SP2/auxx/tcllib/lib/tix8.4.3/PanedWin.tcl
/pkgs/synopsys/current/design_compiler/syn/V-2023.12-SP2/auxx/tcllib/lib/tix8.4.3/PopMenu.tcl
/pkgs/synopsys/current/design_compiler/syn/V-2023.12-SP2/auxx/tcllib/lib/tix8.4.3/Primitiv.tcl
/pkgs/synopsys/current/design_compiler/syn/V-2023.12-SP2/auxx/tcllib/lib/tix8.4.3/ResizeH.tcl
/pkgs/synopsys/current/design_compiler/syn/V-2023.12-SP2/auxx/tcllib/lib/tix8.4.3/SGrid.tcl
/pkgs/synopsys/current/design_compiler/syn/V-2023.12-SP2/auxx/tcllib/lib/tix8.4.3/SHList.tcl
/pkgs/synopsys/current/design_compiler/syn/V-2023.12-SP2/auxx/tcllib/lib/tix8.4.3/SListBox.tcl
/pkgs/synopsys/current/design_compiler/syn/V-2023.12-SP2/auxx/tcllib/lib/tix8.4.3/STList.tcl
/pkgs/synopsys/current/design_compiler/syn/V-2023.12-SP2/auxx/tcllib/lib/tix8.4.3/SText.tcl
/pkgs/synopsys/current/design_compiler/syn/V-2023.12-SP2/auxx/tcllib/lib/tix8.4.3/SWidget.tcl
/pkgs/synopsys/current/design_compiler/syn/V-2023.12-SP2/auxx/tcllib/lib/tix8.4.3/SWindow.tcl
/pkgs/synopsys/current/design_compiler/syn/V-2023.12-SP2/auxx/tcllib/lib/tix8.4.3/Select.tcl
/pkgs/synopsys/current/design_compiler/syn/V-2023.12-SP2/auxx/tcllib/lib/tix8.4.3/Shell.tcl
/pkgs/synopsys/current/design_compiler/syn/V-2023.12-SP2/auxx/tcllib/lib/tix8.4.3/SimpDlg.tcl
/pkgs/synopsys/current/design_compiler/syn/V-2023.12-SP2/auxx/tcllib/lib/tix8.4.3/StackWin.tcl
/pkgs/synopsys/current/design_compiler/syn/V-2023.12-SP2/auxx/tcllib/lib/tix8.4.3/StatBar.tcl
/pkgs/synopsys/current/design_compiler/syn/V-2023.12-SP2/auxx/tcllib/lib/tix8.4.3/StdBBox.tcl
/pkgs/synopsys/current/design_compiler/syn/V-2023.12-SP2/auxx/tcllib/lib/tix8.4.3/StdShell.tcl
/pkgs/synopsys/current/design_compiler/syn/V-2023.12-SP2/auxx/tcllib/lib/tix8.4.3/TList.tcl
/pkgs/synopsys/current/design_compiler/syn/V-2023.12-SP2/auxx/tcllib/lib/tix8.4.3/Tree.tcl
/pkgs/synopsys/current/design_compiler/syn/V-2023.12-SP2/auxx/tcllib/lib/tix8.4.3/Utils.tcl
/pkgs/synopsys/current/design_compiler/syn/V-2023.12-SP2/auxx/tcllib/lib/tix8.4.3/VResize.tcl
/pkgs/synopsys/current/design_compiler/syn/V-2023.12-SP2/auxx/tcllib/lib/tix8.4.3/VStack.tcl
/pkgs/synopsys/current/design_compiler/syn/V-2023.12-SP2/auxx/tcllib/lib/tix8.4.3/VTree.tcl
/pkgs/synopsys/current/design_compiler/syn/V-2023.12-SP2/auxx/tcllib/lib/tix8.4.3/Variable.tcl
/pkgs/synopsys/current/design_compiler/syn/V-2023.12-SP2/auxx/tcllib/lib/tix8.4.3/WInfo.tcl
/pkgs/synopsys/current/design_compiler/syn/V-2023.12-SP2/auxx/gui/common/tq/snpsTkStyle.tcl
/pkgs/synopsys/current/design_compiler/syn/V-2023.12-SP2/auxx/tcllib/lib/tk8.6/palette.tcl
/pkgs/synopsys/current/design_compiler/syn/V-2023.12-SP2/auxx/tcllib/lib/itk4.1.0/itk.tcl
/pkgs/synopsys/current/design_compiler/syn/V-2023.12-SP2/auxx/tcllib/lib/iwidgets4.1/iwidgets.tcl
/pkgs/synopsys/current/design_compiler/syn/V-2023.12-SP2/auxx/gui/common/schematic/base.tcl
/pkgs/synopsys/current/design_compiler/syn/V-2023.12-SP2/auxx/gui/common/select/baseInternal.tcl
/pkgs/synopsys/current/design_compiler/syn/V-2023.12-SP2/auxx/gui/common/schematic/enable.tcl
/pkgs/synopsys/current/design_compiler/syn/V-2023.12-SP2/auxx/gui/common/schematic/netlist.tcl
/pkgs/synopsys/current/design_compiler/syn/V-2023.12-SP2/auxx/gui/common/schematic/method.tcl
/pkgs/synopsys/current/design_compiler/syn/V-2023.12-SP2/auxx/gui/common/misc/createViewType.tcl
/pkgs/synopsys/current/design_compiler/syn/V-2023.12-SP2/auxx/gui/common/misc/GuiMenuEnable.tcl
/pkgs/synopsys/current/design_compiler/syn/V-2023.12-SP2/auxx/gui/common/view/view_status.tcl
/pkgs/synopsys/current/design_compiler/syn/V-2023.12-SP2/auxx/gui/common/menus/base.tcl
/pkgs/synopsys/current/design_compiler/syn/V-2023.12-SP2/auxx/gui/common/misc/viewmgr.tcl
/pkgs/synopsys/current/design_compiler/syn/V-2023.12-SP2/auxx/gui/common/misc/viewporthistory.tcl
/pkgs/synopsys/current/design_compiler/syn/V-2023.12-SP2/auxx/gui/common/misc/infotip.tcl
/pkgs/synopsys/current/design_compiler/syn/V-2023.12-SP2/auxx/gui/common/timing/base.tcl
/pkgs/synopsys/current/design_compiler/syn/V-2023.12-SP2/auxx/gui/common/acg/base.tcl
/pkgs/synopsys/current/design_compiler/syn/V-2023.12-SP2/auxx/gui/dv/dv_path_cat_view.tcl
/pkgs/synopsys/current/design_compiler/syn/V-2023.12-SP2/auxx/gui/common/table/table.tcl
/pkgs/synopsys/current/design_compiler/syn/V-2023.12-SP2/auxx/gui/common/table/table_internal.tcl
/pkgs/synopsys/current/design_compiler/syn/V-2023.12-SP2/auxx/gui/common/layout/colSrv.tcl
/pkgs/synopsys/current/design_compiler/syn/V-2023.12-SP2/auxx/gui/common/layout/layout.tcl
/pkgs/synopsys/current/design_compiler/syn/V-2023.12-SP2/auxx/gui/common/layout/snpsLayoutTools.tcl
/pkgs/synopsys/current/design_compiler/syn/V-2023.12-SP2/auxx/gui/common/layout/snpsMM.tcl
/pkgs/synopsys/current/design_compiler/syn/V-2023.12-SP2/auxx/gui/common/layout/snpsVM.tcl
/pkgs/synopsys/current/design_compiler/syn/V-2023.12-SP2/auxx/gui/common/layout/map_report.tcl
/pkgs/synopsys/current/design_compiler/syn/V-2023.12-SP2/auxx/gui/common/propertyEditor/base.tcl
/u/nmallebo/ECE530-2024-SPRING/finalprj-group4/syn/scripts/ORCA_TOP_test_occ.tcl
/u/nmallebo/ECE530-2024-SPRING/finalprj-group4/syn/outputs/ORCA_TOP.dct.predft.upf
/u/nmallebo/ECE530-2024-SPRING/finalprj-group4/syn/outputs/ORCA_TOP_DFT_clk_mux_0.v
/u/nmallebo/ECE530-2024-SPRING/finalprj-group4/syn/outputs/ORCA_TOP_DFT_clk_mux_0.v
/u/nmallebo/ECE530-2024-SPRING/finalprj-group4/syn/outputs/ORCA_TOP_DFT_clk_chain_0.v
/u/nmallebo/ECE530-2024-SPRING/finalprj-group4/syn/outputs/ORCA_TOP_DFT_clk_chain_0.v
/u/nmallebo/ECE530-2024-SPRING/finalprj-group4/syn/outputs/ORCA_TOP_DFT_clk_mux_1.v
/u/nmallebo/ECE530-2024-SPRING/finalprj-group4/syn/outputs/ORCA_TOP_DFT_clk_mux_1.v
/u/nmallebo/ECE530-2024-SPRING/finalprj-group4/syn/outputs/ORCA_TOP_DFT_clk_chain_1.v
/u/nmallebo/ECE530-2024-SPRING/finalprj-group4/syn/outputs/ORCA_TOP_DFT_clk_chain_1.v
/pkgs/synopsys/2020/32_28nm/SAED32_EDK/lib/stdcell_rvt/db_nldm/saed32rvt_ss0p95vn40c.db
/u/nmallebo/ECE530-2024-SPRING/finalprj-group4/syn/outputs/alib-52/saed32rvt_ss0p95vn40c.db.alib
/pkgs/synopsys/2020/32_28nm/SAED32_EDK/lib/stdcell_rvt/db_nldm/saed32rvt_ss0p75vn40c.db
/u/nmallebo/ECE530-2024-SPRING/finalprj-group4/syn/outputs/alib-52/saed32rvt_ss0p75vn40c.db.alib
/pkgs/synopsys/2020/32_28nm/SAED32_EDK/lib/stdcell_rvt/db_nldm/saed32rvt_ss0p95vn40c.db
/u/nmallebo/ECE530-2024-SPRING/finalprj-group4/syn/outputs/alib-52/saed32rvt_ss0p95vn40c.db.alib
/pkgs/synopsys/2020/32_28nm/SAED32_EDK/lib/stdcell_rvt/db_nldm/saed32rvt_ss0p75vn40c.db
/u/nmallebo/ECE530-2024-SPRING/finalprj-group4/syn/outputs/alib-52/saed32rvt_ss0p75vn40c.db.alib
/pkgs/synopsys/2020/32_28nm/SAED32_EDK/lib/stdcell_rvt/db_nldm/saed32rvt_ss0p75vn40c.db
/pkgs/synopsys/2020/32_28nm/SAED32_EDK/lib/stdcell_rvt/db_nldm/saed32rvt_dlvl_ss0p75vn40c_i0p95v.db
/pkgs/synopsys/2020/32_28nm/SAED32_EDK/lib/stdcell_rvt/db_nldm/saed32rvt_ulvl_ss0p75vn40c_i0p75v.db
/pkgs/synopsys/2020/32_28nm/SAED32_EDK/lib/stdcell_rvt/db_nldm/saed32rvt_dlvl_ss0p75vn40c_i0p75v.db
/pkgs/synopsys/2020/32_28nm/SAED32_EDK/lib/stdcell_rvt/db_nldm/saed32rvt_ss0p95vn40c.db
/pkgs/synopsys/2020/32_28nm/SAED32_EDK/lib/stdcell_rvt/db_nldm/saed32rvt_ulvl_ss0p95vn40c_i0p75v.db
/pkgs/synopsys/2020/32_28nm/SAED32_EDK/lib/stdcell_lvt/db_nldm/saed32lvt_ss0p75vn40c.db
/pkgs/synopsys/2020/32_28nm/SAED32_EDK/lib/stdcell_lvt/db_nldm/saed32lvt_dlvl_ss0p75vn40c_i0p95v.db
/pkgs/synopsys/2020/32_28nm/SAED32_EDK/lib/stdcell_lvt/db_nldm/saed32lvt_ulvl_ss0p75vn40c_i0p75v.db
/pkgs/synopsys/2020/32_28nm/SAED32_EDK/lib/stdcell_lvt/db_nldm/saed32lvt_dlvl_ss0p75vn40c_i0p75v.db
/pkgs/synopsys/2020/32_28nm/SAED32_EDK/lib/stdcell_lvt/db_nldm/saed32lvt_ss0p95vn40c.db
/pkgs/synopsys/2020/32_28nm/SAED32_EDK/lib/stdcell_lvt/db_nldm/saed32lvt_ulvl_ss0p95vn40c_i0p75v.db
/pkgs/synopsys/2020/32_28nm/SAED32_EDK/lib/stdcell_hvt/db_nldm/saed32hvt_ss0p75vn40c.db
/pkgs/synopsys/2020/32_28nm/SAED32_EDK/lib/stdcell_hvt/db_nldm/saed32hvt_dlvl_ss0p75vn40c_i0p95v.db
/pkgs/synopsys/2020/32_28nm/SAED32_EDK/lib/stdcell_hvt/db_nldm/saed32hvt_ulvl_ss0p75vn40c_i0p75v.db
/pkgs/synopsys/2020/32_28nm/SAED32_EDK/lib/stdcell_hvt/db_nldm/saed32hvt_dlvl_ss0p75vn40c_i0p75v.db
/pkgs/synopsys/2020/32_28nm/SAED32_EDK/lib/stdcell_hvt/db_nldm/saed32hvt_ss0p95vn40c.db
/pkgs/synopsys/2020/32_28nm/SAED32_EDK/lib/stdcell_hvt/db_nldm/saed32hvt_ulvl_ss0p95vn40c_i0p75v.db
/pkgs/synopsys/2020/32_28nm/SAED32_EDK/lib/sram/db_nldm/saed32sram_ss0p95vn40c.db
/pkgs/synopsys/2020/32_28nm/SAED32_EDK/lib/stdcell_rvt/db_nldm/saed32rvt_ss0p95vn40c.db
/u/nmallebo/ECE530-2024-SPRING/finalprj-group4/syn/outputs/alib-52/saed32rvt_ss0p95vn40c.db.alib
/pkgs/synopsys/2020/32_28nm/SAED32_EDK/lib/stdcell_rvt/db_nldm/saed32rvt_ss0p75vn40c.db
/u/nmallebo/ECE530-2024-SPRING/finalprj-group4/syn/outputs/alib-52/saed32rvt_ss0p75vn40c.db.alib
/pkgs/synopsys/2020/32_28nm/SAED32_EDK/lib/stdcell_rvt/db_nldm/saed32rvt_ss0p75vn40c.db
/pkgs/synopsys/2020/32_28nm/SAED32_EDK/lib/stdcell_rvt/db_nldm/saed32rvt_dlvl_ss0p75vn40c_i0p95v.db
/pkgs/synopsys/2020/32_28nm/SAED32_EDK/lib/stdcell_rvt/db_nldm/saed32rvt_ulvl_ss0p75vn40c_i0p75v.db
/pkgs/synopsys/2020/32_28nm/SAED32_EDK/lib/stdcell_rvt/db_nldm/saed32rvt_dlvl_ss0p75vn40c_i0p75v.db
/pkgs/synopsys/2020/32_28nm/SAED32_EDK/lib/stdcell_rvt/db_nldm/saed32rvt_ss0p95vn40c.db
/pkgs/synopsys/2020/32_28nm/SAED32_EDK/lib/stdcell_rvt/db_nldm/saed32rvt_ulvl_ss0p95vn40c_i0p75v.db
/pkgs/synopsys/2020/32_28nm/SAED32_EDK/lib/stdcell_lvt/db_nldm/saed32lvt_ss0p75vn40c.db
/pkgs/synopsys/2020/32_28nm/SAED32_EDK/lib/stdcell_lvt/db_nldm/saed32lvt_dlvl_ss0p75vn40c_i0p95v.db
/pkgs/synopsys/2020/32_28nm/SAED32_EDK/lib/stdcell_lvt/db_nldm/saed32lvt_ulvl_ss0p75vn40c_i0p75v.db
/pkgs/synopsys/2020/32_28nm/SAED32_EDK/lib/stdcell_lvt/db_nldm/saed32lvt_dlvl_ss0p75vn40c_i0p75v.db
/pkgs/synopsys/2020/32_28nm/SAED32_EDK/lib/stdcell_lvt/db_nldm/saed32lvt_ss0p95vn40c.db
/pkgs/synopsys/2020/32_28nm/SAED32_EDK/lib/stdcell_lvt/db_nldm/saed32lvt_ulvl_ss0p95vn40c_i0p75v.db
/pkgs/synopsys/2020/32_28nm/SAED32_EDK/lib/stdcell_hvt/db_nldm/saed32hvt_ss0p75vn40c.db
/pkgs/synopsys/2020/32_28nm/SAED32_EDK/lib/stdcell_hvt/db_nldm/saed32hvt_dlvl_ss0p75vn40c_i0p95v.db
/pkgs/synopsys/2020/32_28nm/SAED32_EDK/lib/stdcell_hvt/db_nldm/saed32hvt_ulvl_ss0p75vn40c_i0p75v.db
/pkgs/synopsys/2020/32_28nm/SAED32_EDK/lib/stdcell_hvt/db_nldm/saed32hvt_dlvl_ss0p75vn40c_i0p75v.db
/pkgs/synopsys/2020/32_28nm/SAED32_EDK/lib/stdcell_hvt/db_nldm/saed32hvt_ss0p95vn40c.db
/pkgs/synopsys/2020/32_28nm/SAED32_EDK/lib/stdcell_hvt/db_nldm/saed32hvt_ulvl_ss0p95vn40c_i0p75v.db
/pkgs/synopsys/2020/32_28nm/SAED32_EDK/lib/sram/db_nldm/saed32sram_ss0p95vn40c.db
/u/nmallebo/ECE530-2024-SPRING/finalprj-group4/syn/outputs/ORCA_TOP.dct.dft2.upf
/u/nmallebo/ECE530-2024-SPRING/finalprj-group4/syn/outputs/ORCA_TOP.dct.upf
