 ------------------------------------------------------------------------------------------------------------------------------------------------------- 
| Snapshot                | WNS                  | TNS                  | Density (%) | Hotspot                   | Resource               | DRVs       |
|                         | HEPG (ns) | ALL (ns) | HEPG (ns) | ALL (ns) |             | Max (bins) | Total (bins) | Real (s) | Memory (MB) | Tran | Cap |
|-------------------------+-----------+----------+-----------+----------+-------------+------------+--------------+----------+-------------+------+-----|
| initial_summary         |           |   -0.846 |           |       -5 |       48.86 |            |              | 0:00:13  |        4888 |   43 |  46 |
| route_type_refinement   |           |          |           |          |             |            |              | 0:00:04  |        4995 |      |     |
| simplify_netlist        |           |          |           |          |             |            |              | 0:00:05  |        4996 |      |     |
| excluded_clk_net_fixing |           |          |           |          |             |            |              | 0:00:00  |        4996 |      |     |
| drv_fixing              |     0.000 |   -0.846 |         0 |       -1 |       49.04 |            |              | 0:00:13  |        5154 |    8 |   4 |
| global_opt              |           |   -0.531 |           |       -1 |       49.04 |            |              | 0:00:07  |        5203 |      |     |
| global_opt_2            |           |   -0.531 |           |       -1 |       49.04 |            |              | 0:00:09  |        5222 |      |     |
| area_reclaiming         |     0.000 |   -0.531 |         0 |       -1 |       48.98 |            |              | 0:00:15  |        5216 |      |     |
| wns_fixing              |    -0.481 |   -0.498 |        -0 |       -0 |       48.98 |            |              | 0:00:39  |        5849 |      |     |
| tns_fixing              |    -0.481 |   -0.498 |        -0 |       -0 |       48.98 |            |              | 0:00:06  |        5724 |      |     |
| area_reclaiming_2       |    -0.481 |   -0.481 |        -0 |       -0 |       48.98 |            |              | 0:00:14  |        5268 |      |     |
| local_wire_reclaim      |           |          |           |          |             |            |              | 0:01:19  |        5271 |      |     |
| global_route            |           |          |           |          |             |       0.00 |         0.00 | 0:00:09  |        5072 |      |     |
| route_type_refinement_2 |           |          |           |          |             |            |              | 0:00:01  |        5072 |      |     |
| drv_eco_fixing          |    -0.483 |   -0.483 |        -0 |       -0 |       49.02 |            |              | 0:00:07  |        5278 |    8 |   4 |
| tns_eco_fixing          |    -0.483 |   -0.483 |        -0 |       -0 |       49.02 |            |              | 0:00:05  |        5793 |      |     |
| tns_eco_fixing_2        |    -0.483 |   -0.483 |        -0 |       -0 |       49.02 |            |              | 0:00:05  |        5717 |      |     |
| final_summary           |    -0.483 |   -0.483 |           |       -0 |       48.89 |      32.20 |        33.51 | 0:00:13  |        5217 |    0 |   0 |
 ------------------------------------------------------------------------------------------------------------------------------------------------------- 
