 ------------------------------------------------------------------------------------------------------------------------------------------------------- 
| Snapshot                | WNS                  | TNS                  | Density (%) | Hotspot                   | Resource               | DRVs       |
|                         | HEPG (ns) | ALL (ns) | HEPG (ns) | ALL (ns) |             | Max (bins) | Total (bins) | Real (s) | Memory (MB) | Tran | Cap |
|-------------------------+-----------+----------+-----------+----------+-------------+------------+--------------+----------+-------------+------+-----|
| initial_summary         |           |   -0.846 |           |       -5 |       48.86 |            |              | 0:00:11  |        4887 |   43 |  46 |
| route_type_refinement   |           |          |           |          |             |            |              | 0:00:03  |        4995 |      |     |
| simplify_netlist        |           |          |           |          |             |            |              | 0:00:04  |        4994 |      |     |
| excluded_clk_net_fixing |           |          |           |          |             |            |              | 0:00:00  |        4994 |      |     |
| drv_fixing              |     0.000 |   -0.846 |         0 |       -1 |       49.04 |            |              | 0:00:11  |        5153 |    8 |   4 |
| global_opt              |           |   -0.531 |           |       -1 |       49.04 |            |              | 0:00:06  |        5205 |      |     |
| global_opt_2            |           |   -0.531 |           |       -1 |       49.04 |            |              | 0:00:08  |        5217 |      |     |
| area_reclaiming         |     0.000 |   -0.531 |         0 |       -1 |       48.98 |            |              | 0:00:14  |        5221 |      |     |
| wns_fixing              |    -0.481 |   -0.498 |        -0 |       -0 |       48.98 |            |              | 0:00:35  |        5846 |      |     |
| tns_fixing              |    -0.481 |   -0.498 |        -0 |       -0 |       48.98 |            |              | 0:00:05  |        5716 |      |     |
| area_reclaiming_2       |    -0.481 |   -0.481 |        -0 |       -0 |       48.98 |            |              | 0:00:12  |        5256 |      |     |
| local_wire_reclaim      |           |          |           |          |             |            |              | 0:01:10  |        5267 |      |     |
| global_route            |           |          |           |          |             |       0.00 |         0.00 | 0:00:08  |        5073 |      |     |
| route_type_refinement_2 |           |          |           |          |             |            |              | 0:00:01  |        5073 |      |     |
| drv_eco_fixing          |    -0.483 |   -0.483 |        -0 |       -0 |       49.02 |            |              | 0:00:07  |        5269 |    8 |   4 |
| tns_eco_fixing          |    -0.483 |   -0.483 |        -0 |       -0 |       49.02 |            |              | 0:00:04  |        5781 |      |     |
| tns_eco_fixing_2        |    -0.483 |   -0.483 |        -0 |       -0 |       49.02 |            |              | 0:00:04  |        5705 |      |     |
| final_summary           |    -0.483 |   -0.483 |           |       -0 |       48.89 |      32.20 |        33.51 | 0:00:13  |        5202 |    0 |   0 |
 ------------------------------------------------------------------------------------------------------------------------------------------------------- 
