 ------------------------------------------------------------------------------------------------------------------------------------------------------- 
| Snapshot                | WNS                  | TNS                  | Density (%) | Hotspot                   | Resource               | DRVs       |
|                         | HEPG (ns) | ALL (ns) | HEPG (ns) | ALL (ns) |             | Max (bins) | Total (bins) | Real (s) | Memory (MB) | Tran | Cap |
|-------------------------+-----------+----------+-----------+----------+-------------+------------+--------------+----------+-------------+------+-----|
| initial_summary         |           |   -0.790 |           |       -6 |       48.86 |            |              | 0:00:11  |        4875 |   44 |  48 |
| route_type_refinement   |           |          |           |          |             |            |              | 0:00:04  |        4983 |      |     |
| simplify_netlist        |           |          |           |          |             |            |              | 0:00:03  |        4984 |      |     |
| excluded_clk_net_fixing |           |          |           |          |             |            |              | 0:00:01  |        4984 |      |     |
| drv_fixing              |     0.000 |   -0.789 |         0 |       -1 |       49.04 |            |              | 0:00:11  |        5145 |    8 |   3 |
| global_opt              |           |   -0.485 |           |       -0 |       49.04 |            |              | 0:00:06  |        5198 |      |     |
| global_opt_2            |           |   -0.485 |           |       -0 |       49.04 |            |              | 0:00:08  |        5210 |      |     |
| area_reclaiming         |     0.000 |   -0.485 |         0 |       -0 |       48.98 |            |              | 0:00:13  |        5205 |      |     |
| wns_fixing              |    -0.431 |   -0.448 |        -0 |       -0 |       48.98 |            |              | 0:00:34  |        5837 |      |     |
| tns_fixing              |    -0.431 |   -0.448 |        -0 |       -0 |       48.98 |            |              | 0:00:06  |        5704 |      |     |
| area_reclaiming_2       |    -0.431 |   -0.431 |        -0 |       -0 |       48.98 |            |              | 0:00:12  |        5247 |      |     |
| local_wire_reclaim      |           |          |           |          |             |            |              | 0:01:11  |        5261 |      |     |
| global_route            |           |          |           |          |             |       0.26 |         0.26 | 0:00:08  |        5066 |      |     |
| route_type_refinement_2 |           |          |           |          |             |            |              | 0:00:01  |        5066 |      |     |
| drv_eco_fixing          |    -0.433 |   -0.433 |        -0 |       -0 |       49.01 |            |              | 0:00:07  |        5244 |    8 |   3 |
| tns_eco_fixing          |    -0.433 |   -0.433 |        -0 |       -0 |       49.01 |            |              | 0:00:04  |        5757 |      |     |
| tns_eco_fixing_2        |    -0.433 |   -0.433 |        -0 |       -0 |       49.01 |            |              | 0:00:04  |        5683 |      |     |
| final_summary           |    -0.433 |   -0.433 |           |       -0 |       48.88 |      12.98 |        14.82 | 0:00:13  |        5200 |    0 |   0 |
 ------------------------------------------------------------------------------------------------------------------------------------------------------- 
