 ------------------------------------------------------------------------------------------------------------------------------------------------------- 
| Snapshot                | WNS                  | TNS                  | Density (%) | Hotspot                   | Resource               | DRVs       |
|                         | HEPG (ns) | ALL (ns) | HEPG (ns) | ALL (ns) |             | Max (bins) | Total (bins) | Real (s) | Memory (MB) | Tran | Cap |
|-------------------------+-----------+----------+-----------+----------+-------------+------------+--------------+----------+-------------+------+-----|
| initial_summary         |           |   -0.863 |           |       -8 |       48.85 |            |              | 0:00:13  |        4896 |   47 |  51 |
| route_type_refinement   |           |          |           |          |             |            |              | 0:00:04  |        4997 |      |     |
| simplify_netlist        |           |          |           |          |             |            |              | 0:00:05  |        4997 |      |     |
| excluded_clk_net_fixing |           |          |           |          |             |            |              | 0:00:01  |        4997 |      |     |
| drv_fixing              |     0.000 |   -0.863 |         0 |       -1 |       49.05 |            |              | 0:00:14  |        5170 |    8 |   5 |
| global_opt              |           |   -0.547 |           |       -1 |       49.05 |            |              | 0:00:08  |        5217 |      |     |
| global_opt_2            |           |   -0.547 |           |       -1 |       49.05 |            |              | 0:00:10  |        5232 |      |     |
| area_reclaiming         |     0.000 |   -0.547 |         0 |       -1 |       48.98 |            |              | 0:00:16  |        5230 |      |     |
| wns_fixing              |    -0.501 |   -0.518 |        -1 |       -1 |       48.98 |            |              | 0:00:47  |        5828 |      |     |
| tns_fixing              |    -0.501 |   -0.518 |        -1 |       -1 |       48.98 |            |              | 0:00:07  |        5704 |      |     |
| area_reclaiming_2       |    -0.501 |   -0.501 |        -1 |       -1 |       48.98 |            |              | 0:00:17  |        5246 |      |     |
| local_wire_reclaim      |           |          |           |          |             |            |              | 0:01:38  |        5260 |      |     |
| global_route            |           |          |           |          |             |       0.00 |         0.00 | 0:00:11  |        5068 |      |     |
| route_type_refinement_2 |           |          |           |          |             |            |              | 0:00:00  |        5068 |      |     |
| drv_eco_fixing          |    -0.502 |   -0.502 |        -1 |       -1 |       49.02 |            |              | 0:00:10  |        5266 |    8 |   5 |
| tns_eco_fixing          |    -0.502 |   -0.502 |        -1 |       -1 |       49.02 |            |              | 0:00:06  |        5780 |      |     |
| tns_eco_fixing_2        |    -0.502 |   -0.502 |        -1 |       -1 |       49.02 |            |              | 0:00:06  |        5704 |      |     |
| final_summary           |    -0.502 |   -0.502 |           |       -1 |       48.89 |      24.07 |        25.64 | 0:00:20  |        5212 |    0 |   0 |
 ------------------------------------------------------------------------------------------------------------------------------------------------------- 
