Warning: Clock groups with same clocks are already set. (UITE-318)
 ( func_fastslow func_slowfast test_best test_fastslow test_slowfast test_worst )
Warning: Converting clock object 'SD_DDR_CLK' from ideal to propagated. (UITE-315)
 ( func_fastslow func_slowfast test_best test_fastslow test_slowfast test_worst )
Warning: Converting clock object 'SD_DDR_CLKn' from ideal to propagated. (UITE-315)
 ( func_fastslow func_slowfast test_best test_fastslow test_slowfast test_worst )
Warning: Converting clock object 'SYS_CLK' from ideal to propagated. (UITE-315)
 ( func_fastslow func_slowfast test_best test_fastslow test_slowfast test_worst )
Warning: Creating virtual clock named 'v_PCI_CLK' with no sources. (UITE-121)
 ( func_fastslow func_max func_min func_slowfast test_best test_fastslow test_slowfast test_worst )
Warning: Creating virtual clock named 'v_SDRAM_CLK' with no sources. (UITE-121)
 ( func_fastslow func_max func_min func_slowfast test_best test_fastslow test_slowfast test_worst )
Warning: Failed to compute the falling RC network delay from the pin 'HFSBUF_27_344/Y' to the pin 'I_RISC_CORE/I_STACK_TOP_I1_STACK_MEM_Stack_Mem_reg_5__2_/SI' in the network 'HFSNET_43'. (RC-005)
 ( func_max func_slowfast test_slowfast test_worst )
Warning: Failed to compute the falling RC network delay from the pin 'HFSBUF_34_544/Y' to the pin 'I_RISC_CORE/I_INSTRN_LAT_Crnt_Instrn_2_reg_2_/D' in the network 'HFSNET_104'. (RC-005)
 ( func_max func_slowfast test_slowfast test_worst )
Warning: Failed to compute the falling RC network delay from the pin 'HFSBUF_49_592/Y' to the pin 'I_PARSER/U673/A1' in the network 'HFSNET_120'. (RC-005)
 ( func_max func_slowfast test_slowfast test_worst )
Warning: Failed to compute the falling RC network delay from the pin 'HFSBUF_49_592/Y' to the pin 'I_RISC_CORE/I_INSTRN_LAT_Crnt_Instrn_2_reg_5_/D' in the network 'HFSNET_120'. (RC-005)
 ( func_max func_slowfast test_slowfast test_worst )
Warning: Failed to compute the falling RC network delay from the pin 'HFSINV_149_835/Y' to the pin 'I_BLENDER_0/U5264/A4' in the network 'HFSNET_130'. (RC-005)
 ( test_slowfast )
Warning: Failed to compute the falling RC network delay from the pin 'HFSINV_149_835/Y' to the pin 'I_BLENDER_0/U5563/A6' in the network 'HFSNET_130'. (RC-005)
 ( test_slowfast )
Warning: Failed to compute the falling RC network delay from the pin 'HFSINV_149_835/Y' to the pin 'I_BLENDER_1/U5801/A6' in the network 'HFSNET_130'. (RC-005)
 ( test_slowfast )
Warning: Failed to compute the falling RC network delay from the pin 'HFSINV_149_835/Y' to the pin 'I_BLENDER_1/U5803/A4' in the network 'HFSNET_130'. (RC-005)
 ( test_slowfast )
Warning: Failed to compute the falling RC network delay from the pin 'HFSINV_149_835/Y' to the pin 'I_RISC_CORE/I_INSTRN_LAT_Crnt_Instrn_2_reg_31_/D' in the network 'HFSNET_130'. (RC-005)
 ( test_slowfast )
Warning: Failed to compute the falling RC network delay from the pin 'HFSINV_149_835/Y' to the pin 'U420/A2' in the network 'HFSNET_130'. (RC-005)
 ( test_slowfast )
Warning: Failed to compute the falling RC network delay from the pin 'HFSINV_155_857/Y' to the pin 'I_BLENDER_0/U5256/A4' in the network 'HFSNET_141'. (RC-005)
 ( test_worst )
Warning: Failed to compute the falling RC network delay from the pin 'HFSINV_155_857/Y' to the pin 'I_BLENDER_0/U5565/A6' in the network 'HFSNET_141'. (RC-005)
 ( test_worst )
Warning: Failed to compute the falling RC network delay from the pin 'HFSINV_155_857/Y' to the pin 'I_BLENDER_1/U6144/A6' in the network 'HFSNET_141'. (RC-005)
 ( test_worst )
Warning: Failed to compute the falling RC network delay from the pin 'HFSINV_155_857/Y' to the pin 'I_BLENDER_1/U6146/A4' in the network 'HFSNET_141'. (RC-005)
 ( test_worst )
Warning: Failed to compute the falling RC network delay from the pin 'HFSINV_155_857/Y' to the pin 'I_RISC_CORE/I_INSTRN_LAT_Crnt_Instrn_2_reg_29_/D' in the network 'HFSNET_141'. (RC-005)
 ( test_worst )
Warning: Failed to compute the falling RC network delay from the pin 'HFSINV_155_857/Y' to the pin 'U425/A2' in the network 'HFSNET_141'. (RC-005)
 ( test_worst )
Warning: Failed to compute the falling RC network delay from the pin 'I_PARSER/HFSBUF_42_542/Y' to the pin 'I_PARSER/out_bus_reg_6_/SI' in the network 'net_parser_risc_Instrn_lo[1]'. (RC-005)
 ( func_max func_slowfast test_slowfast test_worst )
Warning: Failed to compute the falling RC network delay from the pin 'I_PARSER/HFSBUF_42_542/Y' to the pin 'I_RISC_CORE/I_INSTRN_LAT_Crnt_Instrn_2_reg_1_/D' in the network 'net_parser_risc_Instrn_lo[1]'. (RC-005)
 ( func_max func_slowfast test_slowfast test_worst )
Warning: Failed to compute the falling RC network delay from the pin 'I_PARSER/HFSBUF_57_545/Y' to the pin 'I_PARSER/i_reg_reg_13_/SI' in the network 'net_parser_risc_Instrn_lo[3]'. (RC-005)
 ( func_max func_slowfast test_slowfast test_worst )
Warning: Failed to compute the falling RC network delay from the pin 'I_PARSER/HFSBUF_57_545/Y' to the pin 'I_RISC_CORE/I_INSTRN_LAT_Crnt_Instrn_2_reg_3_/D' in the network 'net_parser_risc_Instrn_lo[3]'. (RC-005)
 ( func_max func_slowfast test_slowfast test_worst )
Warning: Failed to compute the falling RC network delay from the pin 'I_PARSER/HFSBUF_57_546/Y' to the pin 'I_PARSER/out_bus_reg_2_/SI' in the network 'net_parser_risc_Instrn_lo[6]'. (RC-005)
 ( func_max func_slowfast test_slowfast test_worst )
Warning: Failed to compute the falling RC network delay from the pin 'I_PARSER/HFSBUF_57_546/Y' to the pin 'I_RISC_CORE/I_INSTRN_LAT_Crnt_Instrn_2_reg_6_/D' in the network 'net_parser_risc_Instrn_lo[6]'. (RC-005)
 ( func_max func_slowfast test_slowfast test_worst )
Warning: Failed to compute the falling RC network delay from the pin 'I_PARSER/HFSBUF_57_670/Y' to the pin 'I_PARSER/out_bus_reg_0_/SI' in the network 'net_parser_risc_Instrn_lo[7]'. (RC-005)
 ( func_max func_slowfast test_slowfast test_worst )
Warning: Failed to compute the falling RC network delay from the pin 'I_PARSER/HFSBUF_57_670/Y' to the pin 'I_RISC_CORE/I_INSTRN_LAT_Crnt_Instrn_2_reg_7_/D' in the network 'net_parser_risc_Instrn_lo[7]'. (RC-005)
 ( func_max func_slowfast test_slowfast test_worst )
Warning: Failed to compute the falling RC network delay from the pin 'I_PARSER/HFSBUF_93_669/Y' to the pin 'I_PARSER/U797/A2' in the network 'net_parser_risc_Instrn_lo[4]'. (RC-005)
 ( func_max func_slowfast test_slowfast test_worst )
Warning: Failed to compute the falling RC network delay from the pin 'I_PARSER/HFSBUF_93_669/Y' to the pin 'I_PARSER/out_bus_reg_7_/SI' in the network 'net_parser_risc_Instrn_lo[4]'. (RC-005)
 ( func_max func_slowfast test_slowfast test_worst )
Warning: Failed to compute the falling RC network delay from the pin 'I_PARSER/HFSBUF_93_669/Y' to the pin 'I_RISC_CORE/I_INSTRN_LAT_Crnt_Instrn_2_reg_4_/D' in the network 'net_parser_risc_Instrn_lo[4]'. (RC-005)
 ( func_max func_slowfast test_slowfast test_worst )
Warning: Failed to compute the falling RC network delay from the pin 'U569/Y' to the pin 'I_RISC_CORE/I_PRGRM_CNT_TOP_I_PRGRM_CNT_PCint_reg_1_/RSTB' in the network 'n584'. (RC-005)
 ( func_max func_slowfast )
Warning: Failed to compute the falling RC network delay from the pin 'U569/Y' to the pin 'I_RISC_CORE/I_PRGRM_CNT_TOP_I_PRGRM_CNT_PCint_reg_2_/RSTB' in the network 'n584'. (RC-005)
 ( func_max func_slowfast )
Warning: Failed to compute the falling RC network delay from the pin 'U569/Y' to the pin 'I_RISC_CORE/I_PRGRM_CNT_TOP_I_PRGRM_CNT_PCint_reg_3_/RSTB' in the network 'n584'. (RC-005)
 ( func_max func_slowfast )
Warning: Failed to compute the falling RC network delay from the pin 'U569/Y' to the pin 'I_RISC_CORE/I_PRGRM_CNT_TOP_I_PRGRM_CNT_PCint_reg_4_/RSTB' in the network 'n584'. (RC-005)
 ( func_max func_slowfast )
Warning: Failed to compute the falling RC network delay from the pin 'U569/Y' to the pin 'I_RISC_CORE/I_PRGRM_CNT_TOP_I_PRGRM_CNT_PCint_reg_7_/RSTB' in the network 'n584'. (RC-005)
 ( func_max func_slowfast )
Warning: Failed to compute the falling RC network delay from the pin 'U831/Y' to the pin 'I_RISC_CORE/I_INSTRN_LAT_Crnt_Instrn_2_reg_0_/D' in the network 'n1303'. (RC-005)
 ( func_max func_slowfast test_slowfast test_worst )
Warning: Failed to compute the falling RC network delay from the pin 'occ_int2/U3/Y' to the pin 'I_CLOCKING/ctosc_gls_inst_5899/A' in the network 'n1039'. (RC-005)
 ( func_max func_slowfast test_slowfast test_worst )
Warning: Failed to compute the falling RC network delay from the pin 'occ_int2/U3/Y' to the pin 'I_RISC_CORE/ZCTSBUF_3599_5616/A' in the network 'n1039'. (RC-005)
 ( func_max func_slowfast test_slowfast test_worst )
Warning: Failed to compute the rising RC network delay from the pin 'HFSBUF_27_344/Y' to the pin 'I_RISC_CORE/I_STACK_TOP_I1_STACK_MEM_Stack_Mem_reg_5__2_/SI' in the network 'HFSNET_43'. (RC-005)
 ( func_max func_slowfast test_slowfast test_worst )
Warning: Failed to compute the rising RC network delay from the pin 'HFSBUF_34_544/Y' to the pin 'I_RISC_CORE/I_INSTRN_LAT_Crnt_Instrn_2_reg_2_/D' in the network 'HFSNET_104'. (RC-005)
 ( func_max func_slowfast test_slowfast test_worst )
Warning: Failed to compute the rising RC network delay from the pin 'HFSBUF_49_592/Y' to the pin 'I_PARSER/U673/A1' in the network 'HFSNET_120'. (RC-005)
 ( func_max func_slowfast test_slowfast test_worst )
Warning: Failed to compute the rising RC network delay from the pin 'HFSBUF_49_592/Y' to the pin 'I_RISC_CORE/I_INSTRN_LAT_Crnt_Instrn_2_reg_5_/D' in the network 'HFSNET_120'. (RC-005)
 ( func_max func_slowfast test_slowfast test_worst )
Warning: Failed to compute the rising RC network delay from the pin 'HFSINV_149_835/Y' to the pin 'I_BLENDER_0/U5264/A4' in the network 'HFSNET_130'. (RC-005)
 ( test_slowfast )
Warning: Failed to compute the rising RC network delay from the pin 'HFSINV_149_835/Y' to the pin 'I_BLENDER_0/U5563/A6' in the network 'HFSNET_130'. (RC-005)
 ( test_slowfast )
Warning: Failed to compute the rising RC network delay from the pin 'HFSINV_149_835/Y' to the pin 'I_BLENDER_1/U5801/A6' in the network 'HFSNET_130'. (RC-005)
 ( test_slowfast test_worst )
Warning: Failed to compute the rising RC network delay from the pin 'HFSINV_149_835/Y' to the pin 'I_BLENDER_1/U5803/A4' in the network 'HFSNET_130'. (RC-005)
 ( test_slowfast )
Warning: Failed to compute the rising RC network delay from the pin 'HFSINV_149_835/Y' to the pin 'I_RISC_CORE/I_INSTRN_LAT_Crnt_Instrn_2_reg_31_/D' in the network 'HFSNET_130'. (RC-005)
 ( test_slowfast test_worst )
Warning: Failed to compute the rising RC network delay from the pin 'HFSINV_149_835/Y' to the pin 'U420/A2' in the network 'HFSNET_130'. (RC-005)
 ( test_slowfast )
Warning: Failed to compute the rising RC network delay from the pin 'HFSINV_149_851/Y' to the pin 'I_BLENDER_0/U5820/A6' in the network 'HFSNET_138'. (RC-005)
 ( test_slowfast )
Warning: Failed to compute the rising RC network delay from the pin 'HFSINV_149_851/Y' to the pin 'I_BLENDER_1/U5752/A4' in the network 'HFSNET_138'. (RC-005)
 ( test_slowfast )
Warning: Failed to compute the rising RC network delay from the pin 'HFSINV_149_851/Y' to the pin 'I_BLENDER_1/U5810/A5' in the network 'HFSNET_138'. (RC-005)
 ( test_slowfast )
Warning: Failed to compute the rising RC network delay from the pin 'HFSINV_149_851/Y' to the pin 'I_RISC_CORE/I_INSTRN_LAT_Crnt_Instrn_2_reg_28_/D' in the network 'HFSNET_138'. (RC-005)
 ( test_slowfast )
Warning: Failed to compute the rising RC network delay from the pin 'HFSINV_155_857/Y' to the pin 'I_BLENDER_0/U5256/A4' in the network 'HFSNET_141'. (RC-005)
 ( test_worst )
Warning: Failed to compute the rising RC network delay from the pin 'HFSINV_155_857/Y' to the pin 'I_BLENDER_0/U5565/A6' in the network 'HFSNET_141'. (RC-005)
 ( test_worst )
Warning: Failed to compute the rising RC network delay from the pin 'HFSINV_155_857/Y' to the pin 'I_BLENDER_1/U6144/A6' in the network 'HFSNET_141'. (RC-005)
 ( test_worst )
Warning: Failed to compute the rising RC network delay from the pin 'HFSINV_155_857/Y' to the pin 'I_BLENDER_1/U6146/A4' in the network 'HFSNET_141'. (RC-005)
 ( test_worst )
Warning: Failed to compute the rising RC network delay from the pin 'HFSINV_155_857/Y' to the pin 'I_RISC_CORE/I_INSTRN_LAT_Crnt_Instrn_2_reg_29_/D' in the network 'HFSNET_141'. (RC-005)
 ( test_worst )
Warning: Failed to compute the rising RC network delay from the pin 'HFSINV_155_857/Y' to the pin 'U425/A2' in the network 'HFSNET_141'. (RC-005)
 ( test_worst )
Warning: Failed to compute the rising RC network delay from the pin 'HFSINV_207_845/Y' to the pin 'I_BLENDER_0/U5265/A4' in the network 'HFSNET_135'. (RC-005)
 ( test_worst )
Warning: Failed to compute the rising RC network delay from the pin 'HFSINV_207_845/Y' to the pin 'I_BLENDER_0/U5564/A6' in the network 'HFSNET_135'. (RC-005)
 ( test_slowfast test_worst )
Warning: Failed to compute the rising RC network delay from the pin 'HFSINV_207_845/Y' to the pin 'I_BLENDER_1/U5802/A4' in the network 'HFSNET_135'. (RC-005)
 ( test_slowfast test_worst )
Warning: Failed to compute the rising RC network delay from the pin 'HFSINV_207_845/Y' to the pin 'I_BLENDER_1/U6118/A6' in the network 'HFSNET_135'. (RC-005)
 ( test_slowfast test_worst )
Warning: Failed to compute the rising RC network delay from the pin 'HFSINV_207_845/Y' to the pin 'I_RISC_CORE/I_INSTRN_LAT_Crnt_Instrn_2_reg_30_/D' in the network 'HFSNET_135'. (RC-005)
 ( test_worst )
Warning: Failed to compute the rising RC network delay from the pin 'HFSINV_207_845/Y' to the pin 'U421/A2' in the network 'HFSNET_135'. (RC-005)
 ( test_worst )
Warning: Failed to compute the rising RC network delay from the pin 'I_PARSER/HFSBUF_42_542/Y' to the pin 'I_PARSER/out_bus_reg_6_/SI' in the network 'net_parser_risc_Instrn_lo[1]'. (RC-005)
 ( func_max func_slowfast test_slowfast test_worst )
Warning: Failed to compute the rising RC network delay from the pin 'I_PARSER/HFSBUF_42_542/Y' to the pin 'I_RISC_CORE/I_INSTRN_LAT_Crnt_Instrn_2_reg_1_/D' in the network 'net_parser_risc_Instrn_lo[1]'. (RC-005)
 ( func_max func_slowfast test_slowfast test_worst )
Warning: Failed to compute the rising RC network delay from the pin 'I_PARSER/HFSBUF_57_545/Y' to the pin 'I_PARSER/i_reg_reg_13_/SI' in the network 'net_parser_risc_Instrn_lo[3]'. (RC-005)
 ( func_max func_slowfast test_slowfast test_worst )
Warning: Failed to compute the rising RC network delay from the pin 'I_PARSER/HFSBUF_57_545/Y' to the pin 'I_RISC_CORE/I_INSTRN_LAT_Crnt_Instrn_2_reg_3_/D' in the network 'net_parser_risc_Instrn_lo[3]'. (RC-005)
 ( func_max func_slowfast test_slowfast test_worst )
Warning: Failed to compute the rising RC network delay from the pin 'I_PARSER/HFSBUF_57_546/Y' to the pin 'I_PARSER/out_bus_reg_2_/SI' in the network 'net_parser_risc_Instrn_lo[6]'. (RC-005)
 ( func_max func_slowfast test_slowfast test_worst )
Warning: Failed to compute the rising RC network delay from the pin 'I_PARSER/HFSBUF_57_546/Y' to the pin 'I_RISC_CORE/I_INSTRN_LAT_Crnt_Instrn_2_reg_6_/D' in the network 'net_parser_risc_Instrn_lo[6]'. (RC-005)
 ( func_max func_slowfast test_slowfast test_worst )
Warning: Failed to compute the rising RC network delay from the pin 'I_PARSER/HFSBUF_57_670/Y' to the pin 'I_PARSER/out_bus_reg_0_/SI' in the network 'net_parser_risc_Instrn_lo[7]'. (RC-005)
 ( func_max func_slowfast test_slowfast test_worst )
Warning: Failed to compute the rising RC network delay from the pin 'I_PARSER/HFSBUF_57_670/Y' to the pin 'I_RISC_CORE/I_INSTRN_LAT_Crnt_Instrn_2_reg_7_/D' in the network 'net_parser_risc_Instrn_lo[7]'. (RC-005)
 ( func_max func_slowfast test_slowfast test_worst )
Warning: Failed to compute the rising RC network delay from the pin 'I_PARSER/HFSBUF_93_669/Y' to the pin 'I_PARSER/U797/A2' in the network 'net_parser_risc_Instrn_lo[4]'. (RC-005)
 ( func_max func_slowfast test_slowfast test_worst )
Warning: Failed to compute the rising RC network delay from the pin 'I_PARSER/HFSBUF_93_669/Y' to the pin 'I_PARSER/out_bus_reg_7_/SI' in the network 'net_parser_risc_Instrn_lo[4]'. (RC-005)
 ( func_max func_slowfast test_slowfast test_worst )
Warning: Failed to compute the rising RC network delay from the pin 'I_PARSER/HFSBUF_93_669/Y' to the pin 'I_RISC_CORE/I_INSTRN_LAT_Crnt_Instrn_2_reg_4_/D' in the network 'net_parser_risc_Instrn_lo[4]'. (RC-005)
 ( func_max func_slowfast test_slowfast test_worst )
Warning: Failed to compute the rising RC network delay from the pin 'U569/Y' to the pin 'I_RISC_CORE/I_CONTROL_UseData_Imm_Or_ALU_reg/RSTB' in the network 'n584'. (RC-005)
 ( func_max func_slowfast )
Warning: Failed to compute the rising RC network delay from the pin 'U569/Y' to the pin 'I_RISC_CORE/I_CONTROL_UseData_Imm_Or_RegB_reg/RSTB' in the network 'n584'. (RC-005)
 ( func_max func_slowfast )
Warning: Failed to compute the rising RC network delay from the pin 'U569/Y' to the pin 'I_RISC_CORE/I_DATA_PATH_PSWL_Zro_reg/RSTB' in the network 'n584'. (RC-005)
 ( func_max func_slowfast )
Warning: Failed to compute the rising RC network delay from the pin 'U569/Y' to the pin 'I_RISC_CORE/I_PRGRM_CNT_TOP_I_PRGRM_CNT_PCint_reg_0_/RSTB' in the network 'n584'. (RC-005)
 ( func_max func_slowfast )
Warning: Failed to compute the rising RC network delay from the pin 'U569/Y' to the pin 'I_RISC_CORE/I_PRGRM_CNT_TOP_I_PRGRM_CNT_PCint_reg_1_/RSTB' in the network 'n584'. (RC-005)
 ( func_max func_slowfast )
Warning: Failed to compute the rising RC network delay from the pin 'U569/Y' to the pin 'I_RISC_CORE/I_PRGRM_CNT_TOP_I_PRGRM_CNT_PCint_reg_2_/RSTB' in the network 'n584'. (RC-005)
 ( func_max func_slowfast )
Warning: Failed to compute the rising RC network delay from the pin 'U569/Y' to the pin 'I_RISC_CORE/I_PRGRM_CNT_TOP_I_PRGRM_CNT_PCint_reg_3_/RSTB' in the network 'n584'. (RC-005)
 ( func_max func_slowfast )
Warning: Failed to compute the rising RC network delay from the pin 'U569/Y' to the pin 'I_RISC_CORE/I_PRGRM_CNT_TOP_I_PRGRM_CNT_PCint_reg_4_/RSTB' in the network 'n584'. (RC-005)
 ( func_max func_slowfast )
Warning: Failed to compute the rising RC network delay from the pin 'U569/Y' to the pin 'I_RISC_CORE/I_PRGRM_CNT_TOP_I_PRGRM_CNT_PCint_reg_5_/RSTB' in the network 'n584'. (RC-005)
 ( func_max func_slowfast )
Warning: Failed to compute the rising RC network delay from the pin 'U569/Y' to the pin 'I_RISC_CORE/I_PRGRM_CNT_TOP_I_PRGRM_CNT_PCint_reg_6_/RSTB' in the network 'n584'. (RC-005)
 ( func_max func_slowfast )
Warning: Failed to compute the rising RC network delay from the pin 'U569/Y' to the pin 'I_RISC_CORE/I_PRGRM_CNT_TOP_I_PRGRM_CNT_PCint_reg_7_/RSTB' in the network 'n584'. (RC-005)
 ( func_max func_slowfast )
Warning: Failed to compute the rising RC network delay from the pin 'U569/Y' to the pin 'I_RISC_CORE/I_PRGRM_CNT_TOP_I_PRGRM_FSM_Current_State_reg_0_/RSTB' in the network 'n584'. (RC-005)
 ( func_max func_slowfast )
Warning: Failed to compute the rising RC network delay from the pin 'U569/Y' to the pin 'I_RISC_CORE/I_PRGRM_CNT_TOP_I_PRGRM_FSM_Current_State_reg_1_/RSTB' in the network 'n584'. (RC-005)
 ( func_max func_slowfast )
Warning: Failed to compute the rising RC network delay from the pin 'U569/Y' to the pin 'I_RISC_CORE/I_PRGRM_CNT_TOP_I_PRGRM_FSM_Current_State_reg_2_/RSTB' in the network 'n584'. (RC-005)
 ( func_max func_slowfast )
Warning: Failed to compute the rising RC network delay from the pin 'U569/Y' to the pin 'I_RISC_CORE/I_STACK_TOP_I_STACK_FSM_Crnt_Stack_reg_0_/RSTB' in the network 'n584'. (RC-005)
 ( func_max func_slowfast )
Warning: Failed to compute the rising RC network delay from the pin 'U569/Y' to the pin 'I_RISC_CORE/I_STACK_TOP_I_STACK_FSM_Crnt_Stack_reg_1_/RSTB' in the network 'n584'. (RC-005)
 ( func_max func_slowfast )
Warning: Failed to compute the rising RC network delay from the pin 'U569/Y' to the pin 'I_RISC_CORE/I_STACK_TOP_I_STACK_FSM_STACK_FULL_reg/RSTB' in the network 'n584'. (RC-005)
 ( func_max func_slowfast )
Warning: Failed to compute the rising RC network delay from the pin 'U569/Y' to the pin 'I_RISC_CORE/I_STACK_TOP_I_STACK_FSM_TOS_int_reg_0_/RSTB' in the network 'n584'. (RC-005)
 ( func_max func_slowfast )
Warning: Failed to compute the rising RC network delay from the pin 'U569/Y' to the pin 'I_RISC_CORE/I_STACK_TOP_I_STACK_FSM_TOS_int_reg_1_/RSTB' in the network 'n584'. (RC-005)
 ( func_max func_slowfast )
Warning: Failed to compute the rising RC network delay from the pin 'U569/Y' to the pin 'I_RISC_CORE/I_STACK_TOP_I_STACK_FSM_TOS_int_reg_2_/RSTB' in the network 'n584'. (RC-005)
 ( func_max func_slowfast )
Warning: Failed to compute the rising RC network delay from the pin 'U569/Y' to the pin 'I_RISC_CORE/R_30/SETB' in the network 'n584'. (RC-005)
 ( func_max func_slowfast )
Warning: Failed to compute the rising RC network delay from the pin 'U569/Y' to the pin 'I_RISC_CORE/R_31/RSTB' in the network 'n584'. (RC-005)
 ( func_max func_slowfast )
Warning: Failed to compute the rising RC network delay from the pin 'U569/Y' to the pin 'I_RISC_CORE/R_32/RSTB' in the network 'n584'. (RC-005)
 ( func_max func_slowfast )
Warning: Failed to compute the rising RC network delay from the pin 'U831/Y' to the pin 'I_RISC_CORE/I_INSTRN_LAT_Crnt_Instrn_2_reg_0_/D' in the network 'n1303'. (RC-005)
 ( func_max func_slowfast test_slowfast test_worst )
Warning: Failed to compute the rising RC network delay from the pin 'occ_int2/U3/Y' to the pin 'I_CLOCKING/ctosc_gls_inst_5899/A' in the network 'n1039'. (RC-005)
 ( func_max func_slowfast test_slowfast test_worst )
Warning: Failed to compute the rising RC network delay from the pin 'occ_int2/U3/Y' to the pin 'I_RISC_CORE/ZCTSBUF_3599_5616/A' in the network 'n1039'. (RC-005)
 ( func_max func_slowfast test_slowfast test_worst )
Warning: No clock-gating check is inferred for clock PCI_CLK at pins occ_int2/U1/A2 and occ_int2/U1/A1 of cell occ_int2/U1. (PTE-060)
 ( test_best test_fastslow test_slowfast test_worst )
Warning: No clock-gating check is inferred for clock SDRAM_CLK at pins I_SDRAM_TOP/I_SDRAM_IF/U15551/A2 and I_SDRAM_TOP/I_SDRAM_IF/U15551/A1 of cell I_SDRAM_TOP/I_SDRAM_IF/U15551. (PTE-060)
 ( func_fastslow func_max func_min func_slowfast )
Warning: No clock-gating check is inferred for clock SDRAM_CLK at pins I_SDRAM_TOP/I_SDRAM_IF/U15551/A2 and I_SDRAM_TOP/I_SDRAM_IF/U15551/A3 of cell I_SDRAM_TOP/I_SDRAM_IF/U15551. (PTE-060)
 ( func_fastslow func_max func_min func_slowfast )
Warning: No clock-gating check is inferred for clock SDRAM_CLK at pins I_SDRAM_TOP/I_SDRAM_IF/U15551/A4 and I_SDRAM_TOP/I_SDRAM_IF/U15551/A1 of cell I_SDRAM_TOP/I_SDRAM_IF/U15551. (PTE-060)
 ( func_fastslow func_max func_min func_slowfast )
Warning: No clock-gating check is inferred for clock SDRAM_CLK at pins I_SDRAM_TOP/I_SDRAM_IF/U15551/A4 and I_SDRAM_TOP/I_SDRAM_IF/U15551/A3 of cell I_SDRAM_TOP/I_SDRAM_IF/U15551. (PTE-060)
 ( func_fastslow func_max func_min func_slowfast )
Warning: No clock-gating check is inferred for clock SDRAM_CLK at pins I_SDRAM_TOP/I_SDRAM_IF/U15552/A2 and I_SDRAM_TOP/I_SDRAM_IF/U15552/A1 of cell I_SDRAM_TOP/I_SDRAM_IF/U15552. (PTE-060)
 ( func_fastslow func_max func_min func_slowfast )
Warning: No clock-gating check is inferred for clock SDRAM_CLK at pins I_SDRAM_TOP/I_SDRAM_IF/U15552/A2 and I_SDRAM_TOP/I_SDRAM_IF/U15552/A3 of cell I_SDRAM_TOP/I_SDRAM_IF/U15552. (PTE-060)
 ( func_fastslow func_max func_min func_slowfast )
Warning: No clock-gating check is inferred for clock SDRAM_CLK at pins I_SDRAM_TOP/I_SDRAM_IF/U15552/A4 and I_SDRAM_TOP/I_SDRAM_IF/U15552/A1 of cell I_SDRAM_TOP/I_SDRAM_IF/U15552. (PTE-060)
 ( func_fastslow func_max func_min func_slowfast )
Warning: No clock-gating check is inferred for clock SDRAM_CLK at pins I_SDRAM_TOP/I_SDRAM_IF/U15552/A4 and I_SDRAM_TOP/I_SDRAM_IF/U15552/A3 of cell I_SDRAM_TOP/I_SDRAM_IF/U15552. (PTE-060)
 ( func_fastslow func_max func_min func_slowfast )
Warning: No clock-gating check is inferred for clock SDRAM_CLK at pins I_SDRAM_TOP/I_SDRAM_IF/U15553/A2 and I_SDRAM_TOP/I_SDRAM_IF/U15553/A1 of cell I_SDRAM_TOP/I_SDRAM_IF/U15553. (PTE-060)
 ( func_fastslow func_max func_min func_slowfast )
Warning: No clock-gating check is inferred for clock SDRAM_CLK at pins I_SDRAM_TOP/I_SDRAM_IF/U15553/A2 and I_SDRAM_TOP/I_SDRAM_IF/U15553/A3 of cell I_SDRAM_TOP/I_SDRAM_IF/U15553. (PTE-060)
 ( func_fastslow func_max func_min func_slowfast )
Warning: No clock-gating check is inferred for clock SDRAM_CLK at pins I_SDRAM_TOP/I_SDRAM_IF/U15553/A4 and I_SDRAM_TOP/I_SDRAM_IF/U15553/A1 of cell I_SDRAM_TOP/I_SDRAM_IF/U15553. (PTE-060)
 ( func_fastslow func_max func_min func_slowfast )
Warning: No clock-gating check is inferred for clock SDRAM_CLK at pins I_SDRAM_TOP/I_SDRAM_IF/U15553/A4 and I_SDRAM_TOP/I_SDRAM_IF/U15553/A3 of cell I_SDRAM_TOP/I_SDRAM_IF/U15553. (PTE-060)
 ( func_fastslow func_max func_min func_slowfast )
Warning: No clock-gating check is inferred for clock SDRAM_CLK at pins I_SDRAM_TOP/I_SDRAM_IF/U15554/A2 and I_SDRAM_TOP/I_SDRAM_IF/U15554/A1 of cell I_SDRAM_TOP/I_SDRAM_IF/U15554. (PTE-060)
 ( func_fastslow func_max func_min func_slowfast )
Warning: No clock-gating check is inferred for clock SDRAM_CLK at pins I_SDRAM_TOP/I_SDRAM_IF/U15554/A2 and I_SDRAM_TOP/I_SDRAM_IF/U15554/A3 of cell I_SDRAM_TOP/I_SDRAM_IF/U15554. (PTE-060)
 ( func_fastslow func_max func_min func_slowfast )
Warning: No clock-gating check is inferred for clock SDRAM_CLK at pins I_SDRAM_TOP/I_SDRAM_IF/U15554/A4 and I_SDRAM_TOP/I_SDRAM_IF/U15554/A1 of cell I_SDRAM_TOP/I_SDRAM_IF/U15554. (PTE-060)
 ( func_fastslow func_max func_min func_slowfast )
Warning: No clock-gating check is inferred for clock SDRAM_CLK at pins I_SDRAM_TOP/I_SDRAM_IF/U15554/A4 and I_SDRAM_TOP/I_SDRAM_IF/U15554/A3 of cell I_SDRAM_TOP/I_SDRAM_IF/U15554. (PTE-060)
 ( func_fastslow func_max func_min func_slowfast )
Warning: No clock-gating check is inferred for clock SDRAM_CLK at pins I_SDRAM_TOP/I_SDRAM_IF/U15556/A2 and I_SDRAM_TOP/I_SDRAM_IF/U15556/A1 of cell I_SDRAM_TOP/I_SDRAM_IF/U15556. (PTE-060)
 ( func_fastslow func_max func_min func_slowfast )
Warning: No clock-gating check is inferred for clock SDRAM_CLK at pins I_SDRAM_TOP/I_SDRAM_IF/U15556/A2 and I_SDRAM_TOP/I_SDRAM_IF/U15556/A3 of cell I_SDRAM_TOP/I_SDRAM_IF/U15556. (PTE-060)
 ( func_fastslow func_max func_min func_slowfast )
Warning: No clock-gating check is inferred for clock SDRAM_CLK at pins I_SDRAM_TOP/I_SDRAM_IF/U15556/A4 and I_SDRAM_TOP/I_SDRAM_IF/U15556/A1 of cell I_SDRAM_TOP/I_SDRAM_IF/U15556. (PTE-060)
 ( func_fastslow func_max func_min func_slowfast )
Warning: No clock-gating check is inferred for clock SDRAM_CLK at pins I_SDRAM_TOP/I_SDRAM_IF/U15556/A4 and I_SDRAM_TOP/I_SDRAM_IF/U15556/A3 of cell I_SDRAM_TOP/I_SDRAM_IF/U15556. (PTE-060)
 ( func_fastslow func_max func_min func_slowfast )
Warning: No clock-gating check is inferred for clock SDRAM_CLK at pins I_SDRAM_TOP/I_SDRAM_IF/U15557/A2 and I_SDRAM_TOP/I_SDRAM_IF/U15557/A1 of cell I_SDRAM_TOP/I_SDRAM_IF/U15557. (PTE-060)
 ( func_fastslow func_max func_min func_slowfast )
Warning: No clock-gating check is inferred for clock SDRAM_CLK at pins I_SDRAM_TOP/I_SDRAM_IF/U15557/A2 and I_SDRAM_TOP/I_SDRAM_IF/U15557/A3 of cell I_SDRAM_TOP/I_SDRAM_IF/U15557. (PTE-060)
 ( func_fastslow func_max func_min func_slowfast )
Warning: No clock-gating check is inferred for clock SDRAM_CLK at pins I_SDRAM_TOP/I_SDRAM_IF/U15557/A4 and I_SDRAM_TOP/I_SDRAM_IF/U15557/A1 of cell I_SDRAM_TOP/I_SDRAM_IF/U15557. (PTE-060)
 ( func_fastslow func_max func_min func_slowfast )
Warning: No clock-gating check is inferred for clock SDRAM_CLK at pins I_SDRAM_TOP/I_SDRAM_IF/U15557/A4 and I_SDRAM_TOP/I_SDRAM_IF/U15557/A3 of cell I_SDRAM_TOP/I_SDRAM_IF/U15557. (PTE-060)
 ( func_fastslow func_max func_min func_slowfast )
Warning: No clock-gating check is inferred for clock SDRAM_CLK at pins I_SDRAM_TOP/I_SDRAM_IF/U15558/A2 and I_SDRAM_TOP/I_SDRAM_IF/U15558/A1 of cell I_SDRAM_TOP/I_SDRAM_IF/U15558. (PTE-060)
 ( func_fastslow func_max func_min func_slowfast )
Warning: No clock-gating check is inferred for clock SDRAM_CLK at pins I_SDRAM_TOP/I_SDRAM_IF/U15558/A2 and I_SDRAM_TOP/I_SDRAM_IF/U15558/A3 of cell I_SDRAM_TOP/I_SDRAM_IF/U15558. (PTE-060)
 ( func_fastslow func_max func_min func_slowfast )
Warning: No clock-gating check is inferred for clock SDRAM_CLK at pins I_SDRAM_TOP/I_SDRAM_IF/U15558/A4 and I_SDRAM_TOP/I_SDRAM_IF/U15558/A1 of cell I_SDRAM_TOP/I_SDRAM_IF/U15558. (PTE-060)
 ( func_fastslow func_max func_min func_slowfast )
Warning: No clock-gating check is inferred for clock SDRAM_CLK at pins I_SDRAM_TOP/I_SDRAM_IF/U15558/A4 and I_SDRAM_TOP/I_SDRAM_IF/U15558/A3 of cell I_SDRAM_TOP/I_SDRAM_IF/U15558. (PTE-060)
 ( func_fastslow func_max func_min func_slowfast )
Warning: No clock-gating check is inferred for clock SDRAM_CLK at pins I_SDRAM_TOP/I_SDRAM_IF/U15559/A2 and I_SDRAM_TOP/I_SDRAM_IF/U15559/A1 of cell I_SDRAM_TOP/I_SDRAM_IF/U15559. (PTE-060)
 ( func_fastslow func_max func_min func_slowfast )
Warning: No clock-gating check is inferred for clock SDRAM_CLK at pins I_SDRAM_TOP/I_SDRAM_IF/U15559/A2 and I_SDRAM_TOP/I_SDRAM_IF/U15559/A3 of cell I_SDRAM_TOP/I_SDRAM_IF/U15559. (PTE-060)
 ( func_fastslow func_max func_min func_slowfast )
Warning: No clock-gating check is inferred for clock SDRAM_CLK at pins I_SDRAM_TOP/I_SDRAM_IF/U15559/A4 and I_SDRAM_TOP/I_SDRAM_IF/U15559/A1 of cell I_SDRAM_TOP/I_SDRAM_IF/U15559. (PTE-060)
 ( func_fastslow func_max func_min func_slowfast )
Warning: No clock-gating check is inferred for clock SDRAM_CLK at pins I_SDRAM_TOP/I_SDRAM_IF/U15559/A4 and I_SDRAM_TOP/I_SDRAM_IF/U15559/A3 of cell I_SDRAM_TOP/I_SDRAM_IF/U15559. (PTE-060)
 ( func_fastslow func_max func_min func_slowfast )
Warning: No clock-gating check is inferred for clock SDRAM_CLK at pins I_SDRAM_TOP/I_SDRAM_IF/U15560/A2 and I_SDRAM_TOP/I_SDRAM_IF/U15560/A1 of cell I_SDRAM_TOP/I_SDRAM_IF/U15560. (PTE-060)
 ( func_fastslow func_max func_min func_slowfast test_best test_fastslow test_slowfast test_worst )
Warning: No clock-gating check is inferred for clock SDRAM_CLK at pins I_SDRAM_TOP/I_SDRAM_IF/U15560/A2 and I_SDRAM_TOP/I_SDRAM_IF/U15560/A3 of cell I_SDRAM_TOP/I_SDRAM_IF/U15560. (PTE-060)
 ( func_fastslow func_max func_min func_slowfast test_best test_fastslow test_slowfast test_worst )
Warning: No clock-gating check is inferred for clock SDRAM_CLK at pins I_SDRAM_TOP/I_SDRAM_IF/U15560/A4 and I_SDRAM_TOP/I_SDRAM_IF/U15560/A1 of cell I_SDRAM_TOP/I_SDRAM_IF/U15560. (PTE-060)
 ( func_fastslow func_max func_min func_slowfast test_best test_fastslow test_slowfast test_worst )
Warning: No clock-gating check is inferred for clock SDRAM_CLK at pins I_SDRAM_TOP/I_SDRAM_IF/U15560/A4 and I_SDRAM_TOP/I_SDRAM_IF/U15560/A3 of cell I_SDRAM_TOP/I_SDRAM_IF/U15560. (PTE-060)
 ( func_fastslow func_max func_min func_slowfast test_best test_fastslow test_slowfast test_worst )
Warning: No clock-gating check is inferred for clock SDRAM_CLK at pins I_SDRAM_TOP/I_SDRAM_IF/U15565/A2 and I_SDRAM_TOP/I_SDRAM_IF/U15565/A1 of cell I_SDRAM_TOP/I_SDRAM_IF/U15565. (PTE-060)
 ( func_fastslow func_max func_min func_slowfast )
Warning: No clock-gating check is inferred for clock SDRAM_CLK at pins I_SDRAM_TOP/I_SDRAM_IF/U15565/A2 and I_SDRAM_TOP/I_SDRAM_IF/U15565/A3 of cell I_SDRAM_TOP/I_SDRAM_IF/U15565. (PTE-060)
 ( func_fastslow func_max func_min func_slowfast )
Warning: No clock-gating check is inferred for clock SDRAM_CLK at pins I_SDRAM_TOP/I_SDRAM_IF/U15565/A4 and I_SDRAM_TOP/I_SDRAM_IF/U15565/A1 of cell I_SDRAM_TOP/I_SDRAM_IF/U15565. (PTE-060)
 ( func_fastslow func_max func_min func_slowfast )
Warning: No clock-gating check is inferred for clock SDRAM_CLK at pins I_SDRAM_TOP/I_SDRAM_IF/U15565/A4 and I_SDRAM_TOP/I_SDRAM_IF/U15565/A3 of cell I_SDRAM_TOP/I_SDRAM_IF/U15565. (PTE-060)
 ( func_fastslow func_max func_min func_slowfast )
Warning: No clock-gating check is inferred for clock SDRAM_CLK at pins I_SDRAM_TOP/I_SDRAM_IF/U15566/A2 and I_SDRAM_TOP/I_SDRAM_IF/U15566/A1 of cell I_SDRAM_TOP/I_SDRAM_IF/U15566. (PTE-060)
 ( func_fastslow func_max func_min func_slowfast test_best test_fastslow test_slowfast test_worst )
Warning: No clock-gating check is inferred for clock SDRAM_CLK at pins I_SDRAM_TOP/I_SDRAM_IF/U15566/A2 and I_SDRAM_TOP/I_SDRAM_IF/U15566/A3 of cell I_SDRAM_TOP/I_SDRAM_IF/U15566. (PTE-060)
 ( func_fastslow func_max func_min func_slowfast test_best test_fastslow test_slowfast test_worst )
Warning: No clock-gating check is inferred for clock SDRAM_CLK at pins I_SDRAM_TOP/I_SDRAM_IF/U15566/A4 and I_SDRAM_TOP/I_SDRAM_IF/U15566/A1 of cell I_SDRAM_TOP/I_SDRAM_IF/U15566. (PTE-060)
 ( func_fastslow func_max func_min func_slowfast test_best test_fastslow test_slowfast test_worst )
Warning: No clock-gating check is inferred for clock SDRAM_CLK at pins I_SDRAM_TOP/I_SDRAM_IF/U15566/A4 and I_SDRAM_TOP/I_SDRAM_IF/U15566/A3 of cell I_SDRAM_TOP/I_SDRAM_IF/U15566. (PTE-060)
 ( func_fastslow func_max func_min func_slowfast test_best test_fastslow test_slowfast test_worst )
Warning: No clock-gating check is inferred for clock SDRAM_CLK at pins I_SDRAM_TOP/I_SDRAM_IF/U15567/A2 and I_SDRAM_TOP/I_SDRAM_IF/U15567/A1 of cell I_SDRAM_TOP/I_SDRAM_IF/U15567. (PTE-060)
 ( func_fastslow func_max func_min func_slowfast test_best test_fastslow test_slowfast test_worst )
Warning: No clock-gating check is inferred for clock SDRAM_CLK at pins I_SDRAM_TOP/I_SDRAM_IF/U15567/A2 and I_SDRAM_TOP/I_SDRAM_IF/U15567/A3 of cell I_SDRAM_TOP/I_SDRAM_IF/U15567. (PTE-060)
 ( func_fastslow func_max func_min func_slowfast test_best test_fastslow test_slowfast test_worst )
Warning: No clock-gating check is inferred for clock SDRAM_CLK at pins I_SDRAM_TOP/I_SDRAM_IF/U15567/A4 and I_SDRAM_TOP/I_SDRAM_IF/U15567/A1 of cell I_SDRAM_TOP/I_SDRAM_IF/U15567. (PTE-060)
 ( func_fastslow func_max func_min func_slowfast test_best test_fastslow test_slowfast test_worst )
Warning: No clock-gating check is inferred for clock SDRAM_CLK at pins I_SDRAM_TOP/I_SDRAM_IF/U15567/A4 and I_SDRAM_TOP/I_SDRAM_IF/U15567/A3 of cell I_SDRAM_TOP/I_SDRAM_IF/U15567. (PTE-060)
 ( func_fastslow func_max func_min func_slowfast test_best test_fastslow test_slowfast test_worst )
Warning: No clock-gating check is inferred for clock SDRAM_CLK at pins I_SDRAM_TOP/I_SDRAM_IF/U15568/A2 and I_SDRAM_TOP/I_SDRAM_IF/U15568/A1 of cell I_SDRAM_TOP/I_SDRAM_IF/U15568. (PTE-060)
 ( func_fastslow func_max func_min func_slowfast test_best test_fastslow test_slowfast test_worst )
Warning: No clock-gating check is inferred for clock SDRAM_CLK at pins I_SDRAM_TOP/I_SDRAM_IF/U15568/A2 and I_SDRAM_TOP/I_SDRAM_IF/U15568/A3 of cell I_SDRAM_TOP/I_SDRAM_IF/U15568. (PTE-060)
 ( func_fastslow func_max func_min func_slowfast test_best test_fastslow test_slowfast test_worst )
Warning: No clock-gating check is inferred for clock SDRAM_CLK at pins I_SDRAM_TOP/I_SDRAM_IF/U15568/A4 and I_SDRAM_TOP/I_SDRAM_IF/U15568/A1 of cell I_SDRAM_TOP/I_SDRAM_IF/U15568. (PTE-060)
 ( func_fastslow func_max func_min func_slowfast test_best test_fastslow test_slowfast test_worst )
Warning: No clock-gating check is inferred for clock SDRAM_CLK at pins I_SDRAM_TOP/I_SDRAM_IF/U15568/A4 and I_SDRAM_TOP/I_SDRAM_IF/U15568/A3 of cell I_SDRAM_TOP/I_SDRAM_IF/U15568. (PTE-060)
 ( func_fastslow func_max func_min func_slowfast test_best test_fastslow test_slowfast test_worst )
Warning: No clock-gating check is inferred for clock SDRAM_CLK at pins I_SDRAM_TOP/I_SDRAM_IF/U15569/A2 and I_SDRAM_TOP/I_SDRAM_IF/U15569/A1 of cell I_SDRAM_TOP/I_SDRAM_IF/U15569. (PTE-060)
 ( func_fastslow func_max func_min func_slowfast test_best test_fastslow test_worst )
Warning: No clock-gating check is inferred for clock SDRAM_CLK at pins I_SDRAM_TOP/I_SDRAM_IF/U15569/A2 and I_SDRAM_TOP/I_SDRAM_IF/U15569/A3 of cell I_SDRAM_TOP/I_SDRAM_IF/U15569. (PTE-060)
 ( func_fastslow func_max func_min func_slowfast )
Warning: No clock-gating check is inferred for clock SDRAM_CLK at pins I_SDRAM_TOP/I_SDRAM_IF/U15569/A4 and I_SDRAM_TOP/I_SDRAM_IF/U15569/A1 of cell I_SDRAM_TOP/I_SDRAM_IF/U15569. (PTE-060)
 ( func_fastslow func_max func_min func_slowfast )
Warning: No clock-gating check is inferred for clock SDRAM_CLK at pins I_SDRAM_TOP/I_SDRAM_IF/U15569/A4 and I_SDRAM_TOP/I_SDRAM_IF/U15569/A3 of cell I_SDRAM_TOP/I_SDRAM_IF/U15569. (PTE-060)
 ( func_fastslow func_max func_min func_slowfast )
Warning: No clock-gating check is inferred for clock SDRAM_CLK at pins I_SDRAM_TOP/I_SDRAM_IF/U15570/A2 and I_SDRAM_TOP/I_SDRAM_IF/U15570/A1 of cell I_SDRAM_TOP/I_SDRAM_IF/U15570. (PTE-060)
 ( func_fastslow func_max func_min func_slowfast test_best test_fastslow test_slowfast test_worst )
Warning: No clock-gating check is inferred for clock SDRAM_CLK at pins I_SDRAM_TOP/I_SDRAM_IF/U15570/A2 and I_SDRAM_TOP/I_SDRAM_IF/U15570/A3 of cell I_SDRAM_TOP/I_SDRAM_IF/U15570. (PTE-060)
 ( func_fastslow func_max func_min func_slowfast test_best test_fastslow test_slowfast test_worst )
Warning: No clock-gating check is inferred for clock SDRAM_CLK at pins I_SDRAM_TOP/I_SDRAM_IF/U15570/A4 and I_SDRAM_TOP/I_SDRAM_IF/U15570/A1 of cell I_SDRAM_TOP/I_SDRAM_IF/U15570. (PTE-060)
 ( func_fastslow func_max func_min func_slowfast test_best test_fastslow test_slowfast test_worst )
Warning: No clock-gating check is inferred for clock SDRAM_CLK at pins I_SDRAM_TOP/I_SDRAM_IF/U15570/A4 and I_SDRAM_TOP/I_SDRAM_IF/U15570/A3 of cell I_SDRAM_TOP/I_SDRAM_IF/U15570. (PTE-060)
 ( func_fastslow func_max func_min func_slowfast test_best test_fastslow test_slowfast test_worst )
Warning: No clock-gating check is inferred for clock SDRAM_CLK at pins I_SDRAM_TOP/I_SDRAM_IF/U15571/A2 and I_SDRAM_TOP/I_SDRAM_IF/U15571/A1 of cell I_SDRAM_TOP/I_SDRAM_IF/U15571. (PTE-060)
 ( func_fastslow func_max func_min func_slowfast test_best test_fastslow test_slowfast test_worst )
Warning: No clock-gating check is inferred for clock SDRAM_CLK at pins I_SDRAM_TOP/I_SDRAM_IF/U15571/A2 and I_SDRAM_TOP/I_SDRAM_IF/U15571/A3 of cell I_SDRAM_TOP/I_SDRAM_IF/U15571. (PTE-060)
 ( func_fastslow func_max func_min func_slowfast test_best test_fastslow test_slowfast test_worst )
Warning: No clock-gating check is inferred for clock SDRAM_CLK at pins I_SDRAM_TOP/I_SDRAM_IF/U15571/A4 and I_SDRAM_TOP/I_SDRAM_IF/U15571/A1 of cell I_SDRAM_TOP/I_SDRAM_IF/U15571. (PTE-060)
 ( func_fastslow func_max func_min func_slowfast test_best test_fastslow test_slowfast test_worst )
Warning: No clock-gating check is inferred for clock SDRAM_CLK at pins I_SDRAM_TOP/I_SDRAM_IF/U15571/A4 and I_SDRAM_TOP/I_SDRAM_IF/U15571/A3 of cell I_SDRAM_TOP/I_SDRAM_IF/U15571. (PTE-060)
 ( func_fastslow func_max func_min func_slowfast test_best test_fastslow test_slowfast test_worst )
Warning: No clock-gating check is inferred for clock SDRAM_CLK at pins I_SDRAM_TOP/I_SDRAM_IF/U15572/A2 and I_SDRAM_TOP/I_SDRAM_IF/U15572/A1 of cell I_SDRAM_TOP/I_SDRAM_IF/U15572. (PTE-060)
 ( func_fastslow func_max func_min func_slowfast test_best test_fastslow test_slowfast test_worst )
Warning: No clock-gating check is inferred for clock SDRAM_CLK at pins I_SDRAM_TOP/I_SDRAM_IF/U15572/A2 and I_SDRAM_TOP/I_SDRAM_IF/U15572/A3 of cell I_SDRAM_TOP/I_SDRAM_IF/U15572. (PTE-060)
 ( func_fastslow func_max func_min func_slowfast test_best test_fastslow test_slowfast test_worst )
Warning: No clock-gating check is inferred for clock SDRAM_CLK at pins I_SDRAM_TOP/I_SDRAM_IF/U15572/A4 and I_SDRAM_TOP/I_SDRAM_IF/U15572/A1 of cell I_SDRAM_TOP/I_SDRAM_IF/U15572. (PTE-060)
 ( func_fastslow func_max func_min func_slowfast test_best test_fastslow test_slowfast test_worst )
Warning: No clock-gating check is inferred for clock SDRAM_CLK at pins I_SDRAM_TOP/I_SDRAM_IF/U15572/A4 and I_SDRAM_TOP/I_SDRAM_IF/U15572/A3 of cell I_SDRAM_TOP/I_SDRAM_IF/U15572. (PTE-060)
 ( func_fastslow func_max func_min func_slowfast test_best test_fastslow test_slowfast test_worst )
Warning: No clock-gating check is inferred for clock SDRAM_CLK at pins I_SDRAM_TOP/I_SDRAM_IF/U15573/A2 and I_SDRAM_TOP/I_SDRAM_IF/U15573/A1 of cell I_SDRAM_TOP/I_SDRAM_IF/U15573. (PTE-060)
 ( func_fastslow func_max func_min func_slowfast test_best test_fastslow test_slowfast test_worst )
Warning: No clock-gating check is inferred for clock SDRAM_CLK at pins I_SDRAM_TOP/I_SDRAM_IF/U15573/A2 and I_SDRAM_TOP/I_SDRAM_IF/U15573/A3 of cell I_SDRAM_TOP/I_SDRAM_IF/U15573. (PTE-060)
 ( func_fastslow func_max func_min func_slowfast test_best test_fastslow test_slowfast test_worst )
Warning: No clock-gating check is inferred for clock SDRAM_CLK at pins I_SDRAM_TOP/I_SDRAM_IF/U15573/A4 and I_SDRAM_TOP/I_SDRAM_IF/U15573/A1 of cell I_SDRAM_TOP/I_SDRAM_IF/U15573. (PTE-060)
 ( func_fastslow func_max func_min func_slowfast test_best test_fastslow test_slowfast test_worst )
Warning: No clock-gating check is inferred for clock SDRAM_CLK at pins I_SDRAM_TOP/I_SDRAM_IF/U15573/A4 and I_SDRAM_TOP/I_SDRAM_IF/U15573/A3 of cell I_SDRAM_TOP/I_SDRAM_IF/U15573. (PTE-060)
 ( func_fastslow func_max func_min func_slowfast test_best test_fastslow test_slowfast test_worst )
Warning: No clock-gating check is inferred for clock SDRAM_CLK at pins I_SDRAM_TOP/I_SDRAM_IF/U15574/A2 and I_SDRAM_TOP/I_SDRAM_IF/U15574/A1 of cell I_SDRAM_TOP/I_SDRAM_IF/U15574. (PTE-060)
 ( func_fastslow func_max func_min func_slowfast test_best test_fastslow test_slowfast test_worst )
Warning: No clock-gating check is inferred for clock SDRAM_CLK at pins I_SDRAM_TOP/I_SDRAM_IF/U15574/A2 and I_SDRAM_TOP/I_SDRAM_IF/U15574/A3 of cell I_SDRAM_TOP/I_SDRAM_IF/U15574. (PTE-060)
 ( func_fastslow func_max func_min func_slowfast test_best test_fastslow test_slowfast test_worst )
Warning: No clock-gating check is inferred for clock SDRAM_CLK at pins I_SDRAM_TOP/I_SDRAM_IF/U15574/A4 and I_SDRAM_TOP/I_SDRAM_IF/U15574/A1 of cell I_SDRAM_TOP/I_SDRAM_IF/U15574. (PTE-060)
 ( func_fastslow func_max func_min func_slowfast test_best test_fastslow test_slowfast test_worst )
Warning: No clock-gating check is inferred for clock SDRAM_CLK at pins I_SDRAM_TOP/I_SDRAM_IF/U15574/A4 and I_SDRAM_TOP/I_SDRAM_IF/U15574/A3 of cell I_SDRAM_TOP/I_SDRAM_IF/U15574. (PTE-060)
 ( func_fastslow func_max func_min func_slowfast test_best test_fastslow test_slowfast test_worst )
Warning: No clock-gating check is inferred for clock SDRAM_CLK at pins I_SDRAM_TOP/I_SDRAM_IF/U15575/A2 and I_SDRAM_TOP/I_SDRAM_IF/U15575/A1 of cell I_SDRAM_TOP/I_SDRAM_IF/U15575. (PTE-060)
 ( func_fastslow func_max func_min func_slowfast test_best test_fastslow test_slowfast test_worst )
Warning: No clock-gating check is inferred for clock SDRAM_CLK at pins I_SDRAM_TOP/I_SDRAM_IF/U15575/A2 and I_SDRAM_TOP/I_SDRAM_IF/U15575/A3 of cell I_SDRAM_TOP/I_SDRAM_IF/U15575. (PTE-060)
 ( func_fastslow func_max func_min func_slowfast test_best test_fastslow test_slowfast test_worst )
Warning: No clock-gating check is inferred for clock SDRAM_CLK at pins I_SDRAM_TOP/I_SDRAM_IF/U15575/A4 and I_SDRAM_TOP/I_SDRAM_IF/U15575/A1 of cell I_SDRAM_TOP/I_SDRAM_IF/U15575. (PTE-060)
 ( func_fastslow func_max func_min func_slowfast test_best test_fastslow test_slowfast test_worst )
Warning: No clock-gating check is inferred for clock SDRAM_CLK at pins I_SDRAM_TOP/I_SDRAM_IF/U15575/A4 and I_SDRAM_TOP/I_SDRAM_IF/U15575/A3 of cell I_SDRAM_TOP/I_SDRAM_IF/U15575. (PTE-060)
 ( func_fastslow func_max func_min func_slowfast test_best test_fastslow test_slowfast test_worst )
Warning: No clock-gating check is inferred for clock SDRAM_CLK at pins I_SDRAM_TOP/I_SDRAM_IF/U15576/A2 and I_SDRAM_TOP/I_SDRAM_IF/U15576/A1 of cell I_SDRAM_TOP/I_SDRAM_IF/U15576. (PTE-060)
 ( func_fastslow func_max func_min func_slowfast )
Warning: No clock-gating check is inferred for clock SDRAM_CLK at pins I_SDRAM_TOP/I_SDRAM_IF/U15576/A2 and I_SDRAM_TOP/I_SDRAM_IF/U15576/A3 of cell I_SDRAM_TOP/I_SDRAM_IF/U15576. (PTE-060)
 ( func_fastslow func_max func_min func_slowfast )
Warning: No clock-gating check is inferred for clock SDRAM_CLK at pins I_SDRAM_TOP/I_SDRAM_IF/U15576/A4 and I_SDRAM_TOP/I_SDRAM_IF/U15576/A1 of cell I_SDRAM_TOP/I_SDRAM_IF/U15576. (PTE-060)
 ( func_fastslow func_max func_min func_slowfast )
Warning: No clock-gating check is inferred for clock SDRAM_CLK at pins I_SDRAM_TOP/I_SDRAM_IF/U15576/A4 and I_SDRAM_TOP/I_SDRAM_IF/U15576/A3 of cell I_SDRAM_TOP/I_SDRAM_IF/U15576. (PTE-060)
 ( func_fastslow func_max func_min func_slowfast )
Warning: No clock-gating check is inferred for clock SDRAM_CLK at pins I_SDRAM_TOP/I_SDRAM_IF/U15577/A2 and I_SDRAM_TOP/I_SDRAM_IF/U15577/A1 of cell I_SDRAM_TOP/I_SDRAM_IF/U15577. (PTE-060)
 ( func_fastslow func_max func_min func_slowfast )
Warning: No clock-gating check is inferred for clock SDRAM_CLK at pins I_SDRAM_TOP/I_SDRAM_IF/U15577/A2 and I_SDRAM_TOP/I_SDRAM_IF/U15577/A3 of cell I_SDRAM_TOP/I_SDRAM_IF/U15577. (PTE-060)
 ( func_fastslow func_max func_min func_slowfast )
Warning: No clock-gating check is inferred for clock SDRAM_CLK at pins I_SDRAM_TOP/I_SDRAM_IF/U15577/A4 and I_SDRAM_TOP/I_SDRAM_IF/U15577/A1 of cell I_SDRAM_TOP/I_SDRAM_IF/U15577. (PTE-060)
 ( func_fastslow func_max func_min func_slowfast )
Warning: No clock-gating check is inferred for clock SDRAM_CLK at pins I_SDRAM_TOP/I_SDRAM_IF/U15577/A4 and I_SDRAM_TOP/I_SDRAM_IF/U15577/A3 of cell I_SDRAM_TOP/I_SDRAM_IF/U15577. (PTE-060)
 ( func_fastslow func_max func_min func_slowfast )
Warning: No clock-gating check is inferred for clock SDRAM_CLK at pins I_SDRAM_TOP/I_SDRAM_IF/U15578/A2 and I_SDRAM_TOP/I_SDRAM_IF/U15578/A1 of cell I_SDRAM_TOP/I_SDRAM_IF/U15578. (PTE-060)
 ( func_fastslow func_max func_min func_slowfast )
Warning: No clock-gating check is inferred for clock SDRAM_CLK at pins I_SDRAM_TOP/I_SDRAM_IF/U15578/A2 and I_SDRAM_TOP/I_SDRAM_IF/U15578/A3 of cell I_SDRAM_TOP/I_SDRAM_IF/U15578. (PTE-060)
 ( func_fastslow func_max func_min func_slowfast )
Warning: No clock-gating check is inferred for clock SDRAM_CLK at pins I_SDRAM_TOP/I_SDRAM_IF/U15578/A4 and I_SDRAM_TOP/I_SDRAM_IF/U15578/A1 of cell I_SDRAM_TOP/I_SDRAM_IF/U15578. (PTE-060)
 ( func_fastslow func_max func_min func_slowfast )
Warning: No clock-gating check is inferred for clock SDRAM_CLK at pins I_SDRAM_TOP/I_SDRAM_IF/U15578/A4 and I_SDRAM_TOP/I_SDRAM_IF/U15578/A3 of cell I_SDRAM_TOP/I_SDRAM_IF/U15578. (PTE-060)
 ( func_fastslow func_max func_min func_slowfast )
Warning: No clock-gating check is inferred for clock SDRAM_CLK at pins I_SDRAM_TOP/I_SDRAM_IF/U15579/A2 and I_SDRAM_TOP/I_SDRAM_IF/U15579/A1 of cell I_SDRAM_TOP/I_SDRAM_IF/U15579. (PTE-060)
 ( func_fastslow func_max func_min func_slowfast test_best test_fastslow test_slowfast test_worst )
Warning: No clock-gating check is inferred for clock SDRAM_CLK at pins I_SDRAM_TOP/I_SDRAM_IF/U15579/A2 and I_SDRAM_TOP/I_SDRAM_IF/U15579/A3 of cell I_SDRAM_TOP/I_SDRAM_IF/U15579. (PTE-060)
 ( func_fastslow func_max func_min func_slowfast test_best test_fastslow test_slowfast test_worst )
Warning: No clock-gating check is inferred for clock SDRAM_CLK at pins I_SDRAM_TOP/I_SDRAM_IF/U15579/A4 and I_SDRAM_TOP/I_SDRAM_IF/U15579/A1 of cell I_SDRAM_TOP/I_SDRAM_IF/U15579. (PTE-060)
 ( func_fastslow func_max func_min func_slowfast test_best test_fastslow test_slowfast test_worst )
Warning: No clock-gating check is inferred for clock SDRAM_CLK at pins I_SDRAM_TOP/I_SDRAM_IF/U15579/A4 and I_SDRAM_TOP/I_SDRAM_IF/U15579/A3 of cell I_SDRAM_TOP/I_SDRAM_IF/U15579. (PTE-060)
 ( func_fastslow func_max func_min func_slowfast test_best test_fastslow test_slowfast test_worst )
Warning: No clock-gating check is inferred for clock SDRAM_CLK at pins I_SDRAM_TOP/I_SDRAM_IF/U15580/A2 and I_SDRAM_TOP/I_SDRAM_IF/U15580/A1 of cell I_SDRAM_TOP/I_SDRAM_IF/U15580. (PTE-060)
 ( func_fastslow func_max func_min func_slowfast test_best test_fastslow test_slowfast test_worst )
Warning: No clock-gating check is inferred for clock SDRAM_CLK at pins I_SDRAM_TOP/I_SDRAM_IF/U15580/A2 and I_SDRAM_TOP/I_SDRAM_IF/U15580/A3 of cell I_SDRAM_TOP/I_SDRAM_IF/U15580. (PTE-060)
 ( func_fastslow func_max func_min func_slowfast test_best test_fastslow test_slowfast test_worst )
Warning: No clock-gating check is inferred for clock SDRAM_CLK at pins I_SDRAM_TOP/I_SDRAM_IF/U15580/A4 and I_SDRAM_TOP/I_SDRAM_IF/U15580/A1 of cell I_SDRAM_TOP/I_SDRAM_IF/U15580. (PTE-060)
 ( func_fastslow func_max func_min func_slowfast test_best test_fastslow test_slowfast test_worst )
Warning: No clock-gating check is inferred for clock SDRAM_CLK at pins I_SDRAM_TOP/I_SDRAM_IF/U15580/A4 and I_SDRAM_TOP/I_SDRAM_IF/U15580/A3 of cell I_SDRAM_TOP/I_SDRAM_IF/U15580. (PTE-060)
 ( func_fastslow func_max func_min func_slowfast test_best test_fastslow test_slowfast test_worst )
Warning: No clock-gating check is inferred for clock SDRAM_CLK at pins occ_int2/U2/A2 and occ_int2/U2/A1 of cell occ_int2/U2. (PTE-060)
 ( test_slowfast )
Warning: No clock-gating check is inferred for clock SYS_2x_CLK at pins occ_int2/U3/A2 and occ_int2/U3/A1 of cell occ_int2/U3. (PTE-060)
 ( test_slowfast )
Warning: No clock-gating check is inferred for clock SYS_CLK at pins I_CLOCKING/occ_int1/U1/A2 and I_CLOCKING/occ_int1/U1/A1 of cell I_CLOCKING/occ_int1/U1. (PTE-060)
 ( test_best test_fastslow test_slowfast test_worst )
Warning: No clock-gating check is inferred for clock ate_clk at pins I_SDRAM_TOP/I_SDRAM_IF/U15560/A2 and I_SDRAM_TOP/I_SDRAM_IF/U15560/A1 of cell I_SDRAM_TOP/I_SDRAM_IF/U15560. (PTE-060)
 ( test_best test_fastslow test_slowfast test_worst )
Warning: No clock-gating check is inferred for clock ate_clk at pins I_SDRAM_TOP/I_SDRAM_IF/U15560/A2 and I_SDRAM_TOP/I_SDRAM_IF/U15560/A3 of cell I_SDRAM_TOP/I_SDRAM_IF/U15560. (PTE-060)
 ( test_best test_fastslow test_slowfast test_worst )
Warning: No clock-gating check is inferred for clock ate_clk at pins I_SDRAM_TOP/I_SDRAM_IF/U15560/A4 and I_SDRAM_TOP/I_SDRAM_IF/U15560/A1 of cell I_SDRAM_TOP/I_SDRAM_IF/U15560. (PTE-060)
 ( test_best test_fastslow test_slowfast test_worst )
Warning: No clock-gating check is inferred for clock ate_clk at pins I_SDRAM_TOP/I_SDRAM_IF/U15560/A4 and I_SDRAM_TOP/I_SDRAM_IF/U15560/A3 of cell I_SDRAM_TOP/I_SDRAM_IF/U15560. (PTE-060)
 ( test_best test_fastslow test_slowfast test_worst )
Warning: No clock-gating check is inferred for clock ate_clk at pins I_SDRAM_TOP/I_SDRAM_IF/U15566/A2 and I_SDRAM_TOP/I_SDRAM_IF/U15566/A1 of cell I_SDRAM_TOP/I_SDRAM_IF/U15566. (PTE-060)
 ( test_best test_fastslow test_slowfast test_worst )
Warning: No clock-gating check is inferred for clock ate_clk at pins I_SDRAM_TOP/I_SDRAM_IF/U15566/A2 and I_SDRAM_TOP/I_SDRAM_IF/U15566/A3 of cell I_SDRAM_TOP/I_SDRAM_IF/U15566. (PTE-060)
 ( test_best test_fastslow test_slowfast test_worst )
Warning: No clock-gating check is inferred for clock ate_clk at pins I_SDRAM_TOP/I_SDRAM_IF/U15566/A4 and I_SDRAM_TOP/I_SDRAM_IF/U15566/A1 of cell I_SDRAM_TOP/I_SDRAM_IF/U15566. (PTE-060)
 ( test_best test_fastslow test_slowfast test_worst )
Warning: No clock-gating check is inferred for clock ate_clk at pins I_SDRAM_TOP/I_SDRAM_IF/U15566/A4 and I_SDRAM_TOP/I_SDRAM_IF/U15566/A3 of cell I_SDRAM_TOP/I_SDRAM_IF/U15566. (PTE-060)
 ( test_best test_fastslow test_slowfast test_worst )
Warning: No clock-gating check is inferred for clock ate_clk at pins I_SDRAM_TOP/I_SDRAM_IF/U15567/A2 and I_SDRAM_TOP/I_SDRAM_IF/U15567/A1 of cell I_SDRAM_TOP/I_SDRAM_IF/U15567. (PTE-060)
 ( test_best test_fastslow test_slowfast test_worst )
Warning: No clock-gating check is inferred for clock ate_clk at pins I_SDRAM_TOP/I_SDRAM_IF/U15567/A2 and I_SDRAM_TOP/I_SDRAM_IF/U15567/A3 of cell I_SDRAM_TOP/I_SDRAM_IF/U15567. (PTE-060)
 ( test_best test_fastslow test_slowfast test_worst )
Warning: No clock-gating check is inferred for clock ate_clk at pins I_SDRAM_TOP/I_SDRAM_IF/U15567/A4 and I_SDRAM_TOP/I_SDRAM_IF/U15567/A1 of cell I_SDRAM_TOP/I_SDRAM_IF/U15567. (PTE-060)
 ( test_best test_fastslow test_slowfast test_worst )
Warning: No clock-gating check is inferred for clock ate_clk at pins I_SDRAM_TOP/I_SDRAM_IF/U15567/A4 and I_SDRAM_TOP/I_SDRAM_IF/U15567/A3 of cell I_SDRAM_TOP/I_SDRAM_IF/U15567. (PTE-060)
 ( test_best test_fastslow test_slowfast test_worst )
Warning: No clock-gating check is inferred for clock ate_clk at pins I_SDRAM_TOP/I_SDRAM_IF/U15568/A2 and I_SDRAM_TOP/I_SDRAM_IF/U15568/A1 of cell I_SDRAM_TOP/I_SDRAM_IF/U15568. (PTE-060)
 ( test_best test_fastslow test_slowfast test_worst )
Warning: No clock-gating check is inferred for clock ate_clk at pins I_SDRAM_TOP/I_SDRAM_IF/U15568/A2 and I_SDRAM_TOP/I_SDRAM_IF/U15568/A3 of cell I_SDRAM_TOP/I_SDRAM_IF/U15568. (PTE-060)
 ( test_best test_fastslow test_slowfast test_worst )
Warning: No clock-gating check is inferred for clock ate_clk at pins I_SDRAM_TOP/I_SDRAM_IF/U15568/A4 and I_SDRAM_TOP/I_SDRAM_IF/U15568/A1 of cell I_SDRAM_TOP/I_SDRAM_IF/U15568. (PTE-060)
 ( test_best test_fastslow test_slowfast test_worst )
Warning: No clock-gating check is inferred for clock ate_clk at pins I_SDRAM_TOP/I_SDRAM_IF/U15568/A4 and I_SDRAM_TOP/I_SDRAM_IF/U15568/A3 of cell I_SDRAM_TOP/I_SDRAM_IF/U15568. (PTE-060)
 ( test_best test_fastslow test_slowfast test_worst )
Warning: No clock-gating check is inferred for clock ate_clk at pins I_SDRAM_TOP/I_SDRAM_IF/U15569/A2 and I_SDRAM_TOP/I_SDRAM_IF/U15569/A1 of cell I_SDRAM_TOP/I_SDRAM_IF/U15569. (PTE-060)
 ( test_best test_fastslow test_worst )
Warning: No clock-gating check is inferred for clock ate_clk at pins I_SDRAM_TOP/I_SDRAM_IF/U15570/A2 and I_SDRAM_TOP/I_SDRAM_IF/U15570/A1 of cell I_SDRAM_TOP/I_SDRAM_IF/U15570. (PTE-060)
 ( test_best test_fastslow test_slowfast test_worst )
Warning: No clock-gating check is inferred for clock ate_clk at pins I_SDRAM_TOP/I_SDRAM_IF/U15570/A2 and I_SDRAM_TOP/I_SDRAM_IF/U15570/A3 of cell I_SDRAM_TOP/I_SDRAM_IF/U15570. (PTE-060)
 ( test_best test_fastslow test_slowfast test_worst )
Warning: No clock-gating check is inferred for clock ate_clk at pins I_SDRAM_TOP/I_SDRAM_IF/U15570/A4 and I_SDRAM_TOP/I_SDRAM_IF/U15570/A1 of cell I_SDRAM_TOP/I_SDRAM_IF/U15570. (PTE-060)
 ( test_best test_fastslow test_slowfast test_worst )
Warning: No clock-gating check is inferred for clock ate_clk at pins I_SDRAM_TOP/I_SDRAM_IF/U15570/A4 and I_SDRAM_TOP/I_SDRAM_IF/U15570/A3 of cell I_SDRAM_TOP/I_SDRAM_IF/U15570. (PTE-060)
 ( test_best test_fastslow test_slowfast test_worst )
Warning: No clock-gating check is inferred for clock ate_clk at pins I_SDRAM_TOP/I_SDRAM_IF/U15571/A2 and I_SDRAM_TOP/I_SDRAM_IF/U15571/A1 of cell I_SDRAM_TOP/I_SDRAM_IF/U15571. (PTE-060)
 ( test_best test_fastslow test_slowfast test_worst )
Warning: No clock-gating check is inferred for clock ate_clk at pins I_SDRAM_TOP/I_SDRAM_IF/U15571/A2 and I_SDRAM_TOP/I_SDRAM_IF/U15571/A3 of cell I_SDRAM_TOP/I_SDRAM_IF/U15571. (PTE-060)
 ( test_best test_fastslow test_slowfast test_worst )
Warning: No clock-gating check is inferred for clock ate_clk at pins I_SDRAM_TOP/I_SDRAM_IF/U15571/A4 and I_SDRAM_TOP/I_SDRAM_IF/U15571/A1 of cell I_SDRAM_TOP/I_SDRAM_IF/U15571. (PTE-060)
 ( test_best test_fastslow test_slowfast test_worst )
Warning: No clock-gating check is inferred for clock ate_clk at pins I_SDRAM_TOP/I_SDRAM_IF/U15571/A4 and I_SDRAM_TOP/I_SDRAM_IF/U15571/A3 of cell I_SDRAM_TOP/I_SDRAM_IF/U15571. (PTE-060)
 ( test_best test_fastslow test_slowfast test_worst )
Warning: No clock-gating check is inferred for clock ate_clk at pins I_SDRAM_TOP/I_SDRAM_IF/U15572/A2 and I_SDRAM_TOP/I_SDRAM_IF/U15572/A1 of cell I_SDRAM_TOP/I_SDRAM_IF/U15572. (PTE-060)
 ( test_best test_fastslow test_slowfast test_worst )
Warning: No clock-gating check is inferred for clock ate_clk at pins I_SDRAM_TOP/I_SDRAM_IF/U15572/A2 and I_SDRAM_TOP/I_SDRAM_IF/U15572/A3 of cell I_SDRAM_TOP/I_SDRAM_IF/U15572. (PTE-060)
 ( test_best test_fastslow test_slowfast test_worst )
Warning: No clock-gating check is inferred for clock ate_clk at pins I_SDRAM_TOP/I_SDRAM_IF/U15572/A4 and I_SDRAM_TOP/I_SDRAM_IF/U15572/A1 of cell I_SDRAM_TOP/I_SDRAM_IF/U15572. (PTE-060)
 ( test_best test_fastslow test_slowfast test_worst )
Warning: No clock-gating check is inferred for clock ate_clk at pins I_SDRAM_TOP/I_SDRAM_IF/U15572/A4 and I_SDRAM_TOP/I_SDRAM_IF/U15572/A3 of cell I_SDRAM_TOP/I_SDRAM_IF/U15572. (PTE-060)
 ( test_best test_fastslow test_slowfast test_worst )
Warning: No clock-gating check is inferred for clock ate_clk at pins I_SDRAM_TOP/I_SDRAM_IF/U15573/A2 and I_SDRAM_TOP/I_SDRAM_IF/U15573/A1 of cell I_SDRAM_TOP/I_SDRAM_IF/U15573. (PTE-060)
 ( test_best test_fastslow test_slowfast test_worst )
Warning: No clock-gating check is inferred for clock ate_clk at pins I_SDRAM_TOP/I_SDRAM_IF/U15573/A2 and I_SDRAM_TOP/I_SDRAM_IF/U15573/A3 of cell I_SDRAM_TOP/I_SDRAM_IF/U15573. (PTE-060)
 ( test_best test_fastslow test_slowfast test_worst )
Warning: No clock-gating check is inferred for clock ate_clk at pins I_SDRAM_TOP/I_SDRAM_IF/U15573/A4 and I_SDRAM_TOP/I_SDRAM_IF/U15573/A1 of cell I_SDRAM_TOP/I_SDRAM_IF/U15573. (PTE-060)
 ( test_best test_fastslow test_slowfast test_worst )
Warning: No clock-gating check is inferred for clock ate_clk at pins I_SDRAM_TOP/I_SDRAM_IF/U15573/A4 and I_SDRAM_TOP/I_SDRAM_IF/U15573/A3 of cell I_SDRAM_TOP/I_SDRAM_IF/U15573. (PTE-060)
 ( test_best test_fastslow test_slowfast test_worst )
Warning: No clock-gating check is inferred for clock ate_clk at pins I_SDRAM_TOP/I_SDRAM_IF/U15574/A2 and I_SDRAM_TOP/I_SDRAM_IF/U15574/A1 of cell I_SDRAM_TOP/I_SDRAM_IF/U15574. (PTE-060)
 ( test_best test_fastslow test_slowfast test_worst )
Warning: No clock-gating check is inferred for clock ate_clk at pins I_SDRAM_TOP/I_SDRAM_IF/U15574/A2 and I_SDRAM_TOP/I_SDRAM_IF/U15574/A3 of cell I_SDRAM_TOP/I_SDRAM_IF/U15574. (PTE-060)
 ( test_best test_fastslow test_slowfast test_worst )
Warning: No clock-gating check is inferred for clock ate_clk at pins I_SDRAM_TOP/I_SDRAM_IF/U15574/A4 and I_SDRAM_TOP/I_SDRAM_IF/U15574/A1 of cell I_SDRAM_TOP/I_SDRAM_IF/U15574. (PTE-060)
 ( test_best test_fastslow test_slowfast test_worst )
Warning: No clock-gating check is inferred for clock ate_clk at pins I_SDRAM_TOP/I_SDRAM_IF/U15574/A4 and I_SDRAM_TOP/I_SDRAM_IF/U15574/A3 of cell I_SDRAM_TOP/I_SDRAM_IF/U15574. (PTE-060)
 ( test_best test_fastslow test_slowfast test_worst )
Warning: No clock-gating check is inferred for clock ate_clk at pins I_SDRAM_TOP/I_SDRAM_IF/U15575/A2 and I_SDRAM_TOP/I_SDRAM_IF/U15575/A1 of cell I_SDRAM_TOP/I_SDRAM_IF/U15575. (PTE-060)
 ( test_best test_fastslow test_slowfast test_worst )
Warning: No clock-gating check is inferred for clock ate_clk at pins I_SDRAM_TOP/I_SDRAM_IF/U15575/A2 and I_SDRAM_TOP/I_SDRAM_IF/U15575/A3 of cell I_SDRAM_TOP/I_SDRAM_IF/U15575. (PTE-060)
 ( test_best test_fastslow test_slowfast test_worst )
Warning: No clock-gating check is inferred for clock ate_clk at pins I_SDRAM_TOP/I_SDRAM_IF/U15575/A4 and I_SDRAM_TOP/I_SDRAM_IF/U15575/A1 of cell I_SDRAM_TOP/I_SDRAM_IF/U15575. (PTE-060)
 ( test_best test_fastslow test_slowfast test_worst )
Warning: No clock-gating check is inferred for clock ate_clk at pins I_SDRAM_TOP/I_SDRAM_IF/U15575/A4 and I_SDRAM_TOP/I_SDRAM_IF/U15575/A3 of cell I_SDRAM_TOP/I_SDRAM_IF/U15575. (PTE-060)
 ( test_best test_fastslow test_slowfast test_worst )
Warning: No clock-gating check is inferred for clock ate_clk at pins I_SDRAM_TOP/I_SDRAM_IF/U15579/A2 and I_SDRAM_TOP/I_SDRAM_IF/U15579/A1 of cell I_SDRAM_TOP/I_SDRAM_IF/U15579. (PTE-060)
 ( test_best test_fastslow test_slowfast test_worst )
Warning: No clock-gating check is inferred for clock ate_clk at pins I_SDRAM_TOP/I_SDRAM_IF/U15579/A2 and I_SDRAM_TOP/I_SDRAM_IF/U15579/A3 of cell I_SDRAM_TOP/I_SDRAM_IF/U15579. (PTE-060)
 ( test_best test_fastslow test_slowfast test_worst )
Warning: No clock-gating check is inferred for clock ate_clk at pins I_SDRAM_TOP/I_SDRAM_IF/U15579/A4 and I_SDRAM_TOP/I_SDRAM_IF/U15579/A1 of cell I_SDRAM_TOP/I_SDRAM_IF/U15579. (PTE-060)
 ( test_best test_fastslow test_slowfast test_worst )
Warning: No clock-gating check is inferred for clock ate_clk at pins I_SDRAM_TOP/I_SDRAM_IF/U15579/A4 and I_SDRAM_TOP/I_SDRAM_IF/U15579/A3 of cell I_SDRAM_TOP/I_SDRAM_IF/U15579. (PTE-060)
 ( test_best test_fastslow test_slowfast test_worst )
Warning: No clock-gating check is inferred for clock ate_clk at pins I_SDRAM_TOP/I_SDRAM_IF/U15580/A2 and I_SDRAM_TOP/I_SDRAM_IF/U15580/A1 of cell I_SDRAM_TOP/I_SDRAM_IF/U15580. (PTE-060)
 ( test_best test_fastslow test_slowfast test_worst )
Warning: No clock-gating check is inferred for clock ate_clk at pins I_SDRAM_TOP/I_SDRAM_IF/U15580/A2 and I_SDRAM_TOP/I_SDRAM_IF/U15580/A3 of cell I_SDRAM_TOP/I_SDRAM_IF/U15580. (PTE-060)
 ( test_best test_fastslow test_slowfast test_worst )
Warning: No clock-gating check is inferred for clock ate_clk at pins I_SDRAM_TOP/I_SDRAM_IF/U15580/A4 and I_SDRAM_TOP/I_SDRAM_IF/U15580/A1 of cell I_SDRAM_TOP/I_SDRAM_IF/U15580. (PTE-060)
 ( test_best test_fastslow test_slowfast test_worst )
Warning: No clock-gating check is inferred for clock ate_clk at pins I_SDRAM_TOP/I_SDRAM_IF/U15580/A4 and I_SDRAM_TOP/I_SDRAM_IF/U15580/A3 of cell I_SDRAM_TOP/I_SDRAM_IF/U15580. (PTE-060)
 ( test_best test_fastslow test_slowfast test_worst )
Warning: Setting this variable to a lower value can cause a significant performance degradation during a timing update. (PTE-067)
 ( func_fastslow func_max func_min func_slowfast test_best test_fastslow test_slowfast test_worst )
Warning: Some timing arcs have been disabled for breaking timing loops or because of constant propagation. Use the 'report_disable_timing' command to get the list of these disabled timing arcs. (PTE-003)
 ( func_fastslow func_max func_min func_slowfast test_best test_fastslow test_slowfast test_worst )
Warning: The drive-resistance for the timing arc (saed32hvt_ff0p95vn40c/INVX16_HVT) I_CONTEXT_MEM/HFSINV_364_705/A-->Y (max rising & falling negative_unate) is much less than the network impedance to ground; PrimeTime has adjusted the drive-resistance to improve accuracy. (RC-009)
 ( func_fastslow func_min test_best test_fastslow )
Warning: The drive-resistance for the timing arc (saed32hvt_ff0p95vn40c/INVX16_HVT) I_CONTEXT_MEM/HFSINV_364_705/A-->Y (min rising & falling negative_unate) is much less than the network impedance to ground; PrimeTime has adjusted the drive-resistance to improve accuracy. (RC-009)
 ( func_fastslow func_min test_best test_fastslow )
Warning: The drive-resistance for the timing arc (saed32hvt_ff0p95vn40c/INVX16_HVT) I_CONTEXT_MEM/HFSINV_408_754/A-->Y (max rising & falling negative_unate) is much less than the network impedance to ground; PrimeTime has adjusted the drive-resistance to improve accuracy. (RC-009)
 ( func_fastslow func_min test_best test_fastslow )
Warning: The drive-resistance for the timing arc (saed32hvt_ff0p95vn40c/INVX16_HVT) I_CONTEXT_MEM/HFSINV_408_754/A-->Y (min rising & falling negative_unate) is much less than the network impedance to ground; PrimeTime has adjusted the drive-resistance to improve accuracy. (RC-009)
 ( func_fastslow func_min test_best test_fastslow )
Warning: The drive-resistance for the timing arc (saed32hvt_ff0p95vn40c/INVX16_HVT) I_CONTEXT_MEM/HFSINV_408_756/A-->Y (max rising & falling negative_unate) is much less than the network impedance to ground; PrimeTime has adjusted the drive-resistance to improve accuracy. (RC-009)
 ( func_fastslow func_min test_best test_fastslow )
Warning: The drive-resistance for the timing arc (saed32hvt_ff0p95vn40c/INVX16_HVT) I_CONTEXT_MEM/HFSINV_408_756/A-->Y (min rising & falling negative_unate) is much less than the network impedance to ground; PrimeTime has adjusted the drive-resistance to improve accuracy. (RC-009)
 ( func_fastslow func_min test_best test_fastslow )
Warning: The drive-resistance for the timing arc (saed32hvt_ff0p95vn40c/INVX16_HVT) I_CONTEXT_MEM/HFSINV_433_715/A-->Y (max rising & falling negative_unate) is much less than the network impedance to ground; PrimeTime has adjusted the drive-resistance to improve accuracy. (RC-009)
 ( func_fastslow func_min test_best test_fastslow )
Warning: The drive-resistance for the timing arc (saed32hvt_ff0p95vn40c/INVX16_HVT) I_CONTEXT_MEM/HFSINV_433_715/A-->Y (min rising & falling negative_unate) is much less than the network impedance to ground; PrimeTime has adjusted the drive-resistance to improve accuracy. (RC-009)
 ( func_fastslow func_min test_best test_fastslow )
Warning: The drive-resistance for the timing arc (saed32hvt_ff0p95vn40c/INVX16_HVT) I_SDRAM_TOP/HFSINV_366_957/A-->Y (min rising & falling negative_unate) is much less than the network impedance to ground; PrimeTime has adjusted the drive-resistance to improve accuracy. (RC-009)
 ( func_fastslow test_fastslow )
Warning: The drive-resistance for the timing arc (saed32hvt_ff0p95vn40c/NBUFFX16_HVT) I_PCI_TOP/sram_fixcell_337/A-->Y (max rising & falling positive_unate) is much less than the network impedance to ground; PrimeTime has adjusted the drive-resistance to improve accuracy. (RC-009)
 ( func_fastslow func_min test_best test_fastslow )
Warning: The drive-resistance for the timing arc (saed32hvt_ff0p95vn40c/NBUFFX16_HVT) I_PCI_TOP/sram_fixcell_337/A-->Y (min rising & falling positive_unate) is much less than the network impedance to ground; PrimeTime has adjusted the drive-resistance to improve accuracy. (RC-009)
 ( func_fastslow func_min test_best test_fastslow )
Warning: The drive-resistance for the timing arc (saed32hvt_ff0p95vn40c/NBUFFX16_HVT) I_PCI_TOP/sram_fixcell_354/A-->Y (max rising & falling positive_unate) is much less than the network impedance to ground; PrimeTime has adjusted the drive-resistance to improve accuracy. (RC-009)
 ( func_fastslow test_fastslow )
Warning: The drive-resistance for the timing arc (saed32hvt_ff0p95vn40c/NBUFFX16_HVT) I_PCI_TOP/sram_fixcell_358/A-->Y (max rising & falling positive_unate) is much less than the network impedance to ground; PrimeTime has adjusted the drive-resistance to improve accuracy. (RC-009)
 ( func_fastslow func_min test_best test_fastslow )
Warning: The drive-resistance for the timing arc (saed32hvt_ff0p95vn40c/NBUFFX16_HVT) I_PCI_TOP/sram_fixcell_358/A-->Y (min rising & falling positive_unate) is much less than the network impedance to ground; PrimeTime has adjusted the drive-resistance to improve accuracy. (RC-009)
 ( func_fastslow func_min test_best test_fastslow )
Warning: The drive-resistance for the timing arc (saed32hvt_ff0p95vn40c/NBUFFX16_HVT) I_PCI_TOP/sram_fixcell_360/A-->Y (max rising & falling positive_unate) is much less than the network impedance to ground; PrimeTime has adjusted the drive-resistance to improve accuracy. (RC-009)
 ( func_fastslow test_fastslow )
Warning: The drive-resistance for the timing arc (saed32hvt_ff0p95vn40c/NBUFFX16_HVT) I_PCI_TOP/sram_fixcell_360/A-->Y (min rising & falling positive_unate) is much less than the network impedance to ground; PrimeTime has adjusted the drive-resistance to improve accuracy. (RC-009)
 ( func_fastslow test_fastslow )
Warning: The drive-resistance for the timing arc (saed32hvt_ff0p95vn40c/NBUFFX16_HVT) I_PCI_TOP/sram_fixcell_366/A-->Y (max rising & falling positive_unate) is much less than the network impedance to ground; PrimeTime has adjusted the drive-resistance to improve accuracy. (RC-009)
 ( func_fastslow func_min test_best test_fastslow )
Warning: The drive-resistance for the timing arc (saed32hvt_ff0p95vn40c/NBUFFX16_HVT) I_PCI_TOP/sram_fixcell_366/A-->Y (min rising & falling positive_unate) is much less than the network impedance to ground; PrimeTime has adjusted the drive-resistance to improve accuracy. (RC-009)
 ( func_fastslow func_min test_best test_fastslow )
Warning: The drive-resistance for the timing arc (saed32hvt_ff0p95vn40c/NBUFFX16_HVT) I_RISC_CORE/gre_a_BUF_66_inst_7511/A-->Y (max rising & falling positive_unate) is much less than the network impedance to ground; PrimeTime has adjusted the drive-resistance to improve accuracy. (RC-009)
 ( func_fastslow func_min test_best test_fastslow )
Warning: The drive-resistance for the timing arc (saed32hvt_ff0p95vn40c/NBUFFX16_HVT) I_RISC_CORE/gre_a_BUF_66_inst_7511/A-->Y (min rising & falling positive_unate) is much less than the network impedance to ground; PrimeTime has adjusted the drive-resistance to improve accuracy. (RC-009)
 ( func_fastslow func_min test_best test_fastslow )
Warning: The drive-resistance for the timing arc (saed32hvt_ff0p95vn40c/NBUFFX16_HVT) I_RISC_CORE/gre_a_BUF_66_inst_7515/A-->Y (max rising & falling positive_unate) is much less than the network impedance to ground; PrimeTime has adjusted the drive-resistance to improve accuracy. (RC-009)
 ( func_fastslow func_min test_best test_fastslow )
Warning: The drive-resistance for the timing arc (saed32hvt_ff0p95vn40c/NBUFFX16_HVT) I_RISC_CORE/gre_a_BUF_66_inst_7515/A-->Y (min rising & falling positive_unate) is much less than the network impedance to ground; PrimeTime has adjusted the drive-resistance to improve accuracy. (RC-009)
 ( func_fastslow func_min test_best test_fastslow )
Warning: The drive-resistance for the timing arc (saed32hvt_ff0p95vn40c/NBUFFX16_HVT) I_RISC_CORE/gre_a_BUF_66_inst_7519/A-->Y (max rising & falling positive_unate) is much less than the network impedance to ground; PrimeTime has adjusted the drive-resistance to improve accuracy. (RC-009)
 ( func_fastslow func_min test_best test_fastslow )
Warning: The drive-resistance for the timing arc (saed32hvt_ff0p95vn40c/NBUFFX16_HVT) I_RISC_CORE/gre_a_BUF_66_inst_7519/A-->Y (min rising & falling positive_unate) is much less than the network impedance to ground; PrimeTime has adjusted the drive-resistance to improve accuracy. (RC-009)
 ( func_fastslow func_min test_best test_fastslow )
Warning: The drive-resistance for the timing arc (saed32hvt_ff0p95vn40c/NBUFFX16_HVT) I_RISC_CORE/gre_a_BUF_66_inst_7520/A-->Y (max rising & falling positive_unate) is much less than the network impedance to ground; PrimeTime has adjusted the drive-resistance to improve accuracy. (RC-009)
 ( func_fastslow func_min test_best test_fastslow )
Warning: The drive-resistance for the timing arc (saed32hvt_ff0p95vn40c/NBUFFX16_HVT) I_RISC_CORE/gre_a_BUF_66_inst_7520/A-->Y (min rising & falling positive_unate) is much less than the network impedance to ground; PrimeTime has adjusted the drive-resistance to improve accuracy. (RC-009)
 ( func_fastslow func_min test_best test_fastslow )
Warning: The drive-resistance for the timing arc (saed32hvt_ff0p95vn40c/NBUFFX16_HVT) I_RISC_CORE/gre_a_BUF_66_inst_7521/A-->Y (max rising & falling positive_unate) is much less than the network impedance to ground; PrimeTime has adjusted the drive-resistance to improve accuracy. (RC-009)
 ( func_fastslow func_min test_best test_fastslow )
Warning: The drive-resistance for the timing arc (saed32hvt_ff0p95vn40c/NBUFFX16_HVT) I_RISC_CORE/gre_a_BUF_66_inst_7521/A-->Y (min rising & falling positive_unate) is much less than the network impedance to ground; PrimeTime has adjusted the drive-resistance to improve accuracy. (RC-009)
 ( func_fastslow func_min test_best test_fastslow )
Warning: The drive-resistance for the timing arc (saed32hvt_ff0p95vn40c/NBUFFX16_HVT) I_RISC_CORE/gre_a_BUF_66_inst_7522/A-->Y (max rising & falling positive_unate) is much less than the network impedance to ground; PrimeTime has adjusted the drive-resistance to improve accuracy. (RC-009)
 ( func_fastslow func_min test_best test_fastslow )
Warning: The drive-resistance for the timing arc (saed32hvt_ff0p95vn40c/NBUFFX16_HVT) I_RISC_CORE/gre_a_BUF_66_inst_7522/A-->Y (min rising & falling positive_unate) is much less than the network impedance to ground; PrimeTime has adjusted the drive-resistance to improve accuracy. (RC-009)
 ( func_fastslow func_min test_best test_fastslow )
Warning: The drive-resistance for the timing arc (saed32hvt_ff0p95vn40c/NBUFFX16_HVT) I_RISC_CORE/gre_a_BUF_66_inst_7523/A-->Y (max rising & falling positive_unate) is much less than the network impedance to ground; PrimeTime has adjusted the drive-resistance to improve accuracy. (RC-009)
 ( func_fastslow func_min test_best test_fastslow )
Warning: The drive-resistance for the timing arc (saed32hvt_ff0p95vn40c/NBUFFX16_HVT) I_RISC_CORE/gre_a_BUF_66_inst_7523/A-->Y (min rising & falling positive_unate) is much less than the network impedance to ground; PrimeTime has adjusted the drive-resistance to improve accuracy. (RC-009)
 ( func_fastslow func_min test_best test_fastslow )
Warning: The drive-resistance for the timing arc (saed32hvt_ff0p95vn40c/NBUFFX16_HVT) I_RISC_CORE/gre_a_BUF_83_inst_7524/A-->Y (max rising & falling positive_unate) is much less than the network impedance to ground; PrimeTime has adjusted the drive-resistance to improve accuracy. (RC-009)
 ( func_fastslow func_min test_best test_fastslow )
Warning: The drive-resistance for the timing arc (saed32hvt_ff0p95vn40c/NBUFFX16_HVT) I_RISC_CORE/gre_a_BUF_83_inst_7524/A-->Y (min rising & falling positive_unate) is much less than the network impedance to ground; PrimeTime has adjusted the drive-resistance to improve accuracy. (RC-009)
 ( func_fastslow func_min test_best test_fastslow )
Warning: The type of RC delay calculation problems that have occurred prevents the min and max results from bounding the correct values. (RC-008)
 ( func_max func_slowfast test_slowfast test_worst )
Warning: Virtual clock 'v_PCI_CLK' cannot be made propagated. (UITE-316)
 ( func_fastslow func_max func_min func_slowfast test_best test_fastslow test_slowfast test_worst )
Warning: Virtual clock 'v_SDRAM_CLK' cannot be made propagated. (UITE-316)
 ( func_fastslow func_max func_min func_slowfast test_best test_fastslow test_slowfast test_worst )
Error: Nothing matched for group_name (SEL-005)
 ( func_fastslow func_max func_min func_slowfast test_best test_fastslow test_slowfast test_worst )
Warning: Nothing implicitly matched 'reg2reg' (SEL-003)
 ( func_fastslow func_max func_min func_slowfast test_best test_fastslow test_slowfast test_worst )
Error: Nothing matched for group_name (SEL-005)
 ( func_fastslow func_max func_min func_slowfast test_best test_fastslow test_slowfast test_worst )
Warning: Nothing implicitly matched 'REG2REG' (SEL-003)
 ( func_fastslow func_max func_min func_slowfast test_best test_fastslow test_slowfast test_worst )
