**INFO: Starting Blocking QThread with 4 CPU
   ____________________________________________________________________
__/ message from Blocking QThread
Multi-CPU acceleration using 4 CPU(s).
*** QThread MetricCollect [begin] (IncrReplace #1 / place_opt_design #1) : mem = 0.7M
Multithreaded Timing Analysis is initialized with 4 threads

###############################################################
#  Generated by:      Cadence Innovus 23.10-p003_1
#  OS:                Linux x86_64(Host ID mo.ece.pdx.edu)
#  Generated on:      Thu May 16 14:49:22 2024
#  Design:            ORCA_TOP
#  Command:           place_opt_design
###############################################################

REPORT ANALYSIS SUMMARY (View:test_worst_scenario) (EL:Setup)
=========================================================================================================================================================================================================

REPORT ANALYSIS SUMMARY (View:func_worst_scenario) (EL:Setup)
=========================================================================================================================================================================================================
Ending "set_metric_timing_analysis_summary" (total cpu=0:00:00.3, real=0:00:00.0, peak res=3053.4M, current mem=2700.7M)
Ending "get_summary_setup_timing" (total cpu=0:00:00.4, real=0:00:01.0, peak res=3053.4M, current mem=2701.1M)
*** QThread MetricCollect [finish] (IncrReplace #1 / place_opt_design #1) : cpu/real = 0:00:00.5/0:00:00.5 (1.0), mem = 0.0M
_______________________________________________________________________
