 ------------------------------------------------------------------------------------------------------------------------------------------------------- 
| Snapshot                | WNS                  | TNS                  | Density (%) | Hotspot                   | Resource               | DRVs       |
|                         | HEPG (ns) | ALL (ns) | HEPG (ns) | ALL (ns) |             | Max (bins) | Total (bins) | Real (s) | Memory (MB) | Tran | Cap |
|-------------------------+-----------+----------+-----------+----------+-------------+------------+--------------+----------+-------------+------+-----|
| initial_summary         |           |   -1.095 |           |      -14 |       42.80 |            |              | 0:00:13  |        5020 |   64 |  67 |
| route_type_refinement   |           |          |           |          |             |            |              | 0:00:02  |        5112 |      |     |
| simplify_netlist        |           |          |           |          |             |            |              | 0:00:04  |        5113 |      |     |
| excluded_clk_net_fixing |           |          |           |          |             |            |              | 0:00:00  |        5113 |      |     |
| drv_fixing              |     0.000 |   -0.575 |         0 |       -1 |       42.98 |            |              | 0:00:11  |        5232 |    0 |   5 |
| global_opt              |           |   -0.258 |           |       -0 |       42.98 |            |              | 0:00:06  |        5284 |      |     |
| global_opt_2            |           |   -0.253 |           |       -0 |       42.98 |            |              | 0:00:08  |        5314 |      |     |
| area_reclaiming         |     0.000 |   -0.253 |         0 |       -0 |       42.92 |            |              | 0:00:17  |        5324 |      |     |
| wns_fixing              |    -0.251 |   -0.267 |        -0 |       -0 |       42.92 |            |              | 0:00:27  |        5930 |      |     |
| tns_fixing              |    -0.251 |   -0.267 |        -0 |       -0 |       42.92 |            |              | 0:00:05  |        5785 |      |     |
| area_reclaiming_2       |    -0.251 |   -0.251 |        -0 |       -0 |       42.92 |            |              | 0:00:13  |        5340 |      |     |
| local_wire_reclaim      |           |          |           |          |             |            |              | 0:01:09  |        5348 |      |     |
| global_route            |           |          |           |          |             |       0.00 |         0.00 | 0:00:08  |        5175 |      |     |
| route_type_refinement_2 |           |          |           |          |             |            |              | 0:00:00  |        5175 |      |     |
| drv_eco_fixing          |    -0.255 |   -0.255 |        -0 |       -0 |       42.95 |            |              | 0:00:06  |        5349 |    0 |   4 |
| tns_eco_fixing          |    -0.255 |   -0.255 |        -0 |       -0 |       42.95 |            |              | 0:00:04  |        5897 |      |     |
| tns_eco_fixing_2        |    -0.255 |   -0.255 |        -0 |       -0 |       42.95 |            |              | 0:00:04  |        5787 |      |     |
| final_summary           |    -0.254 |   -0.254 |           |       -0 |       42.84 |       0.26 |         0.52 | 0:00:14  |        5296 |    0 |   0 |
 ------------------------------------------------------------------------------------------------------------------------------------------------------- 
