 ------------------------------------------------------------------------------------------------------------------------------------------------------- 
| Snapshot                | WNS                  | TNS                  | Density (%) | Hotspot                   | Resource               | DRVs       |
|                         | HEPG (ns) | ALL (ns) | HEPG (ns) | ALL (ns) |             | Max (bins) | Total (bins) | Real (s) | Memory (MB) | Tran | Cap |
|-------------------------+-----------+----------+-----------+----------+-------------+------------+--------------+----------+-------------+------+-----|
| initial_summary         |           |   -0.729 |           |       -3 |       33.70 |            |              | 0:00:17  |        4319 |   23 |  28 |
| route_type_refinement   |           |          |           |          |             |            |              | 0:00:04  |        4427 |      |     |
| simplify_netlist        |           |          |           |          |             |            |              | 0:00:04  |        4428 |      |     |
| excluded_clk_net_fixing |           |          |           |          |             |            |              | 0:00:00  |        4428 |      |     |
| drv_fixing              |     0.000 |   -0.729 |         0 |       -1 |       33.77 |            |              | 0:00:13  |        4521 |    6 |   3 |
| global_opt              |           |   -0.440 |           |       -0 |       33.77 |            |              | 0:00:07  |        4564 |      |     |
| global_opt_2            |           |   -0.440 |           |       -0 |       33.77 |            |              | 0:00:08  |        4575 |      |     |
| area_reclaiming         |     0.000 |   -0.440 |         0 |       -0 |       33.71 |            |              | 0:00:16  |        4574 |      |     |
| wns_fixing              |    -0.387 |   -0.403 |        -0 |       -0 |       33.71 |            |              | 0:00:41  |        4903 |      |     |
| tns_fixing              |    -0.387 |   -0.403 |        -0 |       -0 |       33.71 |            |              | 0:00:05  |        4879 |      |     |
| area_reclaiming_2       |    -0.387 |   -0.387 |        -0 |       -0 |       33.71 |            |              | 0:00:15  |        4596 |      |     |
| local_wire_reclaim      |           |          |           |          |             |            |              | 0:01:09  |        4609 |      |     |
| global_route            |           |          |           |          |             |       0.00 |         0.00 | 0:00:09  |        4508 |      |     |
| route_type_refinement_2 |           |          |           |          |             |            |              | 0:00:00  |        4508 |      |     |
| drv_eco_fixing          |    -0.380 |   -0.380 |        -0 |       -0 |       33.76 |            |              | 0:00:08  |        4606 |    6 |   3 |
| tns_eco_fixing          |    -0.380 |   -0.380 |        -0 |       -0 |       33.76 |            |              | 0:00:13  |        4960 |      |     |
| tns_eco_fixing_2        |    -0.380 |   -0.380 |        -0 |       -0 |       33.76 |            |              | 0:00:04  |        4867 |      |     |
| final_summary           |    -0.380 |   -0.380 |           |       -0 |       33.71 |       5.18 |        10.82 | 0:00:17  |        4610 |    0 |   0 |
 ------------------------------------------------------------------------------------------------------------------------------------------------------- 
