###############################################################
#  Generated by:      Cadence Innovus 23.10-p003_1
#  OS:                Linux x86_64(Host ID mo.ece.pdx.edu)
#  Generated on:      Wed Jun 12 16:06:27 2024
#  Design:            ORCA_TOP
#  Command:           report_timing -clock_from SDRAM_CLK -clock_to SDRAM_CLK > ../reports/HCTS_buffers_inverters_setup_timing.rpt
###############################################################
Path 1: MET Setup Check with Pin I_SDRAM_TOP/I_SDRAM_IF/R_10/CLK 
Endpoint:   I_SDRAM_TOP/I_SDRAM_IF/R_10/D                                  (v) checked with  leading edge of 'SDRAM_CLK'
Beginpoint: I_SDRAM_TOP/I_SDRAM_WRITE_FIFO_SD_FIFO_CTL_U2_empty_int_reg/QN (v) triggered by  leading edge of 'SDRAM_CLK'
Path Groups: {reg2reg}
Analysis View: func_worst_scenario
Other End Arrival Time          1.344
- Setup                         0.609
+ Phase Shift                   4.100
+ CPPR Adjustment               0.041
- Uncertainty                   0.100
= Required Time                 4.776
- Arrival Time                  4.638
= Slack Time                    0.139
     Clock Rise Edge                 0.000
     + Clock Network Latency (Prop)  1.414
     = Beginpoint Arrival Time       1.414
      ---------------------------------------------------------------------------------  
       Delay     Arrival    Slew      Cell              Pin                              
                 Time                                                                    
      ---------------------------------------------------------------------------------  
                1.414      0.116                       I_SDRAM_TOP/I_SDRAM_WRITE_FIFO_SD_FIFO_CTL_U2_empty_int_reg/CLK
      0.258     1.672      0.082     SDFFARX1_LVT      I_SDRAM_TOP/I_SDRAM_WRITE_FIFO_SD_FIFO_CTL_U2_empty_int_reg/QN
      0.166     1.837      0.092     NBUFFX4_LVT       I_SDRAM_TOP/FE_OFC4989_n159/Y
      0.164     2.002      0.088     NBUFFX8_LVT       I_SDRAM_TOP/I_SDRAM_IF/FE_OFC6728_n159/Y
      0.256     2.258      0.112     AND2X1_RVT        I_SDRAM_TOP/I_SDRAM_IF/U2/Y
      0.244     2.501      0.109     AO22X1_RVT        I_SDRAM_TOP/I_SDRAM_IF/U4/Y
      0.167     2.668      0.042     AO21X1_LVT        I_SDRAM_TOP/I_SDRAM_IF/FE_RC_166_0/Y
      0.099     2.767      0.122     NAND2X0_LVT       I_SDRAM_TOP/I_SDRAM_IF/FE_RC_165_0/Y
      0.239     3.006      0.108     OA21X1_RVT        I_SDRAM_TOP/I_SDRAM_IF/U72/Y
      0.236     3.242      0.074     NOR2X1_RVT        I_SDRAM_TOP/I_SDRAM_IF/U73/Y
      0.234     3.475      0.078     OR2X1_RVT         I_SDRAM_TOP/I_SDRAM_IF/U74/Y
      0.122     3.597      0.123     NAND3X0_RVT       I_SDRAM_TOP/I_SDRAM_IF/U83/Y
      0.226     3.823      0.102     AND3X1_RVT        I_SDRAM_TOP/I_SDRAM_IF/U88/Y
      0.249     4.072      0.139     AO22X1_RVT        I_SDRAM_TOP/I_SDRAM_IF/U89/Y
      0.300     4.372      0.067     OAI22X1_RVT       I_SDRAM_TOP/I_SDRAM_IF/U104/Y
      0.265     4.638      0.088     AO21X1_RVT        I_SDRAM_TOP/I_SDRAM_IF/U7140/Y
      0.000     4.638      0.088     SDFFASX1_RVT      I_SDRAM_TOP/I_SDRAM_IF/R_10/D
      ---------------------------------------------------------------------------------

