###############################################################
#  Generated by:      Cadence Innovus 23.10-p003_1
#  OS:                Linux x86_64(Host ID mo.ece.pdx.edu)
#  Generated on:      Thu Jun 12 16:54:38 2025
#  Design:            isodata_cluster
#  Command:           report_ccopt_skew_groups -summary -file ../reports/isodata_cluster.innovus.route.ccopt_skew_groups.rpt
###############################################################

Skew Group Structure:
=====================

-----------------------------------------------------------------------
Skew Group          Sources    Constrained Sinks    Unconstrained Sinks
-----------------------------------------------------------------------
clk/func_max_sdc       1             2947                    0
clk/func_min_sdc       1             2947                    0
-----------------------------------------------------------------------

Skew Group Summary:
===================

-------------------------------------------------------------------------------------------------------------------------------------------------------------------------
Timing Corner             Skew Group          ID Target    Min ID    Max ID    Avg ID    Std.Dev. ID    Skew Target Type    Skew Target    Skew     Skew window occupancy
-------------------------------------------------------------------------------------------------------------------------------------------------------------------------
max_corner:setup.early    clk/func_max_sdc        -        0.658     0.769     0.731        0.019       ignored                  -         0.111              -
                          clk/func_min_sdc        -        0.658     0.769     0.731        0.019       ignored                  -         0.111              -
max_corner:setup.late     clk/func_max_sdc    *0.020       0.706     0.833     0.794        0.019       explicit            *0.085         0.126    97.8% {0.769, 0.833}
                          clk/func_min_sdc    *0.800       0.706     0.833     0.794        0.019       explicit            *0.085         0.126    97.8% {0.769, 0.833}
min_corner:hold.early     clk/func_max_sdc        -        0.162     0.211     0.193        0.008       ignored                  -         0.049              -
                          clk/func_min_sdc        -        0.162     0.211     0.193        0.008       ignored                  -         0.049              -
min_corner:hold.late      clk/func_max_sdc        -        0.172     0.225     0.207        0.009       ignored                  -         0.052              -
                          clk/func_min_sdc        -        0.172     0.225     0.207        0.009       ignored                  -         0.052              -
-------------------------------------------------------------------------------------------------------------------------------------------------------------------------

* - indicates that target was not met.

Skew Group Min/Max path pins:
=============================

----------------------------------------------------------------------------------
Timing Corner             Skew Group          Min ID    PathID    Max ID    PathID
----------------------------------------------------------------------------------
max_corner:setup.early    clk/func_max_sdc    0.658       -       0.769       -
-    min cy_reg_6__31_/CLK
-    max cluster_count_reg_8__9_/CLK
                          clk/func_min_sdc    0.658       -       0.769       -
-    min cy_reg_6__31_/CLK
-    max cluster_count_reg_8__9_/CLK
max_corner:setup.late     clk/func_max_sdc    0.706       -       0.833       -
-    min cy_reg_6__31_/CLK
-    max centroid_y_reg_6__1_/CLK
                          clk/func_min_sdc    0.706       -       0.833       -
-    min cy_reg_6__31_/CLK
-    max centroid_y_reg_6__1_/CLK
min_corner:hold.early     clk/func_max_sdc    0.162       -       0.211       -
-    min cy_reg_6__31_/CLK
-    max cluster_sum_y_reg_0__31_/CLK
                          clk/func_min_sdc    0.162       -       0.211       -
-    min cy_reg_6__31_/CLK
-    max cluster_sum_y_reg_0__31_/CLK
min_corner:hold.late      clk/func_max_sdc    0.172       -       0.225       -
-    min i_reg_7_/CLK
-    max cluster_count_reg_8__9_/CLK
                          clk/func_min_sdc    0.172       -       0.225       -
-    min i_reg_7_/CLK
-    max cluster_count_reg_8__9_/CLK
----------------------------------------------------------------------------------

