###############################################################
#  Generated by:      Cadence Innovus 23.10-p003_1
#  OS:                Linux x86_64(Host ID mo.ece.pdx.edu)
#  Generated on:      Thu Jun 12 13:17:25 2025
#  Design:            isodata_cluster
#  Command:           report_ccopt_skew_groups -summary -file ../reports/isodata_cluster.innovus.postcts.ccopt_skew_groups.rpt
###############################################################

Skew Group Structure:
=====================

-----------------------------------------------------------------------
Skew Group          Sources    Constrained Sinks    Unconstrained Sinks
-----------------------------------------------------------------------
clk/func_max_sdc       1             2947                    0
clk/func_min_sdc       1             2947                    0
-----------------------------------------------------------------------

Skew Group Summary:
===================

-------------------------------------------------------------------------------------------------------------------------------------------------------------------------
Timing Corner             Skew Group          ID Target    Min ID    Max ID    Avg ID    Std.Dev. ID    Skew Target Type    Skew Target    Skew     Skew window occupancy
-------------------------------------------------------------------------------------------------------------------------------------------------------------------------
max_corner:setup.early    clk/func_max_sdc        -        0.674     0.786     0.745        0.019       ignored                  -         0.112              -
                          clk/func_min_sdc        -        0.674     0.786     0.745        0.019       ignored                  -         0.112              -
max_corner:setup.late     clk/func_max_sdc    *0.020       0.723     0.852     0.813        0.020       explicit            *0.085         0.129    97.8% {0.785, 0.852}
                          clk/func_min_sdc    *0.800       0.723     0.852     0.813        0.020       explicit            *0.085         0.129    97.8% {0.785, 0.852}
min_corner:hold.early     clk/func_max_sdc        -        0.162     0.213     0.195        0.008       ignored                  -         0.051              -
                          clk/func_min_sdc        -        0.162     0.213     0.195        0.008       ignored                  -         0.051              -
min_corner:hold.late      clk/func_max_sdc        -        0.172     0.227     0.208        0.009       ignored                  -         0.055              -
                          clk/func_min_sdc        -        0.172     0.227     0.208        0.009       ignored                  -         0.055              -
-------------------------------------------------------------------------------------------------------------------------------------------------------------------------

* - indicates that target was not met.

Skew Group Min/Max path pins:
=============================

----------------------------------------------------------------------------------
Timing Corner             Skew Group          Min ID    PathID    Max ID    PathID
----------------------------------------------------------------------------------
max_corner:setup.early    clk/func_max_sdc    0.674       -       0.786       -
-    min cy_reg_6__31_/CLK
-    max cluster_count_reg_8__9_/CLK
                          clk/func_min_sdc    0.674       -       0.786       -
-    min cy_reg_6__31_/CLK
-    max cluster_count_reg_8__9_/CLK
max_corner:setup.late     clk/func_max_sdc    0.723       -       0.852       -
-    min cy_reg_6__31_/CLK
-    max cluster_count_reg_8__9_/CLK
                          clk/func_min_sdc    0.723       -       0.852       -
-    min cy_reg_6__31_/CLK
-    max cluster_count_reg_8__9_/CLK
min_corner:hold.early     clk/func_max_sdc    0.162       -       0.213       -
-    min i_reg_7_/CLK
-    max cluster_sum_y_reg_0__31_/CLK
                          clk/func_min_sdc    0.162       -       0.213       -
-    min i_reg_7_/CLK
-    max cluster_sum_y_reg_0__31_/CLK
min_corner:hold.late      clk/func_max_sdc    0.172       -       0.227       -
-    min i_reg_7_/CLK
-    max cluster_count_reg_8__9_/CLK
                          clk/func_min_sdc    0.172       -       0.227       -
-    min i_reg_7_/CLK
-    max cluster_count_reg_8__9_/CLK
----------------------------------------------------------------------------------

