                       OverCon           OverCon           OverCon           OverCon            
                        #Gcell            #Gcell            #Gcell            #Gcell     %Gcell
       Layer             (1-7)            (8-15)           (16-23)           (24-31)    OverCon
-------------------------------------------------------------------------------------------------
     M1 ( 1)         0( 0.00%)         0( 0.00%)         0( 0.00%)         0( 0.00%)   ( 0.00%) 
     M2 ( 2)     11805( 1.89%)       296( 0.05%)       305( 0.05%)        68( 0.01%)   ( 2.00%) 
     M3 ( 3)    277786(44.51%)       187( 0.03%)         0( 0.00%)         0( 0.00%)   (44.54%) 
     M4 ( 4)     14835( 2.38%)       404( 0.06%)         7( 0.00%)         0( 0.00%)   ( 2.44%) 
     M5 ( 5)    161249(25.84%)         0( 0.00%)         0( 0.00%)         0( 0.00%)   (25.84%) 
     M6 ( 6)      4822( 0.77%)         0( 0.00%)         0( 0.00%)         0( 0.00%)   ( 0.77%) 
     M7 ( 7)     26535( 4.62%)         0( 0.00%)         0( 0.00%)         0( 0.00%)   ( 4.62%) 
     M8 ( 8)       818( 0.14%)         0( 0.00%)         0( 0.00%)         0( 0.00%)   ( 0.14%) 
     M9 ( 9)      1864( 0.44%)         0( 0.00%)         0( 0.00%)         0( 0.00%)   ( 0.44%) 
   MRDL (10)         2( 0.00%)         0( 0.00%)         0( 0.00%)         0( 0.00%)   ( 0.00%) 
-------------------------------------------------------------------------------------------------
       Total    499716(10.19%)       887( 0.02%)       312( 0.01%)        68( 0.00%)   (10.22%) 
-------------------------------------------------------------------------------------------------
2D Overflow 39.55% H + 0.56% V
[hotspot] +----------------+-------------------+-------------------+-------------------------------------+
[hotspot] |      layer     |    max hotspot    |   total hotspot   |            hotspot bbox             |
[hotspot] +----------------+-------------------+-------------------+-------------------------------------+
[hotspot] |       M1(H)    |              0.00 |              0.00 |   (none)                            |
[hotspot] |       M2(V)    |            362.32 |            585.76 |     0.00   454.78    53.50   802.56 |
[hotspot] |       M3(H)    |          23768.41 |          24951.46 |    26.75     0.00  1150.34  1320.88 |
[hotspot] |       M4(V)    |            162.51 |            347.62 |     0.00   361.15    26.75   869.44 |
[hotspot] |       M5(H)    |          18434.30 |          19299.77 |    80.26     0.00  1043.33  1320.88 |
[hotspot] |       M6(V)    |             59.06 |             74.32 |     0.00   321.02    53.50   374.53 |
[hotspot] |       M7(H)    |           2793.50 |           7461.64 |   240.77   454.78   896.19   749.06 |
[hotspot] |       M8(V)    |             15.44 |             21.33 |  1150.34   561.79  1203.84   615.30 |
[hotspot] |       M9(H)    |              2.95 |             39.37 |   454.78   535.04   508.29   588.54 |
[hotspot] |     MRDL(V)    |              0.00 |              0.00 |   (none)                            |
[hotspot] +----------------+-------------------+-------------------+-------------------------------------+
[hotspot] |      worst     |     (M3) 23768.41 |     (M3) 24951.46 |                                     |
[hotspot] +----------------+-------------------+-------------------+-------------------------------------+
[hotspot] |   all layers   |          21430.11 |          22684.27 |                                     |
[hotspot] +----------------+-------------------+-------------------+-------------------------------------+
Local HotSpot Analysis (blockage included) (3d): normalized congestion max/total hotspot area = 21430.11/22684.27 (area is in unit of 4 std-cell row bins)
[hotspot] top 5 congestion hotspot bounding boxes and scores of all layers hotspot
[hotspot] +-----+-------------------------------------+---------------+-------------------------------+
[hotspot] | top |            hotspot bbox             | hotspot score |           module              |
[hotspot] +-----+-------------------------------------+---------------+-------------------------------+
[hotspot] |  1  |     0.00     0.00  1123.58  1320.88 |    22450.10   |             NA                |
[hotspot] +-----+-------------------------------------+---------------+-------------------------------+
[hotspot] |  2  |   963.07   107.01  1150.34   214.02 |      293.72   |             NA                |
[hotspot] +-----+-------------------------------------+---------------+-------------------------------+
[hotspot] |  3  |   936.32   963.07  1043.33  1096.83 |      195.99   |             NA                |
[hotspot] +-----+-------------------------------------+---------------+-------------------------------+
[hotspot] |  4  |     0.00   133.76    53.50   294.27 |      105.63   |             NA                |
[hotspot] +-----+-------------------------------------+---------------+-------------------------------+
[hotspot] |  5  |  1070.08     0.00  1177.09    53.50 |      102.59   |             NA                |
[hotspot] +-----+-------------------------------------+---------------+-------------------------------+
