Using Power View: func_max_scenario.
Load RC corner of view func_max_scenario
Begin Boundary Leakage Calculation
Ended Boundary Leakage Calculation: (cpu=0:00:00, real=0:00:00,
mem(process/total/peak)=15183.64MB/20057.64MB/20644.76MB)
Begin Static Power Report Generation
*----------------------------------------------------------------------------------------
*	Innovus 23.10-p003_1 (64bit) 02/01/2024 13:54 (Linux 3.10.0-693.el7.x86_64)
*	
*
* 	Date & Time:	2025-Jun-12 17:17:44 (2025-Jun-13 00:17:44 GMT)
*
*----------------------------------------------------------------------------------------
*
*	Design: isodata_cluster
*
*	Liberty Libraries used:
*	        func_max_scenario: /pkgs/synopsys/2020/32_28nm/SAED32_EDK/lib/stdcell_rvt/db_nldm/saed32rvt_ss0p75vn40c.lib
*	        func_max_scenario: /pkgs/synopsys/2020/32_28nm/SAED32_EDK/lib/stdcell_rvt/db_nldm/saed32rvt_dlvl_ss0p75vn40c_i0p95v.lib
*	        func_max_scenario: /pkgs/synopsys/2020/32_28nm/SAED32_EDK/lib/stdcell_rvt/db_nldm/saed32rvt_ulvl_ss0p75vn40c_i0p75v.lib
*	        func_max_scenario: /pkgs/synopsys/2020/32_28nm/SAED32_EDK/lib/stdcell_rvt/db_nldm/saed32rvt_dlvl_ss0p75vn40c_i0p75v.lib
*	        func_max_scenario: /pkgs/synopsys/2020/32_28nm/SAED32_EDK/lib/stdcell_rvt/db_nldm/saed32rvt_ss0p95vn40c.lib
*	        func_max_scenario: /pkgs/synopsys/2020/32_28nm/SAED32_EDK/lib/stdcell_rvt/db_nldm/saed32rvt_ulvl_ss0p95vn40c_i0p75v.lib
*	        func_max_scenario: /pkgs/synopsys/2020/32_28nm/SAED32_EDK/lib/stdcell_lvt/db_nldm/saed32lvt_ss0p75vn40c.lib
*	        func_max_scenario: /pkgs/synopsys/2020/32_28nm/SAED32_EDK/lib/stdcell_lvt/db_nldm/saed32lvt_dlvl_ss0p75vn40c_i0p95v.lib
*	        func_max_scenario: /pkgs/synopsys/2020/32_28nm/SAED32_EDK/lib/stdcell_lvt/db_nldm/saed32lvt_ulvl_ss0p75vn40c_i0p75v.lib
*	        func_max_scenario: /pkgs/synopsys/2020/32_28nm/SAED32_EDK/lib/stdcell_lvt/db_nldm/saed32lvt_dlvl_ss0p75vn40c_i0p75v.lib
*	        func_max_scenario: /pkgs/synopsys/2020/32_28nm/SAED32_EDK/lib/stdcell_lvt/db_nldm/saed32lvt_ss0p95vn40c.lib
*	        func_max_scenario: /pkgs/synopsys/2020/32_28nm/SAED32_EDK/lib/stdcell_lvt/db_nldm/saed32lvt_ulvl_ss0p95vn40c_i0p75v.lib
*	        func_max_scenario: /pkgs/synopsys/2020/32_28nm/SAED32_EDK/lib/stdcell_hvt/db_nldm/saed32hvt_ss0p75vn40c.lib
*	        func_max_scenario: /pkgs/synopsys/2020/32_28nm/SAED32_EDK/lib/stdcell_hvt/db_nldm/saed32hvt_dlvl_ss0p75vn40c_i0p95v.lib
*	        func_max_scenario: /pkgs/synopsys/2020/32_28nm/SAED32_EDK/lib/stdcell_hvt/db_nldm/saed32hvt_ulvl_ss0p75vn40c_i0p75v.lib
*	        func_max_scenario: /pkgs/synopsys/2020/32_28nm/SAED32_EDK/lib/stdcell_hvt/db_nldm/saed32hvt_dlvl_ss0p75vn40c_i0p75v.lib
*	        func_max_scenario: /pkgs/synopsys/2020/32_28nm/SAED32_EDK/lib/stdcell_hvt/db_nldm/saed32hvt_ss0p95vn40c.lib
*	        func_max_scenario: /pkgs/synopsys/2020/32_28nm/SAED32_EDK/lib/stdcell_hvt/db_nldm/saed32hvt_ulvl_ss0p95vn40c_i0p75v.lib
*	        func_max_scenario: /pkgs/synopsys/2020/32_28nm/SAED32_EDK/lib/sram/db_nldm/saed32sram_ss0p95vn40c.lib
*
*	Parasitic Files used:
*
*       Power View : func_max_scenario
*
*       User-Defined Activity : N.A.
*
*       Activity File: N.A.
*
*       Hierarchical Global Activity: N.A.
*
*       Global Activity: N.A.
*
*       Sequential Element Activity: 0.200000
*
*       Primary Input Activity: 0.200000
*
*       Default icg ratio: N.A.
*
*       Global Comb ClockGate Ratio: N.A.
*
*	Power Units = 1mW
*
*	Time Units = 1e-09 secs
*
*       report_power
*
-----------------------------------------------------------------------------------------
*



Total Power
-----------------------------------------------------------------------------------------
Total Internal Power:      136.99505870 	   52.0210%
Total Switching Power:     121.27543331 	   46.0518%
Total Leakage Power:         5.07498776 	    1.9271%
Total Power:               263.34547977
-----------------------------------------------------------------------------------------


Group                           Internal   Switching     Leakage       Total  Percentage 
                                Power      Power         Power         Power  (%)        
-----------------------------------------------------------------------------------------
Sequential                         11.71      0.5923     0.03754       12.34       4.686
Macro                                  0           0           0           0           0
IO                                     0           0           0           0           0
Combinational                      124.4       117.9       5.036       247.2       93.89
Clock (Combinational)             0.9242       2.831    0.001505       3.757       1.426
Clock (Sequential)                     0           0           0           0           0
-----------------------------------------------------------------------------------------
Total                                137       121.3       5.075       263.3         100
-----------------------------------------------------------------------------------------


Rail                  Voltage   Internal   Switching     Leakage       Total  Percentage 
                                Power      Power         Power         Power  (%)        
-----------------------------------------------------------------------------------------
VDD                      0.75        137       121.3       5.075       263.3         100


Clock                           Internal   Switching     Leakage       Total  Percentage 
                                Power      Power         Power         Power  (%)        
-----------------------------------------------------------------------------------------
clk                               0.9242       2.831    0.001505       3.757       1.426
-----------------------------------------------------------------------------------------
Total                             0.9242       2.831    0.001505       3.757       1.426
-----------------------------------------------------------------------------------------
Clock: clk
Clock Period: 0.001000 usec 
Clock Toggle Rate:  2000.0000 Mhz 
Clock Static Probability:  0.5000
  
 
 
-----------------------------------------------------------------------------------------
*	Power Distribution Summary: 
*              Highest Average Power:    FE_OFC207250_n_7596148 (NBUFFX32_LVT):            0.102
*              Highest Leakage Power:             FE_RC_81148_0 (NAND2X4_LVT):        5.766e-05
*                Total Cap:      3.29674e-09 F
*                Total instances in design: 613978
*                Total instances in design with no power:     0
*                Total instances in design with no activty:     0

*                Total Fillers and Decap:     0
-----------------------------------------------------------------------------------------
 
** INFO:  (VOLTUS_POWR-3465): There are 0 decaps and 0 fillers in the design

Ended Static Power Report Generation: (cpu=0:00:07, real=0:00:06,
mem(process/total/peak)=15362.21MB/20278.14MB/20644.76MB)

