Usage: (90.1%H 50.5%V) = (9.477e+06um 1.080e+07um) = (5668194 6459491)
Overflow: 399508 = 391765 (62.77% H) + 7743 (1.24% V)

Congestion distribution:

Remain	cntH		cntV
--------------------------------------
 -5:	36168	 5.80%	1206	 0.19%
 -4:	35064	 5.62%	136	 0.02%
 -3:	50709	 8.13%	247	 0.04%
 -2:	60617	 9.71%	555	 0.09%
 -1:	61898	 9.92%	1223	 0.20%
--------------------------------------
  0:	57533	 9.22%	2396	 0.38%
  1:	52380	 8.39%	5100	 0.82%
  2:	49654	 7.96%	9334	 1.50%
  3:	48002	 7.69%	15277	 2.45%
  4:	45281	 7.26%	22476	 3.60%
  5:	126794	20.32%	566150	90.71%
[hotspot] +------------+---------------+---------------+
[hotspot] |            |   max hotspot | total hotspot |
[hotspot] +------------+---------------+---------------+
[hotspot] | normalized |      20341.16 |      21354.19 |
[hotspot] +------------+---------------+---------------+
Local HotSpot Analysis (blockage included): normalized max congestion hotspot area = 20341.16, normalized total congestion hotspot area = 21354.19 (area is in unit of 4 std-cell row bins)
[hotspot] top 5 congestion hotspot bounding boxes and scores of normalized hotspot
[hotspot] +-----+-------------------------------------+---------------+-------------------------------+
[hotspot] | top |            hotspot bbox             | hotspot score |           module              |
[hotspot] +-----+-------------------------------------+---------------+-------------------------------+
[hotspot] |  1  |     0.00     0.00  1123.58  1320.88 |    21196.10   |             NA                |
[hotspot] +-----+-------------------------------------+---------------+-------------------------------+
[hotspot] |  2  |   989.82   107.01  1150.34   214.02 |      240.52   |             NA                |
[hotspot] +-----+-------------------------------------+---------------+-------------------------------+
[hotspot] |  3  |   936.32   963.07  1043.33  1096.83 |      181.77   |             NA                |
[hotspot] +-----+-------------------------------------+---------------+-------------------------------+
[hotspot] |  4  |     0.00   133.76    53.50   294.27 |      105.63   |             NA                |
[hotspot] +-----+-------------------------------------+---------------+-------------------------------+
[hotspot] |  5  |  1070.08     0.00  1177.09    53.50 |       98.30   |             NA                |
[hotspot] +-----+-------------------------------------+---------------+-------------------------------+
