###############################################################
#  Generated by:      Cadence Innovus 23.10-p003_1
#  OS:                Linux x86_64(Host ID mo.ece.pdx.edu)
#  Generated on:      Thu Jun 12 13:17:25 2025
#  Design:            isodata_cluster
#  Command:           report_ccopt_clock_trees -summary -file ../reports/isodata_cluster.innovus.postcts.ccopt_clock_trees.rpt
###############################################################

Clock DAG stats:
================

---------------------------------------------------------
Cell type                 Count    Area       Capacitance
---------------------------------------------------------
Buffers                    120     465.338      168.939
Inverters                    8      40.663       84.415
Integrated Clock Gates       0       0.000        0.000
Discrete Clock Gates         0       0.000        0.000
Clock Logic                  0       0.000        0.000
All                        128     506.001      253.354
---------------------------------------------------------

Clock DAG miscellaneous counts:
===============================

------------------------------
Type                     Count
------------------------------
Roots                     17
Preserved Ports            0
Multiple Clock Inputs      0
------------------------------


Clock DAG sink counts:
======================

-------------------------
Sink type           Count
-------------------------
Regular             2947
Enable Latch           0
Load Capacitance       0
Antenna Diode          0
Node Sink              0
Total               2947
-------------------------


Clock DAG wire lengths:
=======================

--------------------
Type     Wire Length
--------------------
Top        2891.278
Trunk      6292.800
Leaf      16238.616
Total     25422.694
--------------------


Clock DAG hp wire lengths:
==========================

-----------------------
Type     hp Wire Length
-----------------------
Top         2470.152
Trunk       4287.920
Leaf        8290.688
Total      15048.760
-----------------------


Clock DAG capacitances:
=======================

-----------------------------------------
Type     Gate        Wire        Total
-----------------------------------------
Top       169.721     299.487     469.208
Trunk     168.939     571.448     740.386
Leaf     2088.268    1624.412    3712.680
Total    2426.927    2495.347    4922.274
-----------------------------------------


Clock DAG sink capacitances:
============================

--------------------------------------------------
Total       Average    Std. Dev.    Min      Max
--------------------------------------------------
2088.268     0.709       0.001      0.698    0.709
--------------------------------------------------


Clock DAG net violations:
=========================

None


Clock DAG primary half-corner transition distribution:
======================================================

----------------------------------------------------------------------------------------------------------------------------------------------------------------
Net Type    Target    Count    Average    Std. Dev.    Min      Max      Distribution                                                                Over Target
----------------------------------------------------------------------------------------------------------------------------------------------------------------
Top         0.235        9      0.059       0.017      0.022    0.086    {9 <= 0.141ns, 0 <= 0.188ns, 0 <= 0.212ns, 0 <= 0.223ns, 0 <= 0.235ns}           -
Trunk       0.235       39      0.051       0.048      0.000    0.161    {38 <= 0.141ns, 1 <= 0.188ns, 0 <= 0.212ns, 0 <= 0.223ns, 0 <= 0.235ns}          -
Leaf        0.235      113      0.101       0.025      0.029    0.172    {111 <= 0.141ns, 2 <= 0.188ns, 0 <= 0.212ns, 0 <= 0.223ns, 0 <= 0.235ns}         -
----------------------------------------------------------------------------------------------------------------------------------------------------------------


Clock DAG library cell distribution:
====================================

-----------------------------------------------
Name            Type        Inst     Inst Area 
                            Count    (um^2)
-----------------------------------------------
NBUFFX16_LVT    buffer         9       54.895
NBUFFX8_LVT     buffer       101      385.028
NBUFFX4_LVT     buffer        10       25.414
INVX16_LVT      inverter       8       40.663
-----------------------------------------------



Please note that the following tables reflect only the defined clock trees, so the flop counts might not include all flops in your design.

Clock Tree Summary:
===================

-------------------------------------------------------------------------------------------------------------------------------------------------
Clock Tree                    Clock  Bufs  Invs  Other  Max       Max     Max      Max          Standard   Wire      Gate      Clock Tree Root
Name                          Gates              Clock  Non-leaf  Leaf    Length   Source-sink  cell area  cap       cap       
                                                 Cells  Fanout    Fanout  (um)     Resistance   (um^2)     (fF)      (fF)      
                                                                                   (Ohms)                                      
-------------------------------------------------------------------------------------------------------------------------------------------------
clk                             0    120    8      0       22       30    582.571   10451.1      506.001   2495.347  2426.927  clk
flexible_htree_flex_HTREE_0     0      0    0      0        0        0      0           0          0.000      0.000     0.000  HJ_flex_HTREE_0/Y
flexible_htree_flex_HTREE_1     0      0    0      0        0        0      0           0          0.000      0.000     0.000  HJ_flex_HTREE_1/Y
flexible_htree_flex_HTREE_10    0      2    0      0        1       25    582.571   10451.1        6.354     95.087    19.859  HJ_flex_HTREE_12/Y
flexible_htree_flex_HTREE_11    0      3    0      0        1       14    309.427    5563.57       7.624     53.332    12.119  HJ_flex_HTREE_13/Y
flexible_htree_flex_HTREE_12    0      0    0      0        0        0      0           0          0.000      0.000     0.000  HJ_flex_HTREE_10/Y
flexible_htree_flex_HTREE_13    0      3    0      0        1       10    234.491    4222.71       8.895     55.026     9.968  HJ_flex_HTREE_11/Y
flexible_htree_flex_HTREE_14    0      2    0      0        1       28    525.115    9425.14       6.354     86.223    21.996  HJ_flex_HTREE_14/Y
flexible_htree_flex_HTREE_15    0    107    0      0       22       30    528.048    9479.43     428.487   1869.212  2188.944  HJ_flex_HTREE_15/Y
flexible_htree_flex_HTREE_2     0      0    0      0        0        0      0           0          0.000      0.000     0.000  HJ_flex_HTREE_4/Y
flexible_htree_flex_HTREE_3     0      0    0      0        0        0      0           0          0.000      0.000     0.000  HJ_flex_HTREE_5/Y
flexible_htree_flex_HTREE_4     0      0    0      0        0        0      0           0          0.000      0.000     0.000  HJ_flex_HTREE_2/Y
flexible_htree_flex_HTREE_5     0      0    0      0        0        0      0           0          0.000      0.000     0.000  HJ_flex_HTREE_3/Y
flexible_htree_flex_HTREE_6     0      0    0      0        0        0      0           0          0.000      0.000     0.000  HJ_flex_HTREE_6/Y
flexible_htree_flex_HTREE_7     0      3    0      0        1        3    146.984    2674.71       7.624     36.980     4.322  HJ_flex_HTREE_7/Y
flexible_htree_flex_HTREE_8     0      0    0      0        0        0      0           0          0.000      0.000     0.000  HJ_flex_HTREE_8/Y
flexible_htree_flex_HTREE_9     0      0    0      0        0        0      0           0          0.000      0.000     0.000  HJ_flex_HTREE_9/Y
-------------------------------------------------------------------------------------------------------------------------------------------------

1 clock trees contain a total of 9 nets marked dont_touch, which will not have been buffered, and may have Design Rule Violations as a consequence.
1 clock trees contain a total of 9 nets marked ideal_network, which will not have been buffered, and may have Design Rule Violations as a consequence.

Clock Sink Summary:
===================

-------------------------------------------------------------------------------------------------------------------------------------------------------------
Clock Tree                    Explicit      Implicit      Explicit     Implicit     Explicit   Implicit   Posedge  Negedge  Memory  Enable  Non enable  Other
Name                          exclude pins  exclude pins  ignore pins  ignore pins  stop pins  stop pins  Flops    Flops    Clock   Latch   Latch       Sinks
                                                                                                                            Pins    Sinks   Sinks       
-------------------------------------------------------------------------------------------------------------------------------------------------------------
clk                                0             0             0            0          15          0       2947       0       0       0         0         0
flexible_htree_flex_HTREE_0        0             0             0            0           0          0          0       0       0       0         0         0
flexible_htree_flex_HTREE_1        0             0             0            0           0          0          0       0       0       0         0         0
flexible_htree_flex_HTREE_10       0             0             0            0           0          0         25       0       0       0         0         0
flexible_htree_flex_HTREE_11       0             0             0            0           0          0         14       0       0       0         0         0
flexible_htree_flex_HTREE_12       0             0             0            0           0          0          0       0       0       0         0         0
flexible_htree_flex_HTREE_13       0             0             0            0           0          0         10       0       0       0         0         0
flexible_htree_flex_HTREE_14       0             0             0            0           0          0         28       0       0       0         0         0
flexible_htree_flex_HTREE_15       0             0             0            0           0          0       2867       0       0       0         0         0
flexible_htree_flex_HTREE_2        0             0             0            0           0          0          0       0       0       0         0         0
flexible_htree_flex_HTREE_3        0             0             0            0           0          0          0       0       0       0         0         0
flexible_htree_flex_HTREE_4        0             0             0            0           0          0          0       0       0       0         0         0
flexible_htree_flex_HTREE_5        0             0             0            0           0          0          0       0       0       0         0         0
flexible_htree_flex_HTREE_6        0             0             0            0           0          0          0       0       0       0         0         0
flexible_htree_flex_HTREE_7        0             0             0            0           0          0          3       0       0       0         0         0
flexible_htree_flex_HTREE_8        0             0             0            0           0          0          0       0       0       0         0         0
flexible_htree_flex_HTREE_9        0             0             0            0           0          0          0       0       0       0         0         0
-------------------------------------------------------------------------------------------------------------------------------------------------------------

Summary across all clock trees:
===============================

------------------------------------------------------------------------------------------------------------------
Clock  Bufs  Invs  Other  Max       Average   Max     Average  Max      Max          Standard   Wire      Gate
Gates              Clock  Non-leaf  Non-leaf  Leaf    Leaf     Length   Source-sink  cell area  cap       cap
                   Cells  Fanout    Fanout    Fanout  Fanout   (um)     Resistance   (um^2)     (fF)      (fF)
                                                                        (Ohms)                            
------------------------------------------------------------------------------------------------------------------
  0    120    8      0       22       4.5       30    26.0796  582.571   1045.114     506.001   2495.347  2426.927
------------------------------------------------------------------------------------------------------------------

Clock Sink Summary across all clock trees:
==========================================

-------------------------------------------------------------------------------------------------------------------------------
Explicit      Implicit      Explicit     Implicit     Explicit   Implicit   Posedge  Negedge  Memory  Enable  Non enable  Other
exclude pins  exclude pins  ignore pins  ignore pins  stop pins  stop pins  Flops    Flops    Clock   Latch   Latch       Sinks
                                                                                              Pins    Sinks   Sinks       
-------------------------------------------------------------------------------------------------------------------------------
     0             0             0            0          15          0       2947       0       0       0         0         0
-------------------------------------------------------------------------------------------------------------------------------

Physical metrics across all clock trees:
========================================

------------------------------------------------------------------------
Metric                               Minimum  Average  Maximum   Std.dev
------------------------------------------------------------------------
Source-sink routed net length (um)    0.000   101.411   582.571  110.134
Source-sink manhattan distance (um)   0.000    98.607   582.768  109.461
Source-sink resistance (Ohm)          0.000   172.704  1045.114  183.722
------------------------------------------------------------------------

Transition distribution for half-corner max_corner:setup.late:
==============================================================

----------------------------------------------------------------------------------------------------------------------------------------------------------------
Net Type    Target    Count    Average    Std. Dev.    Min      Max      Distribution                                                                Over Target
----------------------------------------------------------------------------------------------------------------------------------------------------------------
Top         0.235        9      0.059       0.017      0.022    0.086    {9 <= 0.141ns, 0 <= 0.188ns, 0 <= 0.212ns, 0 <= 0.223ns, 0 <= 0.235ns}           -
Trunk       0.235       23      0.087       0.028      0.033    0.161    {22 <= 0.141ns, 1 <= 0.188ns, 0 <= 0.212ns, 0 <= 0.223ns, 0 <= 0.235ns}          -
Leaf        0.235      113      0.101       0.025      0.029    0.172    {111 <= 0.141ns, 2 <= 0.188ns, 0 <= 0.212ns, 0 <= 0.223ns, 0 <= 0.235ns}         -
----------------------------------------------------------------------------------------------------------------------------------------------------------------

Count of violations across all clock trees:
===========================================

---------------------------------------------------------------------------------------------------------
Clock Tree                    # Max capacitance  # Max resistance  # Max length  # Max fanout  # Slew
Name                          violations         violations        violations    violations    violations
---------------------------------------------------------------------------------------------------------
clk                                   1                 0               0             0            0
flexible_htree_flex_HTREE_0           0                 0               0             0            0
flexible_htree_flex_HTREE_1           0                 0               0             0            0
flexible_htree_flex_HTREE_10          0                 0               0             0            0
flexible_htree_flex_HTREE_11          0                 0               0             0            0
flexible_htree_flex_HTREE_12          0                 0               0             0            0
flexible_htree_flex_HTREE_13          0                 0               0             0            0
flexible_htree_flex_HTREE_14          0                 0               0             0            0
flexible_htree_flex_HTREE_15          0                 0               0             0            0
flexible_htree_flex_HTREE_2           0                 0               0             0            0
flexible_htree_flex_HTREE_3           0                 0               0             0            0
flexible_htree_flex_HTREE_4           0                 0               0             0            0
flexible_htree_flex_HTREE_5           0                 0               0             0            0
flexible_htree_flex_HTREE_6           0                 0               0             0            0
flexible_htree_flex_HTREE_7           0                 0               0             0            0
flexible_htree_flex_HTREE_8           0                 0               0             0            0
flexible_htree_flex_HTREE_9           0                 0               0             0            0
---------------------------------------------------------------------------------------------------------
Total                                 1                 0               0             0            0
---------------------------------------------------------------------------------------------------------

Note the above table per clock tree is based on CCOpt clock tree view. The violations are counted across half corners.

Found a total of 1 clock tree pin with max capacitance violations.
Found a total of 1 max capacitance violation.
Total violation amount 1.768fF.

Max capacitance violation summary across all clock trees - Top 1 violation:
===========================================================================

Target and measured capacitances (in fF):

----------------------------------------------------------------------------------------------------------
Half corner            Violation  Capacitance  Capacitance  Target                     Pin
                       amount     target       achieved     source                     
----------------------------------------------------------------------------------------------------------
max_corner:setup.late    1.768      82.000       83.768     library_or_sdc_constraint  CTS_cfh_inv_00004/Y
----------------------------------------------------------------------------------------------------------

Target sources:
target_max_capacitance_property - the target was set in the target_max_capacitance property
library_or_sdc_constraint - the non-frequency-dependent target was set in a library file or by an SDC constraint
frequency_dependent_library_or_sdc_constraint - the frequency-dependent target was set in a library file or by an SDC constraint
computed_from_slew_target - the target was calculated based on the slew target at a clock root
clock_root_forced - the target was forced to be zero at a clock root


Found a total of 0 clock tree nets with max resistance violations.
Found a total of 0 clock tree nets with max length violations.
Found a total of 0 clock tree nets with max fanout violations.
Found a total of 0 clock tree pins with a slew violation.

Clock Timing Summary:
=====================

Target and measured clock slews (in ns):

---------------------------------------------------------------------------------------------------------------------------------------------------------------
Clock tree                    Timing Corner           Worst Rising  Worst Falling  Worst Rising  Worst Falling  Leaf Slew    Leaf Slew  Trunk Slew   Trunk Slew
                                                      Leaf Slew     Leaf Slew      Trunk Slew    Trunk Slew     Target Type  Target     Target Type  Target
---------------------------------------------------------------------------------------------------------------------------------------------------------------
clk                           max_corner:setup.early     0.159          0.102         0.160          0.103      ignored          -      ignored          -
clk                           max_corner:setup.late      0.172          0.109         0.161          0.104      explicit      0.243     explicit      0.243
clk                           min_corner:hold.early      0.033          0.034         0.033          0.040      ignored          -      ignored          -
clk                           min_corner:hold.late       0.035          0.036         0.034          0.041      ignored          -      ignored          -
flexible_htree_flex_HTREE_0   max_corner:setup.early       -              -             -              -        ignored          -      ignored          -
flexible_htree_flex_HTREE_0   max_corner:setup.late        -              -             -              -        explicit      0.243     explicit      0.243
flexible_htree_flex_HTREE_0   min_corner:hold.early        -              -             -              -        ignored          -      ignored          -
flexible_htree_flex_HTREE_0   min_corner:hold.late         -              -             -              -        ignored          -      ignored          -
flexible_htree_flex_HTREE_1   max_corner:setup.early       -              -             -              -        ignored          -      ignored          -
flexible_htree_flex_HTREE_1   max_corner:setup.late        -              -             -              -        explicit      0.243     explicit      0.243
flexible_htree_flex_HTREE_1   min_corner:hold.early        -              -             -              -        ignored          -      ignored          -
flexible_htree_flex_HTREE_1   min_corner:hold.late         -              -             -              -        ignored          -      ignored          -
flexible_htree_flex_HTREE_10  max_corner:setup.early     0.125          0.086         0.114          0.082      ignored          -      ignored          -
flexible_htree_flex_HTREE_10  max_corner:setup.late      0.136          0.092         0.115          0.085      explicit      0.243     explicit      0.243
flexible_htree_flex_HTREE_10  min_corner:hold.early      0.028          0.029         0.030          0.040      ignored          -      ignored          -
flexible_htree_flex_HTREE_10  min_corner:hold.late       0.030          0.031         0.031          0.041      ignored          -      ignored          -
flexible_htree_flex_HTREE_11  max_corner:setup.early     0.159          0.102         0.160          0.103      ignored          -      ignored          -
flexible_htree_flex_HTREE_11  max_corner:setup.late      0.172          0.109         0.161          0.104      explicit      0.243     explicit      0.243
flexible_htree_flex_HTREE_11  min_corner:hold.early      0.033          0.034         0.030          0.031      ignored          -      ignored          -
flexible_htree_flex_HTREE_11  min_corner:hold.late       0.035          0.036         0.031          0.031      ignored          -      ignored          -
flexible_htree_flex_HTREE_12  max_corner:setup.early       -              -             -              -        ignored          -      ignored          -
flexible_htree_flex_HTREE_12  max_corner:setup.late        -              -             -              -        explicit      0.243     explicit      0.243
flexible_htree_flex_HTREE_12  min_corner:hold.early        -              -             -              -        ignored          -      ignored          -
flexible_htree_flex_HTREE_12  min_corner:hold.late         -              -             -              -        ignored          -      ignored          -
flexible_htree_flex_HTREE_13  max_corner:setup.early     0.100          0.072         0.092          0.068      ignored          -      ignored          -
flexible_htree_flex_HTREE_13  max_corner:setup.late      0.104          0.075         0.093          0.069      explicit      0.243     explicit      0.243
flexible_htree_flex_HTREE_13  min_corner:hold.early      0.023          0.023         0.018          0.017      ignored          -      ignored          -
flexible_htree_flex_HTREE_13  min_corner:hold.late       0.024          0.024         0.019          0.018      ignored          -      ignored          -
flexible_htree_flex_HTREE_14  max_corner:setup.early     0.117          0.082         0.103          0.075      ignored          -      ignored          -
flexible_htree_flex_HTREE_14  max_corner:setup.late      0.129          0.088         0.104          0.078      explicit      0.243     explicit      0.243
flexible_htree_flex_HTREE_14  min_corner:hold.early      0.027          0.028         0.025          0.035      ignored          -      ignored          -
flexible_htree_flex_HTREE_14  min_corner:hold.late       0.029          0.030         0.026          0.036      ignored          -      ignored          -
flexible_htree_flex_HTREE_15  max_corner:setup.early     0.132          0.090         0.100          0.080      ignored          -      ignored          -
flexible_htree_flex_HTREE_15  max_corner:setup.late      0.145          0.097         0.113          0.086      explicit      0.243     explicit      0.243
flexible_htree_flex_HTREE_15  min_corner:hold.early      0.031          0.032         0.033          0.033      ignored          -      ignored          -
flexible_htree_flex_HTREE_15  min_corner:hold.late       0.033          0.034         0.034          0.034      ignored          -      ignored          -
flexible_htree_flex_HTREE_2   max_corner:setup.early       -              -             -              -        ignored          -      ignored          -
flexible_htree_flex_HTREE_2   max_corner:setup.late        -              -             -              -        explicit      0.243     explicit      0.243
flexible_htree_flex_HTREE_2   min_corner:hold.early        -              -             -              -        ignored          -      ignored          -
flexible_htree_flex_HTREE_2   min_corner:hold.late         -              -             -              -        ignored          -      ignored          -
flexible_htree_flex_HTREE_3   max_corner:setup.early       -              -             -              -        ignored          -      ignored          -
flexible_htree_flex_HTREE_3   max_corner:setup.late        -              -             -              -        explicit      0.243     explicit      0.243
flexible_htree_flex_HTREE_3   min_corner:hold.early        -              -             -              -        ignored          -      ignored          -
flexible_htree_flex_HTREE_3   min_corner:hold.late         -              -             -              -        ignored          -      ignored          -
flexible_htree_flex_HTREE_4   max_corner:setup.early       -              -             -              -        ignored          -      ignored          -
flexible_htree_flex_HTREE_4   max_corner:setup.late        -              -             -              -        explicit      0.243     explicit      0.243
flexible_htree_flex_HTREE_4   min_corner:hold.early        -              -             -              -        ignored          -      ignored          -
flexible_htree_flex_HTREE_4   min_corner:hold.late         -              -             -              -        ignored          -      ignored          -
flexible_htree_flex_HTREE_5   max_corner:setup.early       -              -             -              -        ignored          -      ignored          -
flexible_htree_flex_HTREE_5   max_corner:setup.late        -              -             -              -        explicit      0.243     explicit      0.243
flexible_htree_flex_HTREE_5   min_corner:hold.early        -              -             -              -        ignored          -      ignored          -
flexible_htree_flex_HTREE_5   min_corner:hold.late         -              -             -              -        ignored          -      ignored          -
flexible_htree_flex_HTREE_6   max_corner:setup.early       -              -             -              -        ignored          -      ignored          -
flexible_htree_flex_HTREE_6   max_corner:setup.late        -              -             -              -        explicit      0.243     explicit      0.243
flexible_htree_flex_HTREE_6   min_corner:hold.early        -              -             -              -        ignored          -      ignored          -
flexible_htree_flex_HTREE_6   min_corner:hold.late         -              -             -              -        ignored          -      ignored          -
flexible_htree_flex_HTREE_7   max_corner:setup.early     0.075          0.060         0.093          0.069      ignored          -      ignored          -
flexible_htree_flex_HTREE_7   max_corner:setup.late      0.078          0.061         0.095          0.070      explicit      0.243     explicit      0.243
flexible_htree_flex_HTREE_7   min_corner:hold.early      0.016          0.015         0.019          0.018      ignored          -      ignored          -
flexible_htree_flex_HTREE_7   min_corner:hold.late       0.017          0.015         0.019          0.018      ignored          -      ignored          -
flexible_htree_flex_HTREE_8   max_corner:setup.early       -              -             -              -        ignored          -      ignored          -
flexible_htree_flex_HTREE_8   max_corner:setup.late        -              -             -              -        explicit      0.243     explicit      0.243
flexible_htree_flex_HTREE_8   min_corner:hold.early        -              -             -              -        ignored          -      ignored          -
flexible_htree_flex_HTREE_8   min_corner:hold.late         -              -             -              -        ignored          -      ignored          -
flexible_htree_flex_HTREE_9   max_corner:setup.early       -              -             -              -        ignored          -      ignored          -
flexible_htree_flex_HTREE_9   max_corner:setup.late        -              -             -              -        explicit      0.243     explicit      0.243
flexible_htree_flex_HTREE_9   min_corner:hold.early        -              -             -              -        ignored          -      ignored          -
flexible_htree_flex_HTREE_9   min_corner:hold.late         -              -             -              -        ignored          -      ignored          -
---------------------------------------------------------------------------------------------------------------------------------------------------------------

* - indicates that target was not met.

auto extracted - target was extracted from SDC.
auto computed - target was computed when balancing trees.

Total Transition Slacks Summary:
================================

-------------------------------------------------------------------------------------------------
Total       Total Leaf    Total        Total Leaf    Mean        Median      Std.Dev     Worst
Overslew    Overslew      Underslew    Underslew     Overslew    Overslew    Overslew    Overslew
-------------------------------------------------------------------------------------------------
 0.000        0.000        -20.173      -15.178       0.000       0.000       0.000       0.000
-------------------------------------------------------------------------------------------------

Transition times measured in the half-corner max_corner:setup.late

Top Overslews:

-----------------------------
Driving node    Overslew (ns)
-----------------------------
A120a5              0.000
A120a3              0.000
A120a1              0.000
A1209f              0.000
A1209d              0.000
A1209b              0.000
A12099              0.000
A12097              0.000
A12095              0.000
A12093              0.000
-----------------------------

Top Underslews:

----------------------------------------------
Driving node                    Underslew (ns)
----------------------------------------------
clk                                 -0.213
flexible_htree_flex_HTREE_1         -0.206
flexible_htree_flex_HTREE_4         -0.206
flexible_htree_flex_HTREE_11        -0.202
flexible_htree_flex_HTREE_13        -0.199
flexible_htree_flex_HTREE_7         -0.198
CTS_cdb_buf_00146                   -0.185
CTS_cfh_inv_00001                   -0.183
CTS_cfh_inv_00002                   -0.180
CTS_cfh_inv_00003                   -0.177
----------------------------------------------

Source Group Summary:
=====================


Source Group flexible_htree_flex_HTREE

Summary:

--------------------------------------------------------------------------------------------------------------------------------------
Clock Tree                    Num Sinks  Tot Sink Cap  Max depth  Avg depth  StdDev depth  Max distance  Avg distance  StdDev distance
Name                                                                                                                   
--------------------------------------------------------------------------------------------------------------------------------------
ALL                             2947       2088.268      3.000      2.982       0.133        1297.472      706.094         211.771
flexible_htree_flex_HTREE_0        0          0.000      0.000      0.000       0.000           0.000        0.000           0.000
flexible_htree_flex_HTREE_1        0          0.000      0.000      0.000       0.000           0.000        0.000           0.000
flexible_htree_flex_HTREE_10      25         17.710      2.000      2.000       0.000         621.072      533.666          79.462
flexible_htree_flex_HTREE_11      14          9.923      3.000      3.000       0.000         562.248      520.882          50.420
flexible_htree_flex_HTREE_12       0          0.000      0.000      0.000       0.000           0.000        0.000           0.000
flexible_htree_flex_HTREE_13      10          7.088      3.000      3.000       0.000         477.888      430.130          57.144
flexible_htree_flex_HTREE_14      28         19.847      2.000      2.000       0.000         557.992      445.827          26.563
flexible_htree_flex_HTREE_15    2867       2031.572      3.000      3.000       0.000        1297.472      712.469         210.744
flexible_htree_flex_HTREE_2        0          0.000      0.000      0.000       0.000           0.000        0.000           0.000
flexible_htree_flex_HTREE_3        0          0.000      0.000      0.000       0.000           0.000        0.000           0.000
flexible_htree_flex_HTREE_4        0          0.000      0.000      0.000       0.000           0.000        0.000           0.000
flexible_htree_flex_HTREE_5        0          0.000      0.000      0.000       0.000           0.000        0.000           0.000
flexible_htree_flex_HTREE_6        0          0.000      0.000      0.000       0.000           0.000        0.000           0.000
flexible_htree_flex_HTREE_7        3          2.126      3.000      3.000       0.000         282.416      263.973          23.549
flexible_htree_flex_HTREE_8        0          0.000      0.000      0.000       0.000           0.000        0.000           0.000
flexible_htree_flex_HTREE_9        0          0.000      0.000      0.000       0.000           0.000        0.000           0.000
--------------------------------------------------------------------------------------------------------------------------------------

Details for flexible_htree_flex_HTREE_15:

Root-sink distance histogram:

-------------------------------
From (um)    To (um)      Count
-------------------------------
 300.000      350.000       40
 350.000      400.000      117
 400.000      450.000      255
 450.000      500.000      195
 500.000      550.000       62
 550.000      600.000      191
 600.000      650.000      280
 650.000      700.000      251
 700.000      750.000      280
 750.000      800.000      241
 800.000      850.000      236
 850.000      900.000      181
 900.000      950.000      135
 950.000     1000.000       79
1000.000     1050.000      142
1050.000     1100.000       96
1100.000     and above      86
-------------------------------

Root-sink level histogram:

-------------------------
From ()    To ()    Count
-------------------------
below      3.000    2867
-------------------------

Details for flexible_htree_flex_HTREE_14:

Root-sink distance histogram:

-------------------------------
From (um)    To (um)      Count
-------------------------------
 375.000      400.000       1
 400.000      425.000       3
 425.000      450.000      15
 450.000      475.000       8
 475.000     and above      1
-------------------------------

Root-sink level histogram:

-------------------------
From ()    To ()    Count
-------------------------
below      2.000     28
-------------------------

Details for flexible_htree_flex_HTREE_13:

Root-sink distance histogram:

-----------------------------
From (um)    To (um)    Count
-----------------------------
 250.000     275.000      1
 275.000     300.000      0
 300.000     325.000      0
 325.000     350.000      0
 350.000     375.000      0
 375.000     400.000      0
 400.000     425.000      0
 425.000     450.000      7
 450.000     475.000      1
 475.000     500.000      1
-----------------------------

Root-sink level histogram:

-------------------------
From ()    To ()    Count
-------------------------
below      3.000     10
-------------------------

Details for flexible_htree_flex_HTREE_12:

No values to display

No values to display

Details for flexible_htree_flex_HTREE_11:

Root-sink distance histogram:

-----------------------------
From (um)    To (um)    Count
-----------------------------
 425.000     450.000      2
 450.000     475.000      3
 475.000     500.000      0
 500.000     525.000      0
 525.000     550.000      0
 550.000     575.000      9
-----------------------------

Root-sink level histogram:

-------------------------
From ()    To ()    Count
-------------------------
below      3.000     14
-------------------------

Details for flexible_htree_flex_HTREE_10:

Root-sink distance histogram:

-----------------------------
From (um)    To (um)    Count
-----------------------------
 425.000     450.000      5
 450.000     475.000      6
 475.000     500.000      1
 500.000     525.000      0
 525.000     550.000      0
 550.000     575.000      0
 575.000     600.000      3
 600.000     625.000     10
-----------------------------

Root-sink level histogram:

-------------------------
From ()    To ()    Count
-------------------------
below      2.000     25
-------------------------

Details for flexible_htree_flex_HTREE_9:

No values to display

No values to display

Details for flexible_htree_flex_HTREE_8:

No values to display

No values to display

Details for flexible_htree_flex_HTREE_7:

Root-sink distance histogram:

-----------------------------
From (um)    To (um)    Count
-----------------------------
 225.000     250.000      1
 250.000     275.000      0
 275.000     300.000      2
-----------------------------

Root-sink level histogram:

-------------------------
From ()    To ()    Count
-------------------------
below      3.000      3
-------------------------

Details for flexible_htree_flex_HTREE_6:

No values to display

No values to display

Details for flexible_htree_flex_HTREE_5:

No values to display

No values to display

Details for flexible_htree_flex_HTREE_4:

No values to display

No values to display

Details for flexible_htree_flex_HTREE_3:

No values to display

No values to display

Details for flexible_htree_flex_HTREE_2:

No values to display

No values to display

Details for flexible_htree_flex_HTREE_1:

No values to display

No values to display

Details for flexible_htree_flex_HTREE_0:

No values to display

No values to display

