Usage: (24.4%H 10.0%V) = (5.776e+05um 4.875e+05um) = (345438 291560)
Overflow: 285 = 274 (0.13% H) + 12 (0.01% V)

Congestion distribution:

Remain	cntH		cntV
--------------------------------------
 -5:	1	 0.00%	0	 0.00%
 -4:	1	 0.00%	0	 0.00%
 -3:	22	 0.01%	2	 0.00%
 -2:	17	 0.01%	1	 0.00%
 -1:	207	 0.10%	7	 0.00%
--------------------------------------
  0:	5673	 2.72%	15	 0.01%
  1:	32944	15.80%	323	 0.15%
  2:	32278	15.48%	3257	 1.56%
  3:	19741	 9.47%	18960	 9.06%
  4:	8405	 4.03%	28333	13.54%
  5:	109167	52.37%	158430	75.69%
[hotspot] +------------+---------------+---------------+
[hotspot] |            |   max hotspot | total hotspot |
[hotspot] +------------+---------------+---------------+
[hotspot] | normalized |          0.79 |          2.36 |
[hotspot] +------------+---------------+---------------+
Local HotSpot Analysis (blockage included): normalized max congestion hotspot area = 0.79, normalized total congestion hotspot area = 2.36 (area is in unit of 4 std-cell row bins)
[hotspot] top 3 congestion hotspot bounding boxes and scores of normalized hotspot
[hotspot] +-----+-------------------------------------+---------------+-------------------------------+
[hotspot] | top |            hotspot bbox             | hotspot score |           module              |
[hotspot] +-----+-------------------------------------+---------------+-------------------------------+
[hotspot] |  1  |   214.02   401.28   240.77   428.03 |        1.31   | I_CONTEXT_MEM                 |
[hotspot] +-----+-------------------------------------+---------------+-------------------------------+
[hotspot] |  2  |   254.14   387.90   280.90   414.66 |        0.79   | I_CONTEXT_MEM                 |
[hotspot] +-----+-------------------------------------+---------------+-------------------------------+
[hotspot] |  3  |     0.00   334.40    26.75   361.15 |        0.26   | I_PCI_TOP                     |
[hotspot] +-----+-------------------------------------+---------------+-------------------------------+
