###############################################################
#  Generated by:      Cadence Innovus 23.10-p003_1
#  OS:                Linux x86_64(Host ID mo.ece.pdx.edu)
#  Generated on:      Wed Jun 12 14:39:44 2024
#  Design:            ORCA_TOP
#  Command:           report_ccopt_skew_groups -summary -file ../reports/ORCA_TOP.innovus.postcts.ccopt_skew_groups.rpt
###############################################################

Skew Group Structure:
=====================

---------------------------------------------------------------------------------
Skew Group                    Sources    Constrained Sinks    Unconstrained Sinks
---------------------------------------------------------------------------------
PCI_CLK/func_best_mode           1              401                    0
PCI_CLK/func_worst_mode          1              401                    0
PCI_CLK/test_best_mode           1              401                    0
PCI_CLK/test_worst_mode          1              401                    0
SDRAM_CLK/func_best_mode         1             2853                   35
SDRAM_CLK/func_worst_mode        1             2853                   35
SDRAM_CLK/test_best_mode         1             2853                   35
SDRAM_CLK/test_worst_mode        1             2853                   35
SYS_2x_CLK/func_best_mode        1              214                    0
SYS_2x_CLK/func_worst_mode       1               20                    1
SYS_2x_CLK/test_best_mode        1              214                    0
SYS_2x_CLK/test_worst_mode       1               20                    1
ate_clk/test_best_mode           1             3448                   34
ate_clk/test_worst_mode          1             3254                   35
---------------------------------------------------------------------------------

Skew Group Summary:
===================

-------------------------------------------------------------------------------------------------------------------------------------------------------------------------------------
Timing Corner               Skew Group                    ID Target    Min ID    Max ID    Avg ID    Std.Dev. ID    Skew Target Type    Skew Target    Skew     Skew window occupancy
-------------------------------------------------------------------------------------------------------------------------------------------------------------------------------------
worst_corner:setup.early    PCI_CLK/func_best_mode            -        0.763     0.801     0.792        0.006       ignored                  -         0.038              -
                            PCI_CLK/func_worst_mode           -        0.763     0.801     0.792        0.006       ignored                  -         0.038              -
                            PCI_CLK/test_best_mode            -        0.763     0.801     0.792        0.006       ignored                  -         0.038              -
                            PCI_CLK/test_worst_mode           -        0.763     0.801     0.792        0.006       ignored                  -         0.038              -
                            SDRAM_CLK/func_best_mode          -        1.269     1.355     1.319        0.018       ignored                  -         0.086              -
                            SDRAM_CLK/func_worst_mode         -        1.269     1.355     1.319        0.018       ignored                  -         0.086              -
                            SDRAM_CLK/test_best_mode          -        1.269     1.355     1.319        0.018       ignored                  -         0.086              -
                            SDRAM_CLK/test_worst_mode         -        1.269     1.355     1.319        0.018       ignored                  -         0.086              -
                            SYS_2x_CLK/func_best_mode         -        0.776     0.872     0.836        0.023       ignored                  -         0.097              -
                            SYS_2x_CLK/func_worst_mode        -        0.776     0.872     0.795        0.027       ignored                  -         0.097              -
                            SYS_2x_CLK/test_best_mode         -        0.776     0.872     0.836        0.023       ignored                  -         0.097              -
                            SYS_2x_CLK/test_worst_mode        -        0.776     0.872     0.795        0.027       ignored                  -         0.097              -
                            ate_clk/test_best_mode            -        0.942     1.036     0.989        0.020       ignored                  -         0.094              -
                            ate_clk/test_worst_mode           -        0.942     1.024     0.987        0.018       ignored                  -         0.082              -
worst_corner:setup.late     PCI_CLK/func_best_mode         0.800       0.776     0.831     0.820        0.009       explicit             0.085         0.055    100% {0.776, 0.831}
                            PCI_CLK/func_worst_mode        0.800       0.776     0.831     0.820        0.009       explicit             0.085         0.055    100% {0.776, 0.831}
                            PCI_CLK/test_best_mode         0.800       0.776     0.831     0.820        0.009       explicit             0.085         0.055    100% {0.776, 0.831}
                            PCI_CLK/test_worst_mode        0.800       0.776     0.831     0.820        0.009       explicit             0.085         0.055    100% {0.776, 0.831}
                            SDRAM_CLK/func_best_mode      *0.800       1.345     1.430     1.403        0.023       explicit            *0.085         0.085    99.9% {1.345, 1.430}
                            SDRAM_CLK/func_worst_mode     *0.800       1.345     1.430     1.403        0.023       explicit            *0.085         0.085    99.9% {1.345, 1.430}
                            SDRAM_CLK/test_best_mode      *0.800       1.345     1.430     1.403        0.023       explicit            *0.085         0.085    99.9% {1.345, 1.430}
                            SDRAM_CLK/test_worst_mode     *0.800       1.345     1.430     1.403        0.023       explicit            *0.085         0.085    99.9% {1.345, 1.430}
                            SYS_2x_CLK/func_best_mode     *0.800       0.793     0.886     0.856        0.024       explicit            *0.085         0.093    99.1% {0.793, 0.878}
                            SYS_2x_CLK/func_worst_mode    *0.800       0.793     0.886     0.810        0.027       explicit            *0.085         0.093    90% {0.793, 0.878}
                            SYS_2x_CLK/test_best_mode     *0.800       0.793     0.886     0.856        0.024       explicit            *0.085         0.093    99.1% {0.793, 0.878}
                            SYS_2x_CLK/test_worst_mode    *0.800       0.793     0.886     0.810        0.027       explicit            *0.085         0.093    90% {0.793, 0.878}
                            ate_clk/test_best_mode        *0.800       0.976     1.060     1.031        0.024       explicit             0.085         0.084    100% {0.976, 1.060}
                            ate_clk/test_worst_mode       *0.800       0.976     1.060     1.030        0.024       explicit             0.085         0.084    100% {0.976, 1.060}
best_corner:hold.early      PCI_CLK/func_best_mode            -        0.141     0.164     0.152        0.006       ignored                  -         0.022              -
                            PCI_CLK/func_worst_mode           -        0.141     0.164     0.152        0.006       ignored                  -         0.022              -
                            PCI_CLK/test_best_mode            -        0.141     0.164     0.152        0.006       ignored                  -         0.022              -
                            PCI_CLK/test_worst_mode           -        0.141     0.164     0.152        0.006       ignored                  -         0.022              -
                            SDRAM_CLK/func_best_mode          -        0.271     0.311     0.290        0.012       ignored                  -         0.040              -
                            SDRAM_CLK/func_worst_mode         -        0.271     0.311     0.290        0.012       ignored                  -         0.040              -
                            SDRAM_CLK/test_best_mode          -        0.271     0.311     0.290        0.012       ignored                  -         0.040              -
                            SDRAM_CLK/test_worst_mode         -        0.271     0.311     0.290        0.012       ignored                  -         0.040              -
                            SYS_2x_CLK/func_best_mode         -        0.124     0.240     0.225        0.029       ignored                  -         0.116              -
                            SYS_2x_CLK/func_worst_mode        -        0.124     0.154     0.137        0.011       ignored                  -         0.030              -
                            SYS_2x_CLK/test_best_mode         -        0.124     0.240     0.225        0.029       ignored                  -         0.116              -
                            SYS_2x_CLK/test_worst_mode        -        0.124     0.154     0.137        0.011       ignored                  -         0.030              -
                            ate_clk/test_best_mode            -        0.177     0.270     0.209        0.018       ignored                  -         0.092              -
                            ate_clk/test_worst_mode           -        0.177     0.226     0.205        0.012       ignored                  -         0.048              -
best_corner:hold.late       PCI_CLK/func_best_mode            -        0.145     0.168     0.156        0.006       ignored                  -         0.023              -
                            PCI_CLK/func_worst_mode           -        0.145     0.168     0.156        0.006       ignored                  -         0.023              -
                            PCI_CLK/test_best_mode            -        0.145     0.168     0.156        0.006       ignored                  -         0.023              -
                            PCI_CLK/test_worst_mode           -        0.145     0.168     0.156        0.006       ignored                  -         0.023              -
                            SDRAM_CLK/func_best_mode          -        0.281     0.326     0.302        0.013       ignored                  -         0.044              -
                            SDRAM_CLK/func_worst_mode         -        0.281     0.326     0.302        0.013       ignored                  -         0.044              -
                            SDRAM_CLK/test_best_mode          -        0.281     0.326     0.302        0.013       ignored                  -         0.044              -
                            SDRAM_CLK/test_worst_mode         -        0.281     0.326     0.302        0.013       ignored                  -         0.044              -
                            SYS_2x_CLK/func_best_mode         -        0.126     0.243     0.228        0.030       ignored                  -         0.117              -
                            SYS_2x_CLK/func_worst_mode        -        0.126     0.156     0.139        0.011       ignored                  -         0.030              -
                            SYS_2x_CLK/test_best_mode         -        0.126     0.243     0.228        0.030       ignored                  -         0.117              -
                            SYS_2x_CLK/test_worst_mode        -        0.126     0.156     0.139        0.011       ignored                  -         0.030              -
                            ate_clk/test_best_mode            -        0.182     0.273     0.214        0.018       ignored                  -         0.091              -
                            ate_clk/test_worst_mode           -        0.182     0.233     0.211        0.013       ignored                  -         0.052              -
-------------------------------------------------------------------------------------------------------------------------------------------------------------------------------------

* - indicates that target was not met.

Skew Group Min/Max path pins:
=============================

----------------------------------------------------------------------------------------------
Timing Corner               Skew Group                    Min ID    PathID    Max ID    PathID
----------------------------------------------------------------------------------------------
worst_corner:setup.early    PCI_CLK/func_best_mode        0.763       -       0.801       -
-    min occ_int2/U_clk_control_i_2/pipeline_or_tree_l_reg/CLK
-    max I_PCI_TOP/I_PCI_CORE_mega_shift_reg_10__6_/CLK
                            PCI_CLK/func_worst_mode       0.763       -       0.801       -
-    min occ_int2/U_clk_control_i_2/pipeline_or_tree_l_reg/CLK
-    max I_PCI_TOP/I_PCI_CORE_mega_shift_reg_10__6_/CLK
                            PCI_CLK/test_best_mode        0.763       -       0.801       -
-    min occ_int2/U_clk_control_i_2/pipeline_or_tree_l_reg/CLK
-    max I_PCI_TOP/I_PCI_CORE_mega_shift_reg_10__6_/CLK
                            PCI_CLK/test_worst_mode       0.763       -       0.801       -
-    min occ_int2/U_clk_control_i_2/pipeline_or_tree_l_reg/CLK
-    max I_PCI_TOP/I_PCI_CORE_mega_shift_reg_10__6_/CLK
                            SDRAM_CLK/func_best_mode      1.269       -       1.355       -
-    min I_SDRAM_TOP/I_SDRAM_IF/DQ_in_1_reg_13_/CLK
-    max I_SDRAM_TOP/I_SDRAM_IF/mega_shift_0_reg_30__31_/CLK
                            SDRAM_CLK/func_worst_mode     1.269       -       1.355       -
-    min I_SDRAM_TOP/I_SDRAM_IF/DQ_in_1_reg_13_/CLK
-    max I_SDRAM_TOP/I_SDRAM_IF/mega_shift_0_reg_30__31_/CLK
                            SDRAM_CLK/test_best_mode      1.269       -       1.355       -
-    min I_SDRAM_TOP/I_SDRAM_IF/DQ_in_1_reg_13_/CLK
-    max I_SDRAM_TOP/I_SDRAM_IF/mega_shift_0_reg_30__31_/CLK
                            SDRAM_CLK/test_worst_mode     1.269       -       1.355       -
-    min I_SDRAM_TOP/I_SDRAM_IF/DQ_in_1_reg_13_/CLK
-    max I_SDRAM_TOP/I_SDRAM_IF/mega_shift_0_reg_30__31_/CLK
                            SYS_2x_CLK/func_best_mode     0.776       -       0.872       -
-    min I_CLOCKING/sys_2x_rst_ff_reg/CLK
-    max I_CLOCKING/sys_rst_ff_reg/CLK
                            SYS_2x_CLK/func_worst_mode    0.776       -       0.872       -
-    min I_CLOCKING/sys_2x_rst_ff_reg/CLK
-    max I_CLOCKING/sys_rst_ff_reg/CLK
                            SYS_2x_CLK/test_best_mode     0.776       -       0.872       -
-    min I_CLOCKING/sys_2x_rst_ff_reg/CLK
-    max I_CLOCKING/sys_rst_ff_reg/CLK
                            SYS_2x_CLK/test_worst_mode    0.776       -       0.872       -
-    min I_CLOCKING/sys_2x_rst_ff_reg/CLK
-    max I_CLOCKING/sys_rst_ff_reg/CLK
                            ate_clk/test_best_mode        0.942       -       1.036       -
-    min I_SDRAM_TOP/I_SDRAM_IF/DQ_in_1_reg_13_/CLK
-    max I_RISC_CORE/I_STACK_TOP_I1_STACK_MEM_Stack_Mem_reg_5__2_/CLK
                            ate_clk/test_worst_mode       0.942       -       1.024       -
-    min I_SDRAM_TOP/I_SDRAM_IF/DQ_in_1_reg_13_/CLK
-    max I_SDRAM_TOP/I_SDRAM_IF/mega_shift_0_reg_30__31_/CLK
worst_corner:setup.late     PCI_CLK/func_best_mode        0.776       -       0.831       -
-    min occ_int2/U_clk_control_i_2/load_n_meta_1_l_reg/CLK
-    max I_PCI_TOP/I_PCI_CORE_pad_out_buf_reg_26_/CLK
                            PCI_CLK/func_worst_mode       0.776       -       0.831       -
-    min occ_int2/U_clk_control_i_2/load_n_meta_1_l_reg/CLK
-    max I_PCI_TOP/I_PCI_CORE_pad_out_buf_reg_26_/CLK
                            PCI_CLK/test_best_mode        0.776       -       0.831       -
-    min occ_int2/U_clk_control_i_2/load_n_meta_1_l_reg/CLK
-    max I_PCI_TOP/I_PCI_CORE_pad_out_buf_reg_26_/CLK
                            PCI_CLK/test_worst_mode       0.776       -       0.831       -
-    min occ_int2/U_clk_control_i_2/load_n_meta_1_l_reg/CLK
-    max I_PCI_TOP/I_PCI_CORE_pad_out_buf_reg_26_/CLK
                            SDRAM_CLK/func_best_mode      1.345       -       1.430       -
-    min I_SDRAM_TOP/I_SDRAM_IF/DQ_in_1_reg_11_/CLK
-    max I_SDRAM_TOP/I_SDRAM_IF/mega_shift_1_reg_33__19_/CLK
                            SDRAM_CLK/func_worst_mode     1.345       -       1.430       -
-    min I_SDRAM_TOP/I_SDRAM_IF/DQ_in_1_reg_11_/CLK
-    max I_SDRAM_TOP/I_SDRAM_IF/mega_shift_1_reg_33__19_/CLK
                            SDRAM_CLK/test_best_mode      1.345       -       1.430       -
-    min I_SDRAM_TOP/I_SDRAM_IF/DQ_in_1_reg_11_/CLK
-    max I_SDRAM_TOP/I_SDRAM_IF/mega_shift_1_reg_33__19_/CLK
                            SDRAM_CLK/test_worst_mode     1.345       -       1.430       -
-    min I_SDRAM_TOP/I_SDRAM_IF/DQ_in_1_reg_11_/CLK
-    max I_SDRAM_TOP/I_SDRAM_IF/mega_shift_1_reg_33__19_/CLK
                            SYS_2x_CLK/func_best_mode     0.793       -       0.886       -
-    min I_CLOCKING/sys_2x_rst_ff_reg/CLK
-    max I_CLOCKING/sys_rst_ff_reg/CLK
                            SYS_2x_CLK/func_worst_mode    0.793       -       0.886       -
-    min I_CLOCKING/sys_2x_rst_ff_reg/CLK
-    max I_CLOCKING/sys_rst_ff_reg/CLK
                            SYS_2x_CLK/test_best_mode     0.793       -       0.886       -
-    min I_CLOCKING/sys_2x_rst_ff_reg/CLK
-    max I_CLOCKING/sys_rst_ff_reg/CLK
                            SYS_2x_CLK/test_worst_mode    0.793       -       0.886       -
-    min I_CLOCKING/sys_2x_rst_ff_reg/CLK
-    max I_CLOCKING/sys_rst_ff_reg/CLK
                            ate_clk/test_best_mode        0.976       -       1.060       -
-    min I_CLOCKING/sys_2x_rst_ff_reg/CLK
-    max I_RISC_CORE/I_STACK_TOP_I1_STACK_MEM_Stack_Mem_reg_5__2_/CLK
                            ate_clk/test_worst_mode       0.976       -       1.060       -
-    min I_CLOCKING/sys_2x_rst_ff_reg/CLK
-    max I_SDRAM_TOP/I_SDRAM_IF/mega_shift_1_reg_33__19_/CLK
best_corner:hold.early      PCI_CLK/func_best_mode        0.141       -       0.164       -
-    min occ_int2/U_clk_control_i_2/load_n_meta_2_l_reg/CLK
-    max I_PCI_TOP/I_PCI_CORE_mega_shift_reg_10__2_/CLK
                            PCI_CLK/func_worst_mode       0.141       -       0.164       -
-    min occ_int2/U_clk_control_i_2/load_n_meta_2_l_reg/CLK
-    max I_PCI_TOP/I_PCI_CORE_mega_shift_reg_10__2_/CLK
                            PCI_CLK/test_best_mode        0.141       -       0.164       -
-    min occ_int2/U_clk_control_i_2/load_n_meta_2_l_reg/CLK
-    max I_PCI_TOP/I_PCI_CORE_mega_shift_reg_10__2_/CLK
                            PCI_CLK/test_worst_mode       0.141       -       0.164       -
-    min occ_int2/U_clk_control_i_2/load_n_meta_2_l_reg/CLK
-    max I_PCI_TOP/I_PCI_CORE_mega_shift_reg_10__2_/CLK
                            SDRAM_CLK/func_best_mode      0.271       -       0.311       -
-    min I_SDRAM_TOP/I_SDRAM_IF/mega_shift_0_reg_12__31_/CLK
-    max I_SDRAM_TOP/I_SDRAM_IF/mega_shift_1_reg_31__9_/CLK
                            SDRAM_CLK/func_worst_mode     0.271       -       0.311       -
-    min I_SDRAM_TOP/I_SDRAM_IF/mega_shift_0_reg_12__31_/CLK
-    max I_SDRAM_TOP/I_SDRAM_IF/mega_shift_1_reg_31__9_/CLK
                            SDRAM_CLK/test_best_mode      0.271       -       0.311       -
-    min I_SDRAM_TOP/I_SDRAM_IF/mega_shift_0_reg_12__31_/CLK
-    max I_SDRAM_TOP/I_SDRAM_IF/mega_shift_1_reg_31__9_/CLK
                            SDRAM_CLK/test_worst_mode     0.271       -       0.311       -
-    min I_SDRAM_TOP/I_SDRAM_IF/mega_shift_0_reg_12__31_/CLK
-    max I_SDRAM_TOP/I_SDRAM_IF/mega_shift_1_reg_31__9_/CLK
                            SYS_2x_CLK/func_best_mode     0.124       -       0.240       -
-    min I_CLOCKING/occ_int1/U_clk_control_i_0/load_n_meta_2_l_reg/CLK
-    max I_RISC_CORE/I_DATA_PATH_Oprnd_A_reg_2_/CLK
                            SYS_2x_CLK/func_worst_mode    0.124       -       0.154       -
-    min I_CLOCKING/occ_int1/U_clk_control_i_0/load_n_meta_2_l_reg/CLK
-    max I_CLOCKING/sys_2x_rst_ff_reg/CLK
                            SYS_2x_CLK/test_best_mode     0.124       -       0.240       -
-    min I_CLOCKING/occ_int1/U_clk_control_i_0/load_n_meta_2_l_reg/CLK
-    max I_RISC_CORE/I_DATA_PATH_Oprnd_A_reg_2_/CLK
                            SYS_2x_CLK/test_worst_mode    0.124       -       0.154       -
-    min I_CLOCKING/occ_int1/U_clk_control_i_0/load_n_meta_2_l_reg/CLK
-    max I_CLOCKING/sys_2x_rst_ff_reg/CLK
                            ate_clk/test_best_mode        0.177       -       0.270       -
-    min occ_int2/U_clk_control_i_2/slow_clk_enable_l_reg/CLK
-    max I_RISC_CORE/I_DATA_PATH_Oprnd_A_reg_2_/CLK
                            ate_clk/test_worst_mode       0.177       -       0.226       -
-    min occ_int2/U_clk_control_i_2/slow_clk_enable_l_reg/CLK
-    max I_SDRAM_TOP/I_SDRAM_IF/mega_shift_1_reg_31__9_/CLK
best_corner:hold.late       PCI_CLK/func_best_mode        0.145       -       0.168       -
-    min occ_int2/U_clk_control_i_2/pipeline_or_tree_l_reg/CLK
-    max I_PCI_TOP/I_PCI_CORE_mega_shift_reg_10__2_/CLK
                            PCI_CLK/func_worst_mode       0.145       -       0.168       -
-    min occ_int2/U_clk_control_i_2/pipeline_or_tree_l_reg/CLK
-    max I_PCI_TOP/I_PCI_CORE_mega_shift_reg_10__2_/CLK
                            PCI_CLK/test_best_mode        0.145       -       0.168       -
-    min occ_int2/U_clk_control_i_2/pipeline_or_tree_l_reg/CLK
-    max I_PCI_TOP/I_PCI_CORE_mega_shift_reg_10__2_/CLK
                            PCI_CLK/test_worst_mode       0.145       -       0.168       -
-    min occ_int2/U_clk_control_i_2/pipeline_or_tree_l_reg/CLK
-    max I_PCI_TOP/I_PCI_CORE_mega_shift_reg_10__2_/CLK
                            SDRAM_CLK/func_best_mode      0.281       -       0.326       -
-    min I_SDRAM_TOP/I_SDRAM_IF/control_bus_reg_8_/CLK
-    max I_SDRAM_TOP/I_SDRAM_IF/mega_shift_1_reg_31__9_/CLK
                            SDRAM_CLK/func_worst_mode     0.281       -       0.326       -
-    min I_SDRAM_TOP/I_SDRAM_IF/control_bus_reg_8_/CLK
-    max I_SDRAM_TOP/I_SDRAM_IF/mega_shift_1_reg_31__9_/CLK
                            SDRAM_CLK/test_best_mode      0.281       -       0.326       -
-    min I_SDRAM_TOP/I_SDRAM_IF/control_bus_reg_8_/CLK
-    max I_SDRAM_TOP/I_SDRAM_IF/mega_shift_1_reg_31__9_/CLK
                            SDRAM_CLK/test_worst_mode     0.281       -       0.326       -
-    min I_SDRAM_TOP/I_SDRAM_IF/control_bus_reg_8_/CLK
-    max I_SDRAM_TOP/I_SDRAM_IF/mega_shift_1_reg_31__9_/CLK
                            SYS_2x_CLK/func_best_mode     0.126       -       0.243       -
-    min I_CLOCKING/occ_int1/U_clk_control_i_0/load_n_meta_2_l_reg/CLK
-    max I_RISC_CORE/I_STACK_TOP_I1_STACK_MEM_Stack_Mem_reg_5__2_/CLK
                            SYS_2x_CLK/func_worst_mode    0.126       -       0.156       -
-    min I_CLOCKING/occ_int1/U_clk_control_i_0/load_n_meta_2_l_reg/CLK
-    max I_CLOCKING/sys_2x_rst_ff_reg/CLK
                            SYS_2x_CLK/test_best_mode     0.126       -       0.243       -
-    min I_CLOCKING/occ_int1/U_clk_control_i_0/load_n_meta_2_l_reg/CLK
-    max I_RISC_CORE/I_STACK_TOP_I1_STACK_MEM_Stack_Mem_reg_5__2_/CLK
                            SYS_2x_CLK/test_worst_mode    0.126       -       0.156       -
-    min I_CLOCKING/occ_int1/U_clk_control_i_0/load_n_meta_2_l_reg/CLK
-    max I_CLOCKING/sys_2x_rst_ff_reg/CLK
                            ate_clk/test_best_mode        0.182       -       0.273       -
-    min occ_int2/U_clk_control_i_2/slow_clk_enable_l_reg/CLK
-    max I_RISC_CORE/I_STACK_TOP_I1_STACK_MEM_Stack_Mem_reg_5__2_/CLK
                            ate_clk/test_worst_mode       0.182       -       0.233       -
-    min occ_int2/U_clk_control_i_2/slow_clk_enable_l_reg/CLK
-    max I_SDRAM_TOP/I_SDRAM_IF/mega_shift_1_reg_31__9_/CLK
----------------------------------------------------------------------------------------------

