****************************************
Report : constraint
        -all_violators
Design : ORCA_TOP
Version: V-2023.12
Date   : Sat May 18 18:13:00 2024
****************************************

   late_timing
   -----------

Information: Timer using 'SI, Timing Window Analysis, CRPR'. (TIM-050)
Endpoint                         Path Delay     Path Required       CRP    Slack Group    Scenario
----------------------------------------------------------------------------------------------------------
I_PCI_TOP/R_690/D (SDFFASX1_RVT)   6.83 f         6.82           0.00    -0.01   **in2reg_default** func_worst

   early_timing
   -----------

Warning: Scenario func_worst is not configured for hold analysis: skipping. (UIC-058)
Error: None of the specified scenarios are active for hold analysis. (UIC-057)
Information: Timer using 'SI, Timing Window Analysis, CRPR'. (TIM-050)
Endpoint                         Path Delay     Path Required       CRP    Slack Group    Scenario
----------------------------------------------------------------------------------------------------------
No paths.

   Mode: func Corner: Cmax
   Scenario: func_worst
   max_transition                                                              
                             Required        Actual                            
   Net                      Transition     Transition        Slack  Violation  
  ---------------------------------------------------------------------------
   cc_clk                       0.18           0.43          -0.26  (VIOLATED) 
     PIN : occ_int2/slow_clk_0_clkgt/u_icg/GCLK     0.18     0.43    -0.26 (VIOLATED)

  ---------------------------------------------------------------------------
   Number of max_transition violation(s): 1

   Mode: func Corner: Cmax
   Scenario: func_worst
   max_capacitance                                                             
                             Required        Actual                            
   Net                      Capacitance    Capacitance       Slack  Violation  
  ---------------------------------------------------------------------------
   sd_DQ_en[0]                 82.00         163.76         -81.76  (VIOLATED) 
     PIN : ZINV_168_f_inst_4981/Y    82.00   163.76         -81.76  (VIOLATED) 

   sd_DQ_en[1]                 82.00         163.57         -81.57  (VIOLATED) 
     PIN : ZINV_69_f_inst_4982/Y    82.00    163.57         -81.57  (VIOLATED) 

   cc_clk                      16.00          45.89         -29.89  (VIOLATED) 
     PIN : occ_int2/slow_clk_0_clkgt/u_icg/GCLK    16.00    45.89   -29.89 (VIOLATED)

   pad_out[16]                 82.00         102.32         -20.32  (VIOLATED) 
     PIN : ZINV_391_f_inst_5317/Y    82.00   102.32         -20.32  (VIOLATED) 

   pad_out[22]                 82.00         102.23         -20.23  (VIOLATED) 
     PIN : ZINV_391_f_inst_5319/Y    82.00   102.23         -20.23  (VIOLATED) 

   pad_out[24]                 82.00         102.22         -20.22  (VIOLATED) 
     PIN : HFSINV_22_f_394/Y    82.00        102.22         -20.22  (VIOLATED) 

   pad_out[13]                 82.00         101.85         -19.85  (VIOLATED) 
     PIN : ZINV_9_f_inst_5014/Y    82.00     101.85         -19.85  (VIOLATED) 

   pad_out[10]                 82.00         101.82         -19.82  (VIOLATED) 
     PIN : ZINV_15_f_inst_4986/Y    82.00    101.82         -19.82  (VIOLATED) 

   pad_out[18]                 82.00         101.73         -19.73  (VIOLATED) 
     PIN : ZINV_389_f_inst_5321/Y    82.00   101.73         -19.73  (VIOLATED) 

   pad_out[19]                 82.00         101.71         -19.71  (VIOLATED) 
     PIN : ZINV_11_f_inst_5002/Y    82.00    101.71         -19.71  (VIOLATED) 

   pad_out[5]                  82.00         101.71         -19.71  (VIOLATED) 
     PIN : ZINV_11_f_inst_4988/Y    82.00    101.71         -19.71  (VIOLATED) 

   pad_out[9]                  82.00         101.63         -19.63  (VIOLATED) 
     PIN : ZINV_9_f_inst_5010/Y    82.00     101.63         -19.63  (VIOLATED) 

   pad_out[2]                  82.00         101.62         -19.62  (VIOLATED) 
     PIN : ZINV_9_f_inst_5350/Y    82.00     101.62         -19.62  (VIOLATED) 

   pad_out[3]                  82.00         101.57         -19.57  (VIOLATED) 
     PIN : ZINV_9_f_inst_5325/Y    82.00     101.57         -19.57  (VIOLATED) 

   pad_out[25]                 82.00         101.55         -19.55  (VIOLATED) 
     PIN : ZINV_9_f_inst_5360/Y    82.00     101.55         -19.55  (VIOLATED) 

   pad_out[17]                 82.00         101.50         -19.50  (VIOLATED) 
     PIN : ZINV_9_f_inst_5016/Y    82.00     101.50         -19.50  (VIOLATED) 

   pad_out[29]                 82.00         101.47         -19.47  (VIOLATED) 
     PIN : ZINV_9_f_inst_5332/Y    82.00     101.47         -19.47  (VIOLATED) 

   pad_out[6]                  82.00         101.45         -19.45  (VIOLATED) 
     PIN : ZINV_9_f_inst_5338/Y    82.00     101.45         -19.45  (VIOLATED) 

   pad_out[21]                 82.00         101.43         -19.43  (VIOLATED) 
     PIN : ZINV_11_f_inst_5000/Y    82.00    101.43         -19.43  (VIOLATED) 

   pad_out[0]                  82.00         101.43         -19.43  (VIOLATED) 
     PIN : ZINV_9_f_inst_5334/Y    82.00     101.43         -19.43  (VIOLATED) 

   pad_out[28]                 82.00         101.42         -19.42  (VIOLATED) 
     PIN : ZINV_9_f_inst_5352/Y    82.00     101.42         -19.42  (VIOLATED) 

   pad_out[7]                  82.00         101.42         -19.42  (VIOLATED) 
     PIN : ZINV_9_f_inst_5327/Y    82.00     101.42         -19.42  (VIOLATED) 

   pad_out[30]                 82.00         101.41         -19.41  (VIOLATED) 
     PIN : ZINV_9_f_inst_5354/Y    82.00     101.41         -19.41  (VIOLATED) 

   pad_out[31]                 82.00         101.38         -19.38  (VIOLATED) 
     PIN : ZINV_9_f_inst_5329/Y    82.00     101.38         -19.38  (VIOLATED) 

   pad_out[20]                 82.00         101.37         -19.37  (VIOLATED) 
     PIN : ZINV_9_f_inst_5006/Y    82.00     101.37         -19.37  (VIOLATED) 

   pad_out[15]                 82.00         101.37         -19.37  (VIOLATED) 
     PIN : ZINV_9_f_inst_5020/Y    82.00     101.37         -19.37  (VIOLATED) 

   pad_out[14]                 82.00         101.36         -19.36  (VIOLATED) 
     PIN : ZINV_15_f_inst_4984/Y    82.00    101.36         -19.36  (VIOLATED) 

   pad_out[12]                 82.00         101.36         -19.36  (VIOLATED) 
     PIN : ZINV_9_f_inst_5012/Y    82.00     101.36         -19.36  (VIOLATED) 

   pad_out[1]                  82.00         101.34         -19.34  (VIOLATED) 
     PIN : ZBUF_210_f_inst_5331/Y    82.00   101.34         -19.34  (VIOLATED) 

   pad_out[26]                 82.00         101.27         -19.27  (VIOLATED) 
     PIN : HFSINV_22_f_398/Y    82.00        101.27         -19.27  (VIOLATED) 

   pad_out[4]                  82.00         101.27         -19.27  (VIOLATED) 
     PIN : ZINV_9_f_inst_5336/Y    82.00     101.27         -19.27  (VIOLATED) 

   pad_out[8]                  82.00         101.25         -19.25  (VIOLATED) 
     PIN : ZINV_9_f_inst_5008/Y    82.00     101.25         -19.25  (VIOLATED) 

   pad_out[23]                 82.00         101.24         -19.24  (VIOLATED) 
     PIN : ZINV_9_f_inst_5348/Y    82.00     101.24         -19.24  (VIOLATED) 

   pad_out[27]                 82.00         101.22         -19.22  (VIOLATED) 
     PIN : ZINV_9_f_inst_5340/Y    82.00     101.22         -19.22  (VIOLATED) 

   pad_out[11]                 82.00         101.19         -19.19  (VIOLATED) 
     PIN : ZINV_9_f_inst_5323/Y    82.00     101.19         -19.19  (VIOLATED) 

   I_SDRAM_TOP/I_SDRAM_IF/n4811    16.00      16.18          -0.18  (VIOLATED) 
     PIN : I_SDRAM_TOP/I_SDRAM_IF/U148/Y    16.00    16.18    -0.18 (VIOLATED) 

   I_SDRAM_TOP/I_SDRAM_IF/DQ_out_1[5]     8.00     8.02      -0.02  (VIOLATED) 
     PIN : I_SDRAM_TOP/I_SDRAM_IF/DQ_out_1_reg_5_/Q     8.00     8.02    -0.02 (VIOLATED)

  ---------------------------------------------------------------------------
   Number of max_capacitance violation(s): 37



  Mode: func
  Corner: Cmax
  Scenario: func_worst

  ---------------------------------------------------------------------------
   Number of min_pulse_width violation(s): 0
   Total number of violation(s): 38
1
