###############################################################
#  Generated by:      Cadence Innovus 23.10-p003_1
#  OS:                Linux x86_64(Host ID mo.ece.pdx.edu)
#  Generated on:      Thu May  1 16:29:34 2025
#  Design:            ORCA_TOP
#  Command:           report_ccopt_skew_groups -summary -file ../reports/ORCA_TOP.innovus.route.ccopt_skew_groups.rpt
###############################################################

Skew Group Structure:
=====================

---------------------------------------------------------------------------------
Skew Group                    Sources    Constrained Sinks    Unconstrained Sinks
---------------------------------------------------------------------------------
PCI_CLK/func_best_mode           1              401                    0
PCI_CLK/func_worst_mode          1              401                    0
PCI_CLK/test_best_mode           1              401                    0
PCI_CLK/test_worst_mode          1              401                    0
SDRAM_CLK/func_best_mode         1             2853                   34
SDRAM_CLK/func_worst_mode        1             2853                   34
SDRAM_CLK/test_best_mode         1             2853                   34
SDRAM_CLK/test_worst_mode        1             2853                   34
SYS_2x_CLK/func_best_mode        1              214                    0
SYS_2x_CLK/func_worst_mode       1               20                    1
SYS_2x_CLK/test_best_mode        1              214                    0
SYS_2x_CLK/test_worst_mode       1               20                    1
ate_clk/test_best_mode           1             3448                   34
ate_clk/test_worst_mode          1             3254                   35
---------------------------------------------------------------------------------

Skew Group Summary:
===================

-------------------------------------------------------------------------------------------------------------------------------------------------------------------------------------
Timing Corner               Skew Group                    ID Target    Min ID    Max ID    Avg ID    Std.Dev. ID    Skew Target Type    Skew Target    Skew     Skew window occupancy
-------------------------------------------------------------------------------------------------------------------------------------------------------------------------------------
worst_corner:setup.early    PCI_CLK/func_best_mode            -        0.728     0.810     0.792        0.012       ignored                  -         0.081              -
                            PCI_CLK/func_worst_mode           -        0.728     0.810     0.792        0.012       ignored                  -         0.081              -
                            PCI_CLK/test_best_mode            -        0.728     0.810     0.792        0.012       ignored                  -         0.081              -
                            PCI_CLK/test_worst_mode           -        0.728     0.810     0.792        0.012       ignored                  -         0.081              -
                            SDRAM_CLK/func_best_mode          -        1.195     1.276     1.235        0.023       ignored                  -         0.082              -
                            SDRAM_CLK/func_worst_mode         -        1.195     1.276     1.235        0.023       ignored                  -         0.082              -
                            SDRAM_CLK/test_best_mode          -        1.195     1.276     1.235        0.023       ignored                  -         0.082              -
                            SDRAM_CLK/test_worst_mode         -        1.195     1.276     1.235        0.023       ignored                  -         0.082              -
                            SYS_2x_CLK/func_best_mode         -        0.774     0.878     0.834        0.023       ignored                  -         0.104              -
                            SYS_2x_CLK/func_worst_mode        -        0.776     0.873     0.803        0.027       ignored                  -         0.096              -
                            SYS_2x_CLK/test_best_mode         -        0.774     0.878     0.834        0.023       ignored                  -         0.104              -
                            SYS_2x_CLK/test_worst_mode        -        0.776     0.873     0.803        0.027       ignored                  -         0.096              -
                            ate_clk/test_best_mode            -        1.024     1.152     1.075        0.021       ignored                  -         0.129              -
                            ate_clk/test_worst_mode           -        1.024     1.102     1.072        0.019       ignored                  -         0.078              -
worst_corner:setup.late     PCI_CLK/func_best_mode        *0.800       0.740     0.834     0.817        0.013       explicit            *0.085         0.094    98% {0.810, 0.834}
                            PCI_CLK/func_worst_mode       *0.800       0.740     0.834     0.817        0.013       explicit            *0.085         0.094    98% {0.810, 0.834}
                            PCI_CLK/test_best_mode        *0.800       0.740     0.834     0.817        0.013       explicit            *0.085         0.094    98% {0.810, 0.834}
                            PCI_CLK/test_worst_mode       *0.800       0.740     0.834     0.817        0.013       explicit            *0.085         0.094    98% {0.810, 0.834}
                            SDRAM_CLK/func_best_mode      *0.800       1.259     1.348     1.313        0.027       explicit            *0.085         0.088    100% {1.268, 1.348}
                            SDRAM_CLK/func_worst_mode     *0.800       1.259     1.348     1.313        0.027       explicit            *0.085         0.088    100% {1.268, 1.348}
                            SDRAM_CLK/test_best_mode      *0.800       1.259     1.348     1.313        0.027       explicit            *0.085         0.088    100% {1.268, 1.348}
                            SDRAM_CLK/test_worst_mode     *0.800       1.259     1.348     1.313        0.027       explicit            *0.085         0.088    100% {1.268, 1.348}
                            SYS_2x_CLK/func_best_mode     *0.800       0.793     0.901     0.855        0.024       explicit            *0.085         0.107    94.9% {0.793, 0.878}
                            SYS_2x_CLK/func_worst_mode    *0.800       0.793     0.887     0.818        0.027       explicit            *0.085         0.093    90% {0.793, 0.878}
                            SYS_2x_CLK/test_best_mode     *0.800       0.793     0.901     0.855        0.024       explicit            *0.085         0.107    94.9% {0.793, 0.878}
                            SYS_2x_CLK/test_worst_mode    *0.800       0.793     0.887     0.818        0.027       explicit            *0.085         0.093    90% {0.793, 0.878}
                            ate_clk/test_best_mode        *0.800       1.052     1.177     1.117        0.023       explicit            *0.085         0.125    98.5% {1.070, 1.155}
                            ate_clk/test_worst_mode       *0.800       1.052     1.149     1.116        0.023       explicit            *0.085         0.097    98.9% {1.065, 1.149}
best_corner:hold.early      PCI_CLK/func_best_mode            -        0.136     0.165     0.152        0.006       ignored                  -         0.028              -
                            PCI_CLK/func_worst_mode           -        0.136     0.165     0.152        0.006       ignored                  -         0.028              -
                            PCI_CLK/test_best_mode            -        0.136     0.165     0.152        0.006       ignored                  -         0.028              -
                            PCI_CLK/test_worst_mode           -        0.136     0.165     0.152        0.006       ignored                  -         0.028              -
                            SDRAM_CLK/func_best_mode          -        0.244     0.296     0.275        0.012       ignored                  -         0.052              -
                            SDRAM_CLK/func_worst_mode         -        0.244     0.296     0.275        0.012       ignored                  -         0.052              -
                            SDRAM_CLK/test_best_mode          -        0.244     0.296     0.275        0.012       ignored                  -         0.052              -
                            SDRAM_CLK/test_worst_mode         -        0.244     0.296     0.275        0.012       ignored                  -         0.052              -
                            SYS_2x_CLK/func_best_mode         -        0.120     0.253     0.226        0.029       ignored                  -         0.133              -
                            SYS_2x_CLK/func_worst_mode        -        0.120     0.157     0.140        0.018       ignored                  -         0.037              -
                            SYS_2x_CLK/test_best_mode         -        0.120     0.253     0.226        0.029       ignored                  -         0.133              -
                            SYS_2x_CLK/test_worst_mode        -        0.120     0.157     0.140        0.018       ignored                  -         0.037              -
                            ate_clk/test_best_mode            -        0.192     0.302     0.225        0.018       ignored                  -         0.110              -
                            ate_clk/test_worst_mode           -        0.192     0.240     0.222        0.012       ignored                  -         0.049              -
best_corner:hold.late       PCI_CLK/func_best_mode            -        0.138     0.169     0.156        0.007       ignored                  -         0.030              -
                            PCI_CLK/func_worst_mode           -        0.138     0.169     0.156        0.007       ignored                  -         0.030              -
                            PCI_CLK/test_best_mode            -        0.138     0.169     0.156        0.007       ignored                  -         0.030              -
                            PCI_CLK/test_worst_mode           -        0.138     0.169     0.156        0.007       ignored                  -         0.030              -
                            SDRAM_CLK/func_best_mode          -        0.252     0.309     0.287        0.013       ignored                  -         0.056              -
                            SDRAM_CLK/func_worst_mode         -        0.252     0.309     0.287        0.013       ignored                  -         0.056              -
                            SDRAM_CLK/test_best_mode          -        0.252     0.309     0.287        0.013       ignored                  -         0.056              -
                            SDRAM_CLK/test_worst_mode         -        0.252     0.309     0.287        0.013       ignored                  -         0.056              -
                            SYS_2x_CLK/func_best_mode         -        0.122     0.256     0.230        0.030       ignored                  -         0.134              -
                            SYS_2x_CLK/func_worst_mode        -        0.122     0.159     0.142        0.018       ignored                  -         0.037              -
                            SYS_2x_CLK/test_best_mode         -        0.122     0.256     0.230        0.030       ignored                  -         0.134              -
                            SYS_2x_CLK/test_worst_mode        -        0.122     0.159     0.142        0.018       ignored                  -         0.037              -
                            ate_clk/test_best_mode            -        0.194     0.306     0.231        0.018       ignored                  -         0.112              -
                            ate_clk/test_worst_mode           -        0.194     0.247     0.228        0.012       ignored                  -         0.054              -
-------------------------------------------------------------------------------------------------------------------------------------------------------------------------------------

* - indicates that target was not met.

Skew Group Min/Max path pins:
=============================

----------------------------------------------------------------------------------------------
Timing Corner               Skew Group                    Min ID    PathID    Max ID    PathID
----------------------------------------------------------------------------------------------
worst_corner:setup.early    PCI_CLK/func_best_mode        0.728       -       0.810       -
-    min occ_int2/U_clk_control_i_2/load_n_meta_2_l_reg/CLK
-    max I_PCI_TOP/I_PCI_CORE_mega_shift_reg_10__2_/CLK
                            PCI_CLK/func_worst_mode       0.728       -       0.810       -
-    min occ_int2/U_clk_control_i_2/load_n_meta_2_l_reg/CLK
-    max I_PCI_TOP/I_PCI_CORE_mega_shift_reg_10__2_/CLK
                            PCI_CLK/test_best_mode        0.728       -       0.810       -
-    min occ_int2/U_clk_control_i_2/load_n_meta_2_l_reg/CLK
-    max I_PCI_TOP/I_PCI_CORE_mega_shift_reg_10__2_/CLK
                            PCI_CLK/test_worst_mode       0.728       -       0.810       -
-    min occ_int2/U_clk_control_i_2/load_n_meta_2_l_reg/CLK
-    max I_PCI_TOP/I_PCI_CORE_mega_shift_reg_10__2_/CLK
                            SDRAM_CLK/func_best_mode      1.195       -       1.276       -
-    min I_SDRAM_TOP/I_SDRAM_IF/mega_shift_1_reg_3__17_/CLK
-    max I_SDRAM_TOP/I_SDRAM_IF/R_10/CLK
                            SDRAM_CLK/func_worst_mode     1.195       -       1.276       -
-    min I_SDRAM_TOP/I_SDRAM_IF/mega_shift_1_reg_3__17_/CLK
-    max I_SDRAM_TOP/I_SDRAM_IF/R_10/CLK
                            SDRAM_CLK/test_best_mode      1.195       -       1.276       -
-    min I_SDRAM_TOP/I_SDRAM_IF/mega_shift_1_reg_3__17_/CLK
-    max I_SDRAM_TOP/I_SDRAM_IF/R_10/CLK
                            SDRAM_CLK/test_worst_mode     1.195       -       1.276       -
-    min I_SDRAM_TOP/I_SDRAM_IF/mega_shift_1_reg_3__17_/CLK
-    max I_SDRAM_TOP/I_SDRAM_IF/R_10/CLK
                            SYS_2x_CLK/func_best_mode     0.774       -       0.878       -
-    min I_RISC_CORE/I_REG_FILE_REG_FILE_C_RAM/CE1
-    max I_RISC_CORE/I_STACK_TOP_I1_STACK_MEM_Stack_Mem_reg_5__2_/CLK
                            SYS_2x_CLK/func_worst_mode    0.776       -       0.873       -
-    min I_CLOCKING/sys_2x_rst_ff_reg/CLK
-    max I_CLOCKING/sys_rst_ff_reg/CLK
                            SYS_2x_CLK/test_best_mode     0.774       -       0.878       -
-    min I_RISC_CORE/I_REG_FILE_REG_FILE_C_RAM/CE1
-    max I_RISC_CORE/I_STACK_TOP_I1_STACK_MEM_Stack_Mem_reg_5__2_/CLK
                            SYS_2x_CLK/test_worst_mode    0.776       -       0.873       -
-    min I_CLOCKING/sys_2x_rst_ff_reg/CLK
-    max I_CLOCKING/sys_rst_ff_reg/CLK
                            ate_clk/test_best_mode        1.024       -       1.152       -
-    min I_SDRAM_TOP/I_SDRAM_IF/R_13/CLK
-    max I_RISC_CORE/I_STACK_TOP_I1_STACK_MEM_Stack_Mem_reg_5__2_/CLK
                            ate_clk/test_worst_mode       1.024       -       1.102       -
-    min I_SDRAM_TOP/I_SDRAM_IF/R_13/CLK
-    max I_PCI_TOP/I_PCI_CORE_mega_shift_reg_10__2_/CLK
worst_corner:setup.late     PCI_CLK/func_best_mode        0.740       -       0.834       -
-    min occ_int2/U_clk_control_i_2/load_n_meta_2_l_reg/CLK
-    max I_PCI_TOP/I_PCI_CORE_mega_shift_reg_10__6_/CLK
                            PCI_CLK/func_worst_mode       0.740       -       0.834       -
-    min occ_int2/U_clk_control_i_2/load_n_meta_2_l_reg/CLK
-    max I_PCI_TOP/I_PCI_CORE_mega_shift_reg_10__6_/CLK
                            PCI_CLK/test_best_mode        0.740       -       0.834       -
-    min occ_int2/U_clk_control_i_2/load_n_meta_2_l_reg/CLK
-    max I_PCI_TOP/I_PCI_CORE_mega_shift_reg_10__6_/CLK
                            PCI_CLK/test_worst_mode       0.740       -       0.834       -
-    min occ_int2/U_clk_control_i_2/load_n_meta_2_l_reg/CLK
-    max I_PCI_TOP/I_PCI_CORE_mega_shift_reg_10__6_/CLK
                            SDRAM_CLK/func_best_mode      1.259       -       1.348       -
-    min occ_int2/U_clk_control_i_1/load_n_meta_1_l_reg/CLK
-    max I_SDRAM_TOP/I_SDRAM_IF/mega_shift_1_reg_27__18_/CLK
                            SDRAM_CLK/func_worst_mode     1.259       -       1.348       -
-    min occ_int2/U_clk_control_i_1/load_n_meta_1_l_reg/CLK
-    max I_SDRAM_TOP/I_SDRAM_IF/mega_shift_1_reg_27__18_/CLK
                            SDRAM_CLK/test_best_mode      1.259       -       1.348       -
-    min occ_int2/U_clk_control_i_1/load_n_meta_1_l_reg/CLK
-    max I_SDRAM_TOP/I_SDRAM_IF/mega_shift_1_reg_27__18_/CLK
                            SDRAM_CLK/test_worst_mode     1.259       -       1.348       -
-    min occ_int2/U_clk_control_i_1/load_n_meta_1_l_reg/CLK
-    max I_SDRAM_TOP/I_SDRAM_IF/mega_shift_1_reg_27__18_/CLK
                            SYS_2x_CLK/func_best_mode     0.793       -       0.901       -
-    min I_CLOCKING/sys_2x_rst_ff_reg/CLK
-    max I_RISC_CORE/I_STACK_TOP_I1_STACK_MEM_Stack_Mem_reg_5__0_/CLK
                            SYS_2x_CLK/func_worst_mode    0.793       -       0.887       -
-    min I_CLOCKING/sys_2x_rst_ff_reg/CLK
-    max I_CLOCKING/sys_rst_ff_reg/CLK
                            SYS_2x_CLK/test_best_mode     0.793       -       0.901       -
-    min I_CLOCKING/sys_2x_rst_ff_reg/CLK
-    max I_RISC_CORE/I_STACK_TOP_I1_STACK_MEM_Stack_Mem_reg_5__0_/CLK
                            SYS_2x_CLK/test_worst_mode    0.793       -       0.887       -
-    min I_CLOCKING/sys_2x_rst_ff_reg/CLK
-    max I_CLOCKING/sys_rst_ff_reg/CLK
                            ate_clk/test_best_mode        1.052       -       1.177       -
-    min I_SDRAM_TOP/I_SDRAM_IF/R_8/CLK
-    max I_RISC_CORE/I_STACK_TOP_I1_STACK_MEM_Stack_Mem_reg_5__0_/CLK
                            ate_clk/test_worst_mode       1.052       -       1.149       -
-    min I_SDRAM_TOP/I_SDRAM_IF/R_8/CLK
-    max I_SDRAM_TOP/I_SDRAM_IF/mega_shift_1_reg_27__18_/CLK
best_corner:hold.early      PCI_CLK/func_best_mode        0.136       -       0.165       -
-    min occ_int2/U_clk_control_i_2/load_n_meta_2_l_reg/CLK
-    max I_PCI_TOP/I_PCI_CORE_mega_shift_reg_10__31_/CLK
                            PCI_CLK/func_worst_mode       0.136       -       0.165       -
-    min occ_int2/U_clk_control_i_2/load_n_meta_2_l_reg/CLK
-    max I_PCI_TOP/I_PCI_CORE_mega_shift_reg_10__31_/CLK
                            PCI_CLK/test_best_mode        0.136       -       0.165       -
-    min occ_int2/U_clk_control_i_2/load_n_meta_2_l_reg/CLK
-    max I_PCI_TOP/I_PCI_CORE_mega_shift_reg_10__31_/CLK
                            PCI_CLK/test_worst_mode       0.136       -       0.165       -
-    min occ_int2/U_clk_control_i_2/load_n_meta_2_l_reg/CLK
-    max I_PCI_TOP/I_PCI_CORE_mega_shift_reg_10__31_/CLK
                            SDRAM_CLK/func_best_mode      0.244       -       0.296       -
-    min occ_int2/U_clk_control_i_1/load_n_meta_1_l_reg/CLK
-    max I_SDRAM_TOP/I_SDRAM_IF/mega_shift_1_reg_40__15_/CLK
                            SDRAM_CLK/func_worst_mode     0.244       -       0.296       -
-    min occ_int2/U_clk_control_i_1/load_n_meta_1_l_reg/CLK
-    max I_SDRAM_TOP/I_SDRAM_IF/mega_shift_1_reg_40__15_/CLK
                            SDRAM_CLK/test_best_mode      0.244       -       0.296       -
-    min occ_int2/U_clk_control_i_1/load_n_meta_1_l_reg/CLK
-    max I_SDRAM_TOP/I_SDRAM_IF/mega_shift_1_reg_40__15_/CLK
                            SDRAM_CLK/test_worst_mode     0.244       -       0.296       -
-    min occ_int2/U_clk_control_i_1/load_n_meta_1_l_reg/CLK
-    max I_SDRAM_TOP/I_SDRAM_IF/mega_shift_1_reg_40__15_/CLK
                            SYS_2x_CLK/func_best_mode     0.120       -       0.253       -
-    min I_CLOCKING/occ_int1/U_clk_control_i_0/fast_clk_enable_l_reg/CLK
-    max I_RISC_CORE/I_STACK_TOP_I1_STACK_MEM_Stack_Mem_reg_5__0_/CLK
                            SYS_2x_CLK/func_worst_mode    0.120       -       0.157       -
-    min I_CLOCKING/occ_int1/U_clk_control_i_0/fast_clk_enable_l_reg/CLK
-    max occ_int2/U_clk_control_i_0/load_n_meta_2_l_reg/CLK
                            SYS_2x_CLK/test_best_mode     0.120       -       0.253       -
-    min I_CLOCKING/occ_int1/U_clk_control_i_0/fast_clk_enable_l_reg/CLK
-    max I_RISC_CORE/I_STACK_TOP_I1_STACK_MEM_Stack_Mem_reg_5__0_/CLK
                            SYS_2x_CLK/test_worst_mode    0.120       -       0.157       -
-    min I_CLOCKING/occ_int1/U_clk_control_i_0/fast_clk_enable_l_reg/CLK
-    max occ_int2/U_clk_control_i_0/load_n_meta_2_l_reg/CLK
                            ate_clk/test_best_mode        0.192       -       0.302       -
-    min occ_int2/U_clk_control_i_2/slow_clk_enable_l_reg/CLK
-    max I_RISC_CORE/I_STACK_TOP_I1_STACK_MEM_Stack_Mem_reg_5__0_/CLK
                            ate_clk/test_worst_mode       0.192       -       0.240       -
-    min occ_int2/U_clk_control_i_2/slow_clk_enable_l_reg/CLK
-    max I_SDRAM_TOP/I_SDRAM_IF/mega_shift_1_reg_40__15_/CLK
best_corner:hold.late       PCI_CLK/func_best_mode        0.138       -       0.169       -
-    min occ_int2/U_clk_control_i_2/load_n_meta_2_l_reg/CLK
-    max I_PCI_TOP/I_PCI_CORE_mega_shift_reg_10__6_/CLK
                            PCI_CLK/func_worst_mode       0.138       -       0.169       -
-    min occ_int2/U_clk_control_i_2/load_n_meta_2_l_reg/CLK
-    max I_PCI_TOP/I_PCI_CORE_mega_shift_reg_10__6_/CLK
                            PCI_CLK/test_best_mode        0.138       -       0.169       -
-    min occ_int2/U_clk_control_i_2/load_n_meta_2_l_reg/CLK
-    max I_PCI_TOP/I_PCI_CORE_mega_shift_reg_10__6_/CLK
                            PCI_CLK/test_worst_mode       0.138       -       0.169       -
-    min occ_int2/U_clk_control_i_2/load_n_meta_2_l_reg/CLK
-    max I_PCI_TOP/I_PCI_CORE_mega_shift_reg_10__6_/CLK
                            SDRAM_CLK/func_best_mode      0.252       -       0.309       -
-    min occ_int2/U_clk_control_i_1/load_n_meta_1_l_reg/CLK
-    max I_SDRAM_TOP/I_SDRAM_IF/mega_shift_1_reg_40__3_/CLK
                            SDRAM_CLK/func_worst_mode     0.252       -       0.309       -
-    min occ_int2/U_clk_control_i_1/load_n_meta_1_l_reg/CLK
-    max I_SDRAM_TOP/I_SDRAM_IF/mega_shift_1_reg_40__3_/CLK
                            SDRAM_CLK/test_best_mode      0.252       -       0.309       -
-    min occ_int2/U_clk_control_i_1/load_n_meta_1_l_reg/CLK
-    max I_SDRAM_TOP/I_SDRAM_IF/mega_shift_1_reg_40__3_/CLK
                            SDRAM_CLK/test_worst_mode     0.252       -       0.309       -
-    min occ_int2/U_clk_control_i_1/load_n_meta_1_l_reg/CLK
-    max I_SDRAM_TOP/I_SDRAM_IF/mega_shift_1_reg_40__3_/CLK
                            SYS_2x_CLK/func_best_mode     0.122       -       0.256       -
-    min I_CLOCKING/occ_int1/U_clk_control_i_0/load_n_meta_2_l_reg/CLK
-    max I_RISC_CORE/I_STACK_TOP_I1_STACK_MEM_Stack_Mem_reg_5__0_/CLK
                            SYS_2x_CLK/func_worst_mode    0.122       -       0.159       -
-    min I_CLOCKING/occ_int1/U_clk_control_i_0/load_n_meta_2_l_reg/CLK
-    max occ_int2/U_clk_control_i_0/load_n_meta_2_l_reg/CLK
                            SYS_2x_CLK/test_best_mode     0.122       -       0.256       -
-    min I_CLOCKING/occ_int1/U_clk_control_i_0/load_n_meta_2_l_reg/CLK
-    max I_RISC_CORE/I_STACK_TOP_I1_STACK_MEM_Stack_Mem_reg_5__0_/CLK
                            SYS_2x_CLK/test_worst_mode    0.122       -       0.159       -
-    min I_CLOCKING/occ_int1/U_clk_control_i_0/load_n_meta_2_l_reg/CLK
-    max occ_int2/U_clk_control_i_0/load_n_meta_2_l_reg/CLK
                            ate_clk/test_best_mode        0.194       -       0.306       -
-    min occ_int2/U_clk_control_i_2/slow_clk_enable_l_reg/CLK
-    max I_RISC_CORE/I_STACK_TOP_I1_STACK_MEM_Stack_Mem_reg_5__0_/CLK
                            ate_clk/test_worst_mode       0.194       -       0.247       -
-    min occ_int2/U_clk_control_i_2/slow_clk_enable_l_reg/CLK
-    max I_SDRAM_TOP/I_SDRAM_IF/mega_shift_1_reg_40__3_/CLK
----------------------------------------------------------------------------------------------

