
Power Net Detected:
        Voltage	    Name
          0.95V	    VDDH
             0V	    VSS
          0.75V	    VDD
Using Power View: test_worst_scenario.
AAE_INFO: opIsDesignInPostRouteState() is 0
#################################################################################
# Design Stage: PreRoute
# Design Name: ORCA_TOP
# Design Mode: 28nm
# Analysis Mode: MMMC OCV 
# Parasitics Mode: No SPEF/RCDB 
# Signoff Settings: SI Off 
#################################################################################
Start delay calculation (fullDC) (8 T). (MEM=4064.43)
*** Calculating scaling factor for worst_libs libraries using the default operating condition of each library.
**WARN: (IMPMSMV-1810):	Net I_RISC_CORE/FE_OFN25838_n355_1, driver I_RISC_CORE/I_INSTRN_LAT_Crnt_Instrn_2_reg_24_/Q (cell SDFFARX1_RVT) voltage 0.75 does not match receiver I_RISC_CORE/FE_OFC7376_n355_1/A (cell NBUFFX2_LVT) voltage 0.95 for view test_worst_scenario.
Type 'man IMPMSMV-1810' for more detail.
**WARN: (IMPMSMV-1810):	Net I_RISC_CORE/FE_OFN25823_n358_1, driver I_RISC_CORE/FE_OFC7361_n358_1/Y (cell NBUFFX8_LVT) voltage 0.95 does not match receiver I_RISC_CORE/I_INSTRN_LAT_Crnt_Instrn_2_reg_19_/SI (cell SDFFARX1_RVT) voltage 0.75 for view test_worst_scenario.
Type 'man IMPMSMV-1810' for more detail.
**WARN: (IMPMSMV-1810):	Net I_RISC_CORE/FE_OFN25823_n358_1, driver I_RISC_CORE/FE_OFC7361_n358_1/Y (cell NBUFFX8_LVT) voltage 0.95 does not match receiver I_RISC_CORE/U1360/A3 (cell NAND4X0_RVT) voltage 0.75 for view test_worst_scenario.
Type 'man IMPMSMV-1810' for more detail.
**WARN: (IMPMSMV-1810):	Net I_RISC_CORE/FE_OFN25805_n1910, driver I_RISC_CORE/FE_OFC7343_n1910/Y (cell NBUFFX2_LVT) voltage 0.95 does not match receiver I_RISC_CORE/I_REG_FILE_REG_FILE_A_RAM/I1[14] (cell SRAM2RW128x16) voltage 0.75 for view test_worst_scenario.
Type 'man IMPMSMV-1810' for more detail.
**WARN: (IMPMSMV-1810):	Net I_RISC_CORE/FE_RN_1, driver I_RISC_CORE/FE_OFC5284_n714/Y (cell NBUFFX4_LVT) voltage 0.95 does not match receiver I_RISC_CORE/I_REG_FILE_REG_FILE_A_RAM/A2[4] (cell SRAM2RW128x16) voltage 0.75 for view test_worst_scenario.
Type 'man IMPMSMV-1810' for more detail.
**WARN: (IMPMSMV-1810):	Net I_RISC_CORE/FE_OFN25764_n, driver I_RISC_CORE/FE_OFC6948_n378_1/Y (cell INVX2_LVT) voltage 0.95 does not match receiver I_RISC_CORE/I_REG_FILE_REG_FILE_D_RAM/A2[1] (cell SRAM2RW128x16) voltage 0.75 for view test_worst_scenario.
Type 'man IMPMSMV-1810' for more detail.
**WARN: (IMPMSMV-1810):	Net I_RISC_CORE/FE_OFN25816_RegPort_C_13, driver I_RISC_CORE/FE_OFC7354_RegPort_C_13/Y (cell NBUFFX2_LVT) voltage 0.95 does not match receiver I_RISC_CORE/I_REG_FILE_REG_FILE_A_RAM/I1[13] (cell SRAM2RW128x16) voltage 0.75 for view test_worst_scenario.
Type 'man IMPMSMV-1810' for more detail.
**WARN: (IMPMSMV-1810):	Net I_RISC_CORE/FE_OFN25763_n, driver I_RISC_CORE/FE_OFC6946_n376_1/Y (cell INVX2_LVT) voltage 0.95 does not match receiver I_RISC_CORE/I_REG_FILE_REG_FILE_D_RAM/A2[3] (cell SRAM2RW128x16) voltage 0.75 for view test_worst_scenario.
Type 'man IMPMSMV-1810' for more detail.
**WARN: (IMPMSMV-1810):	Net I_RISC_CORE/FE_OFN25823_n358_1, driver I_RISC_CORE/FE_OFC7361_n358_1/Y (cell NBUFFX8_LVT) voltage 0.95 does not match receiver I_RISC_CORE/U1358/A2 (cell OR3X1_LVT) voltage 0.75 for view test_worst_scenario.
Type 'man IMPMSMV-1810' for more detail.
**WARN: (IMPMSMV-1810):	Net I_RISC_CORE/FE_OFN25795_n, driver I_RISC_CORE/FE_OFC7333_n396_1/Y (cell NBUFFX2_LVT) voltage 0.95 does not match receiver I_RISC_CORE/U1509/A1 (cell AND2X1_LVT) voltage 0.75 for view test_worst_scenario.
Type 'man IMPMSMV-1810' for more detail.
**WARN: (IMPMSMV-1810):	Net I_RISC_CORE/FE_RN_1, driver I_RISC_CORE/FE_OFC5284_n714/Y (cell NBUFFX4_LVT) voltage 0.95 does not match receiver I_RISC_CORE/I_REG_FILE_REG_FILE_C_RAM/A2[4] (cell SRAM2RW128x16) voltage 0.75 for view test_worst_scenario.
Type 'man IMPMSMV-1810' for more detail.
**WARN: (IMPMSMV-1810):	Net I_RISC_CORE/FE_OFN25661_n681, driver I_RISC_CORE/FE_OFC5293_n681/Y (cell NBUFFX2_LVT) voltage 0.95 does not match receiver I_RISC_CORE/I_DATA_PATH_Oprnd_B_reg_7_/D (cell SDFFX2_RVT) voltage 0.75 for view test_worst_scenario.
Type 'man IMPMSMV-1810' for more detail.
**WARN: (IMPMSMV-1810):	Net I_RISC_CORE/FE_OFN25665_n1200, driver I_RISC_CORE/FE_OFC5297_n1200/Y (cell NBUFFX4_LVT) voltage 0.95 does not match receiver I_RISC_CORE/U130/A2 (cell OAI22X1_RVT) voltage 0.75 for view test_worst_scenario.
Type 'man IMPMSMV-1810' for more detail.
**WARN: (IMPMSMV-1810):	Net I_RISC_CORE/FE_OFN25655_RegPort_C_13, driver I_RISC_CORE/FE_OFC6692_RegPort_C_13/Y (cell NBUFFX4_LVT) voltage 0.95 does not match receiver I_RISC_CORE/I_REG_FILE_REG_FILE_B_RAM/I1[13] (cell SRAM2RW128x16) voltage 0.75 for view test_worst_scenario.
Type 'man IMPMSMV-1810' for more detail.
**WARN: (IMPMSMV-1810):	Net I_RISC_CORE/FE_OFN25653_I_DATA_PATH_N55, driver I_RISC_CORE/FE_OFC5285_I_DATA_PATH_N55/Y (cell NBUFFX2_LVT) voltage 0.95 does not match receiver I_RISC_CORE/I_DATA_PATH_Oprnd_B_reg_6_/D (cell SDFFX2_RVT) voltage 0.75 for view test_worst_scenario.
Type 'man IMPMSMV-1810' for more detail.
**WARN: (IMPMSMV-1810):	Net I_RISC_CORE/FE_OFN25652_n, driver I_RISC_CORE/U1617/Y (cell AO22X2_LVT) voltage 0.75 does not match receiver I_RISC_CORE/FE_OFC5284_n714/A (cell NBUFFX4_LVT) voltage 0.95 for view test_worst_scenario.
Type 'man IMPMSMV-1810' for more detail.
**WARN: (IMPMSMV-1810):	Net I_RISC_CORE/FE_OFN25823_n358_1, driver I_RISC_CORE/FE_OFC7361_n358_1/Y (cell NBUFFX8_LVT) voltage 0.95 does not match receiver I_RISC_CORE/I_REG_FILE_REG_FILE_B_RAM/A1[5] (cell SRAM2RW128x16) voltage 0.75 for view test_worst_scenario.
Type 'man IMPMSMV-1810' for more detail.
**WARN: (IMPMSMV-1810):	Net I_RISC_CORE/FE_OFN25651_n1910, driver I_RISC_CORE/FE_OFC5283_n1910/Y (cell NBUFFX4_LVT) voltage 0.95 does not match receiver I_RISC_CORE/I_REG_FILE_REG_FILE_C_RAM/I1[14] (cell SRAM2RW128x16) voltage 0.75 for view test_worst_scenario.
Type 'man IMPMSMV-1810' for more detail.
**WARN: (IMPMSMV-1810):	Net I_RISC_CORE/FE_OFN25649_n639, driver I_RISC_CORE/FE_OFC5281_n639/Y (cell NBUFFX4_LVT) voltage 0.95 does not match receiver I_RISC_CORE/I_REG_FILE_REG_FILE_D_RAM/I1[10] (cell SRAM2RW128x16) voltage 0.75 for view test_worst_scenario.
Type 'man IMPMSMV-1810' for more detail.
**WARN: (EMS-27):	Message (IMPMSMV-1810) has exceeded the current message display limit of 20.
To increase the message display limit, refer to the product command reference manual.
**WARN: (EMS-27):	Message (IMPMSMV-1810) has exceeded the current message display limit of 20.
To increase the message display limit, refer to the product command reference manual.
**WARN: (EMS-27):	Message (IMPMSMV-1810) has exceeded the current message display limit of 20.
To increase the message display limit, refer to the product command reference manual.
**WARN: (EMS-27):	Message (IMPMSMV-1810) has exceeded the current message display limit of 20.
To increase the message display limit, refer to the product command reference manual.
**WARN: (EMS-27):	Message (IMPMSMV-1810) has exceeded the current message display limit of 20.
To increase the message display limit, refer to the product command reference manual.
**WARN: (EMS-27):	Message (IMPMSMV-1810) has exceeded the current message display limit of 20.
To increase the message display limit, refer to the product command reference manual.
**WARN: (EMS-27):	Message (IMPMSMV-1810) has exceeded the current message display limit of 20.
To increase the message display limit, refer to the product command reference manual.
**WARN: (IMPMSMV-1810):	Net I_RISC_CORE/FE_OFN25648_RegPort_C_0, driver I_RISC_CORE/FE_OFC5280_RegPort_C_0/Y (cell NBUFFX4_LVT) voltage 0.95 does not match receiver I_RISC_CORE/I_REG_FILE_REG_FILE_C_RAM/I1[0] (cell SRAM2RW128x16) voltage 0.75 for view test_worst_scenario.
Type 'man IMPMSMV-1810' for more detail.
Total number of fetched objects 47892
AAE_INFO: Total number of nets for which stage creation was skipped for all views 0
End delay calculation. (MEM=4125.59 CPU=0:00:30.7 REAL=0:00:04.0)
End delay calculation (fullDC). (MEM=4125.59 CPU=0:00:38.9 REAL=0:00:06.0)

Begin Power Analysis

          0.95V	    VDDH
             0V	    VSS
          0.75V	    VDD

Begin Processing Timing Library for Power Calculation

Ended Processing Timing Library for Power Calculation: (cpu=0:00:00, real=0:00:00, mem(process/total/peak)=4142.49MB/8948.52MB/4832.04MB)



Begin Processing Power Net/Grid for Power Calculation

Ended Processing Power Net/Grid for Power Calculation: (cpu=0:00:00, real=0:00:00, mem(process/total/peak)=4142.55MB/8948.52MB/4832.04MB)

Begin Processing Timing Window Data for Power Calculation

SYS_2x_CLK(416.667MHz) CK: assigning clock SYS_2x_CLK to net sys_2x_clk
v_SDRAM_CLK(243.902MHz) SD_DDR_CLKn(243.902MHz) CK: assigning clock SD_DDR_CLKn to net sd_CKn
SD_DDR_CLK(243.902MHz) CK: assigning clock SD_DDR_CLK to net sd_CK
SDRAM_CLK(243.902MHz) CK: assigning clock SDRAM_CLK to net sdram_clk
SYS_CLK(208.333MHz) CK: assigning clock SYS_CLK to net I_CLOCKING/n23
v_PCI_CLK(133.333MHz) PCI_CLK(133.333MHz) CK: assigning clock PCI_CLK to net pclk
ate_clk(33.3333MHz) CK: assigning clock ate_clk to net ate_clk
** INFO:  (VOLTUS_POWR-2054): Setting default frequency to the dominant frequency 33.3333MHz.

	To force set default frequency/period. Use either of the following command options:
		set_power_analysis_mode        -default_frequency <frequency value>
		set_default_switching_activity -period            <period value>.

Ended Processing Timing Window Data for Power Calculation: (cpu=0:00:01, real=0:00:01, mem(process/total/peak)=4145.41MB/8948.52MB/4832.04MB)

Begin Processing User Attributes

Ended Processing User Attributes: (cpu=0:00:00, real=0:00:00, mem(process/total/peak)=4145.59MB/8948.52MB/4832.04MB)

Begin Processing Signal Activity


Starting Levelizing
2024-May-26 03:23:20 (2024-May-26 10:23:20 GMT)
2024-May-26 03:23:20 (2024-May-26 10:23:20 GMT): 10%
2024-May-26 03:23:20 (2024-May-26 10:23:20 GMT): 20%
2024-May-26 03:23:20 (2024-May-26 10:23:20 GMT): 30%
2024-May-26 03:23:20 (2024-May-26 10:23:20 GMT): 40%
2024-May-26 03:23:20 (2024-May-26 10:23:20 GMT): 50%
2024-May-26 03:23:20 (2024-May-26 10:23:20 GMT): 60%
2024-May-26 03:23:20 (2024-May-26 10:23:20 GMT): 70%
2024-May-26 03:23:20 (2024-May-26 10:23:20 GMT): 80%
2024-May-26 03:23:20 (2024-May-26 10:23:20 GMT): 90%

Finished Levelizing
2024-May-26 03:23:20 (2024-May-26 10:23:20 GMT)

Starting Activity Propagation
2024-May-26 03:23:20 (2024-May-26 10:23:20 GMT)
** INFO:  (VOLTUS_POWR-1356): No default input activity has been set. Defaulting to 0.2.
Use 'set_default_switching_activity -input_activity' command to change the default activity value.

2024-May-26 03:23:21 (2024-May-26 10:23:21 GMT): 10%
2024-May-26 03:23:21 (2024-May-26 10:23:21 GMT): 20%
2024-May-26 03:23:22 (2024-May-26 10:23:22 GMT): 30%

Finished Activity Propagation
2024-May-26 03:23:24 (2024-May-26 10:23:24 GMT)
Ended Processing Signal Activity: (cpu=0:00:04, real=0:00:04, mem(process/total/peak)=4150.93MB/8948.52MB/4832.04MB)

Begin Power Computation

      ----------------------------------------------------------
      # of cell(s) missing both power/leakage table: 0
      # of cell(s) missing power table: 3
      # of cell(s) missing leakage table: 4
      ----------------------------------------------------------
CellName                                  Missing Table(s)
DCAP_HVT                                  internal power, 
SRAM2RW128x16                             leakage power, 
SRAM2RW32x4                               leakage power, 
SRAM2RW64x32                              leakage power, 
SRAM2RW64x8                               leakage power, 
TIEH_HVT                                  internal power, 
TIEL_HVT                                  internal power, 


** WARN:  (VOLTUS_POWR-3401): Leakage Power table for pg_pins VDDH VDDL not present in library of cell LSUPX1_RVT.

** WARN:  (VOLTUS_POWR-3401): Leakage Power table for pg_pins VDDH VDDL not present in library of cell LSUPX8_LVT.


Starting Calculating power
2024-May-26 03:23:24 (2024-May-26 10:23:24 GMT)
2024-May-26 03:23:27 (2024-May-26 10:23:27 GMT): 10%
2024-May-26 03:23:27 (2024-May-26 10:23:27 GMT): 20%
2024-May-26 03:23:28 (2024-May-26 10:23:28 GMT): 30%
2024-May-26 03:23:28 (2024-May-26 10:23:28 GMT): 40%
2024-May-26 03:23:28 (2024-May-26 10:23:28 GMT): 50%
2024-May-26 03:23:28 (2024-May-26 10:23:28 GMT): 60%
2024-May-26 03:23:28 (2024-May-26 10:23:28 GMT): 70%
2024-May-26 03:23:28 (2024-May-26 10:23:28 GMT): 80%
2024-May-26 03:23:29 (2024-May-26 10:23:29 GMT): 90%

Finished Calculating power
2024-May-26 03:23:29 (2024-May-26 10:23:29 GMT)
      # of MSMV cell(s) missing power_level: 0
Ended Power Computation: (cpu=0:00:18, real=0:00:05, mem(process/total/peak)=4186.16MB/9036.56MB/4832.04MB)

Begin Processing User Attributes

Begin Processing set_power
Ended Processing set_power: (cpu=0:00:00, real=0:00:00,
mem(process/total/peak)=4186.16MB/9036.56MB/4832.04MB)
Ended Processing User Attributes: (cpu=0:00:00, real=0:00:00, mem(process/total/peak)=4186.23MB/9036.56MB/4832.04MB)

Ended Power Analysis: (cpu=0:00:24, real=0:00:11, mem(process/total/peak)=4186.23MB/9036.56MB/4832.04MB)

Begin Boundary Leakage Calculation
Ended Boundary Leakage Calculation: (cpu=0:00:00, real=0:00:00,
mem(process/total/peak)=4186.31MB/9036.56MB/4832.04MB)
Begin Static Power Report Generation
*----------------------------------------------------------------------------------------
*	Innovus 23.10-p003_1 (64bit) 02/01/2024 13:54 (Linux 3.10.0-693.el7.x86_64)
*	
*
* 	Date & Time:	2024-May-26 03:23:29 (2024-May-26 10:23:29 GMT)
*
*----------------------------------------------------------------------------------------
*
*	Design: ORCA_TOP
*
*	Liberty Libraries used:
*	        test_worst_scenario: /pkgs/synopsys/2020/32_28nm/SAED32_EDK/lib/stdcell_rvt/db_nldm/saed32rvt_ss0p75vn40c.lib
*	        test_worst_scenario: /pkgs/synopsys/2020/32_28nm/SAED32_EDK/lib/stdcell_rvt/db_nldm/saed32rvt_dlvl_ss0p75vn40c_i0p95v.lib
*	        test_worst_scenario: /pkgs/synopsys/2020/32_28nm/SAED32_EDK/lib/stdcell_rvt/db_nldm/saed32rvt_ulvl_ss0p75vn40c_i0p75v.lib
*	        test_worst_scenario: /pkgs/synopsys/2020/32_28nm/SAED32_EDK/lib/stdcell_rvt/db_nldm/saed32rvt_dlvl_ss0p75vn40c_i0p75v.lib
*	        test_worst_scenario: /pkgs/synopsys/2020/32_28nm/SAED32_EDK/lib/stdcell_rvt/db_nldm/saed32rvt_ss0p95vn40c.lib
*	        test_worst_scenario: /pkgs/synopsys/2020/32_28nm/SAED32_EDK/lib/stdcell_rvt/db_nldm/saed32rvt_ulvl_ss0p95vn40c_i0p75v.lib
*	        test_worst_scenario: /pkgs/synopsys/2020/32_28nm/SAED32_EDK/lib/stdcell_lvt/db_nldm/saed32lvt_ss0p75vn40c.lib
*	        test_worst_scenario: /pkgs/synopsys/2020/32_28nm/SAED32_EDK/lib/stdcell_lvt/db_nldm/saed32lvt_dlvl_ss0p75vn40c_i0p95v.lib
*	        test_worst_scenario: /pkgs/synopsys/2020/32_28nm/SAED32_EDK/lib/stdcell_lvt/db_nldm/saed32lvt_ulvl_ss0p75vn40c_i0p75v.lib
*	        test_worst_scenario: /pkgs/synopsys/2020/32_28nm/SAED32_EDK/lib/stdcell_lvt/db_nldm/saed32lvt_dlvl_ss0p75vn40c_i0p75v.lib
*	        test_worst_scenario: /pkgs/synopsys/2020/32_28nm/SAED32_EDK/lib/stdcell_lvt/db_nldm/saed32lvt_ss0p95vn40c.lib
*	        test_worst_scenario: /pkgs/synopsys/2020/32_28nm/SAED32_EDK/lib/stdcell_lvt/db_nldm/saed32lvt_ulvl_ss0p95vn40c_i0p75v.lib
*	        test_worst_scenario: /pkgs/synopsys/2020/32_28nm/SAED32_EDK/lib/stdcell_hvt/db_nldm/saed32hvt_ss0p75vn40c.lib
*	        test_worst_scenario: /pkgs/synopsys/2020/32_28nm/SAED32_EDK/lib/stdcell_hvt/db_nldm/saed32hvt_dlvl_ss0p75vn40c_i0p95v.lib
*	        test_worst_scenario: /pkgs/synopsys/2020/32_28nm/SAED32_EDK/lib/stdcell_hvt/db_nldm/saed32hvt_ulvl_ss0p75vn40c_i0p75v.lib
*	        test_worst_scenario: /pkgs/synopsys/2020/32_28nm/SAED32_EDK/lib/stdcell_hvt/db_nldm/saed32hvt_dlvl_ss0p75vn40c_i0p75v.lib
*	        test_worst_scenario: /pkgs/synopsys/2020/32_28nm/SAED32_EDK/lib/stdcell_hvt/db_nldm/saed32hvt_ss0p95vn40c.lib
*	        test_worst_scenario: /pkgs/synopsys/2020/32_28nm/SAED32_EDK/lib/stdcell_hvt/db_nldm/saed32hvt_ulvl_ss0p95vn40c_i0p75v.lib
*	        test_worst_scenario: /pkgs/synopsys/2020/32_28nm/SAED32_EDK/lib/sram/db_nldm/saed32sram_ss0p95vn40c.lib
*
*	Parasitic Files used:
*
*       Power View : test_worst_scenario
*
*       User-Defined Activity : N.A.
*
*       Activity File: N.A.
*
*       Hierarchical Global Activity: N.A.
*
*       Global Activity: N.A.
*
*       Sequential Element Activity: 0.200000
*
*       Primary Input Activity: 0.200000
*
*       Default icg ratio: N.A.
*
*       Global Comb ClockGate Ratio: N.A.
*
*	Power Units = 1mW
*
*	Time Units = 1e-09 secs
*
*       report_power
*
-----------------------------------------------------------------------------------------
*



Total Power
-----------------------------------------------------------------------------------------
Total Internal Power:        3.78271662 	   55.7203%
Total Switching Power:       2.25259032 	   33.1812%
Total Leakage Power:         0.75345585 	   11.0986%
Total Power:                 6.78876279
-----------------------------------------------------------------------------------------


Group                           Internal   Switching     Leakage       Total  Percentage 
                                Power      Power         Power         Power  (%)        
-----------------------------------------------------------------------------------------
Sequential                         1.223      0.1964      0.6125       2.032       29.94
Macro                            0.00848     0.01684    0.007038     0.03236      0.4767
IO                                     0           0           0           0           0
Combinational                      2.487       1.906      0.1303       4.524       66.63
Clock (Combinational)            0.05011       0.126    0.002931       0.179       2.637
Clock (Sequential)               0.01337    0.007492   0.0007448      0.0216      0.3182
-----------------------------------------------------------------------------------------
Total                              3.783       2.253      0.7535       6.789         100
-----------------------------------------------------------------------------------------


Rail                  Voltage   Internal   Switching     Leakage       Total  Percentage 
                                Power      Power         Power         Power  (%)        
-----------------------------------------------------------------------------------------
VDDH                     0.95    0.04334      0.1267     0.01375      0.1838       2.708
VDD                      0.75      3.739       2.126      0.7397       6.605       97.29


Clock                           Internal   Switching     Leakage       Total  Percentage 
                                Power      Power         Power         Power  (%)        
-----------------------------------------------------------------------------------------
SYS_CLK                         0.001615    0.001377   5.213e-05    0.003044     0.04483
PCI_CLK                         0.004323    0.009175    0.000258     0.01376      0.2026
SYS_2x_CLK                       0.01704     0.02816   0.0008852     0.04609      0.6789
SDRAM_CLK                        0.03878     0.09228     0.00224      0.1333       1.964
ate_clk                           0.0463      0.1012    0.003214      0.1507        2.22
-----------------------------------------------------------------------------------------
Total                            0.06347      0.1334    0.003676      0.2006       2.955
-----------------------------------------------------------------------------------------
Clock: SYS_CLK
Clock Period: 0.004800 usec 
Clock Toggle Rate:   416.6667 Mhz 
Clock Static Probability:  0.5000
  
Clock: PCI_CLK
Clock Period: 0.007500 usec 
Clock Toggle Rate:   266.6667 Mhz 
Clock Static Probability:  0.5000
  
Clock: SYS_2x_CLK
Clock Period: 0.002400 usec 
Clock Toggle Rate:   833.3333 Mhz 
Clock Static Probability:  0.5000
  
Clock: SDRAM_CLK
Clock Period: 0.004100 usec 
Clock Toggle Rate:   487.8049 Mhz 
Clock Static Probability:  0.5000
  
Clock: ate_clk
Clock Period: 0.030000 usec 
Clock Toggle Rate:    66.6667 Mhz 
Clock Static Probability:  0.5000
  
 
 
-----------------------------------------------------------------------------------------
*	Power Distribution Summary: 
*              Highest Average Power:       CTS_ccl_a_buf_00224 (NBUFFX16_LVT):          0.01429
*              Highest Leakage Power: I_RISC_CORE/I_DATA_PATH_Oprnd_B_reg_2_ (SDFFX2_RVT):          0.00653
*                Total Cap:      1.86418e-10 F
*                Total instances in design: 38813
*                Total instances in design with no power:     0
*                Total instances in design with no activty:     0

*                Total Fillers and Decap:     0
-----------------------------------------------------------------------------------------
 
** INFO:  (VOLTUS_POWR-3465): There are 0 decaps and 404 fillers in the design

Ended Static Power Report Generation: (cpu=0:00:02, real=0:00:01,
mem(process/total/peak)=4200.38MB/9036.56MB/4832.04MB)

