                       OverCon           OverCon            
                        #Gcell            #Gcell     %Gcell
       Layer             (1-2)             (3-4)    OverCon
---------------------------------------------------------------
     M1 ( 1)         0( 0.00%)         0( 0.00%)   ( 0.00%) 
     M2 ( 2)        66( 0.05%)         6( 0.00%)   ( 0.06%) 
     M3 ( 3)      1164( 0.93%)        28( 0.02%)   ( 0.95%) 
     M4 ( 4)        15( 0.01%)         1( 0.00%)   ( 0.01%) 
     M5 ( 5)       277( 0.22%)         3( 0.00%)   ( 0.22%) 
     M6 ( 6)        40( 0.02%)         2( 0.00%)   ( 0.02%) 
     M7 ( 7)       258( 0.13%)        26( 0.01%)   ( 0.14%) 
     M8 ( 8)         1( 0.00%)         0( 0.00%)   ( 0.00%) 
     M9 ( 9)         2( 0.00%)         0( 0.00%)   ( 0.00%) 
   MRDL (10)         0( 0.00%)         0( 0.00%)   ( 0.00%) 
---------------------------------------------------------------
       Total      1823( 0.14%)        66( 0.01%)   ( 0.14%) 
---------------------------------------------------------------
2D Overflow 0.12% H + 0.00% V
[hotspot] +----------------+-------------------+-------------------+-------------------------------------+
[hotspot] |      layer     |    max hotspot    |   total hotspot   |            hotspot bbox             |
[hotspot] +----------------+-------------------+-------------------+-------------------------------------+
[hotspot] |       M1(H)    |              0.00 |              0.00 |   (none)                            |
[hotspot] |       M2(V)    |              0.26 |              0.26 |   949.70    40.13   976.45    66.88 |
[hotspot] |       M3(H)    |              7.21 |             22.16 |   240.77   147.14   267.52   173.89 |
[hotspot] |       M4(V)    |              0.00 |              0.00 |   (none)                            |
[hotspot] |       M5(H)    |              0.26 |              0.52 |   227.39   133.76   254.14   160.51 |
[hotspot] |       M6(V)    |              0.00 |              0.00 |   (none)                            |
[hotspot] |       M7(H)    |              4.59 |             14.03 |   214.02   401.28   240.77   428.03 |
[hotspot] |       M8(V)    |              0.00 |              0.00 |   (none)                            |
[hotspot] |       M9(H)    |              0.00 |              0.00 |   (none)                            |
[hotspot] |     MRDL(V)    |              0.00 |              0.00 |   (none)                            |
[hotspot] +----------------+-------------------+-------------------+-------------------------------------+
[hotspot] |      worst     |     (M3)     7.21 |     (M3)    22.16 |                                     |
[hotspot] +----------------+-------------------+-------------------+-------------------------------------+
[hotspot] |   all layers   |              1.05 |              4.46 |                                     |
[hotspot] +----------------+-------------------+-------------------+-------------------------------------+
Local HotSpot Analysis (blockage included) (3d): normalized congestion max/total hotspot area = 1.05/4.46 (area is in unit of 4 std-cell row bins)
[hotspot] top 5 congestion hotspot bounding boxes and scores of all layers hotspot
[hotspot] +-----+-------------------------------------+---------------+-------------------------------+
[hotspot] | top |            hotspot bbox             | hotspot score |           module              |
[hotspot] +-----+-------------------------------------+---------------+-------------------------------+
[hotspot] |  1  |   214.02   401.28   240.77   428.03 |        1.57   | I_CONTEXT_MEM                 |
[hotspot] +-----+-------------------------------------+---------------+-------------------------------+
[hotspot] |  2  |   240.77   133.76   267.52   160.51 |        1.05   | I_RISC_CORE                   |
[hotspot] +-----+-------------------------------------+---------------+-------------------------------+
[hotspot] |  3  |   254.14   387.90   280.90   414.66 |        0.79   | I_CONTEXT_MEM                 |
[hotspot] +-----+-------------------------------------+---------------+-------------------------------+
[hotspot] |  4  |   321.02   160.51   347.78   187.26 |        0.52   | I_RISC_CORE                   |
[hotspot] +-----+-------------------------------------+---------------+-------------------------------+
[hotspot] |  5  |     0.00   334.40    26.75   361.15 |        0.26   | I_PCI_TOP                     |
[hotspot] +-----+-------------------------------------+---------------+-------------------------------+
