****************************************
Report : constraint
        -all_violators
Design : ORCA_TOP
Version: V-2023.12
Date   : Sat May 18 18:17:08 2024
****************************************

   late_timing
   -----------

Information: Timer using 'SI, Timing Window Analysis, CRPR'. (TIM-050)
Endpoint                         Path Delay     Path Required       CRP    Slack Group    Scenario
----------------------------------------------------------------------------------------------------------
I_RISC_CORE/R_30/D (SDFFASX1_HVT)   2.85 f        2.84           0.05    -0.00   SYS_2x_CLK func_worst
I_SDRAM_TOP/I_SDRAM_IF/mega_shift_0_reg_39__13_/D (SDFFARX1_HVT)   3.78 f   3.70   0.07  -0.08 SDRAM_CLK func_worst
I_SDRAM_TOP/I_SDRAM_IF/mega_shift_0_reg_39__17_/D (SDFFARX1_HVT)   3.82 f   3.76   0.07  -0.06 SDRAM_CLK func_worst
I_SDRAM_TOP/I_SDRAM_IF/mega_shift_0_reg_38__7_/D (SDFFARX1_HVT)   3.82 f   3.78   0.07  -0.04 SDRAM_CLK func_worst
I_SDRAM_TOP/I_SDRAM_IF/mega_shift_0_reg_0__27_/D (SDFFARX1_HVT)   3.79 f   3.75   0.07  -0.03 SDRAM_CLK func_worst
I_SDRAM_TOP/I_SDRAM_IF/mega_shift_0_reg_2__19_/D (SDFFARX1_HVT)   3.82 f   3.79   0.09  -0.03 SDRAM_CLK func_worst
I_SDRAM_TOP/I_SDRAM_IF/mega_shift_0_reg_39__21_/D (SDFFARX1_HVT)   3.57 f   3.55   0.07  -0.02 SDRAM_CLK func_worst
I_SDRAM_TOP/I_SDRAM_IF/mega_shift_0_reg_38__23_/D (SDFFARX1_HVT)   3.80 f   3.78   0.07  -0.02 SDRAM_CLK func_worst
I_SDRAM_TOP/I_SDRAM_IF/mega_shift_0_reg_33__1_/D (SDFFARX1_HVT)   3.78 f   3.77   0.07  -0.02 SDRAM_CLK func_worst
I_SDRAM_TOP/I_SDRAM_IF/mega_shift_0_reg_28__4_/D (SDFFARX1_HVT)   3.77 f   3.76   0.07  -0.01 SDRAM_CLK func_worst
I_SDRAM_TOP/I_SDRAM_IF/mega_shift_0_reg_39__4_/D (SDFFARX1_HVT)   3.82 f   3.81   0.09  -0.01 SDRAM_CLK func_worst
I_SDRAM_TOP/I_SDRAM_IF/mega_shift_0_reg_36__3_/D (SDFFARX1_HVT)   3.79 f   3.78   0.09  -0.01 SDRAM_CLK func_worst
I_SDRAM_TOP/I_SDRAM_IF/mega_shift_0_reg_0__23_/D (SDFFARX1_HVT)   3.77 f   3.76   0.07  -0.01 SDRAM_CLK func_worst
I_SDRAM_TOP/I_SDRAM_IF/mega_shift_0_reg_0__19_/D (SDFFARX1_HVT)   3.76 f   3.75   0.07  -0.01 SDRAM_CLK func_worst
I_SDRAM_TOP/I_SDRAM_IF/mega_shift_1_reg_27__16_/D (SDFFNARX1_HVT)   5.84 f   5.83   0.09  -0.01 SDRAM_CLK func_worst

   early_timing
   -----------

Warning: Scenario func_worst is not configured for hold analysis: skipping. (UIC-058)
Error: None of the specified scenarios are active for hold analysis. (UIC-057)
Information: Timer using 'SI, Timing Window Analysis, CRPR'. (TIM-050)
Endpoint                         Path Delay     Path Required       CRP    Slack Group    Scenario
----------------------------------------------------------------------------------------------------------
No paths.

   Mode: func Corner: Cmax
   Scenario: func_worst
   max_transition                                                              
                             Required        Actual                            
   Net                      Transition     Transition        Slack  Violation  
  ---------------------------------------------------------------------------
   I_SDRAM_TOP/I_SDRAM_IF/n4507     0.15       0.26          -0.11  (VIOLATED) 
     PIN : I_SDRAM_TOP/I_SDRAM_IF/U7163/Y     0.15     0.26    -0.11 (VIOLATED)
     PIN : I_SDRAM_TOP/I_SDRAM_IF/U15555/A3     0.15     0.26    -0.11 (VIOLATED)
     PIN : I_SDRAM_TOP/I_SDRAM_IF/U15552/A3     0.15     0.26    -0.11 (VIOLATED)
     PIN : I_SDRAM_TOP/I_SDRAM_IF/U15560/A3     0.15     0.26    -0.11 (VIOLATED)
     PIN : I_SDRAM_TOP/I_SDRAM_IF/U15565/A3     0.15     0.26    -0.11 (VIOLATED)
     PIN : I_SDRAM_TOP/I_SDRAM_IF/U15557/A3     0.15     0.26    -0.11 (VIOLATED)
     PIN : I_SDRAM_TOP/I_SDRAM_IF/U15554/A3     0.15     0.26    -0.11 (VIOLATED)
     PIN : I_SDRAM_TOP/I_SDRAM_IF/U15561/A3     0.15     0.26    -0.11 (VIOLATED)
     PIN : I_SDRAM_TOP/I_SDRAM_IF/U15564/A3     0.15     0.26    -0.11 (VIOLATED)
     PIN : I_SDRAM_TOP/I_SDRAM_IF/U15556/A3     0.15     0.26    -0.11 (VIOLATED)
     PIN : I_SDRAM_TOP/I_SDRAM_IF/U15562/A3     0.15     0.26    -0.11 (VIOLATED)
     PIN : I_SDRAM_TOP/I_SDRAM_IF/U15558/A3     0.15     0.26    -0.11 (VIOLATED)
     PIN : I_SDRAM_TOP/I_SDRAM_IF/U15553/A3     0.15     0.26    -0.11 (VIOLATED)
     PIN : I_SDRAM_TOP/I_SDRAM_IF/U15551/A3     0.15     0.26    -0.11 (VIOLATED)
     PIN : I_SDRAM_TOP/I_SDRAM_IF/U15563/A3     0.15     0.26    -0.11 (VIOLATED)
     PIN : I_SDRAM_TOP/I_SDRAM_IF/U15559/A3     0.15     0.26    -0.11 (VIOLATED)

   I_SDRAM_TOP/I_SDRAM_IF/CDINET_2     0.15     0.24         -0.09  (VIOLATED) 
     PIN : I_SDRAM_TOP/I_SDRAM_IF/U15560/A1     0.15     0.24    -0.09 (VIOLATED)
     PIN : I_SDRAM_TOP/I_SDRAM_IF/U15556/A1     0.15     0.24    -0.09 (VIOLATED)
     PIN : I_SDRAM_TOP/I_SDRAM_IF/U15550/A1     0.15     0.24    -0.09 (VIOLATED)
     PIN : I_SDRAM_TOP/I_SDRAM_IF/U15552/A1     0.15     0.24    -0.09 (VIOLATED)
     PIN : I_SDRAM_TOP/I_SDRAM_IF/U15554/A1     0.15     0.24    -0.09 (VIOLATED)
     PIN : I_SDRAM_TOP/I_SDRAM_IF/U15558/A1     0.15     0.24    -0.09 (VIOLATED)
     PIN : I_SDRAM_TOP/I_SDRAM_IF/U15577/A1     0.15     0.24    -0.09 (VIOLATED)
     PIN : I_SDRAM_TOP/I_SDRAM_IF/U15579/A1     0.15     0.24    -0.09 (VIOLATED)
     PIN : I_SDRAM_TOP/I_SDRAM_IF/U15575/A1     0.15     0.24    -0.09 (VIOLATED)
     PIN : I_SDRAM_TOP/I_SDRAM_IF/U15573/A1     0.15     0.24    -0.09 (VIOLATED)
     PIN : I_SDRAM_TOP/I_SDRAM_IF/U15571/A1     0.15     0.24    -0.09 (VIOLATED)
     PIN : I_SDRAM_TOP/I_SDRAM_IF/U15569/A1     0.15     0.24    -0.09 (VIOLATED)
     PIN : I_SDRAM_TOP/I_SDRAM_IF/U15567/A1     0.15     0.24    -0.09 (VIOLATED)
     PIN : I_SDRAM_TOP/I_SDRAM_IF/U15563/A1     0.15     0.24    -0.09 (VIOLATED)
     PIN : I_SDRAM_TOP/I_SDRAM_IF/U15559/A1     0.15     0.24    -0.09 (VIOLATED)
     PIN : I_SDRAM_TOP/I_SDRAM_IF/U15565/A1     0.15     0.24    -0.09 (VIOLATED)
     PIN : I_SDRAM_TOP/I_SDRAM_IF/U15561/A1     0.15     0.24    -0.09 (VIOLATED)
     PIN : I_SDRAM_TOP/I_SDRAM_IF/U15557/A1     0.15     0.24    -0.09 (VIOLATED)
     PIN : I_SDRAM_TOP/I_SDRAM_IF/U15555/A1     0.15     0.24    -0.09 (VIOLATED)
     PIN : I_SDRAM_TOP/I_SDRAM_IF/U15551/A1     0.15     0.24    -0.09 (VIOLATED)
     PIN : I_SDRAM_TOP/I_SDRAM_IF/U15553/A1     0.15     0.24    -0.09 (VIOLATED)
     PIN : I_SDRAM_TOP/I_SDRAM_IF/U15576/A1     0.15     0.24    -0.09 (VIOLATED)
     PIN : I_SDRAM_TOP/I_SDRAM_IF/U15572/A1     0.15     0.24    -0.09 (VIOLATED)
     PIN : I_SDRAM_TOP/I_SDRAM_IF/U15568/A1     0.15     0.24    -0.09 (VIOLATED)
     PIN : I_SDRAM_TOP/I_SDRAM_IF/U15562/A1     0.15     0.24    -0.09 (VIOLATED)
     PIN : I_SDRAM_TOP/I_SDRAM_IF/CDIBUF_180_f_3/Y     0.15     0.24    -0.09 (VIOLATED)
     PIN : I_SDRAM_TOP/I_SDRAM_IF/U15564/A1     0.15     0.24    -0.09 (VIOLATED)
     PIN : I_SDRAM_TOP/I_SDRAM_IF/U15580/A1     0.15     0.24    -0.09 (VIOLATED)
     PIN : I_SDRAM_TOP/I_SDRAM_IF/U15570/A1     0.15     0.24    -0.09 (VIOLATED)
     PIN : I_SDRAM_TOP/I_SDRAM_IF/U15578/A1     0.15     0.24    -0.09 (VIOLATED)
     PIN : I_SDRAM_TOP/I_SDRAM_IF/U15574/A1     0.15     0.24    -0.09 (VIOLATED)
     PIN : I_SDRAM_TOP/I_SDRAM_IF/U15549/A1     0.15     0.24    -0.09 (VIOLATED)
     PIN : I_SDRAM_TOP/I_SDRAM_IF/U15566/A1     0.15     0.24    -0.09 (VIOLATED)

   I_SDRAM_TOP/I_SDRAM_IF/n4506     0.15       0.23          -0.08  (VIOLATED) 
     PIN : I_SDRAM_TOP/I_SDRAM_IF/U7164/Y     0.15     0.23    -0.08 (VIOLATED)
     PIN : I_SDRAM_TOP/I_SDRAM_IF/U15578/A3     0.15     0.23    -0.08 (VIOLATED)
     PIN : I_SDRAM_TOP/I_SDRAM_IF/U15568/A3     0.15     0.23    -0.08 (VIOLATED)
     PIN : I_SDRAM_TOP/I_SDRAM_IF/U15580/A3     0.15     0.23    -0.08 (VIOLATED)
     PIN : I_SDRAM_TOP/I_SDRAM_IF/U15574/A3     0.15     0.23    -0.08 (VIOLATED)
     PIN : I_SDRAM_TOP/I_SDRAM_IF/U15570/A3     0.15     0.23    -0.08 (VIOLATED)
     PIN : I_SDRAM_TOP/I_SDRAM_IF/U15577/A3     0.15     0.23    -0.08 (VIOLATED)
     PIN : I_SDRAM_TOP/I_SDRAM_IF/U15573/A3     0.15     0.23    -0.08 (VIOLATED)
     PIN : I_SDRAM_TOP/I_SDRAM_IF/U15569/A3     0.15     0.23    -0.08 (VIOLATED)
     PIN : I_SDRAM_TOP/I_SDRAM_IF/U15579/A3     0.15     0.23    -0.08 (VIOLATED)
     PIN : I_SDRAM_TOP/I_SDRAM_IF/U15575/A3     0.15     0.23    -0.08 (VIOLATED)
     PIN : I_SDRAM_TOP/I_SDRAM_IF/U15567/A3     0.15     0.23    -0.08 (VIOLATED)
     PIN : I_SDRAM_TOP/I_SDRAM_IF/U15571/A3     0.15     0.23    -0.08 (VIOLATED)
     PIN : I_SDRAM_TOP/I_SDRAM_IF/U15566/A3     0.15     0.23    -0.08 (VIOLATED)
     PIN : I_SDRAM_TOP/I_SDRAM_IF/U15572/A3     0.15     0.23    -0.08 (VIOLATED)
     PIN : I_SDRAM_TOP/I_SDRAM_IF/U15576/A3     0.15     0.23    -0.08 (VIOLATED)

   I_SDRAM_TOP/I_SDRAM_IF/DQ_out_1[5]     0.43     0.44      -0.01  (VIOLATED) 
     PIN : I_SDRAM_TOP/I_SDRAM_IF/DQ_out_1_reg_5_/Q     0.43     0.44    -0.01 (VIOLATED)

  ---------------------------------------------------------------------------
   Number of max_transition violation(s): 4

   Mode: func Corner: Cmax
   Scenario: func_worst
   max_capacitance                                                             
                             Required        Actual                            
   Net                      Capacitance    Capacitance       Slack  Violation  
  ---------------------------------------------------------------------------
   sd_DQ_en[0]                 82.00         163.80         -81.80  (VIOLATED) 
     PIN : ZINV_168_f_inst_4981/Y    82.00   163.80         -81.80  (VIOLATED) 

   sd_DQ_en[1]                 82.00         163.60         -81.60  (VIOLATED) 
     PIN : ZINV_69_f_inst_4982/Y    82.00    163.60         -81.60  (VIOLATED) 

   pad_out[16]                 82.00         102.33         -20.33  (VIOLATED) 
     PIN : ZINV_391_f_inst_5317/Y    82.00   102.33         -20.33  (VIOLATED) 

   pad_out[22]                 82.00         102.23         -20.23  (VIOLATED) 
     PIN : ZINV_391_f_inst_5319/Y    82.00   102.23         -20.23  (VIOLATED) 

   pad_out[24]                 82.00         102.23         -20.23  (VIOLATED) 
     PIN : HFSINV_22_f_394/Y    82.00        102.23         -20.23  (VIOLATED) 

   pad_out[13]                 82.00         101.86         -19.86  (VIOLATED) 
     PIN : ZINV_9_f_inst_5014/Y    82.00     101.86         -19.86  (VIOLATED) 

   pad_out[10]                 82.00         101.82         -19.82  (VIOLATED) 
     PIN : ZINV_15_f_inst_4986/Y    82.00    101.82         -19.82  (VIOLATED) 

   pad_out[18]                 82.00         101.73         -19.73  (VIOLATED) 
     PIN : ZINV_389_f_inst_5321/Y    82.00   101.73         -19.73  (VIOLATED) 

   pad_out[19]                 82.00         101.71         -19.71  (VIOLATED) 
     PIN : ZINV_11_f_inst_5002/Y    82.00    101.71         -19.71  (VIOLATED) 

   pad_out[5]                  82.00         101.71         -19.71  (VIOLATED) 
     PIN : ZINV_11_f_inst_4988/Y    82.00    101.71         -19.71  (VIOLATED) 

   pad_out[9]                  82.00         101.63         -19.63  (VIOLATED) 
     PIN : ZINV_9_f_inst_5010/Y    82.00     101.63         -19.63  (VIOLATED) 

   pad_out[2]                  82.00         101.62         -19.62  (VIOLATED) 
     PIN : ZINV_9_f_inst_5350/Y    82.00     101.62         -19.62  (VIOLATED) 

   pad_out[3]                  82.00         101.61         -19.61  (VIOLATED) 
     PIN : ZINV_9_f_inst_5325/Y    82.00     101.61         -19.61  (VIOLATED) 

   pad_out[0]                  82.00         101.61         -19.61  (VIOLATED) 
     PIN : ZINV_9_f_inst_5334/Y    82.00     101.61         -19.61  (VIOLATED) 

   pad_out[25]                 82.00         101.55         -19.55  (VIOLATED) 
     PIN : ZINV_9_f_inst_5360/Y    82.00     101.55         -19.55  (VIOLATED) 

   pad_out[17]                 82.00         101.50         -19.50  (VIOLATED) 
     PIN : ZINV_9_f_inst_5016/Y    82.00     101.50         -19.50  (VIOLATED) 

   pad_out[7]                  82.00         101.46         -19.46  (VIOLATED) 
     PIN : ZINV_9_f_inst_5327/Y    82.00     101.46         -19.46  (VIOLATED) 

   pad_out[6]                  82.00         101.45         -19.45  (VIOLATED) 
     PIN : ZINV_9_f_inst_5338/Y    82.00     101.45         -19.45  (VIOLATED) 

   pad_out[4]                  82.00         101.45         -19.45  (VIOLATED) 
     PIN : ZINV_9_f_inst_5336/Y    82.00     101.45         -19.45  (VIOLATED) 

   pad_out[28]                 82.00         101.43         -19.43  (VIOLATED) 
     PIN : ZINV_9_f_inst_5352/Y    82.00     101.43         -19.43  (VIOLATED) 

   pad_out[29]                 82.00         101.42         -19.42  (VIOLATED) 
     PIN : ZINV_9_f_inst_5332/Y    82.00     101.42         -19.42  (VIOLATED) 

   pad_out[15]                 82.00         101.41         -19.41  (VIOLATED) 
     PIN : ZINV_9_f_inst_5020/Y    82.00     101.41         -19.41  (VIOLATED) 

   pad_out[31]                 82.00         101.38         -19.38  (VIOLATED) 
     PIN : ZINV_9_f_inst_5329/Y    82.00     101.38         -19.38  (VIOLATED) 

   pad_out[20]                 82.00         101.37         -19.37  (VIOLATED) 
     PIN : ZINV_9_f_inst_5006/Y    82.00     101.37         -19.37  (VIOLATED) 

   pad_out[12]                 82.00         101.36         -19.36  (VIOLATED) 
     PIN : ZINV_9_f_inst_5012/Y    82.00     101.36         -19.36  (VIOLATED) 

   pad_out[1]                  82.00         101.34         -19.34  (VIOLATED) 
     PIN : ZBUF_210_f_inst_5331/Y    82.00   101.34         -19.34  (VIOLATED) 

   pad_out[21]                 82.00         101.34         -19.34  (VIOLATED) 
     PIN : ZINV_11_f_inst_5000/Y    82.00    101.34         -19.34  (VIOLATED) 

   pad_out[30]                 82.00         101.31         -19.31  (VIOLATED) 
     PIN : ZINV_9_f_inst_5354/Y    82.00     101.31         -19.31  (VIOLATED) 

   pad_out[8]                  82.00         101.28         -19.28  (VIOLATED) 
     PIN : ZINV_9_f_inst_5008/Y    82.00     101.28         -19.28  (VIOLATED) 

   pad_out[23]                 82.00         101.24         -19.24  (VIOLATED) 
     PIN : ZINV_9_f_inst_5348/Y    82.00     101.24         -19.24  (VIOLATED) 

   pad_out[27]                 82.00         101.22         -19.22  (VIOLATED) 
     PIN : ZINV_9_f_inst_5340/Y    82.00     101.22         -19.22  (VIOLATED) 

   pad_out[14]                 82.00         101.19         -19.19  (VIOLATED) 
     PIN : ZINV_15_f_inst_4984/Y    82.00    101.19         -19.19  (VIOLATED) 

   pad_out[11]                 82.00         101.19         -19.19  (VIOLATED) 
     PIN : ZINV_9_f_inst_5323/Y    82.00     101.19         -19.19  (VIOLATED) 

   pad_out[26]                 82.00         101.17         -19.17  (VIOLATED) 
     PIN : HFSINV_22_f_398/Y    82.00        101.17         -19.17  (VIOLATED) 

   I_SDRAM_TOP/I_SDRAM_IF/n4507    16.00      16.66          -0.66  (VIOLATED) 
     PIN : I_SDRAM_TOP/I_SDRAM_IF/U7163/Y    16.00    16.66    -0.66 (VIOLATED)

   I_SDRAM_TOP/I_SDRAM_IF/DQ_out_1[5]     8.00     8.36      -0.36  (VIOLATED) 
     PIN : I_SDRAM_TOP/I_SDRAM_IF/DQ_out_1_reg_5_/Q     8.00     8.36    -0.36 (VIOLATED)

   I_RISC_CORE/n799            16.00          16.36          -0.36  (VIOLATED) 
     PIN : I_RISC_CORE/I_INSTRN_LAT_Crnt_Instrn_2_reg_25_/Q    16.00    16.36    -0.36 (VIOLATED)

   I_SDRAM_TOP/I_SDRAM_IF/ZCTSNET_863    16.00    16.32      -0.32  (VIOLATED) 
     PIN : I_SDRAM_TOP/I_SDRAM_IF/ZCTSBUF_48841_5554/Y    16.00    16.32    -0.32 (VIOLATED)

   I_SDRAM_TOP/I_SDRAM_IF/n4811    16.00      16.29          -0.29  (VIOLATED) 
     PIN : I_SDRAM_TOP/I_SDRAM_IF/U148/Y    16.00    16.29    -0.29 (VIOLATED) 

   I_RISC_CORE/HFSNET_53        8.00           8.16          -0.16  (VIOLATED) 
     PIN : I_RISC_CORE/HFSINV_549_950/Y     8.00     8.16    -0.16  (VIOLATED) 

   I_RISC_CORE/I_STACK_TOP_I_STACK_FSM_Crnt_Stack_0_     8.00     8.09    -0.09 (VIOLATED)
     PIN : I_RISC_CORE/I_STACK_TOP_I_STACK_FSM_Crnt_Stack_reg_0_/Q     8.00     8.09    -0.09 (VIOLATED)

   I_RISC_CORE/ZINV_78_14       8.00           8.08          -0.08  (VIOLATED) 
     PIN : I_RISC_CORE/ZINV_78_inst_4899/Y     8.00     8.08    -0.08 (VIOLATED)

   I_SDRAM_TOP/sram_fixnet_11    16.00        16.04          -0.04  (VIOLATED) 
     PIN : I_SDRAM_TOP/sram_fixcell_11/Y    16.00    16.04    -0.04 (VIOLATED) 

   I_RISC_CORE/HFSNET_62       64.00          64.03          -0.03  (VIOLATED) 
     PIN : I_RISC_CORE/HFSBUF_536_1010/Y    64.00    64.03    -0.03 (VIOLATED) 

   I_RISC_CORE/HFSNET_87       16.00          16.01          -0.01  (VIOLATED) 
     PIN : I_RISC_CORE/HFSBUF_427_1072/Y    16.00    16.01    -0.01 (VIOLATED) 

  ---------------------------------------------------------------------------
   Number of max_capacitance violation(s): 45



  Mode: func
  Corner: Cmax
  Scenario: func_worst

  ---------------------------------------------------------------------------
   Number of min_pulse_width violation(s): 0
   Total number of violation(s): 49
1
