
Power Net Detected:
        Voltage	    Name
          0.95V	    VDDH
             0V	    VSS
          0.75V	    VDD
Using Power View: test_worst_scenario.
AAE_INFO: opIsDesignInPostRouteState() is 0
#################################################################################
# Design Stage: PreRoute
# Design Name: ORCA_TOP
# Design Mode: 28nm
# Analysis Mode: MMMC OCV 
# Parasitics Mode: No SPEF/RCDB 
# Signoff Settings: SI Off 
#################################################################################
Start delay calculation (fullDC) (8 T). (MEM=4286.77)
**WARN: (IMPMSMV-1810):	Net I_RISC_CORE/FE_OFN25841_n381_1, driver I_RISC_CORE/I_PRGRM_CNT_TOP_I_PRGRM_CNT_PCint_reg_7_/Q (cell SDFFARX1_LVT) voltage 0.75 does not match receiver I_RISC_CORE/FE_OFC7172_n381_1/A (cell NBUFFX2_LVT) voltage 0.95 for view test_worst_scenario.
Type 'man IMPMSMV-1810' for more detail.
**WARN: (IMPMSMV-1810):	Net I_RISC_CORE/FE_OFN25798_RegPort_C_7, driver I_RISC_CORE/FE_OFC7129_RegPort_C_7/Y (cell NBUFFX2_LVT) voltage 0.95 does not match receiver I_RISC_CORE/I_REG_FILE_REG_FILE_A_RAM/I1[7] (cell SRAM2RW128x16) voltage 0.75 for view test_worst_scenario.
Type 'man IMPMSMV-1810' for more detail.
**WARN: (IMPMSMV-1810):	Net I_RISC_CORE/FE_OFN25769_n, driver I_RISC_CORE/FE_OFC6760_n378_1/Y (cell INVX2_LVT) voltage 0.95 does not match receiver I_RISC_CORE/I_REG_FILE_REG_FILE_D_RAM/A2[1] (cell SRAM2RW128x16) voltage 0.75 for view test_worst_scenario.
Type 'man IMPMSMV-1810' for more detail.
**WARN: (IMPMSMV-1810):	Net I_RISC_CORE/FE_OFN25797_n639, driver I_RISC_CORE/FE_OFC7128_n639/Y (cell NBUFFX2_LVT) voltage 0.95 does not match receiver I_RISC_CORE/I_REG_FILE_REG_FILE_A_RAM/I1[10] (cell SRAM2RW128x16) voltage 0.75 for view test_worst_scenario.
Type 'man IMPMSMV-1810' for more detail.
**WARN: (IMPMSMV-1810):	Net I_RISC_CORE/FE_OFN25828_Op_Result_12, driver I_RISC_CORE/FE_OFC7159_Op_Result_12/Y (cell NBUFFX2_LVT) voltage 0.95 does not match receiver I_RISC_CORE/U1599/A4 (cell AO22X2_HVT) voltage 0.75 for view test_worst_scenario.
Type 'man IMPMSMV-1810' for more detail.
**WARN: (IMPMSMV-1810):	Net I_RISC_CORE/FE_OFN25828_Op_Result_12, driver I_RISC_CORE/FE_OFC7159_Op_Result_12/Y (cell NBUFFX2_LVT) voltage 0.95 does not match receiver I_RISC_CORE/R_31/SI (cell SDFFARX1_RVT) voltage 0.75 for view test_worst_scenario.
Type 'man IMPMSMV-1810' for more detail.
**WARN: (IMPMSMV-1810):	Net I_RISC_CORE/FE_OFN25768_n, driver I_RISC_CORE/FE_OFC6758_n376_1/Y (cell INVX2_LVT) voltage 0.95 does not match receiver I_RISC_CORE/I_REG_FILE_REG_FILE_D_RAM/A2[3] (cell SRAM2RW128x16) voltage 0.75 for view test_worst_scenario.
Type 'man IMPMSMV-1810' for more detail.
**WARN: (IMPMSMV-1810):	Net I_RISC_CORE/FE_OFN25822_RegPort_C_13, driver I_RISC_CORE/FE_OFC7153_RegPort_C_13/Y (cell NBUFFX2_LVT) voltage 0.95 does not match receiver I_RISC_CORE/I_REG_FILE_REG_FILE_A_RAM/I1[13] (cell SRAM2RW128x16) voltage 0.75 for view test_worst_scenario.
Type 'man IMPMSMV-1810' for more detail.
**WARN: (IMPMSMV-1810):	Net I_RISC_CORE/FE_RN_1, driver I_RISC_CORE/FE_OFC5284_n714/Y (cell NBUFFX4_LVT) voltage 0.95 does not match receiver I_RISC_CORE/I_REG_FILE_REG_FILE_A_RAM/A2[4] (cell SRAM2RW128x16) voltage 0.75 for view test_worst_scenario.
Type 'man IMPMSMV-1810' for more detail.
**WARN: (IMPMSMV-1810):	Net I_RISC_CORE/FE_OFN25795_n, driver I_RISC_CORE/FE_OFC7126_n396_1/Y (cell NBUFFX2_LVT) voltage 0.95 does not match receiver I_RISC_CORE/U1509/A1 (cell AND2X1_LVT) voltage 0.75 for view test_worst_scenario.
Type 'man IMPMSMV-1810' for more detail.
**WARN: (IMPMSMV-1810):	Net I_RISC_CORE/FE_OFN25665_n1200, driver I_RISC_CORE/FE_OFC5297_n1200/Y (cell NBUFFX4_LVT) voltage 0.95 does not match receiver I_RISC_CORE/U130/A2 (cell OAI22X1_RVT) voltage 0.75 for view test_worst_scenario.
Type 'man IMPMSMV-1810' for more detail.
**WARN: (IMPMSMV-1810):	Net I_RISC_CORE/FE_OFN25665_n1200, driver I_RISC_CORE/FE_OFC5297_n1200/Y (cell NBUFFX4_LVT) voltage 0.95 does not match receiver I_RISC_CORE/U1080/A1 (cell NOR2X1_RVT) voltage 0.75 for view test_worst_scenario.
Type 'man IMPMSMV-1810' for more detail.
**WARN: (IMPMSMV-1810):	Net I_RISC_CORE/FE_OFN25665_n1200, driver I_RISC_CORE/FE_OFC5297_n1200/Y (cell NBUFFX4_LVT) voltage 0.95 does not match receiver I_RISC_CORE/U1636/A (cell INVX4_RVT) voltage 0.75 for view test_worst_scenario.
Type 'man IMPMSMV-1810' for more detail.
**WARN: (EMS-27):	Message (IMPMSMV-1810) has exceeded the current message display limit of 20.
To increase the message display limit, refer to the product command reference manual.
**WARN: (IMPMSMV-1810):	Net I_RISC_CORE/FE_OFN25653_I_DATA_PATH_N55, driver I_RISC_CORE/FE_OFC5285_I_DATA_PATH_N55/Y (cell NBUFFX2_LVT) voltage 0.95 does not match receiver I_RISC_CORE/I_DATA_PATH_Oprnd_B_reg_6_/D (cell SDFFX2_RVT) voltage 0.75 for view test_worst_scenario.
Type 'man IMPMSMV-1810' for more detail.
**WARN: (IMPMSMV-1810):	Net I_RISC_CORE/FE_OFN25651_n1910, driver I_RISC_CORE/FE_OFC5283_n1910/Y (cell NBUFFX4_LVT) voltage 0.95 does not match receiver I_RISC_CORE/I_REG_FILE_REG_FILE_C_RAM/I1[14] (cell SRAM2RW128x16) voltage 0.75 for view test_worst_scenario.
Type 'man IMPMSMV-1810' for more detail.
**WARN: (IMPMSMV-1810):	Net I_RISC_CORE/FE_RN_1, driver I_RISC_CORE/FE_OFC5284_n714/Y (cell NBUFFX4_LVT) voltage 0.95 does not match receiver I_RISC_CORE/I_REG_FILE_REG_FILE_C_RAM/A2[4] (cell SRAM2RW128x16) voltage 0.75 for view test_worst_scenario.
Type 'man IMPMSMV-1810' for more detail.
**WARN: (IMPMSMV-1810):	Net I_RISC_CORE/FE_OFN25649_n639, driver I_RISC_CORE/FE_OFC5281_n639/Y (cell NBUFFX4_LVT) voltage 0.95 does not match receiver I_RISC_CORE/I_REG_FILE_REG_FILE_D_RAM/I1[10] (cell SRAM2RW128x16) voltage 0.75 for view test_worst_scenario.
Type 'man IMPMSMV-1810' for more detail.
**WARN: (IMPMSMV-1810):	Net I_RISC_CORE/FE_OFN25661_n681, driver I_RISC_CORE/FE_OFC5293_n681/Y (cell NBUFFX2_LVT) voltage 0.95 does not match receiver I_RISC_CORE/I_DATA_PATH_Oprnd_B_reg_7_/D (cell SDFFX2_RVT) voltage 0.75 for view test_worst_scenario.
Type 'man IMPMSMV-1810' for more detail.
**WARN: (IMPMSMV-1810):	Net I_RISC_CORE/FE_OFN25655_RegPort_C_13, driver I_RISC_CORE/FE_OFC6486_RegPort_C_13/Y (cell NBUFFX4_LVT) voltage 0.95 does not match receiver I_RISC_CORE/I_REG_FILE_REG_FILE_B_RAM/I1[13] (cell SRAM2RW128x16) voltage 0.75 for view test_worst_scenario.
Type 'man IMPMSMV-1810' for more detail.
**WARN: (IMPMSMV-1810):	Net I_RISC_CORE/FE_OFN25652_n, driver I_RISC_CORE/U1617/Y (cell AO22X2_LVT) voltage 0.75 does not match receiver I_RISC_CORE/FE_OFC5284_n714/A (cell NBUFFX4_LVT) voltage 0.95 for view test_worst_scenario.
Type 'man IMPMSMV-1810' for more detail.
Total number of fetched objects 48326
AAE_INFO: Total number of nets for which stage creation was skipped for all views 0
End delay calculation. (MEM=4309.45 CPU=0:00:26.2 REAL=0:00:03.0)
End delay calculation (fullDC). (MEM=4309.45 CPU=0:00:33.4 REAL=0:00:05.0)

Begin Power Analysis

          0.95V	    VDDH
             0V	    VSS
          0.75V	    VDD

Begin Processing Timing Library for Power Calculation

Ended Processing Timing Library for Power Calculation: (cpu=0:00:00, real=0:00:00, mem(process/total/peak)=4310.40MB/9250.55MB/4545.96MB)



Begin Processing Power Net/Grid for Power Calculation

Ended Processing Power Net/Grid for Power Calculation: (cpu=0:00:00, real=0:00:00, mem(process/total/peak)=4310.44MB/9250.55MB/4545.96MB)

Begin Processing Timing Window Data for Power Calculation

SYS_2x_CLK(416.667MHz) CK: assigning clock SYS_2x_CLK to net sys_2x_clk
v_SDRAM_CLK(243.902MHz) SD_DDR_CLKn(243.902MHz) CK: assigning clock SD_DDR_CLKn to net sd_CKn
SD_DDR_CLK(243.902MHz) CK: assigning clock SD_DDR_CLK to net sd_CK
SDRAM_CLK(243.902MHz) CK: assigning clock SDRAM_CLK to net sdram_clk
SYS_CLK(208.333MHz) CK: assigning clock SYS_CLK to net I_CLOCKING/n23
v_PCI_CLK(133.333MHz) PCI_CLK(133.333MHz) CK: assigning clock PCI_CLK to net pclk
ate_clk(33.3333MHz) CK: assigning clock ate_clk to net ate_clk
** INFO:  (VOLTUS_POWR-2054): Setting default frequency to the dominant frequency 33.3333MHz.

	To force set default frequency/period. Use either of the following command options:
		set_power_analysis_mode        -default_frequency <frequency value>
		set_default_switching_activity -period            <period value>.

Ended Processing Timing Window Data for Power Calculation: (cpu=0:00:01, real=0:00:01, mem(process/total/peak)=4317.80MB/9250.55MB/4545.96MB)

Begin Processing User Attributes

Ended Processing User Attributes: (cpu=0:00:00, real=0:00:00, mem(process/total/peak)=4319.37MB/9250.55MB/4545.96MB)

Begin Processing Signal Activity


Starting Levelizing
2024-Jun-12 19:33:43 (2024-Jun-13 02:33:43 GMT)
2024-Jun-12 19:33:43 (2024-Jun-13 02:33:43 GMT): 10%
2024-Jun-12 19:33:43 (2024-Jun-13 02:33:43 GMT): 20%
2024-Jun-12 19:33:43 (2024-Jun-13 02:33:43 GMT): 30%
2024-Jun-12 19:33:43 (2024-Jun-13 02:33:43 GMT): 40%
2024-Jun-12 19:33:43 (2024-Jun-13 02:33:43 GMT): 50%
2024-Jun-12 19:33:43 (2024-Jun-13 02:33:43 GMT): 60%
2024-Jun-12 19:33:43 (2024-Jun-13 02:33:43 GMT): 70%
2024-Jun-12 19:33:43 (2024-Jun-13 02:33:43 GMT): 80%
2024-Jun-12 19:33:43 (2024-Jun-13 02:33:43 GMT): 90%

Finished Levelizing
2024-Jun-12 19:33:44 (2024-Jun-13 02:33:44 GMT)

Starting Activity Propagation
2024-Jun-12 19:33:44 (2024-Jun-13 02:33:44 GMT)
** INFO:  (VOLTUS_POWR-1356): No default input activity has been set. Defaulting to 0.2.
Use 'set_default_switching_activity -input_activity' command to change the default activity value.

2024-Jun-12 19:33:44 (2024-Jun-13 02:33:44 GMT): 10%
2024-Jun-12 19:33:45 (2024-Jun-13 02:33:45 GMT): 20%
2024-Jun-12 19:33:45 (2024-Jun-13 02:33:45 GMT): 30%

Finished Activity Propagation
2024-Jun-12 19:33:47 (2024-Jun-13 02:33:47 GMT)
Ended Processing Signal Activity: (cpu=0:00:04, real=0:00:04, mem(process/total/peak)=4324.34MB/9250.55MB/4545.96MB)

Begin Power Computation

      ----------------------------------------------------------
      # of cell(s) missing both power/leakage table: 0
      # of cell(s) missing power table: 3
      # of cell(s) missing leakage table: 4
      ----------------------------------------------------------
CellName                                  Missing Table(s)
DCAP_HVT                                  internal power, 
SRAM2RW128x16                             leakage power, 
SRAM2RW32x4                               leakage power, 
SRAM2RW64x32                              leakage power, 
SRAM2RW64x8                               leakage power, 
TIEH_HVT                                  internal power, 
TIEL_HVT                                  internal power, 


** WARN:  (VOLTUS_POWR-3401): Leakage Power table for pg_pins VDDH VDDL not present in library of cell LSUPX8_LVT.

** WARN:  (VOLTUS_POWR-3401): Leakage Power table for pg_pins VDDH VDDL not present in library of cell LSUPX1_RVT.


Starting Calculating power
2024-Jun-12 19:33:47 (2024-Jun-13 02:33:47 GMT)
2024-Jun-12 19:33:50 (2024-Jun-13 02:33:50 GMT): 10%
2024-Jun-12 19:33:50 (2024-Jun-13 02:33:50 GMT): 20%
2024-Jun-12 19:33:51 (2024-Jun-13 02:33:51 GMT): 30%
2024-Jun-12 19:33:51 (2024-Jun-13 02:33:51 GMT): 40%
2024-Jun-12 19:33:51 (2024-Jun-13 02:33:51 GMT): 50%
2024-Jun-12 19:33:51 (2024-Jun-13 02:33:51 GMT): 60%
2024-Jun-12 19:33:51 (2024-Jun-13 02:33:51 GMT): 70%
2024-Jun-12 19:33:51 (2024-Jun-13 02:33:51 GMT): 80%
2024-Jun-12 19:33:51 (2024-Jun-13 02:33:51 GMT): 90%

Finished Calculating power
2024-Jun-12 19:33:51 (2024-Jun-13 02:33:51 GMT)
      # of MSMV cell(s) missing power_level: 0
Ended Power Computation: (cpu=0:00:12, real=0:00:04, mem(process/total/peak)=4360.05MB/9338.59MB/4545.96MB)

Begin Processing User Attributes

Begin Processing set_power
Ended Processing set_power: (cpu=0:00:00, real=0:00:00,
mem(process/total/peak)=4360.05MB/9338.59MB/4545.96MB)
Ended Processing User Attributes: (cpu=0:00:00, real=0:00:00, mem(process/total/peak)=4360.12MB/9338.59MB/4545.96MB)

Ended Power Analysis: (cpu=0:00:18, real=0:00:10, mem(process/total/peak)=4360.12MB/9338.59MB/4545.96MB)

Begin Boundary Leakage Calculation
Ended Boundary Leakage Calculation: (cpu=0:00:00, real=0:00:00,
mem(process/total/peak)=4360.20MB/9338.59MB/4545.96MB)
Begin Static Power Report Generation
*----------------------------------------------------------------------------------------
*	Innovus 23.10-p003_1 (64bit) 02/01/2024 13:54 (Linux 3.10.0-693.el7.x86_64)
*	
*
* 	Date & Time:	2024-Jun-12 19:33:51 (2024-Jun-13 02:33:51 GMT)
*
*----------------------------------------------------------------------------------------
*
*	Design: ORCA_TOP
*
*	Liberty Libraries used:
*	        test_worst_scenario: /pkgs/synopsys/2020/32_28nm/SAED32_EDK/lib/stdcell_rvt/db_nldm/saed32rvt_ss0p75vn40c.lib
*	        test_worst_scenario: /pkgs/synopsys/2020/32_28nm/SAED32_EDK/lib/stdcell_rvt/db_nldm/saed32rvt_dlvl_ss0p75vn40c_i0p95v.lib
*	        test_worst_scenario: /pkgs/synopsys/2020/32_28nm/SAED32_EDK/lib/stdcell_rvt/db_nldm/saed32rvt_ulvl_ss0p75vn40c_i0p75v.lib
*	        test_worst_scenario: /pkgs/synopsys/2020/32_28nm/SAED32_EDK/lib/stdcell_rvt/db_nldm/saed32rvt_dlvl_ss0p75vn40c_i0p75v.lib
*	        test_worst_scenario: /pkgs/synopsys/2020/32_28nm/SAED32_EDK/lib/stdcell_rvt/db_nldm/saed32rvt_ss0p95vn40c.lib
*	        test_worst_scenario: /pkgs/synopsys/2020/32_28nm/SAED32_EDK/lib/stdcell_rvt/db_nldm/saed32rvt_ulvl_ss0p95vn40c_i0p75v.lib
*	        test_worst_scenario: /pkgs/synopsys/2020/32_28nm/SAED32_EDK/lib/stdcell_lvt/db_nldm/saed32lvt_ss0p75vn40c.lib
*	        test_worst_scenario: /pkgs/synopsys/2020/32_28nm/SAED32_EDK/lib/stdcell_lvt/db_nldm/saed32lvt_dlvl_ss0p75vn40c_i0p95v.lib
*	        test_worst_scenario: /pkgs/synopsys/2020/32_28nm/SAED32_EDK/lib/stdcell_lvt/db_nldm/saed32lvt_ulvl_ss0p75vn40c_i0p75v.lib
*	        test_worst_scenario: /pkgs/synopsys/2020/32_28nm/SAED32_EDK/lib/stdcell_lvt/db_nldm/saed32lvt_dlvl_ss0p75vn40c_i0p75v.lib
*	        test_worst_scenario: /pkgs/synopsys/2020/32_28nm/SAED32_EDK/lib/stdcell_lvt/db_nldm/saed32lvt_ss0p95vn40c.lib
*	        test_worst_scenario: /pkgs/synopsys/2020/32_28nm/SAED32_EDK/lib/stdcell_lvt/db_nldm/saed32lvt_ulvl_ss0p95vn40c_i0p75v.lib
*	        test_worst_scenario: /pkgs/synopsys/2020/32_28nm/SAED32_EDK/lib/stdcell_hvt/db_nldm/saed32hvt_ss0p75vn40c.lib
*	        test_worst_scenario: /pkgs/synopsys/2020/32_28nm/SAED32_EDK/lib/stdcell_hvt/db_nldm/saed32hvt_dlvl_ss0p75vn40c_i0p95v.lib
*	        test_worst_scenario: /pkgs/synopsys/2020/32_28nm/SAED32_EDK/lib/stdcell_hvt/db_nldm/saed32hvt_ulvl_ss0p75vn40c_i0p75v.lib
*	        test_worst_scenario: /pkgs/synopsys/2020/32_28nm/SAED32_EDK/lib/stdcell_hvt/db_nldm/saed32hvt_dlvl_ss0p75vn40c_i0p75v.lib
*	        test_worst_scenario: /pkgs/synopsys/2020/32_28nm/SAED32_EDK/lib/stdcell_hvt/db_nldm/saed32hvt_ss0p95vn40c.lib
*	        test_worst_scenario: /pkgs/synopsys/2020/32_28nm/SAED32_EDK/lib/stdcell_hvt/db_nldm/saed32hvt_ulvl_ss0p95vn40c_i0p75v.lib
*	        test_worst_scenario: /pkgs/synopsys/2020/32_28nm/SAED32_EDK/lib/sram/db_nldm/saed32sram_ss0p95vn40c.lib
*
*	Parasitic Files used:
*
*       Power View : test_worst_scenario
*
*       User-Defined Activity : N.A.
*
*       Activity File: N.A.
*
*       Hierarchical Global Activity: N.A.
*
*       Global Activity: N.A.
*
*       Sequential Element Activity: 0.200000
*
*       Primary Input Activity: 0.200000
*
*       Default icg ratio: N.A.
*
*       Global Comb ClockGate Ratio: N.A.
*
*	Power Units = 1mW
*
*	Time Units = 1e-09 secs
*
*       report_power
*
-----------------------------------------------------------------------------------------
*



Total Power
-----------------------------------------------------------------------------------------
Total Internal Power:        3.80086931 	   54.8596%
Total Switching Power:       2.36818718 	   34.1811%
Total Leakage Power:         0.75930335 	   10.9594%
Total Power:                 6.92835983
-----------------------------------------------------------------------------------------


Group                           Internal   Switching     Leakage       Total  Percentage 
                                Power      Power         Power         Power  (%)        
-----------------------------------------------------------------------------------------
Sequential                         1.181      0.1963      0.6122        1.99       28.72
Macro                             0.0085     0.01684    0.007038     0.03238      0.4673
IO                                     0           0           0           0           0
Combinational                      2.502       1.919       0.135       4.556       65.77
Clock (Combinational)            0.09284      0.2289    0.004099      0.3259       4.703
Clock (Sequential)               0.01582    0.006944    0.000995     0.02376      0.3429
-----------------------------------------------------------------------------------------
Total                              3.801       2.368      0.7593       6.928         100
-----------------------------------------------------------------------------------------


Rail                  Voltage   Internal   Switching     Leakage       Total  Percentage 
                                Power      Power         Power         Power  (%)        
-----------------------------------------------------------------------------------------
VDDH                     0.95    0.04345       0.126     0.01388      0.1833       2.646
VDD                      0.75      3.757       2.242      0.7454       6.745       97.35


Clock                           Internal   Switching     Leakage       Total  Percentage 
                                Power      Power         Power         Power  (%)        
-----------------------------------------------------------------------------------------
SYS_CLK                         0.002053    0.002421    8.48e-05    0.004559      0.0658
PCI_CLK                         0.004632      0.0123   0.0003381     0.01727      0.2492
SYS_2x_CLK                       0.01912     0.02531    0.001561     0.04599      0.6638
ate_clk                          0.06992      0.1319    0.004155       0.206       2.973
SDRAM_CLK                        0.08034      0.1925    0.002806      0.2756       3.978
-----------------------------------------------------------------------------------------
Total                             0.1087      0.2359    0.005094      0.3496       5.046
-----------------------------------------------------------------------------------------
Clock: SYS_CLK
Clock Period: 0.004800 usec 
Clock Toggle Rate:   416.6667 Mhz 
Clock Static Probability:  0.5000
  
Clock: PCI_CLK
Clock Period: 0.007500 usec 
Clock Toggle Rate:   266.6667 Mhz 
Clock Static Probability:  0.5000
  
Clock: SYS_2x_CLK
Clock Period: 0.002400 usec 
Clock Toggle Rate:   833.3333 Mhz 
Clock Static Probability:  0.5000
  
Clock: ate_clk
Clock Period: 0.030000 usec 
Clock Toggle Rate:    66.6667 Mhz 
Clock Static Probability:  0.5000
  
Clock: SDRAM_CLK
Clock Period: 0.004100 usec 
Clock Toggle Rate:   487.8049 Mhz 
Clock Static Probability:  0.5000
  
 
 
-----------------------------------------------------------------------------------------
*	Power Distribution Summary: 
*              Highest Average Power:         CTS_cfh_inv_00002 (INVX16_LVT):          0.01288
*              Highest Leakage Power: I_RISC_CORE/I_DATA_PATH_Oprnd_B_reg_2_ (SDFFX2_RVT):          0.00653
*                Total Cap:      1.87862e-10 F
*                Total instances in design: 39241
*                Total instances in design with no power:     0
*                Total instances in design with no activty:     0

*                Total Fillers and Decap:     0
-----------------------------------------------------------------------------------------
 
** INFO:  (VOLTUS_POWR-3465): There are 0 decaps and 404 fillers in the design

Ended Static Power Report Generation: (cpu=0:00:02, real=0:00:01,
mem(process/total/peak)=4369.32MB/9338.59MB/4545.96MB)

