 ------------------------------------------------------------------------------------------------------------------------------------------------------- 
| Snapshot                | WNS                  | TNS                  | Density (%) | Hotspot                   | Resource               | DRVs       |
|                         | HEPG (ns) | ALL (ns) | HEPG (ns) | ALL (ns) |             | Max (bins) | Total (bins) | Real (s) | Memory (MB) | Tran | Cap |
|-------------------------+-----------+----------+-----------+----------+-------------+------------+--------------+----------+-------------+------+-----|
| initial_summary         |           |   -1.095 |           |      -14 |       42.80 |            |              | 0:00:13  |        5014 |   64 |  67 |
| route_type_refinement   |           |          |           |          |             |            |              | 0:00:02  |        5105 |      |     |
| simplify_netlist        |           |          |           |          |             |            |              | 0:00:03  |        5106 |      |     |
| excluded_clk_net_fixing |           |          |           |          |             |            |              | 0:00:00  |        5106 |      |     |
| drv_fixing              |     0.000 |   -0.575 |         0 |       -1 |       42.98 |            |              | 0:00:11  |        5230 |    0 |   5 |
| global_opt              |           |   -0.258 |           |       -0 |       42.98 |            |              | 0:00:06  |        5283 |      |     |
| global_opt_2            |           |   -0.253 |           |       -0 |       42.98 |            |              | 0:00:07  |        5308 |      |     |
| area_reclaiming         |     0.000 |   -0.253 |         0 |       -0 |       42.81 |            |              | 0:00:33  |        5321 |      |     |
| drv_fixing_2            |     0.000 |   -0.253 |         0 |       -0 |       42.72 |            |              | 0:00:13  |        5324 |    0 |   0 |
| wns_fixing              |    -0.251 |   -0.267 |        -0 |       -0 |       42.83 |            |              | 0:00:31  |        5954 |      |     |
| tns_fixing              |    -0.251 |   -0.267 |        -0 |       -0 |       42.83 |            |              | 0:00:04  |        5816 |      |     |
| area_reclaiming_2       |    -0.251 |   -0.251 |        -0 |       -0 |       42.12 |            |              | 0:00:40  |        5509 |      |     |
| area_reclaiming_3       |    -0.251 |   -0.251 |        -0 |       -0 |       42.11 |            |              | 0:00:12  |        5455 |      |     |
| local_wire_reclaim      |           |          |           |          |             |            |              | 0:01:04  |        5462 |      |     |
| global_route            |           |          |           |          |             |       0.26 |         0.26 | 0:00:08  |        5224 |      |     |
| route_type_refinement_2 |           |          |           |          |             |            |              | 0:00:00  |        5224 |      |     |
| drv_eco_fixing          |    -0.254 |   -0.254 |        -0 |       -0 |       42.16 |            |              | 0:00:06  |        5391 |    0 |   6 |
| tns_eco_fixing          |    -0.254 |   -0.254 |        -0 |       -0 |       42.16 |            |              | 0:00:04  |        5886 |      |     |
| tns_eco_fixing_2        |    -0.254 |   -0.254 |        -0 |       -0 |       42.16 |            |              | 0:00:04  |        5796 |      |     |
| final_summary           |    -0.254 |   -0.254 |           |       -0 |       42.05 |       0.52 |         1.05 | 0:00:15  |        5322 |    0 |   0 |
 ------------------------------------------------------------------------------------------------------------------------------------------------------- 
