-------------------------------------------------------------------------------
Name     : Shielded net name
Length   : Shielded net length
Shield   : Total length of shielding wire
Ratio    : Average shielding ratio
-------------------------------------------------------------------------------
Name          Length    Shield    Ratio   
                                         Layer:      Length     Shield  Ratio
-------------------------------------------------------------------------------
CTS_25:   preferred: M5 - M6
                12.2       2.4    0.097
                                             M2:        0.3        0.6  1.000
                                             M3:       11.9        1.8  0.074
CTS_26:   preferred: M5 - M6
                73.4      53.4    0.364
                                             M2:        0.9        1.5  0.833
                                             M3:        0.2        0.3  1.000
                                             M4:        1.2        1.2  0.500
                                             M5:       68.1       44.9  0.330
                                             M6:        3.0        5.5  0.909
I_CLOCKING/occ_int1/n4:   preferred: M5 - M6
                 6.5       6.9    0.527
                                             M2:        0.3        0.3  0.500
                                             M3:        1.1        1.1  0.500
                                             M4:        5.2        5.5  0.535
CTS_16:   preferred: M5 - M6
                48.3      54.9    0.568
                                             M2:        0.8        1.5  1.000
                                             M3:        9.3       17.4  0.940
                                             M4:        3.0        5.8  0.959
                                             M5:       35.3       30.1  0.427
CTS_20:   preferred: M5 - M6
                 4.9       5.8    0.594
                                             M2:        2.6        5.2  1.000
                                             M3:        2.3        0.6  0.133
CTS_66:   preferred: M5 - M6
                12.5      15.0    0.602
                                             M2:        0.3        0.6  1.000
                                             M3:        0.3        0.5  0.750
                                             M4:        1.8        3.6  1.000
                                             M5:       10.0       10.3  0.514
CTS_64:   preferred: M5 - M6
                68.4      83.3    0.609
                                             M2:        0.2        0.0  0.000
                                             M3:        0.5        0.9  1.000
                                             M5:       59.3       65.6  0.553
                                             M6:        8.5       16.8  0.988
CTS_65:   preferred: M5 - M6
                13.1      16.7    0.638
                                             M2:        0.3        0.6  1.000
                                             M3:        1.5        1.2  0.400
                                             M4:       11.2       14.9  0.661
I_RISC_CORE/CTS_7:   preferred: M5 - M6
                33.4      42.7    0.639
                                             M2:        8.5       16.0  0.942
                                             M3:       18.8       20.6  0.546
                                             M4:        6.1        6.1  0.500
CTS_9:   preferred: M5 - M6
                10.5      13.5    0.644
                                             M2:        4.9        8.6  0.881
                                             M3:        5.6        4.9  0.440
occ_int2/CTS_1:   preferred: M5 - M6
                 6.7       9.0    0.670
                                             M2:        0.3        0.0  0.000
                                             M3:        2.7        5.3  0.972
                                             M4:        3.6        3.6  0.500
I_CLOCKING/CTS_3:   preferred: M5 - M6
                18.8      26.1    0.694
                                             M2:        7.3       14.6  1.000
                                             M3:       11.6       11.6  0.500
CTS_55:   preferred: M5 - M6
                13.1      19.0    0.728
                                             M2:        1.4        2.7  1.000
                                             M3:       11.7       16.3  0.696
CTS_10:   preferred: M5 - M6
                26.4      39.2    0.741
                                             M2:        0.2        0.3  1.000
                                             M3:       10.5       21.0  1.000
                                             M4:        2.1        4.3  1.000
                                             M5:       13.7       13.7  0.500
occ_int2/CTS_5:   preferred: M5 - M8
                60.0      90.4    0.753
                                             M2:        0.6        0.3  0.250
                                             M3:        0.2        0.2  0.500
                                             M4:        0.6        1.2  1.000
                                             M5:        0.9        1.8  1.000
                                             M6:        2.4        3.0  0.625
                                             M7:       27.4       28.0  0.511
                                             M8:       28.0       55.9  1.000
I_SDRAM_TOP/I_SDRAM_IF/CTS_119:   preferred: M5 - M6
                67.5     107.9    0.800
                                             M2:       21.0       39.4  0.939
                                             M3:       25.8       39.7  0.767
                                             M4:       13.7       27.4  1.000
                                             M5:        7.0        1.5  0.109
snps_clk_chain_1/CTS_1:   preferred: M5 - M6
                92.0     147.5    0.802
                                             M2:        0.5        0.9  1.000
                                             M3:        3.6        7.3  1.000
                                             M4:       52.9      102.8  0.972
                                             M5:        1.5        3.0  1.000
                                             M6:       33.4       33.4  0.500
sys_2x_clk:   preferred: M5 - M6
               103.5     166.4    0.804
                                             M2:        0.3        0.3  0.500
                                             M3:        0.3        0.5  0.750
                                             M4:        3.3        6.3  0.948
                                             M5:       45.3       78.8  0.869
                                             M6:       54.3       80.5  0.742
I_SDRAM_TOP/I_SDRAM_IF/CTS_113:   preferred: M5 - M9
               168.6     272.4    0.808
                                             M2:       28.1       53.7  0.954
                                             M3:       41.6       55.1  0.662
                                             M4:       34.0       54.8  0.805
                                             M5:       21.6       22.5  0.521
                                             M6:        0.6        1.2  1.000
                                             M7:        1.2        2.4  1.000
                                             M9:       41.3       82.7  1.000
CTS_8:   preferred: M5 - M6
                15.0      24.6    0.816
                                             M2:        0.8        1.2  0.800
                                             M3:        4.6        7.6  0.833
                                             M4:        9.7       15.8  0.810
occ_int2/slow_clk_2_clkgt/CTS_1:   preferred: M5 - M6
                 4.1       6.8    0.830
                                             M2:        0.2        0.3  1.000
                                             M3:        1.2        2.0  0.812
                                             M4:        2.7        4.5  0.828
CTS_11:   preferred: M5 - M6
                13.1      21.8    0.832
                                             M2:        0.2        0.3  1.000
                                             M3:       10.2       17.5  0.861
                                             M4:        2.7        3.9  0.717
CTS_1:   preferred: M5 - M6
                14.4      24.2    0.837
                                             M2:        1.1        2.1  1.000
                                             M3:        0.3        0.5  0.796
                                             M4:        2.7        5.5  0.997
                                             M5:       10.3       16.1  0.779
CTS_14:   preferred: M5 - M6
                57.8      97.3    0.842
                                             M2:        1.1        2.1  1.000
                                             M3:        6.5       13.1  1.000
                                             M4:        0.6        0.6  0.500
                                             M5:       30.7       61.4  1.000
                                             M6:       18.8       20.0  0.532
I_SDRAM_TOP/I_SDRAM_IF/CTS_54:   preferred: M5 - M6
                24.3      41.3    0.849
                                             M2:       13.2       25.2  0.954
                                             M3:       11.1       16.1  0.725
occ_int2/U_clk_control_i_0/CTS_1:   preferred: M5 - M6
                 5.2       8.9    0.865
                                             M2:        0.8        1.5  1.000
                                             M3:        4.4        7.4  0.841
occ_int2/U_clk_control_i_1/CTS_1:   preferred: M5 - M6
                 5.3       9.4    0.886
                                             M2:        4.1        8.2  1.000
                                             M3:        1.2        1.2  0.500
CTS_59:   preferred: M5 - M6
               185.0     331.1    0.895
                                             M2:        0.9        1.2  0.667
                                             M3:        0.5        0.9  1.000
                                             M4:        0.6        1.2  1.000
                                             M5:       31.0       61.1  0.985
                                             M6:      152.0      266.7  0.877
occ_int2/U_clk_control_i_1/CTS_15:   preferred: M5 - M7
               182.6     328.9    0.901
                                             M2:        0.8        1.2  0.800
                                             M5:      104.0      204.3  0.982
                                             M6:        3.6        7.3  1.000
                                             M7:       74.2      116.2  0.783
CTS_12:   preferred: M5 - M6
                23.3      42.0    0.902
                                             M2:        0.2        0.0  0.000
                                             M3:        8.5       17.0  1.000
                                             M4:       10.3       20.4  0.985
                                             M5:        4.3        4.6  0.536
I_SDRAM_TOP/I_SDRAM_IF/CTS_39:   preferred: M5 - M6
                 5.3       9.6    0.905
                                             M2:        5.3        9.6  0.905
CTS_21:   preferred: M5 - M6
                14.7      26.8    0.910
                                             M2:        0.2        0.0  0.000
                                             M4:       11.2       22.5  1.000
                                             M5:        3.3        4.3  0.649
CTS_15:   preferred: M5 - M7
                60.8     111.2    0.915
                                             M2:        1.4        2.6  0.944
                                             M3:        0.2        0.2  0.500
                                             M5:       24.0       46.5  0.968
                                             M6:        8.5       12.9  0.760
                                             M7:       26.8       49.0  0.917
CTS_19:   preferred: M5 - M6
                21.1      38.7    0.916
                                             M2:        1.1        2.1  1.000
                                             M3:       16.4       29.3  0.891
                                             M4:        3.6        7.3  1.000
CTS_67:   preferred: M5 - M6
                 7.4      13.7    0.918
                                             M2:        1.8        3.6  1.000
                                             M3:        5.6       10.0  0.892
I_CLOCKING/n23:   preferred: M5 - M6
                 7.6      14.0    0.920
                                             M2:        0.9        1.8  1.000
                                             M3:        3.0        4.9  0.800
                                             M4:        3.6        7.3  1.000
snps_clk_chain_1/CTS_4:   preferred: M5 - M6
               140.4     260.8    0.928
                                             M2:        0.5        0.9  1.000
                                             M3:        0.2        0.3  1.000
                                             M4:       13.1       26.1  1.000
                                             M5:       64.1      125.3  0.977
                                             M6:       62.6      108.1  0.863
occ_int2/n9:   preferred: M5 - M7
               102.9     192.5    0.935
                                             M2:        0.3        0.3  0.483
                                             M3:        0.2        0.3  1.000
                                             M4:        0.3        0.6  1.000
                                             M5:       51.1      101.3  0.992
                                             M6:       12.8       13.4  0.524
                                             M7:       38.3       76.6  1.000
occ_int2/slow_clk_0_clkgt/CTS_1:   preferred: M5 - M6
                11.1      20.8    0.936
                                             M2:        0.5        0.9  1.000
                                             M3:        1.2        2.4  1.000
                                             M4:        9.4       17.4  0.925
CTS_22:   preferred: M5 - M6
                10.3      19.4    0.940
                                             M2:        0.2        0.3  1.000
                                             M3:        5.6       11.2  1.000
                                             M4:        4.6        7.9  0.864
I_RISC_CORE/CTS_4:   preferred: M5 - M6
                51.4      97.2    0.946
                                             M2:        4.6        8.7  0.950
                                             M3:        9.7       15.7  0.805
                                             M4:       10.0       19.7  0.984
                                             M5:       17.3       33.7  0.973
                                             M6:        9.7       19.5  1.000
I_CLOCKING/occ_int1/CTS_2:   preferred: M5 - M6
                11.4      21.6    0.947
                                             M2:        3.0        6.1  1.000
                                             M3:        8.4       15.5  0.927
CTS_58:   preferred: M5 - M6
                16.9      32.0    0.948
                                             M2:        0.5        0.9  1.000
                                             M3:        0.3        0.6  1.000
                                             M4:        0.3        0.6  1.000
                                             M5:       15.8       29.8  0.944
occ_int2/CTS_3:   preferred: M5 - M7
                15.5      29.5    0.953
                                             M2:        0.3        0.0  0.000
                                             M4:        0.3        0.4  0.590
                                             M5:        0.3        0.6  1.000
                                             M6:        1.2        1.8  0.750
                                             M7:       13.4       26.8  1.000
CTS_29:   preferred: M5 - M9
               215.5     412.2    0.956
                                             M2:        1.7        2.3  0.682
                                             M3:        3.8        7.1  0.940
                                             M4:        6.4       10.3  0.810
                                             M5:       16.4       26.8  0.815
                                             M6:       85.1      170.2  1.000
                                             M7:       76.6      144.4  0.943
                                             M8:        1.2        2.4  1.000
                                             M9:       24.3       48.6  1.000
I_SDRAM_TOP/I_SDRAM_IF/CTS_116:   preferred: M5 - M6
                 7.8      14.9    0.961
                                             M2:        0.8        0.9  0.600
                                             M3:        0.9        1.8  1.000
                                             M4:        6.1       12.2  1.000
CTS_7:   preferred: M5 - M8
               155.5     299.1    0.962
                                             M2:        0.2        0.3  1.000
                                             M3:        0.9        1.8  1.000
                                             M4:        5.8       11.6  1.000
                                             M5:       22.2       32.5  0.733
                                             M6:       69.9      139.8  1.000
                                             M7:       42.0       83.9  1.000
                                             M8:       14.6       29.2  1.000
ate_clk:   preferred: M5 - M6
                72.8     140.6    0.965
                                             M2:        0.3        0.5  0.750
                                             M3:        0.3        0.6  1.000
                                             M4:       15.2       29.2  0.959
                                             M5:       52.0      100.3  0.965
                                             M6:        5.0       10.0  1.000
I_SDRAM_TOP/I_SDRAM_IF/CTS_23:   preferred: M5 - M6
                 3.6       7.0    0.966
                                             M2:        3.6        7.0  0.966
CTS_62:   preferred: M5 - M6
               127.7     247.6    0.970
                                             M2:        0.6        0.6  0.500
                                             M3:        0.3        0.3  0.500
                                             M5:       56.8      106.8  0.940
                                             M6:       69.9      139.8  1.000
CTS_30:   preferred: M5 - M6
               105.5     204.5    0.970
                                             M2:        0.6        0.8  0.735
                                             M3:        0.6        1.2  1.000
                                             M4:        0.3        0.3  0.546
                                             M5:       40.7       75.7  0.929
                                             M6:       63.2      126.5  1.000
occ_int2/U_clk_control_i_0/CTS_7:   preferred: M5 - M7
               181.9     354.2    0.973
                                             M2:        0.8        1.2  0.800
                                             M3:        0.9        0.9  0.500
                                             M4:        0.3        0.6  1.000
                                             M5:      102.8      204.9  0.997
                                             M6:       35.9       63.8  0.890
                                             M7:       41.3       82.7  1.000
I_SDRAM_TOP/I_SDRAM_IF/CTS_55:   preferred: M5 - M6
               171.3     333.7    0.974
                                             M2:        0.9        1.6  0.864
                                             M3:        8.4       11.1  0.664
                                             M4:        0.3        0.6  1.000
                                             M5:      161.7      320.4  0.991
I_SDRAM_TOP/I_SDRAM_IF/CTS_83:   preferred: M5 - M6
               234.8     458.3    0.976
                                             M2:        5.0        8.5  0.848
                                             M3:       17.3       31.5  0.908
                                             M4:        9.1       16.9  0.928
                                             M5:      124.3      243.3  0.978
                                             M6:       79.0      158.1  1.000
I_SDRAM_TOP/I_SDRAM_IF/CTS_109:   preferred: M5 - M7
               378.2     738.1    0.976
                                             M2:        3.8        4.4  0.580
                                             M3:        5.6        8.7  0.770
                                             M4:       22.5       39.3  0.874
                                             M5:      162.0      317.2  0.979
                                             M6:      178.1      356.3  1.000
                                             M7:        6.1       12.2  1.000
occ_int2/U_clk_control_i_1/CTS_13:   preferred: M5 - M6
               142.3     278.3    0.978
                                             M2:        0.8        1.5  1.000
                                             M3:        0.2        0.3  1.000
                                             M4:       12.5       24.9  1.000
                                             M5:        1.8        3.6  1.000
                                             M6:      127.1      247.9  0.976
I_SDRAM_TOP/I_SDRAM_IF/CTS_65:   preferred: M5 - M6
               327.1     640.5    0.979
                                             M2:        2.0        3.3  0.846
                                             M3:       10.8       20.2  0.937
                                             M4:       13.1       22.5  0.860
                                             M5:      232.0      463.3  0.999
                                             M6:       69.3      131.1  0.946
occ_int2/CTS_4:   preferred: M5 - M6
                21.9      42.9    0.979
                                             M2:        0.6        0.9  0.750
                                             M3:        0.9        1.2  0.667
                                             M4:        3.6        7.3  1.000
                                             M5:       16.7       33.4  1.000
CTS_44:   preferred: M5 - M6
                80.1     156.9    0.979
                                             M2:        0.2        0.3  1.000
                                             M3:        0.3        0.6  1.000
                                             M5:        0.6        0.6  0.500
                                             M6:       79.0      155.4  0.983
pclk:   preferred: M5 - M7
               317.5     622.4    0.980
                                             M2:        0.3        0.3  0.500
                                             M3:        0.5        0.9  1.000
                                             M4:       26.4       51.3  0.971
                                             M5:       42.0       83.7  0.997
                                             M6:      200.3      399.5  0.997
                                             M7:       48.0       86.7  0.902
I_SDRAM_TOP/I_SDRAM_IF/CTS_85:   preferred: M5 - M6
                 9.4      18.5    0.980
                                             M2:        3.6        6.9  0.949
                                             M3:        5.8       11.6  1.000
CTS_48:   preferred: M5 - M7
               461.6     905.7    0.981
                                             M2:        0.2        0.3  1.000
                                             M3:        1.2        1.4  0.562
                                             M4:       13.7       27.1  0.989
                                             M5:        0.9        0.9  0.500
                                             M6:       74.2      147.2  0.992
                                             M7:      371.5      728.9  0.981
snps_clk_chain_1/CTS_3:   preferred: M5 - M6
               168.6     331.0    0.982
                                             M2:        0.8        1.2  0.800
                                             M3:        0.6        1.2  1.000
                                             M4:       48.0       91.6  0.954
                                             M5:       69.3      138.0  0.996
                                             M6:       49.9       98.9  0.992
CTS_24:   preferred: M5 - M6
                12.6      24.8    0.983
                                             M2:        0.6        1.2  1.000
                                             M3:        0.5        0.5  0.531
                                             M4:        3.0        6.1  1.000
                                             M5:        8.5       17.0  1.000
I_SDRAM_TOP/CTS_1:   preferred: M5 - M6
                59.7     117.6    0.984
                                             M2:        0.6        0.6  0.500
                                             M3:        0.5        0.8  0.833
                                             M5:        5.2       10.3  1.000
                                             M6:       53.5      105.9  0.989
occ_int2/U_clk_control_i_2/CTS_3:   preferred: M5 - M7
               123.9     243.8    0.984
                                             M2:        0.8        1.2  0.800
                                             M3:        0.6        1.2  1.000
                                             M5:        0.3        0.6  1.000
                                             M6:       86.3      171.5  0.993
                                             M7:       35.9       69.3  0.966
I_CLOCKING/CTS_1:   preferred: M5 - M6
               109.4     215.6    0.985
                                             M2:        0.5        0.6  0.667
                                             M3:        0.2        0.3  1.000
                                             M4:        0.3        0.6  1.000
                                             M5:       12.5       24.6  0.988
                                             M6:       96.1      189.5  0.986
occ_int2/U_clk_control_i_0/CTS_5:   preferred: M5 - M7
                50.9     100.3    0.985
                                             M2:        0.5        0.6  0.667
                                             M5:        0.6        1.2  1.000
                                             M6:        7.3       14.6  1.000
                                             M7:       42.6       83.9  0.986
occ_int2/CTS_6:   preferred: M5 - M6
                68.9     135.8    0.986
                                             M2:        0.9        1.4  0.765
                                             M3:        0.2        0.3  1.000
                                             M5:       67.8      134.1  0.989
I_RISC_CORE/n_1:   preferred: M5 - M6
               305.7     602.9    0.986
                                             M2:        1.7        2.2  0.661
                                             M3:        1.5        3.0  1.000
                                             M4:        7.9        9.7  0.614
                                             M5:      283.6      566.0  0.998
                                             M6:       10.9       21.9  1.000
I_SDRAM_TOP/I_SDRAM_IF/CTS_111:   preferred: M5 - M6
                22.8      45.0    0.987
                                             M2:        0.5        0.3  0.333
                                             M3:        0.2        0.3  1.000
                                             M4:        3.0        6.1  1.000
                                             M5:       19.2       38.3  1.000
CTS_32:   preferred: M5 - M8
               179.5     354.5    0.988
                                             M2:        3.3        6.3  0.948
                                             M3:        3.2        4.6  0.714
                                             M4:        0.3        0.6  1.000
                                             M5:       15.2       30.4  1.000
                                             M6:      119.8      237.2  0.990
                                             M8:       37.7       75.4  1.000
CTS_63:   preferred: M5 - M7
               213.4     422.0    0.989
                                             M2:        0.9        1.8  1.000
                                             M3:        1.2        2.4  1.000
                                             M5:       25.2       45.7  0.905
                                             M6:      173.3      346.6  1.000
                                             M7:       12.8       25.5  1.000
occ_int2/U_clk_control_i_1/CTS_4:   preferred: M5 - M6
               107.5     212.6    0.989
                                             M2:        0.8        1.2  0.800
                                             M3:        0.6        1.2  1.000
                                             M4:       86.0      171.7  0.998
                                             M5:       20.1       38.4  0.957
occ_int2/n7:   preferred: M5 - M8
                37.2      73.7    0.990
                                             M2:        0.3        0.3  0.500
                                             M3:        0.2        0.2  0.500
                                             M5:        0.3        0.3  0.500
                                             M7:       28.0       55.9  1.000
                                             M8:        8.5       17.0  1.000
occ_int2/U_clk_control_i_0/CTS_4:   preferred: M5 - M6
               101.7     201.3    0.990
                                             M2:        0.5        0.9  1.000
                                             M3:        0.3        0.6  1.000
                                             M5:       62.0      123.1  0.993
                                             M6:       38.9       76.7  0.985
I_SDRAM_TOP/I_SDRAM_IF/CTS_20:   preferred: M5 - M6
               468.5     927.8    0.990
                                             M2:        3.8        3.0  0.400
                                             M3:        1.4        1.8  0.667
                                             M4:       29.8       56.0  0.939
                                             M5:      294.3      588.5  1.000
                                             M6:      139.2      278.5  1.000
I_SDRAM_TOP/I_SDRAM_IF/CTS_53:   preferred: M5 - M6
               224.4     444.4    0.990
                                             M2:        2.1        2.7  0.643
                                             M3:        1.5        2.1  0.700
                                             M4:       27.1       52.2  0.965
                                             M5:       87.2      174.5  1.000
                                             M6:      106.4      212.8  1.000
CTS_52:   preferred: M5 - M6
               339.3     672.2    0.991
                                             M2:        0.3        0.0  0.000
                                             M4:        0.3        0.6  1.000
                                             M5:      322.2      638.7  0.991
                                             M6:       16.4       32.8  1.000
CTS_17:   preferred: M5 - M7
                50.5     100.0    0.991
                                             M2:        1.1        2.1  1.000
                                             M3:        0.5        0.3  0.333
                                             M4:        0.9        1.5  0.833
                                             M6:        8.5       17.0  1.000
                                             M7:       39.5       79.0  1.000
occ_int2/U_clk_control_i_1/CTS_11:   preferred: M5 - M6
               136.3     270.4    0.992
                                             M2:        0.5        0.9  1.000
                                             M3:        0.3        0.5  0.750
                                             M4:        0.3        0.6  1.000
                                             M5:       52.6      103.1  0.980
                                             M6:       82.7      165.4  1.000
occ_int2/U_clk_control_i_1/CTS_5:   preferred: M5 - M6
               116.7     231.6    0.992
                                             M2:        0.5        0.9  1.000
                                             M3:        0.2        0.3  1.000
                                             M5:       53.5      107.0  1.000
                                             M6:       62.6      123.4  0.985
I_RISC_CORE/CTS_3:   preferred: M5 - M6
                19.3      38.3    0.992
                                             M2:        0.9        1.5  0.833
                                             M3:        4.7        9.4  1.000
                                             M4:        5.5       10.9  1.000
                                             M5:        8.2       16.4  1.000
occ_int2/U_clk_control_i_2/CTS_1:   preferred: M5 - M7
               159.8     317.0    0.992
                                             M2:        0.2        0.3  1.000
                                             M3:        0.3        0.6  1.000
                                             M6:      130.1      260.2  1.000
                                             M7:       29.2       55.9  0.958
CTS_28:   preferred: M5 - M6
               121.4     241.0    0.992
                                             M2:        0.7        0.8  0.581
                                             M3:        0.6        1.2  1.000
                                             M4:        1.2        1.8  0.731
                                             M5:       98.8      197.0  0.997
                                             M6:       20.1       40.1  1.000
I_SDRAM_TOP/I_SDRAM_IF/clk_gate_mega_shift_1_reg_0_/CTS_2:   preferred: M5 - M6
               354.5     703.6    0.993
                                             M2:        0.5        0.6  0.667
                                             M3:        0.2        0.3  1.000
                                             M4:        0.9        1.8  1.000
                                             M5:      310.4      620.8  1.000
                                             M6:       42.6       80.1  0.941
CTS_60:   preferred: M5 - M7
               258.6     513.3    0.993
                                             M2:        0.8        1.2  0.800
                                             M3:        0.3        0.5  0.796
                                             M5:       19.8       38.0  0.961
                                             M6:      228.0      454.1  0.996
                                             M7:        9.7       19.5  1.000
occ_int2/U_clk_control_i_1/CTS_6:   preferred: M5 - M6
               128.0     254.1    0.993
                                             M2:        0.8        1.5  1.000
                                             M3:        0.2        0.3  1.000
                                             M4:       31.0       62.0  1.000
                                             M5:       31.0       62.0  1.000
                                             M6:       65.1      128.3  0.986
occ_int2/U_clk_control_i_1/CTS_12:   preferred: M5 - M8
               115.4     229.2    0.993
                                             M2:        0.8        1.2  0.800
                                             M3:        0.3        0.6  1.000
                                             M5:       23.1       45.0  0.973
                                             M6:       64.4      128.9  1.000
                                             M7:        3.6        7.3  1.000
                                             M8:       23.1       46.2  1.000
I_SDRAM_TOP/I_SDRAM_IF/CTS_38:   preferred: M5 - M6
               307.5     611.3    0.994
                                             M2:        7.0       11.3  0.810
                                             M3:       11.1       21.7  0.979
                                             M4:       38.0       75.4  0.992
                                             M5:      247.2      494.3  1.000
                                             M6:        4.3        8.5  1.000
CTS_61:   preferred: M5 - M6
               167.4     333.1    0.995
                                             M2:        0.9        1.4  0.750
                                             M3:        0.2        0.3  1.000
                                             M4:        0.6        1.2  1.000
                                             M5:       27.7       54.2  0.979
                                             M6:      138.0      276.0  1.000
occ_int2/U_clk_control_i_1/CTS_10:   preferred: M5 - M6
               166.4     331.3    0.995
                                             M2:        0.5        0.6  0.667
                                             M3:        0.6        1.2  1.000
                                             M5:       54.7      108.2  0.989
                                             M6:      110.7      221.3  1.000
occ_int2/CTS_7:   preferred: M5 - M6
                85.9     171.0    0.995
                                             M2:       10.5       20.8  0.993
                                             M3:        1.8        3.6  1.000
                                             M4:        7.0       14.0  1.000
                                             M5:       66.6      132.5  0.995
CTS_4:   preferred: M5 - M6
                34.0      67.8    0.996
                                             M2:        0.9        1.5  0.833
                                             M3:        0.6        1.2  1.000
                                             M4:        2.4        4.9  1.000
                                             M5:       19.8       39.5  1.000
                                             M6:       10.3       20.7  1.000
occ_int2/n6:   preferred: M5 - M7
                99.1     197.3    0.996
                                             M2:        0.5        0.3  0.333
                                             M3:        0.2        0.3  1.000
                                             M4:        0.6        1.2  1.000
                                             M5:       45.0       89.7  0.997
                                             M7:       52.9      105.8  1.000
occ_int2/U_clk_control_i_2/CTS_4:   preferred: M5 - M6
               164.5     327.5    0.996
                                             M2:        0.8        1.5  1.000
                                             M3:        0.2        0.3  1.000
                                             M5:       77.2      153.0  0.991
                                             M6:       86.3      172.7  1.000
occ_int2/CTS_2:   preferred: M5 - M6
                38.8      77.2    0.996
                                             M2:        0.3        0.3  0.500
                                             M3:        0.8        1.5  1.000
                                             M4:        2.1        4.3  1.000
                                             M5:       35.6       71.1  1.000
occ_int2/U_clk_control_i_0/CTS_6:   preferred: M5 - M8
               140.9     280.8    0.996
                                             M2:        0.2        0.3  1.000
                                             M3:        0.6        0.8  0.625
                                             M5:       97.6      194.6  0.997
                                             M6:        0.6        1.2  1.000
                                             M7:        0.6        1.2  1.000
                                             M8:       41.3       82.7  1.000
CTS_13:   preferred: M5 - M6
                53.7     107.0    0.997
                                             M2:        1.1        2.1  1.000
                                             M3:        0.9        1.5  0.833
                                             M4:        9.7       19.4  0.999
                                             M5:       38.9       77.8  1.000
                                             M6:        3.0        6.1  1.000
CTS_50:   preferred: M5 - M6
               582.2    1161.5    0.998
                                             M2:        0.5        0.6  0.667
                                             M3:        1.4        2.7  1.000
                                             M4:        0.6        1.2  1.000
                                             M5:      509.8     1017.1  0.998
                                             M6:       69.9      139.8  1.000
occ_int2/U_clk_control_i_1/CTS_3:   preferred: M5 - M7
               167.5     334.4    0.998
                                             M2:        0.2        0.2  0.500
                                             M3:        0.5        0.5  0.500
                                             M4:        0.9        1.8  1.000
                                             M6:      109.4      218.9  1.000
                                             M7:       56.5      113.1  1.000
I_CLOCKING/occ_int1/U_clk_control_i_0/CTS_1:   preferred: M5 - M6
                43.5      86.8    0.998
                                             M2:        0.5        0.9  1.000
                                             M3:        0.2        0.2  0.500
                                             M4:        3.6        7.3  1.000
                                             M5:       39.2       78.4  1.000
occ_int2/U_clk_control_i_1/CTS_9:   preferred: M5 - M8
               178.1     355.7    0.998
                                             M2:        0.5        0.6  0.667
                                             M3:        0.2        0.3  1.000
                                             M4:        0.3        0.6  1.000
                                             M5:       94.5      188.8  0.998
                                             M6:       20.1       40.1  1.000
                                             M7:        1.8        3.6  1.000
                                             M8:       60.8      121.6  1.000
I_PCI_TOP/CTS_5:   preferred: M5 - M6
               457.2     912.9    0.998
                                             M2:        1.4        1.5  0.556
                                             M3:        0.5        0.6  0.667
                                             M5:      349.0      698.0  1.000
                                             M6:      106.4      212.8  1.000
CTS_6:   preferred: M5 - M6
                95.0     189.7    0.998
                                             M2:        1.1        1.8  0.857
                                             M4:        0.9        1.8  1.000
                                             M5:       38.3       76.6  1.000
                                             M6:       54.7      109.4  1.000
CTS_31:   preferred: M5 - M6
                96.2     192.1    0.998
                                             M2:        0.8        1.2  0.800
                                             M3:        0.3        0.6  1.000
                                             M4:        0.9        1.8  1.000
                                             M5:        2.4        4.9  1.000
                                             M6:       91.8      183.6  1.000
I_SDRAM_TOP/I_SDRAM_IF/CTS_42:   preferred: M5 - M7
                71.9     143.6    0.999
                                             M2:        0.5        0.9  1.000
                                             M3:        0.3        0.5  0.750
                                             M6:       36.5       73.0  1.000
                                             M7:       34.7       69.3  1.000
occ_int2/U_clk_control_i_1/CTS_7:   preferred: M5 - M8
               157.2     314.0    0.999
                                             M2:        0.8        1.5  1.000
                                             M3:        0.2        0.3  1.000
                                             M5:       35.9       71.4  0.996
                                             M6:       65.1      130.1  1.000
                                             M7:       12.8       25.5  1.000
                                             M8:       42.6       85.1  1.000
occ_int2/U_clk_control_i_2/CTS_5:   preferred: M5 - M8
               148.0     295.8    0.999
                                             M2:        0.8        1.4  0.900
                                             M3:        0.2        0.3  1.000
                                             M5:       77.8      155.6  0.999
                                             M6:        0.6        1.2  1.000
                                             M7:        1.8        3.6  1.000
                                             M8:       66.9      133.8  1.000
I_SDRAM_TOP/I_SDRAM_IF/CTS_41:   preferred: M5 - M6
               119.2     238.2    0.999
                                             M2:        0.8        1.4  0.900
                                             M3:        0.2        0.3  1.000
                                             M5:       65.4      130.7  1.000
                                             M6:       52.9      105.8  1.000
I_SDRAM_TOP/CTS_5:   preferred: M5 - M6
               437.5     874.6    1.000
                                             M2:        0.5        0.6  0.667
                                             M3:        0.2        0.3  1.000
                                             M4:        0.3        0.6  1.000
                                             M5:      356.9      713.8  1.000
                                             M6:       79.6      159.3  1.000
I_SDRAM_TOP/CTS_6:   preferred: M5 - M6
               620.6    1240.9    1.000
                                             M2:        0.6        0.9  0.750
                                             M3:        0.2        0.3  1.000
                                             M4:        2.7        5.5  1.000
                                             M5:      553.3     1106.6  1.000
                                             M6:       63.8      127.7  1.000
occ_int2/n8:   preferred: M5 - M6
                 3.3       6.7    1.000
                                             M2:        3.3        6.7  1.000
CTS_2:   preferred: M5 - M6
                 4.6       9.1    1.000
                                             M2:        3.8        7.6  1.000
                                             M3:        0.8        1.5  1.000
CTS_43:   preferred: M5 - M6
                 6.2      12.5    1.000
                                             M2:        2.6        5.2  1.000
                                             M3:        3.6        7.3  1.000
CTS_68:   preferred: M5 - M6
                 9.1      18.2    1.000
                                             M2:        0.3        0.6  1.000
                                             M3:        4.0        7.9  1.000
                                             M4:        4.9        9.7  1.000
CTS_23:   preferred: M5 - M6
                11.4      22.8    1.000
                                             M2:        1.4        2.7  1.000
                                             M3:       10.0       20.1  1.000
CTS_3:   preferred: M5 - M6
                18.8      37.7    1.000
                                             M2:        1.4        2.7  1.000
                                             M3:       11.7       23.4  1.000
                                             M4:        5.8       11.6  1.000
CTS_18:   preferred: M5 - M6
                68.4     136.8    1.000
                                             M2:        0.8        1.5  1.000
                                             M3:        0.2        0.3  1.000
                                             M4:        0.3        0.6  1.000
                                             M5:       61.7      123.4  1.000
                                             M6:        5.5       10.9  1.000
occ_int2/U_clk_control_i_1/CTS_14:   preferred: M5 - M6
                86.3     172.7    1.000
                                             M2:        0.8        1.5  1.000
                                             M3:        0.2        0.3  1.000
                                             M4:        0.9        1.8  1.000
                                             M5:        6.1       12.2  1.000
                                             M6:       78.4      156.9  1.000
occ_int2/U_clk_control_i_0/CTS_3:   preferred: M5 - M6
                89.4     178.8    1.000
                                             M2:        0.5        0.9  1.000
                                             M3:        0.5        0.9  1.000
                                             M5:       75.7      151.4  1.000
                                             M6:       12.8       25.5  1.000
CTS_57:   preferred: M5 - M6
               140.1     280.3    1.000
                                             M2:        0.3        0.6  1.000
                                             M3:        0.3        0.6  1.000
                                             M5:        0.3        0.6  1.000
                                             M6:      139.2      278.5  1.000
-------------------------------------------------------------------------------

 Average ratio:                   0.965
                                             M2:          1.8        3.2  0.892
                                             M3:          3.2        5.1  0.793
                                             M4:          5.6       10.6  0.938
                                             M5:         53.4      103.9  0.972
                                             M6:         36.5       71.3  0.978
                                             M7:          9.3       17.7  0.955
                                             M8:          2.7        5.3  1.000
                                             M9:          0.5        1.1  1.000


