 ------------------------------------------------------------------------------------------------------------------------------------------------------- 
| Snapshot                | WNS                  | TNS                  | Density (%) | Hotspot                   | Resource               | DRVs       |
|                         | HEPG (ns) | ALL (ns) | HEPG (ns) | ALL (ns) |             | Max (bins) | Total (bins) | Real (s) | Memory (MB) | Tran | Cap |
|-------------------------+-----------+----------+-----------+----------+-------------+------------+--------------+----------+-------------+------+-----|
| initial_summary         |           |   -0.704 |           |      -10 |       42.78 |            |              | 0:00:16  |        5024 |   55 |  66 |
| route_type_refinement   |           |          |           |          |             |            |              | 0:00:02  |        5104 |      |     |
| simplify_netlist        |           |          |           |          |             |            |              | 0:00:04  |        5106 |      |     |
| excluded_clk_net_fixing |           |          |           |          |             |            |              | 0:00:00  |        5106 |      |     |
| drv_fixing              |     0.000 |   -0.620 |         0 |       -1 |       42.96 |            |              | 0:00:12  |        5224 |    0 |   5 |
| global_opt              |           |   -0.318 |           |       -0 |       42.96 |            |              | 0:00:07  |        5282 |      |     |
| global_opt_2            |           |   -0.313 |           |       -0 |       42.96 |            |              | 0:00:08  |        5306 |      |     |
| area_reclaiming         |     0.000 |   -0.313 |         0 |       -0 |       42.78 |            |              | 0:00:28  |        5339 |      |     |
| drv_fixing_2            |     0.000 |   -0.313 |         0 |       -0 |       42.69 |            |              | 0:00:13  |        5338 |    0 |   0 |
| wns_fixing              |    -0.313 |   -0.330 |        -0 |       -0 |       42.80 |            |              | 0:00:36  |        5964 |      |     |
| tns_fixing              |    -0.313 |   -0.330 |        -0 |       -0 |       42.80 |            |              | 0:00:04  |        5812 |      |     |
| area_reclaiming_2       |    -0.313 |   -0.313 |        -0 |       -0 |       42.10 |            |              | 0:00:55  |        5511 |      |     |
| area_reclaiming_3       |    -0.313 |   -0.313 |        -0 |       -0 |       42.09 |            |              | 0:00:17  |        5447 |      |     |
| local_wire_reclaim      |           |          |           |          |             |            |              | 0:01:43  |        5446 |      |     |
| global_route            |           |          |           |          |             |       0.00 |         0.00 | 0:00:08  |        5222 |      |     |
| route_type_refinement_2 |           |          |           |          |             |            |              | 0:00:00  |        5222 |      |     |
| drv_eco_fixing          |    -0.315 |   -0.315 |        -0 |       -0 |       42.14 |            |              | 0:00:06  |        5398 |    0 |   6 |
| tns_eco_fixing          |    -0.315 |   -0.315 |        -0 |       -0 |       42.14 |            |              | 0:00:12  |        6015 |      |     |
| tns_eco_fixing_2        |    -0.315 |   -0.315 |        -0 |       -0 |       42.14 |            |              | 0:00:04  |        5842 |      |     |
| final_summary           |    -0.315 |   -0.315 |           |       -0 |       42.03 |       4.59 |         6.43 | 0:00:13  |        5344 |    0 |   0 |
 ------------------------------------------------------------------------------------------------------------------------------------------------------- 
