 ------------------------------------------------------------------------------------------------------------------------------------------------------- 
| Snapshot                | WNS                  | TNS                  | Density (%) | Hotspot                   | Resource               | DRVs       |
|                         | HEPG (ns) | ALL (ns) | HEPG (ns) | ALL (ns) |             | Max (bins) | Total (bins) | Real (s) | Memory (MB) | Tran | Cap |
|-------------------------+-----------+----------+-----------+----------+-------------+------------+--------------+----------+-------------+------+-----|
| initial_summary         |           |   -0.704 |           |      -10 |       42.78 |            |              | 0:00:13  |        5023 |   55 |  66 |
| route_type_refinement   |           |          |           |          |             |            |              | 0:00:02  |        5106 |      |     |
| simplify_netlist        |           |          |           |          |             |            |              | 0:00:03  |        5107 |      |     |
| excluded_clk_net_fixing |           |          |           |          |             |            |              | 0:00:01  |        5107 |      |     |
| drv_fixing              |     0.000 |   -0.620 |         0 |       -1 |       42.96 |            |              | 0:00:12  |        5225 |    0 |   5 |
| global_opt              |           |   -0.318 |           |       -0 |       42.96 |            |              | 0:00:07  |        5279 |      |     |
| global_opt_2            |           |   -0.313 |           |       -0 |       42.96 |            |              | 0:00:09  |        5306 |      |     |
| area_reclaiming         |     0.000 |   -0.313 |         0 |       -0 |       42.78 |            |              | 0:00:34  |        5338 |      |     |
| drv_fixing_2            |     0.000 |   -0.313 |         0 |       -0 |       42.69 |            |              | 0:00:13  |        5335 |    0 |   0 |
| wns_fixing              |    -0.313 |   -0.330 |        -0 |       -0 |       42.80 |            |              | 0:00:33  |        5969 |      |     |
| tns_fixing              |    -0.313 |   -0.330 |        -0 |       -0 |       42.80 |            |              | 0:00:06  |        5809 |      |     |
| area_reclaiming_2       |    -0.313 |   -0.313 |        -0 |       -0 |       42.10 |            |              | 0:00:39  |        5520 |      |     |
| area_reclaiming_3       |    -0.313 |   -0.313 |        -0 |       -0 |       42.09 |            |              | 0:00:12  |        5465 |      |     |
| local_wire_reclaim      |           |          |           |          |             |            |              | 0:01:09  |        5466 |      |     |
| global_route            |           |          |           |          |             |       0.00 |         0.00 | 0:00:08  |        5246 |      |     |
| route_type_refinement_2 |           |          |           |          |             |            |              | 0:00:01  |        5246 |      |     |
| drv_eco_fixing          |    -0.315 |   -0.315 |        -0 |       -0 |       42.14 |            |              | 0:00:06  |        5425 |    0 |   6 |
| tns_eco_fixing          |    -0.315 |   -0.315 |        -0 |       -0 |       42.14 |            |              | 0:00:13  |        6022 |      |     |
| tns_eco_fixing_2        |    -0.315 |   -0.315 |        -0 |       -0 |       42.14 |            |              | 0:00:04  |        5856 |      |     |
| final_summary           |    -0.315 |   -0.315 |           |       -0 |       42.03 |       4.59 |         6.43 | 0:00:14  |        5376 |    0 |   0 |
 ------------------------------------------------------------------------------------------------------------------------------------------------------- 
