 ------------------------------------------------------------------------------------------------------------------------------------------------------- 
| Snapshot                | WNS                  | TNS                  | Density (%) | Hotspot                   | Resource               | DRVs       |
|                         | HEPG (ns) | ALL (ns) | HEPG (ns) | ALL (ns) |             | Max (bins) | Total (bins) | Real (s) | Memory (MB) | Tran | Cap |
|-------------------------+-----------+----------+-----------+----------+-------------+------------+--------------+----------+-------------+------+-----|
| initial_summary         |           |   -1.095 |           |      -14 |       42.80 |            |              | 0:00:20  |        5025 |   64 |  67 |
| route_type_refinement   |           |          |           |          |             |            |              | 0:00:02  |        5108 |      |     |
| simplify_netlist        |           |          |           |          |             |            |              | 0:00:04  |        5108 |      |     |
| excluded_clk_net_fixing |           |          |           |          |             |            |              | 0:00:00  |        5108 |      |     |
| drv_fixing              |     0.000 |   -0.575 |         0 |       -1 |       42.98 |            |              | 0:00:15  |        5228 |    0 |   5 |
| global_opt              |           |   -0.258 |           |       -0 |       42.98 |            |              | 0:00:07  |        5282 |      |     |
| global_opt_2            |           |   -0.253 |           |       -0 |       42.98 |            |              | 0:00:15  |        5309 |      |     |
| area_reclaiming         |     0.000 |   -0.253 |         0 |       -0 |       42.81 |            |              | 0:00:32  |        5344 |      |     |
| drv_fixing_2            |     0.000 |   -0.253 |         0 |       -0 |       42.72 |            |              | 0:00:18  |        5339 |    0 |   0 |
| wns_fixing              |    -0.251 |   -0.267 |        -0 |       -0 |       42.83 |            |              | 0:00:39  |        5969 |      |     |
| tns_fixing              |    -0.251 |   -0.267 |        -0 |       -0 |       42.83 |            |              | 0:00:09  |        5831 |      |     |
| area_reclaiming_2       |    -0.251 |   -0.251 |        -0 |       -0 |       42.12 |            |              | 0:00:57  |        5507 |      |     |
| area_reclaiming_3       |    -0.251 |   -0.251 |        -0 |       -0 |       42.11 |            |              | 0:00:17  |        5438 |      |     |
| local_wire_reclaim      |           |          |           |          |             |            |              | 0:01:29  |        5438 |      |     |
| global_route            |           |          |           |          |             |       0.26 |         0.26 | 0:00:14  |        5226 |      |     |
| route_type_refinement_2 |           |          |           |          |             |            |              | 0:00:01  |        5226 |      |     |
| drv_eco_fixing          |    -0.254 |   -0.254 |        -0 |       -0 |       42.16 |            |              | 0:00:06  |        5395 |    0 |   6 |
| tns_eco_fixing          |    -0.254 |   -0.254 |        -0 |       -0 |       42.16 |            |              | 0:00:05  |        5887 |      |     |
| tns_eco_fixing_2        |    -0.254 |   -0.254 |        -0 |       -0 |       42.16 |            |              | 0:00:04  |        5802 |      |     |
| final_summary           |    -0.254 |   -0.254 |           |       -0 |       42.05 |       0.52 |         1.05 | 0:00:14  |        5332 |    0 |   0 |
 ------------------------------------------------------------------------------------------------------------------------------------------------------- 
