 ------------------------------------------------------------------------------------------------------------------------------------------------------- 
| Snapshot                | WNS                  | TNS                  | Density (%) | Hotspot                   | Resource               | DRVs       |
|                         | HEPG (ns) | ALL (ns) | HEPG (ns) | ALL (ns) |             | Max (bins) | Total (bins) | Real (s) | Memory (MB) | Tran | Cap |
|-------------------------+-----------+----------+-----------+----------+-------------+------------+--------------+----------+-------------+------+-----|
| initial_summary         |           |   -0.772 |           |      -14 |       42.80 |            |              | 0:00:11  |        5025 |   57 |  66 |
| route_type_refinement   |           |          |           |          |             |            |              | 0:00:02  |        5113 |      |     |
| simplify_netlist        |           |          |           |          |             |            |              | 0:00:03  |        5115 |      |     |
| excluded_clk_net_fixing |           |          |           |          |             |            |              | 0:00:00  |        5115 |      |     |
| drv_fixing              |     0.000 |   -0.665 |         0 |       -2 |       42.97 |            |              | 0:00:09  |        5229 |    0 |   6 |
| global_opt              |           |   -0.340 |           |       -0 |       42.97 |            |              | 0:00:06  |        5296 |      |     |
| global_opt_2            |           |   -0.340 |           |       -0 |       42.97 |            |              | 0:00:10  |        5311 |      |     |
| area_reclaiming         |     0.000 |   -0.340 |         0 |       -0 |       42.80 |            |              | 0:00:31  |        5348 |      |     |
| drv_fixing_2            |     0.000 |   -0.340 |         0 |       -0 |       42.71 |            |              | 0:00:11  |        5350 |    0 |   0 |
| wns_fixing              |    -0.336 |   -0.353 |        -0 |       -0 |       42.82 |            |              | 0:00:27  |        6012 |      |     |
| tns_fixing              |    -0.336 |   -0.353 |        -0 |       -0 |       42.82 |            |              | 0:00:05  |        5808 |      |     |
| area_reclaiming_2       |    -0.336 |   -0.336 |        -0 |       -0 |       42.11 |            |              | 0:00:30  |        5481 |      |     |
| area_reclaiming_3       |    -0.336 |   -0.336 |        -0 |       -0 |       42.10 |            |              | 0:00:10  |        5444 |      |     |
| local_wire_reclaim      |           |          |           |          |             |            |              | 0:00:53  |        5446 |      |     |
| global_route            |           |          |           |          |             |       0.00 |         0.00 | 0:00:07  |        5225 |      |     |
| route_type_refinement_2 |           |          |           |          |             |            |              | 0:00:01  |        5225 |      |     |
| drv_eco_fixing          |    -0.337 |   -0.337 |        -0 |       -0 |       42.15 |            |              | 0:00:06  |        5396 |    0 |   4 |
| tns_eco_fixing          |    -0.337 |   -0.337 |        -0 |       -0 |       42.15 |            |              | 0:00:05  |        5829 |      |     |
| tns_eco_fixing_2        |    -0.337 |   -0.337 |        -0 |       -0 |       42.15 |            |              | 0:00:03  |        5795 |      |     |
| final_summary           |    -0.337 |   -0.337 |           |       -0 |       42.04 |       2.62 |         5.51 | 0:00:11  |        5316 |    0 |   0 |
 ------------------------------------------------------------------------------------------------------------------------------------------------------- 
