============================================================
  Generated by:           Genus(TM) Synthesis Solution 23.10-p004_1
  Generated on:           May 14 2025  04:55:38 pm
  Module:                 binary_lif_neuron
  Technology libraries:   saed32rvt_ss0p75vn40c 1.0000000
                          saed32rvt_dlvl_ss0p75vn40c_i0p95v 1.0000000
                          saed32rvt_ulvl_ss0p75vn40c_i0p75v 1.0000000
                          saed32rvt_dlvl_ss0p75vn40c_i0p75v 1.0000000
                          saed32rvt_ss0p95vn40c 1.0000000
                          saed32rvt_ulvl_ss0p95vn40c_i0p75v 1.0000000
                          saed32lvt_ss0p75vn40c 1.0000000
                          saed32lvt_dlvl_ss0p75vn40c_i0p95v 1.0000000
                          saed32lvt_ulvl_ss0p75vn40c_i0p75v 1.0000000
                          saed32lvt_dlvl_ss0p75vn40c_i0p75v 1.0000000
                          saed32lvt_ss0p95vn40c 1.0000000
                          saed32lvt_ulvl_ss0p95vn40c_i0p75v 1.0000000
                          saed32hvt_ss0p75vn40c 1.0000000
                          saed32hvt_dlvl_ss0p75vn40c_i0p95v 1.0000000
                          saed32hvt_ulvl_ss0p75vn40c_i0p75v 1.0000000
                          saed32hvt_dlvl_ss0p75vn40c_i0p75v 1.0000000
                          saed32hvt_ss0p95vn40c 1.0000000
                          saed32hvt_ulvl_ss0p95vn40c_i0p75v 1.0000000
                          saed32sram_ss0p95vn40c 1.0000000
  Operating conditions:   _nominal_ (balanced_tree)
  Wireload mode:          enclosed
  Area mode:              timing library
============================================================

Timing
-------
  Cost    Critical         Violating 
 Group   Path Slack  TNS     Paths   
-------------------------------------
default    No paths   0.0            
-------------------------------------
Total                 0.0          0 

Instance Count
--------------
Leaf Instance Count             503 
Physical Instance count           0 
Sequential Instance Count        17 
Combinational Instance Count    486 
Hierarchical Instance Count       0 

Area
----
Cell Area                          1600.345
Physical Cell Area                 0.000
Total Cell Area (Cell+Physical)    1600.345
Net Area                           0.000
Total Area (Cell+Physical+Net)     1600.345

Max Fanout                         25 (leak_factor[8])
Min Fanout                         0 (n_85)
Average Fanout                     2.5
Terms to net ratio                 3.4414
Terms to instance ratio            4.5567
Runtime                            55.184082 seconds
Elapsed Runtime                    80 seconds
Genus peak memory usage            2208.38 
Innovus peak memory usage          no_value 
Hostname                           mo.ece.pdx.edu
