============================================================
  Generated by:           Genus(TM) Synthesis Solution 23.10-p004_1
  Generated on:           Jun 11 2025  04:37:49 pm
  Module:                 isodata_cluster
  Technology libraries:   saed32rvt_ss0p75vn40c 1.0000000
                          saed32rvt_dlvl_ss0p75vn40c_i0p95v 1.0000000
                          saed32rvt_ulvl_ss0p75vn40c_i0p75v 1.0000000
                          saed32rvt_dlvl_ss0p75vn40c_i0p75v 1.0000000
                          saed32rvt_ss0p95vn40c 1.0000000
                          saed32rvt_ulvl_ss0p95vn40c_i0p75v 1.0000000
                          saed32lvt_ss0p75vn40c 1.0000000
                          saed32lvt_dlvl_ss0p75vn40c_i0p95v 1.0000000
                          saed32lvt_ulvl_ss0p75vn40c_i0p75v 1.0000000
                          saed32lvt_dlvl_ss0p75vn40c_i0p75v 1.0000000
                          saed32lvt_ss0p95vn40c 1.0000000
                          saed32lvt_ulvl_ss0p95vn40c_i0p75v 1.0000000
                          saed32hvt_ss0p75vn40c 1.0000000
                          saed32hvt_dlvl_ss0p75vn40c_i0p95v 1.0000000
                          saed32hvt_ulvl_ss0p75vn40c_i0p75v 1.0000000
                          saed32hvt_dlvl_ss0p75vn40c_i0p75v 1.0000000
                          saed32hvt_ss0p95vn40c 1.0000000
                          saed32hvt_ulvl_ss0p95vn40c_i0p75v 1.0000000
                          saed32sram_ss0p95vn40c 1.0000000
  Operating conditions:   _nominal_ (balanced_tree)
  Wireload mode:          enclosed
  Area mode:              timing library
============================================================

Timing
--------

Clock Period 
-------------
clk   1000.0 


  Cost    Critical                 Violating 
 Group   Path Slack      TNS         Paths   
---------------------------------------------
clk        -14189.8   -17768708.1       2946 
COMBO      No paths           0.0            
default    No paths           0.0            
INPUTS      -6461.9    -6211279.3       1385 
OUTPUTS       647.6           0.0          0 
---------------------------------------------
Total                 -17768708.1       4331 

Instance Count
--------------
Leaf Instance Count             559098 
Physical Instance count              0 
Sequential Instance Count         2947 
Combinational Instance Count    556151 
Hierarchical Instance Count          0 

Area
----
Cell Area                          1262175.425
Physical Cell Area                 0.000
Total Cell Area (Cell+Physical)    1262175.425
Net Area                           0.000
Total Area (Cell+Physical+Net)     1262175.425

Max Fanout                         2947 (clk)
Min Fanout                         0 (n_7350199)
Average Fanout                     1.7
Terms to net ratio                 2.3295
Terms to instance ratio            3.7473
Runtime                            18618.167691000002 seconds
Elapsed Runtime                    18471 seconds
Genus peak memory usage            13650.14 
Innovus peak memory usage          no_value 
Hostname                           mo.ece.pdx.edu
