
Information: Checking generated_clocks...

Information: Checking loops...

Information: Checking no_input_delay...

Information: Checking unconstrained_endpoints...

Warning: The following end-points are not constrained for maximum delay.

End point
---------------
centroid_x[0]
centroid_x[1]
centroid_x[2]
centroid_x[3]
centroid_x[4]
centroid_x[5]
centroid_x[6]
centroid_x[7]
centroid_x[8]
centroid_x[9]
centroid_x[10]
centroid_x[11]
centroid_x[12]
centroid_x[13]
centroid_x[14]
centroid_x[15]
centroid_x[16]
centroid_x[17]
centroid_x[18]
centroid_x[19]
centroid_x[20]
centroid_x[21]
centroid_x[22]
centroid_x[23]
centroid_x[24]
centroid_x[25]
centroid_x[26]
centroid_x[27]
centroid_x[28]
centroid_x[29]
centroid_x[30]
centroid_x[31]
centroid_x[32]
centroid_x[33]
centroid_x[34]
centroid_x[35]
centroid_x[36]
centroid_x[37]
centroid_x[38]
centroid_x[39]
centroid_x[40]
centroid_x[41]
centroid_x[42]
centroid_x[43]
centroid_x[44]
centroid_x[45]
centroid_x[46]
centroid_x[47]
centroid_x[48]
centroid_x[49]
centroid_x[50]
centroid_x[51]
centroid_x[52]
centroid_x[53]
centroid_x[54]
centroid_x[55]
centroid_x[56]
centroid_x[57]
centroid_x[58]
centroid_x[59]
centroid_x[60]
centroid_x[61]
centroid_x[62]
centroid_x[63]
centroid_x[64]
centroid_x[65]
centroid_x[66]
centroid_x[67]
centroid_x[68]
centroid_x[69]
centroid_x[70]
centroid_x[71]
centroid_x[72]
centroid_x[73]
centroid_x[74]
centroid_x[75]
centroid_x[76]
centroid_x[77]
centroid_x[78]
centroid_x[79]
centroid_x[80]
centroid_x[81]
centroid_x[82]
centroid_x[83]
centroid_x[84]
centroid_x[85]
centroid_x[86]
centroid_x[87]
centroid_x[88]
centroid_x[89]
centroid_x[90]
centroid_x[91]
centroid_x[92]
centroid_x[93]
centroid_x[94]
centroid_x[95]
centroid_x[96]
centroid_x[97]
centroid_x[98]
centroid_x[99]
centroid_x[100]
centroid_x[101]
centroid_x[102]
centroid_x[103]
centroid_x[104]
centroid_x[105]
centroid_x[106]
centroid_x[107]
centroid_x[108]
centroid_x[109]
centroid_x[110]
centroid_x[111]
centroid_x[112]
centroid_x[113]
centroid_x[114]
centroid_x[115]
centroid_x[116]
centroid_x[117]
centroid_x[118]
centroid_x[119]
centroid_x[120]
centroid_x[121]
centroid_x[122]
centroid_x[123]
centroid_x[124]
centroid_x[125]
centroid_x[126]
centroid_x[127]
centroid_x[128]
centroid_x[129]
centroid_x[130]
centroid_x[131]
centroid_x[132]
centroid_x[133]
centroid_x[134]
centroid_x[135]
centroid_x[136]
centroid_x[137]
centroid_x[138]
centroid_x[139]
centroid_x[140]
centroid_x[141]
centroid_x[142]
centroid_x[143]
centroid_x[144]
centroid_x[145]
centroid_x[146]
centroid_x[147]
centroid_x[148]
centroid_x[149]
centroid_x[150]
centroid_x[151]
centroid_x[152]
centroid_x[153]
centroid_x[154]
centroid_x[155]
centroid_x[156]
centroid_x[157]
centroid_x[158]
centroid_x[159]
centroid_x_reg_0__0_/D
centroid_x_reg_0__1_/D
centroid_x_reg_0__2_/D
centroid_x_reg_0__3_/D
centroid_x_reg_0__4_/D
centroid_x_reg_0__5_/D
centroid_x_reg_0__6_/D
centroid_x_reg_0__7_/D
centroid_x_reg_0__8_/D
centroid_x_reg_0__9_/D
centroid_x_reg_0__10_/D
centroid_x_reg_0__11_/D
centroid_x_reg_0__12_/D
centroid_x_reg_0__13_/D
centroid_x_reg_0__14_/D
centroid_x_reg_0__15_/D
centroid_x_reg_1__0_/D
centroid_x_reg_1__1_/D
centroid_x_reg_1__2_/D
centroid_x_reg_1__3_/D
centroid_x_reg_1__4_/D
centroid_x_reg_1__5_/D
centroid_x_reg_1__6_/D
centroid_x_reg_1__7_/D
centroid_x_reg_1__8_/D
centroid_x_reg_1__9_/D
centroid_x_reg_1__10_/D
centroid_x_reg_1__11_/D
centroid_x_reg_1__12_/D
centroid_x_reg_1__13_/D
centroid_x_reg_1__14_/D
centroid_x_reg_1__15_/D
centroid_x_reg_2__0_/D
centroid_x_reg_2__1_/D
centroid_x_reg_2__2_/D
centroid_x_reg_2__3_/D
centroid_x_reg_2__4_/D
centroid_x_reg_2__5_/D
centroid_x_reg_2__6_/D
centroid_x_reg_2__7_/D
centroid_x_reg_2__8_/D
centroid_x_reg_2__9_/D
centroid_x_reg_2__10_/D
centroid_x_reg_2__11_/D
centroid_x_reg_2__12_/D
centroid_x_reg_2__13_/D
centroid_x_reg_2__14_/D
centroid_x_reg_2__15_/D
centroid_x_reg_3__0_/D
centroid_x_reg_3__1_/D
centroid_x_reg_3__2_/D
centroid_x_reg_3__3_/D
centroid_x_reg_3__4_/D
centroid_x_reg_3__5_/D
centroid_x_reg_3__6_/D
centroid_x_reg_3__7_/D
centroid_x_reg_3__8_/D
centroid_x_reg_3__9_/D
centroid_x_reg_3__10_/D
centroid_x_reg_3__11_/D
centroid_x_reg_3__12_/D
centroid_x_reg_3__13_/D
centroid_x_reg_3__14_/D
centroid_x_reg_3__15_/D
centroid_x_reg_4__0_/D
centroid_x_reg_4__1_/D
centroid_x_reg_4__2_/D
centroid_x_reg_4__3_/D
centroid_x_reg_4__4_/D
centroid_x_reg_4__5_/D
centroid_x_reg_4__6_/D
centroid_x_reg_4__7_/D
centroid_x_reg_4__8_/D
centroid_x_reg_4__9_/D
centroid_x_reg_4__10_/D
centroid_x_reg_4__11_/D
centroid_x_reg_4__12_/D
centroid_x_reg_4__13_/D
centroid_x_reg_4__14_/D
centroid_x_reg_4__15_/D
centroid_x_reg_5__0_/D
centroid_x_reg_5__1_/D
centroid_x_reg_5__2_/D
centroid_x_reg_5__3_/D
centroid_x_reg_5__4_/D
centroid_x_reg_5__5_/D
centroid_x_reg_5__6_/D
centroid_x_reg_5__7_/D
centroid_x_reg_5__8_/D
centroid_x_reg_5__9_/D
centroid_x_reg_5__10_/D
centroid_x_reg_5__11_/D
centroid_x_reg_5__12_/D
centroid_x_reg_5__13_/D
centroid_x_reg_5__14_/D
centroid_x_reg_5__15_/D
centroid_x_reg_6__0_/D
centroid_x_reg_6__1_/D
centroid_x_reg_6__2_/D
centroid_x_reg_6__3_/D
centroid_x_reg_6__4_/D
centroid_x_reg_6__5_/D
centroid_x_reg_6__6_/D
centroid_x_reg_6__7_/D
centroid_x_reg_6__8_/D
centroid_x_reg_6__9_/D
centroid_x_reg_6__10_/D
centroid_x_reg_6__11_/D
centroid_x_reg_6__12_/D
centroid_x_reg_6__13_/D
centroid_x_reg_6__14_/D
centroid_x_reg_6__15_/D
centroid_x_reg_7__0_/D
centroid_x_reg_7__1_/D
centroid_x_reg_7__2_/D
centroid_x_reg_7__3_/D
centroid_x_reg_7__4_/D
centroid_x_reg_7__5_/D
centroid_x_reg_7__6_/D
centroid_x_reg_7__7_/D
centroid_x_reg_7__8_/D
centroid_x_reg_7__9_/D
centroid_x_reg_7__10_/D
centroid_x_reg_7__11_/D
centroid_x_reg_7__12_/D
centroid_x_reg_7__13_/D
centroid_x_reg_7__14_/D
centroid_x_reg_7__15_/D
centroid_x_reg_8__0_/D
centroid_x_reg_8__1_/D
centroid_x_reg_8__2_/D
centroid_x_reg_8__3_/D
centroid_x_reg_8__4_/D
centroid_x_reg_8__5_/D
centroid_x_reg_8__6_/D
centroid_x_reg_8__7_/D
centroid_x_reg_8__8_/D
centroid_x_reg_8__9_/D
centroid_x_reg_8__10_/D
centroid_x_reg_8__11_/D
centroid_x_reg_8__12_/D
centroid_x_reg_8__13_/D
centroid_x_reg_8__14_/D
centroid_x_reg_8__15_/D
centroid_x_reg_9__0_/D
centroid_x_reg_9__1_/D
centroid_x_reg_9__2_/D
centroid_x_reg_9__3_/D
centroid_x_reg_9__4_/D
centroid_x_reg_9__5_/D
centroid_x_reg_9__6_/D
centroid_x_reg_9__7_/D
centroid_x_reg_9__8_/D
centroid_x_reg_9__9_/D
centroid_x_reg_9__10_/D
centroid_x_reg_9__11_/D
centroid_x_reg_9__12_/D
centroid_x_reg_9__13_/D
centroid_x_reg_9__14_/D
centroid_x_reg_9__15_/D
centroid_y[0]
centroid_y[1]
centroid_y[2]
centroid_y[3]
centroid_y[4]
centroid_y[5]
centroid_y[6]
centroid_y[7]
centroid_y[8]
centroid_y[9]
centroid_y[10]
centroid_y[11]
centroid_y[12]
centroid_y[13]
centroid_y[14]
centroid_y[15]
centroid_y[16]
centroid_y[17]
centroid_y[18]
centroid_y[19]
centroid_y[20]
centroid_y[21]
centroid_y[22]
centroid_y[23]
centroid_y[24]
centroid_y[25]
centroid_y[26]
centroid_y[27]
centroid_y[28]
centroid_y[29]
centroid_y[30]
centroid_y[31]
centroid_y[32]
centroid_y[33]
centroid_y[34]
centroid_y[35]
centroid_y[36]
centroid_y[37]
centroid_y[38]
centroid_y[39]
centroid_y[40]
centroid_y[41]
centroid_y[42]
centroid_y[43]
centroid_y[44]
centroid_y[45]
centroid_y[46]
centroid_y[47]
centroid_y[48]
centroid_y[49]
centroid_y[50]
centroid_y[51]
centroid_y[52]
centroid_y[53]
centroid_y[54]
centroid_y[55]
centroid_y[56]
centroid_y[57]
centroid_y[58]
centroid_y[59]
centroid_y[60]
centroid_y[61]
centroid_y[62]
centroid_y[63]
centroid_y[64]
centroid_y[65]
centroid_y[66]
centroid_y[67]
centroid_y[68]
centroid_y[69]
centroid_y[70]
centroid_y[71]
centroid_y[72]
centroid_y[73]
centroid_y[74]
centroid_y[75]
centroid_y[76]
centroid_y[77]
centroid_y[78]
centroid_y[79]
centroid_y[80]
centroid_y[81]
centroid_y[82]
centroid_y[83]
centroid_y[84]
centroid_y[85]
centroid_y[86]
centroid_y[87]
centroid_y[88]
centroid_y[89]
centroid_y[90]
centroid_y[91]
centroid_y[92]
centroid_y[93]
centroid_y[94]
centroid_y[95]
centroid_y[96]
centroid_y[97]
centroid_y[98]
centroid_y[99]
centroid_y[100]
centroid_y[101]
centroid_y[102]
centroid_y[103]
centroid_y[104]
centroid_y[105]
centroid_y[106]
centroid_y[107]
centroid_y[108]
centroid_y[109]
centroid_y[110]
centroid_y[111]
centroid_y[112]
centroid_y[113]
centroid_y[114]
centroid_y[115]
centroid_y[116]
centroid_y[117]
centroid_y[118]
centroid_y[119]
centroid_y[120]
centroid_y[121]
centroid_y[122]
centroid_y[123]
centroid_y[124]
centroid_y[125]
centroid_y[126]
centroid_y[127]
centroid_y[128]
centroid_y[129]
centroid_y[130]
centroid_y[131]
centroid_y[132]
centroid_y[133]
centroid_y[134]
centroid_y[135]
centroid_y[136]
centroid_y[137]
centroid_y[138]
centroid_y[139]
centroid_y[140]
centroid_y[141]
centroid_y[142]
centroid_y[143]
centroid_y[144]
centroid_y[145]
centroid_y[146]
centroid_y[147]
centroid_y[148]
centroid_y[149]
centroid_y[150]
centroid_y[151]
centroid_y[152]
centroid_y[153]
centroid_y[154]
centroid_y[155]
centroid_y[156]
centroid_y[157]
centroid_y[158]
centroid_y[159]
centroid_y_reg_0__0_/D
centroid_y_reg_0__1_/D
centroid_y_reg_0__2_/D
centroid_y_reg_0__3_/D
centroid_y_reg_0__4_/D
centroid_y_reg_0__5_/D
centroid_y_reg_0__6_/D
centroid_y_reg_0__7_/D
centroid_y_reg_0__8_/D
centroid_y_reg_0__9_/D
centroid_y_reg_0__10_/D
centroid_y_reg_0__11_/D
centroid_y_reg_0__12_/D
centroid_y_reg_0__13_/D
centroid_y_reg_0__14_/D
centroid_y_reg_0__15_/D
centroid_y_reg_1__0_/D
centroid_y_reg_1__1_/D
centroid_y_reg_1__2_/D
centroid_y_reg_1__3_/D
centroid_y_reg_1__4_/D
centroid_y_reg_1__5_/D
centroid_y_reg_1__6_/D
centroid_y_reg_1__7_/D
centroid_y_reg_1__8_/D
centroid_y_reg_1__9_/D
centroid_y_reg_1__10_/D
centroid_y_reg_1__11_/D
centroid_y_reg_1__12_/D
centroid_y_reg_1__13_/D
centroid_y_reg_1__14_/D
centroid_y_reg_1__15_/D
centroid_y_reg_2__0_/D
centroid_y_reg_2__1_/D
centroid_y_reg_2__2_/D
centroid_y_reg_2__3_/D
centroid_y_reg_2__4_/D
centroid_y_reg_2__5_/D
centroid_y_reg_2__6_/D
centroid_y_reg_2__7_/D
centroid_y_reg_2__8_/D
centroid_y_reg_2__9_/D
centroid_y_reg_2__10_/D
centroid_y_reg_2__11_/D
centroid_y_reg_2__12_/D
centroid_y_reg_2__13_/D
centroid_y_reg_2__14_/D
centroid_y_reg_2__15_/D
centroid_y_reg_3__0_/D
centroid_y_reg_3__1_/D
centroid_y_reg_3__2_/D
centroid_y_reg_3__3_/D
centroid_y_reg_3__4_/D
centroid_y_reg_3__5_/D
centroid_y_reg_3__6_/D
centroid_y_reg_3__7_/D
centroid_y_reg_3__8_/D
centroid_y_reg_3__9_/D
centroid_y_reg_3__10_/D
centroid_y_reg_3__11_/D
centroid_y_reg_3__12_/D
centroid_y_reg_3__13_/D
centroid_y_reg_3__14_/D
centroid_y_reg_3__15_/D
centroid_y_reg_4__0_/D
centroid_y_reg_4__1_/D
centroid_y_reg_4__2_/D
centroid_y_reg_4__3_/D
centroid_y_reg_4__4_/D
centroid_y_reg_4__5_/D
centroid_y_reg_4__6_/D
centroid_y_reg_4__7_/D
centroid_y_reg_4__8_/D
centroid_y_reg_4__9_/D
centroid_y_reg_4__10_/D
centroid_y_reg_4__11_/D
centroid_y_reg_4__12_/D
centroid_y_reg_4__13_/D
centroid_y_reg_4__14_/D
centroid_y_reg_4__15_/D
centroid_y_reg_5__0_/D
centroid_y_reg_5__1_/D
centroid_y_reg_5__2_/D
centroid_y_reg_5__3_/D
centroid_y_reg_5__4_/D
centroid_y_reg_5__5_/D
centroid_y_reg_5__6_/D
centroid_y_reg_5__7_/D
centroid_y_reg_5__8_/D
centroid_y_reg_5__9_/D
centroid_y_reg_5__10_/D
centroid_y_reg_5__11_/D
centroid_y_reg_5__12_/D
centroid_y_reg_5__13_/D
centroid_y_reg_5__14_/D
centroid_y_reg_5__15_/D
centroid_y_reg_6__0_/D
centroid_y_reg_6__1_/D
centroid_y_reg_6__2_/D
centroid_y_reg_6__3_/D
centroid_y_reg_6__4_/D
centroid_y_reg_6__5_/D
centroid_y_reg_6__6_/D
centroid_y_reg_6__7_/D
centroid_y_reg_6__8_/D
centroid_y_reg_6__9_/D
centroid_y_reg_6__10_/D
centroid_y_reg_6__11_/D
centroid_y_reg_6__12_/D
centroid_y_reg_6__13_/D
centroid_y_reg_6__14_/D
centroid_y_reg_6__15_/D
centroid_y_reg_7__0_/D
centroid_y_reg_7__1_/D
centroid_y_reg_7__2_/D
centroid_y_reg_7__3_/D
centroid_y_reg_7__4_/D
centroid_y_reg_7__5_/D
centroid_y_reg_7__6_/D
centroid_y_reg_7__7_/D
centroid_y_reg_7__8_/D
centroid_y_reg_7__9_/D
centroid_y_reg_7__10_/D
centroid_y_reg_7__11_/D
centroid_y_reg_7__12_/D
centroid_y_reg_7__13_/D
centroid_y_reg_7__14_/D
centroid_y_reg_7__15_/D
centroid_y_reg_8__0_/D
centroid_y_reg_8__1_/D
centroid_y_reg_8__2_/D
centroid_y_reg_8__3_/D
centroid_y_reg_8__4_/D
centroid_y_reg_8__5_/D
centroid_y_reg_8__6_/D
centroid_y_reg_8__7_/D
centroid_y_reg_8__8_/D
centroid_y_reg_8__9_/D
centroid_y_reg_8__10_/D
centroid_y_reg_8__11_/D
centroid_y_reg_8__12_/D
centroid_y_reg_8__13_/D
centroid_y_reg_8__14_/D
centroid_y_reg_8__15_/D
centroid_y_reg_9__0_/D
centroid_y_reg_9__1_/D
centroid_y_reg_9__2_/D
centroid_y_reg_9__3_/D
centroid_y_reg_9__4_/D
centroid_y_reg_9__5_/D
centroid_y_reg_9__6_/D
centroid_y_reg_9__7_/D
centroid_y_reg_9__8_/D
centroid_y_reg_9__9_/D
centroid_y_reg_9__10_/D
centroid_y_reg_9__11_/D
centroid_y_reg_9__12_/D
centroid_y_reg_9__13_/D
centroid_y_reg_9__14_/D
centroid_y_reg_9__15_/D
cluster_count_reg_0__0_/D
cluster_count_reg_0__1_/D
cluster_count_reg_0__2_/D
cluster_count_reg_0__3_/D
cluster_count_reg_0__4_/D
cluster_count_reg_0__5_/D
cluster_count_reg_0__6_/D
cluster_count_reg_0__7_/D
cluster_count_reg_0__8_/D
cluster_count_reg_0__9_/D
cluster_count_reg_0__10_/D
cluster_count_reg_0__11_/D
cluster_count_reg_0__12_/D
cluster_count_reg_0__13_/D
cluster_count_reg_0__14_/D
cluster_count_reg_0__15_/D
cluster_count_reg_0__16_/D
cluster_count_reg_0__17_/D
cluster_count_reg_0__18_/D
cluster_count_reg_0__19_/D
cluster_count_reg_0__20_/D
cluster_count_reg_0__21_/D
cluster_count_reg_0__22_/D
cluster_count_reg_0__23_/D
cluster_count_reg_0__24_/D
cluster_count_reg_0__25_/D
cluster_count_reg_0__26_/D
cluster_count_reg_0__27_/D
cluster_count_reg_0__28_/D
cluster_count_reg_0__29_/D
cluster_count_reg_0__30_/D
cluster_count_reg_0__31_/D
cluster_count_reg_1__0_/D
cluster_count_reg_1__1_/D
cluster_count_reg_1__2_/D
cluster_count_reg_1__3_/D
cluster_count_reg_1__4_/D
cluster_count_reg_1__5_/D
cluster_count_reg_1__6_/D
cluster_count_reg_1__7_/D
cluster_count_reg_1__8_/D
cluster_count_reg_1__9_/D
cluster_count_reg_1__10_/D
cluster_count_reg_1__11_/D
cluster_count_reg_1__12_/D
cluster_count_reg_1__13_/D
cluster_count_reg_1__14_/D
cluster_count_reg_1__15_/D
cluster_count_reg_1__16_/D
cluster_count_reg_1__17_/D
cluster_count_reg_1__18_/D
cluster_count_reg_1__19_/D
cluster_count_reg_1__20_/D
cluster_count_reg_1__21_/D
cluster_count_reg_1__22_/D
cluster_count_reg_1__23_/D
cluster_count_reg_1__24_/D
cluster_count_reg_1__25_/D
cluster_count_reg_1__26_/D
cluster_count_reg_1__27_/D
cluster_count_reg_1__28_/D
cluster_count_reg_1__29_/D
cluster_count_reg_1__30_/D
cluster_count_reg_1__31_/D
cluster_count_reg_2__0_/D
cluster_count_reg_2__1_/D
cluster_count_reg_2__2_/D
cluster_count_reg_2__3_/D
cluster_count_reg_2__4_/D
cluster_count_reg_2__5_/D
cluster_count_reg_2__6_/D
cluster_count_reg_2__7_/D
cluster_count_reg_2__8_/D
cluster_count_reg_2__9_/D
cluster_count_reg_2__10_/D
cluster_count_reg_2__11_/D
cluster_count_reg_2__12_/D
cluster_count_reg_2__13_/D
cluster_count_reg_2__14_/D
cluster_count_reg_2__15_/D
cluster_count_reg_2__16_/D
cluster_count_reg_2__17_/D
cluster_count_reg_2__18_/D
cluster_count_reg_2__19_/D
cluster_count_reg_2__20_/D
cluster_count_reg_2__21_/D
cluster_count_reg_2__22_/D
cluster_count_reg_2__23_/D
cluster_count_reg_2__24_/D
cluster_count_reg_2__25_/D
cluster_count_reg_2__26_/D
cluster_count_reg_2__27_/D
cluster_count_reg_2__28_/D
cluster_count_reg_2__29_/D
cluster_count_reg_2__30_/D
cluster_count_reg_2__31_/D
cluster_count_reg_3__0_/D
cluster_count_reg_3__1_/D
cluster_count_reg_3__2_/D
cluster_count_reg_3__3_/D
cluster_count_reg_3__4_/D
cluster_count_reg_3__5_/D
cluster_count_reg_3__6_/D
cluster_count_reg_3__7_/D
cluster_count_reg_3__8_/D
cluster_count_reg_3__9_/D
cluster_count_reg_3__10_/D
cluster_count_reg_3__11_/D
cluster_count_reg_3__12_/D
cluster_count_reg_3__13_/D
cluster_count_reg_3__14_/D
cluster_count_reg_3__15_/D
cluster_count_reg_3__16_/D
cluster_count_reg_3__17_/D
cluster_count_reg_3__18_/D
cluster_count_reg_3__19_/D
cluster_count_reg_3__20_/D
cluster_count_reg_3__21_/D
cluster_count_reg_3__22_/D
cluster_count_reg_3__23_/D
cluster_count_reg_3__24_/D
cluster_count_reg_3__25_/D
cluster_count_reg_3__26_/D
cluster_count_reg_3__27_/D
cluster_count_reg_3__28_/D
cluster_count_reg_3__29_/D
cluster_count_reg_3__30_/D
cluster_count_reg_3__31_/D
cluster_count_reg_4__0_/D
cluster_count_reg_4__1_/D
cluster_count_reg_4__2_/D
cluster_count_reg_4__3_/D
cluster_count_reg_4__4_/D
cluster_count_reg_4__5_/D
cluster_count_reg_4__6_/D
cluster_count_reg_4__7_/D
cluster_count_reg_4__8_/D
cluster_count_reg_4__9_/D
cluster_count_reg_4__10_/D
cluster_count_reg_4__11_/D
cluster_count_reg_4__12_/D
cluster_count_reg_4__13_/D
cluster_count_reg_4__14_/D
cluster_count_reg_4__15_/D
cluster_count_reg_4__16_/D
cluster_count_reg_4__17_/D
cluster_count_reg_4__18_/D
cluster_count_reg_4__19_/D
cluster_count_reg_4__20_/D
cluster_count_reg_4__21_/D
cluster_count_reg_4__22_/D
cluster_count_reg_4__23_/D
cluster_count_reg_4__24_/D
cluster_count_reg_4__25_/D
cluster_count_reg_4__26_/D
cluster_count_reg_4__27_/D
cluster_count_reg_4__28_/D
cluster_count_reg_4__29_/D
cluster_count_reg_4__30_/D
cluster_count_reg_4__31_/D
cluster_count_reg_5__0_/D
cluster_count_reg_5__1_/D
cluster_count_reg_5__2_/D
cluster_count_reg_5__3_/D
cluster_count_reg_5__4_/D
cluster_count_reg_5__5_/D
cluster_count_reg_5__6_/D
cluster_count_reg_5__7_/D
cluster_count_reg_5__8_/D
cluster_count_reg_5__9_/D
cluster_count_reg_5__10_/D
cluster_count_reg_5__11_/D
cluster_count_reg_5__12_/D
cluster_count_reg_5__13_/D
cluster_count_reg_5__14_/D
cluster_count_reg_5__15_/D
cluster_count_reg_5__16_/D
cluster_count_reg_5__17_/D
cluster_count_reg_5__18_/D
cluster_count_reg_5__19_/D
cluster_count_reg_5__20_/D
cluster_count_reg_5__21_/D
cluster_count_reg_5__22_/D
cluster_count_reg_5__23_/D
cluster_count_reg_5__24_/D
cluster_count_reg_5__25_/D
cluster_count_reg_5__26_/D
cluster_count_reg_5__27_/D
cluster_count_reg_5__28_/D
cluster_count_reg_5__29_/D
cluster_count_reg_5__30_/D
cluster_count_reg_5__31_/D
cluster_count_reg_6__0_/D
cluster_count_reg_6__1_/D
cluster_count_reg_6__2_/D
cluster_count_reg_6__3_/D
cluster_count_reg_6__4_/D
cluster_count_reg_6__5_/D
cluster_count_reg_6__6_/D
cluster_count_reg_6__7_/D
cluster_count_reg_6__8_/D
cluster_count_reg_6__9_/D
cluster_count_reg_6__10_/D
cluster_count_reg_6__11_/D
cluster_count_reg_6__12_/D
cluster_count_reg_6__13_/D
cluster_count_reg_6__14_/D
cluster_count_reg_6__15_/D
cluster_count_reg_6__16_/D
cluster_count_reg_6__17_/D
cluster_count_reg_6__18_/D
cluster_count_reg_6__19_/D
cluster_count_reg_6__20_/D
cluster_count_reg_6__21_/D
cluster_count_reg_6__22_/D
cluster_count_reg_6__23_/D
cluster_count_reg_6__24_/D
cluster_count_reg_6__25_/D
cluster_count_reg_6__26_/D
cluster_count_reg_6__27_/D
cluster_count_reg_6__28_/D
cluster_count_reg_6__29_/D
cluster_count_reg_6__30_/D
cluster_count_reg_6__31_/D
cluster_count_reg_7__0_/D
cluster_count_reg_7__1_/D
cluster_count_reg_7__2_/D
cluster_count_reg_7__3_/D
cluster_count_reg_7__4_/D
cluster_count_reg_7__5_/D
cluster_count_reg_7__6_/D
cluster_count_reg_7__7_/D
cluster_count_reg_7__8_/D
cluster_count_reg_7__9_/D
cluster_count_reg_7__10_/D
cluster_count_reg_7__11_/D
cluster_count_reg_7__12_/D
cluster_count_reg_7__13_/D
cluster_count_reg_7__14_/D
cluster_count_reg_7__15_/D
cluster_count_reg_7__16_/D
cluster_count_reg_7__17_/D
cluster_count_reg_7__18_/D
cluster_count_reg_7__19_/D
cluster_count_reg_7__20_/D
cluster_count_reg_7__21_/D
cluster_count_reg_7__22_/D
cluster_count_reg_7__23_/D
cluster_count_reg_7__24_/D
cluster_count_reg_7__25_/D
cluster_count_reg_7__26_/D
cluster_count_reg_7__27_/D
cluster_count_reg_7__28_/D
cluster_count_reg_7__29_/D
cluster_count_reg_7__30_/D
cluster_count_reg_7__31_/D
cluster_count_reg_8__0_/D
cluster_count_reg_8__1_/D
cluster_count_reg_8__2_/D
cluster_count_reg_8__3_/D
cluster_count_reg_8__4_/D
cluster_count_reg_8__5_/D
cluster_count_reg_8__6_/D
cluster_count_reg_8__7_/D
cluster_count_reg_8__8_/D
cluster_count_reg_8__9_/D
cluster_count_reg_8__10_/D
cluster_count_reg_8__11_/D
cluster_count_reg_8__12_/D
cluster_count_reg_8__13_/D
cluster_count_reg_8__14_/D
cluster_count_reg_8__15_/D
cluster_count_reg_8__16_/D
cluster_count_reg_8__17_/D
cluster_count_reg_8__18_/D
cluster_count_reg_8__19_/D
cluster_count_reg_8__20_/D
cluster_count_reg_8__21_/D
cluster_count_reg_8__22_/D
cluster_count_reg_8__23_/D
cluster_count_reg_8__24_/D
cluster_count_reg_8__25_/D
cluster_count_reg_8__26_/D
cluster_count_reg_8__27_/D
cluster_count_reg_8__28_/D
cluster_count_reg_8__29_/D
cluster_count_reg_8__30_/D
cluster_count_reg_8__31_/D
cluster_count_reg_9__0_/D
cluster_count_reg_9__1_/D
cluster_count_reg_9__2_/D
cluster_count_reg_9__3_/D
cluster_count_reg_9__4_/D
cluster_count_reg_9__5_/D
cluster_count_reg_9__6_/D
cluster_count_reg_9__7_/D
cluster_count_reg_9__8_/D
cluster_count_reg_9__9_/D
cluster_count_reg_9__10_/D
cluster_count_reg_9__11_/D
cluster_count_reg_9__12_/D
cluster_count_reg_9__13_/D
cluster_count_reg_9__14_/D
cluster_count_reg_9__15_/D
cluster_count_reg_9__16_/D
cluster_count_reg_9__17_/D
cluster_count_reg_9__18_/D
cluster_count_reg_9__19_/D
cluster_count_reg_9__20_/D
cluster_count_reg_9__21_/D
cluster_count_reg_9__22_/D
cluster_count_reg_9__23_/D
cluster_count_reg_9__24_/D
cluster_count_reg_9__25_/D
cluster_count_reg_9__26_/D
cluster_count_reg_9__27_/D
cluster_count_reg_9__28_/D
cluster_count_reg_9__29_/D
cluster_count_reg_9__30_/D
cluster_count_reg_9__31_/D
cluster_sum_x_reg_0__0_/D
cluster_sum_x_reg_0__1_/D
cluster_sum_x_reg_0__2_/D
cluster_sum_x_reg_0__3_/D
cluster_sum_x_reg_0__4_/D
cluster_sum_x_reg_0__5_/D
cluster_sum_x_reg_0__6_/D
cluster_sum_x_reg_0__7_/D
cluster_sum_x_reg_0__8_/D
cluster_sum_x_reg_0__9_/D
cluster_sum_x_reg_0__10_/D
cluster_sum_x_reg_0__11_/D
cluster_sum_x_reg_0__12_/D
cluster_sum_x_reg_0__13_/D
cluster_sum_x_reg_0__14_/D
cluster_sum_x_reg_0__15_/D
cluster_sum_x_reg_0__16_/D
cluster_sum_x_reg_0__17_/D
cluster_sum_x_reg_0__18_/D
cluster_sum_x_reg_0__19_/D
cluster_sum_x_reg_0__20_/D
cluster_sum_x_reg_0__21_/D
cluster_sum_x_reg_0__22_/D
cluster_sum_x_reg_0__23_/D
cluster_sum_x_reg_0__24_/D
cluster_sum_x_reg_0__25_/D
cluster_sum_x_reg_0__26_/D
cluster_sum_x_reg_0__27_/D
cluster_sum_x_reg_0__28_/D
cluster_sum_x_reg_0__29_/D
cluster_sum_x_reg_0__30_/D
cluster_sum_x_reg_0__31_/D
cluster_sum_x_reg_1__0_/D
cluster_sum_x_reg_1__1_/D
cluster_sum_x_reg_1__2_/D
cluster_sum_x_reg_1__3_/D
cluster_sum_x_reg_1__4_/D
cluster_sum_x_reg_1__5_/D
cluster_sum_x_reg_1__6_/D
cluster_sum_x_reg_1__7_/D
cluster_sum_x_reg_1__8_/D
cluster_sum_x_reg_1__9_/D
cluster_sum_x_reg_1__10_/D
cluster_sum_x_reg_1__11_/D
cluster_sum_x_reg_1__12_/D
cluster_sum_x_reg_1__13_/D
cluster_sum_x_reg_1__14_/D
cluster_sum_x_reg_1__15_/D
cluster_sum_x_reg_1__16_/D
cluster_sum_x_reg_1__17_/D
cluster_sum_x_reg_1__18_/D
cluster_sum_x_reg_1__19_/D
cluster_sum_x_reg_1__20_/D
cluster_sum_x_reg_1__21_/D
cluster_sum_x_reg_1__22_/D
cluster_sum_x_reg_1__23_/D
cluster_sum_x_reg_1__24_/D
cluster_sum_x_reg_1__25_/D
cluster_sum_x_reg_1__26_/D
cluster_sum_x_reg_1__27_/D
cluster_sum_x_reg_1__28_/D
cluster_sum_x_reg_1__29_/D
cluster_sum_x_reg_1__30_/D
cluster_sum_x_reg_1__31_/D
cluster_sum_x_reg_2__0_/D
cluster_sum_x_reg_2__1_/D
cluster_sum_x_reg_2__2_/D
cluster_sum_x_reg_2__3_/D
cluster_sum_x_reg_2__4_/D
cluster_sum_x_reg_2__5_/D
cluster_sum_x_reg_2__6_/D
cluster_sum_x_reg_2__7_/D
cluster_sum_x_reg_2__8_/D
cluster_sum_x_reg_2__9_/D
cluster_sum_x_reg_2__10_/D
cluster_sum_x_reg_2__11_/D
cluster_sum_x_reg_2__12_/D
cluster_sum_x_reg_2__13_/D
cluster_sum_x_reg_2__14_/D
cluster_sum_x_reg_2__15_/D
cluster_sum_x_reg_2__16_/D
cluster_sum_x_reg_2__17_/D
cluster_sum_x_reg_2__18_/D
cluster_sum_x_reg_2__19_/D
cluster_sum_x_reg_2__20_/D
cluster_sum_x_reg_2__21_/D
cluster_sum_x_reg_2__22_/D
cluster_sum_x_reg_2__23_/D
cluster_sum_x_reg_2__24_/D
cluster_sum_x_reg_2__25_/D
cluster_sum_x_reg_2__26_/D
cluster_sum_x_reg_2__27_/D
cluster_sum_x_reg_2__28_/D
cluster_sum_x_reg_2__29_/D
cluster_sum_x_reg_2__30_/D
cluster_sum_x_reg_2__31_/D
cluster_sum_x_reg_3__0_/D
cluster_sum_x_reg_3__1_/D
cluster_sum_x_reg_3__2_/D
cluster_sum_x_reg_3__3_/D
cluster_sum_x_reg_3__4_/D
cluster_sum_x_reg_3__5_/D
cluster_sum_x_reg_3__6_/D
cluster_sum_x_reg_3__7_/D
cluster_sum_x_reg_3__8_/D
cluster_sum_x_reg_3__9_/D
cluster_sum_x_reg_3__10_/D
cluster_sum_x_reg_3__11_/D
cluster_sum_x_reg_3__12_/D
cluster_sum_x_reg_3__13_/D
cluster_sum_x_reg_3__14_/D
cluster_sum_x_reg_3__15_/D
cluster_sum_x_reg_3__16_/D
cluster_sum_x_reg_3__17_/D
cluster_sum_x_reg_3__18_/D
cluster_sum_x_reg_3__19_/D
cluster_sum_x_reg_3__20_/D
cluster_sum_x_reg_3__21_/D
cluster_sum_x_reg_3__22_/D
cluster_sum_x_reg_3__23_/D
cluster_sum_x_reg_3__24_/D
cluster_sum_x_reg_3__25_/D
cluster_sum_x_reg_3__26_/D
cluster_sum_x_reg_3__27_/D
cluster_sum_x_reg_3__28_/D
cluster_sum_x_reg_3__29_/D
cluster_sum_x_reg_3__30_/D
cluster_sum_x_reg_3__31_/D
cluster_sum_x_reg_4__0_/D
cluster_sum_x_reg_4__1_/D
cluster_sum_x_reg_4__2_/D
cluster_sum_x_reg_4__3_/D
cluster_sum_x_reg_4__4_/D
cluster_sum_x_reg_4__5_/D
cluster_sum_x_reg_4__6_/D
cluster_sum_x_reg_4__7_/D
cluster_sum_x_reg_4__8_/D
cluster_sum_x_reg_4__9_/D
cluster_sum_x_reg_4__10_/D
cluster_sum_x_reg_4__11_/D
cluster_sum_x_reg_4__12_/D
cluster_sum_x_reg_4__13_/D
cluster_sum_x_reg_4__14_/D
cluster_sum_x_reg_4__15_/D
cluster_sum_x_reg_4__16_/D
cluster_sum_x_reg_4__17_/D
cluster_sum_x_reg_4__18_/D
cluster_sum_x_reg_4__19_/D
cluster_sum_x_reg_4__20_/D
cluster_sum_x_reg_4__21_/D
cluster_sum_x_reg_4__22_/D
cluster_sum_x_reg_4__23_/D
cluster_sum_x_reg_4__24_/D
cluster_sum_x_reg_4__25_/D
cluster_sum_x_reg_4__26_/D
cluster_sum_x_reg_4__27_/D
cluster_sum_x_reg_4__28_/D
cluster_sum_x_reg_4__29_/D
cluster_sum_x_reg_4__30_/D
cluster_sum_x_reg_4__31_/D
cluster_sum_x_reg_5__0_/D
cluster_sum_x_reg_5__1_/D
cluster_sum_x_reg_5__2_/D
cluster_sum_x_reg_5__3_/D
cluster_sum_x_reg_5__4_/D
cluster_sum_x_reg_5__5_/D
cluster_sum_x_reg_5__6_/D
cluster_sum_x_reg_5__7_/D
cluster_sum_x_reg_5__8_/D
cluster_sum_x_reg_5__9_/D
cluster_sum_x_reg_5__10_/D
cluster_sum_x_reg_5__11_/D
cluster_sum_x_reg_5__12_/D
cluster_sum_x_reg_5__13_/D
cluster_sum_x_reg_5__14_/D
cluster_sum_x_reg_5__15_/D
cluster_sum_x_reg_5__16_/D
cluster_sum_x_reg_5__17_/D
cluster_sum_x_reg_5__18_/D
cluster_sum_x_reg_5__19_/D
cluster_sum_x_reg_5__20_/D
cluster_sum_x_reg_5__21_/D
cluster_sum_x_reg_5__22_/D
cluster_sum_x_reg_5__23_/D
cluster_sum_x_reg_5__24_/D
cluster_sum_x_reg_5__25_/D
cluster_sum_x_reg_5__26_/D
cluster_sum_x_reg_5__27_/D
cluster_sum_x_reg_5__28_/D
cluster_sum_x_reg_5__29_/D
cluster_sum_x_reg_5__30_/D
cluster_sum_x_reg_5__31_/D
cluster_sum_x_reg_6__0_/D
cluster_sum_x_reg_6__1_/D
cluster_sum_x_reg_6__2_/D
cluster_sum_x_reg_6__3_/D
cluster_sum_x_reg_6__4_/D
cluster_sum_x_reg_6__5_/D
cluster_sum_x_reg_6__6_/D
cluster_sum_x_reg_6__7_/D
cluster_sum_x_reg_6__8_/D
cluster_sum_x_reg_6__9_/D
cluster_sum_x_reg_6__10_/D
cluster_sum_x_reg_6__11_/D
cluster_sum_x_reg_6__12_/D
cluster_sum_x_reg_6__13_/D
cluster_sum_x_reg_6__14_/D
cluster_sum_x_reg_6__15_/D
cluster_sum_x_reg_6__16_/D
cluster_sum_x_reg_6__17_/D
cluster_sum_x_reg_6__18_/D
cluster_sum_x_reg_6__19_/D
cluster_sum_x_reg_6__20_/D
cluster_sum_x_reg_6__21_/D
cluster_sum_x_reg_6__22_/D
cluster_sum_x_reg_6__23_/D
cluster_sum_x_reg_6__24_/D
cluster_sum_x_reg_6__25_/D
cluster_sum_x_reg_6__26_/D
cluster_sum_x_reg_6__27_/D
cluster_sum_x_reg_6__28_/D
cluster_sum_x_reg_6__29_/D
cluster_sum_x_reg_6__30_/D
cluster_sum_x_reg_6__31_/D
cluster_sum_x_reg_7__0_/D
cluster_sum_x_reg_7__1_/D
cluster_sum_x_reg_7__2_/D
cluster_sum_x_reg_7__3_/D
cluster_sum_x_reg_7__4_/D
cluster_sum_x_reg_7__5_/D
cluster_sum_x_reg_7__6_/D
cluster_sum_x_reg_7__7_/D
cluster_sum_x_reg_7__8_/D
cluster_sum_x_reg_7__9_/D
cluster_sum_x_reg_7__10_/D
cluster_sum_x_reg_7__11_/D
cluster_sum_x_reg_7__12_/D
cluster_sum_x_reg_7__13_/D
cluster_sum_x_reg_7__14_/D
cluster_sum_x_reg_7__15_/D
cluster_sum_x_reg_7__16_/D
cluster_sum_x_reg_7__17_/D
cluster_sum_x_reg_7__18_/D
cluster_sum_x_reg_7__19_/D
cluster_sum_x_reg_7__20_/D
cluster_sum_x_reg_7__21_/D
cluster_sum_x_reg_7__22_/D
cluster_sum_x_reg_7__23_/D
cluster_sum_x_reg_7__24_/D
cluster_sum_x_reg_7__25_/D
cluster_sum_x_reg_7__26_/D
cluster_sum_x_reg_7__27_/D
cluster_sum_x_reg_7__28_/D
cluster_sum_x_reg_7__29_/D
cluster_sum_x_reg_7__30_/D
cluster_sum_x_reg_7__31_/D
cluster_sum_x_reg_8__0_/D
cluster_sum_x_reg_8__1_/D
cluster_sum_x_reg_8__2_/D
cluster_sum_x_reg_8__3_/D
cluster_sum_x_reg_8__4_/D
cluster_sum_x_reg_8__5_/D
cluster_sum_x_reg_8__6_/D
cluster_sum_x_reg_8__7_/D
cluster_sum_x_reg_8__8_/D
cluster_sum_x_reg_8__9_/D
cluster_sum_x_reg_8__10_/D
cluster_sum_x_reg_8__11_/D
cluster_sum_x_reg_8__12_/D
cluster_sum_x_reg_8__13_/D
cluster_sum_x_reg_8__14_/D
cluster_sum_x_reg_8__15_/D
cluster_sum_x_reg_8__16_/D
cluster_sum_x_reg_8__17_/D
cluster_sum_x_reg_8__18_/D
cluster_sum_x_reg_8__19_/D
cluster_sum_x_reg_8__20_/D
cluster_sum_x_reg_8__21_/D
cluster_sum_x_reg_8__22_/D
cluster_sum_x_reg_8__23_/D
cluster_sum_x_reg_8__24_/D
cluster_sum_x_reg_8__25_/D
cluster_sum_x_reg_8__26_/D
cluster_sum_x_reg_8__27_/D
cluster_sum_x_reg_8__28_/D
cluster_sum_x_reg_8__29_/D
cluster_sum_x_reg_8__30_/D
cluster_sum_x_reg_8__31_/D
cluster_sum_x_reg_9__0_/D
cluster_sum_x_reg_9__1_/D
cluster_sum_x_reg_9__2_/D
cluster_sum_x_reg_9__3_/D
cluster_sum_x_reg_9__4_/D
cluster_sum_x_reg_9__5_/D
cluster_sum_x_reg_9__6_/D
cluster_sum_x_reg_9__7_/D
cluster_sum_x_reg_9__8_/D
cluster_sum_x_reg_9__9_/D
cluster_sum_x_reg_9__10_/D
cluster_sum_x_reg_9__11_/D
cluster_sum_x_reg_9__12_/D
cluster_sum_x_reg_9__13_/D
cluster_sum_x_reg_9__14_/D
cluster_sum_x_reg_9__15_/D
cluster_sum_x_reg_9__16_/D
cluster_sum_x_reg_9__17_/D
cluster_sum_x_reg_9__18_/D
cluster_sum_x_reg_9__19_/D
cluster_sum_x_reg_9__20_/D
cluster_sum_x_reg_9__21_/D
cluster_sum_x_reg_9__22_/D
cluster_sum_x_reg_9__23_/D
cluster_sum_x_reg_9__24_/D
cluster_sum_x_reg_9__25_/D
cluster_sum_x_reg_9__26_/D
cluster_sum_x_reg_9__27_/D
cluster_sum_x_reg_9__28_/D
cluster_sum_x_reg_9__29_/D
cluster_sum_x_reg_9__30_/D
cluster_sum_x_reg_9__31_/D
cluster_sum_y_reg_0__0_/D
cluster_sum_y_reg_0__1_/D
cluster_sum_y_reg_0__2_/D
cluster_sum_y_reg_0__3_/D
cluster_sum_y_reg_0__4_/D
cluster_sum_y_reg_0__5_/D
cluster_sum_y_reg_0__6_/D
cluster_sum_y_reg_0__7_/D
cluster_sum_y_reg_0__8_/D
cluster_sum_y_reg_0__9_/D
cluster_sum_y_reg_0__10_/D
cluster_sum_y_reg_0__11_/D
cluster_sum_y_reg_0__12_/D
cluster_sum_y_reg_0__13_/D
cluster_sum_y_reg_0__14_/D
cluster_sum_y_reg_0__15_/D
cluster_sum_y_reg_0__16_/D
cluster_sum_y_reg_0__17_/D
cluster_sum_y_reg_0__18_/D
cluster_sum_y_reg_0__19_/D
cluster_sum_y_reg_0__20_/D
cluster_sum_y_reg_0__21_/D
cluster_sum_y_reg_0__22_/D
cluster_sum_y_reg_0__23_/D
cluster_sum_y_reg_0__24_/D
cluster_sum_y_reg_0__25_/D
cluster_sum_y_reg_0__26_/D
cluster_sum_y_reg_0__27_/D
cluster_sum_y_reg_0__28_/D
cluster_sum_y_reg_0__29_/D
cluster_sum_y_reg_0__30_/D
cluster_sum_y_reg_0__31_/D
cluster_sum_y_reg_1__0_/D
cluster_sum_y_reg_1__1_/D
cluster_sum_y_reg_1__2_/D
cluster_sum_y_reg_1__3_/D
cluster_sum_y_reg_1__4_/D
cluster_sum_y_reg_1__5_/D
cluster_sum_y_reg_1__6_/D
cluster_sum_y_reg_1__7_/D
cluster_sum_y_reg_1__8_/D
cluster_sum_y_reg_1__9_/D
cluster_sum_y_reg_1__10_/D
cluster_sum_y_reg_1__11_/D
cluster_sum_y_reg_1__12_/D
cluster_sum_y_reg_1__13_/D
cluster_sum_y_reg_1__14_/D
cluster_sum_y_reg_1__15_/D
cluster_sum_y_reg_1__16_/D
cluster_sum_y_reg_1__17_/D
cluster_sum_y_reg_1__18_/D
cluster_sum_y_reg_1__19_/D
cluster_sum_y_reg_1__20_/D
cluster_sum_y_reg_1__21_/D
cluster_sum_y_reg_1__22_/D
cluster_sum_y_reg_1__23_/D
cluster_sum_y_reg_1__24_/D
cluster_sum_y_reg_1__25_/D
cluster_sum_y_reg_1__26_/D
cluster_sum_y_reg_1__27_/D
cluster_sum_y_reg_1__28_/D
cluster_sum_y_reg_1__29_/D
cluster_sum_y_reg_1__30_/D
cluster_sum_y_reg_1__31_/D
cluster_sum_y_reg_2__0_/D
cluster_sum_y_reg_2__1_/D
cluster_sum_y_reg_2__2_/D
cluster_sum_y_reg_2__3_/D
cluster_sum_y_reg_2__4_/D
cluster_sum_y_reg_2__5_/D
cluster_sum_y_reg_2__6_/D
cluster_sum_y_reg_2__7_/D
cluster_sum_y_reg_2__8_/D
cluster_sum_y_reg_2__9_/D
cluster_sum_y_reg_2__10_/D
cluster_sum_y_reg_2__11_/D
cluster_sum_y_reg_2__12_/D
cluster_sum_y_reg_2__13_/D
cluster_sum_y_reg_2__14_/D
cluster_sum_y_reg_2__15_/D
cluster_sum_y_reg_2__16_/D
cluster_sum_y_reg_2__17_/D
cluster_sum_y_reg_2__18_/D
cluster_sum_y_reg_2__19_/D
cluster_sum_y_reg_2__20_/D
cluster_sum_y_reg_2__21_/D
cluster_sum_y_reg_2__22_/D
cluster_sum_y_reg_2__23_/D
cluster_sum_y_reg_2__24_/D
cluster_sum_y_reg_2__25_/D
cluster_sum_y_reg_2__26_/D
cluster_sum_y_reg_2__27_/D
cluster_sum_y_reg_2__28_/D
cluster_sum_y_reg_2__29_/D
cluster_sum_y_reg_2__30_/D
cluster_sum_y_reg_2__31_/D
cluster_sum_y_reg_3__0_/D
cluster_sum_y_reg_3__1_/D
cluster_sum_y_reg_3__2_/D
cluster_sum_y_reg_3__3_/D
cluster_sum_y_reg_3__4_/D
cluster_sum_y_reg_3__5_/D
cluster_sum_y_reg_3__6_/D
cluster_sum_y_reg_3__7_/D
cluster_sum_y_reg_3__8_/D
cluster_sum_y_reg_3__9_/D
cluster_sum_y_reg_3__10_/D
cluster_sum_y_reg_3__11_/D
cluster_sum_y_reg_3__12_/D
cluster_sum_y_reg_3__13_/D
cluster_sum_y_reg_3__14_/D
cluster_sum_y_reg_3__15_/D
cluster_sum_y_reg_3__16_/D
cluster_sum_y_reg_3__17_/D
cluster_sum_y_reg_3__18_/D
cluster_sum_y_reg_3__19_/D
cluster_sum_y_reg_3__20_/D
cluster_sum_y_reg_3__21_/D
cluster_sum_y_reg_3__22_/D
cluster_sum_y_reg_3__23_/D
cluster_sum_y_reg_3__24_/D
cluster_sum_y_reg_3__25_/D
cluster_sum_y_reg_3__26_/D
cluster_sum_y_reg_3__27_/D
cluster_sum_y_reg_3__28_/D
cluster_sum_y_reg_3__29_/D
cluster_sum_y_reg_3__30_/D
cluster_sum_y_reg_3__31_/D
cluster_sum_y_reg_4__0_/D
cluster_sum_y_reg_4__1_/D
cluster_sum_y_reg_4__2_/D
cluster_sum_y_reg_4__3_/D
cluster_sum_y_reg_4__4_/D
cluster_sum_y_reg_4__5_/D
cluster_sum_y_reg_4__6_/D
cluster_sum_y_reg_4__7_/D
cluster_sum_y_reg_4__8_/D
cluster_sum_y_reg_4__9_/D
cluster_sum_y_reg_4__10_/D
cluster_sum_y_reg_4__11_/D
cluster_sum_y_reg_4__12_/D
cluster_sum_y_reg_4__13_/D
cluster_sum_y_reg_4__14_/D
cluster_sum_y_reg_4__15_/D
cluster_sum_y_reg_4__16_/D
cluster_sum_y_reg_4__17_/D
cluster_sum_y_reg_4__18_/D
cluster_sum_y_reg_4__19_/D
cluster_sum_y_reg_4__20_/D
cluster_sum_y_reg_4__21_/D
cluster_sum_y_reg_4__22_/D
cluster_sum_y_reg_4__23_/D
cluster_sum_y_reg_4__24_/D
cluster_sum_y_reg_4__25_/D
cluster_sum_y_reg_4__26_/D
cluster_sum_y_reg_4__27_/D
cluster_sum_y_reg_4__28_/D
cluster_sum_y_reg_4__29_/D
cluster_sum_y_reg_4__30_/D
cluster_sum_y_reg_4__31_/D
cluster_sum_y_reg_5__0_/D
cluster_sum_y_reg_5__1_/D
cluster_sum_y_reg_5__2_/D
cluster_sum_y_reg_5__3_/D
cluster_sum_y_reg_5__4_/D
cluster_sum_y_reg_5__5_/D
cluster_sum_y_reg_5__6_/D
cluster_sum_y_reg_5__7_/D
cluster_sum_y_reg_5__8_/D
cluster_sum_y_reg_5__9_/D
cluster_sum_y_reg_5__10_/D
cluster_sum_y_reg_5__11_/D
cluster_sum_y_reg_5__12_/D
cluster_sum_y_reg_5__13_/D
cluster_sum_y_reg_5__14_/D
cluster_sum_y_reg_5__15_/D
cluster_sum_y_reg_5__16_/D
cluster_sum_y_reg_5__17_/D
cluster_sum_y_reg_5__18_/D
cluster_sum_y_reg_5__19_/D
cluster_sum_y_reg_5__20_/D
cluster_sum_y_reg_5__21_/D
cluster_sum_y_reg_5__22_/D
cluster_sum_y_reg_5__23_/D
cluster_sum_y_reg_5__24_/D
cluster_sum_y_reg_5__25_/D
cluster_sum_y_reg_5__26_/D
cluster_sum_y_reg_5__27_/D
cluster_sum_y_reg_5__28_/D
cluster_sum_y_reg_5__29_/D
cluster_sum_y_reg_5__30_/D
cluster_sum_y_reg_5__31_/D
cluster_sum_y_reg_6__0_/D
cluster_sum_y_reg_6__1_/D
cluster_sum_y_reg_6__2_/D
cluster_sum_y_reg_6__3_/D
cluster_sum_y_reg_6__4_/D
cluster_sum_y_reg_6__5_/D
cluster_sum_y_reg_6__6_/D
cluster_sum_y_reg_6__7_/D
cluster_sum_y_reg_6__8_/D
cluster_sum_y_reg_6__9_/D
cluster_sum_y_reg_6__10_/D
cluster_sum_y_reg_6__11_/D
cluster_sum_y_reg_6__12_/D
cluster_sum_y_reg_6__13_/D
cluster_sum_y_reg_6__14_/D
cluster_sum_y_reg_6__15_/D
cluster_sum_y_reg_6__16_/D
cluster_sum_y_reg_6__17_/D
cluster_sum_y_reg_6__18_/D
cluster_sum_y_reg_6__19_/D
cluster_sum_y_reg_6__20_/D
cluster_sum_y_reg_6__21_/D
cluster_sum_y_reg_6__22_/D
cluster_sum_y_reg_6__23_/D
cluster_sum_y_reg_6__24_/D
cluster_sum_y_reg_6__25_/D
cluster_sum_y_reg_6__26_/D
cluster_sum_y_reg_6__27_/D
cluster_sum_y_reg_6__28_/D
cluster_sum_y_reg_6__29_/D
cluster_sum_y_reg_6__30_/D
cluster_sum_y_reg_6__31_/D
cluster_sum_y_reg_7__0_/D
cluster_sum_y_reg_7__1_/D
cluster_sum_y_reg_7__2_/D
cluster_sum_y_reg_7__3_/D
cluster_sum_y_reg_7__4_/D
cluster_sum_y_reg_7__5_/D
cluster_sum_y_reg_7__6_/D
cluster_sum_y_reg_7__7_/D
cluster_sum_y_reg_7__8_/D
cluster_sum_y_reg_7__9_/D
cluster_sum_y_reg_7__10_/D
cluster_sum_y_reg_7__11_/D
cluster_sum_y_reg_7__12_/D
cluster_sum_y_reg_7__13_/D
cluster_sum_y_reg_7__14_/D
cluster_sum_y_reg_7__15_/D
cluster_sum_y_reg_7__16_/D
cluster_sum_y_reg_7__17_/D
cluster_sum_y_reg_7__18_/D
cluster_sum_y_reg_7__19_/D
cluster_sum_y_reg_7__20_/D
cluster_sum_y_reg_7__21_/D
cluster_sum_y_reg_7__22_/D
cluster_sum_y_reg_7__23_/D
cluster_sum_y_reg_7__24_/D
cluster_sum_y_reg_7__25_/D
cluster_sum_y_reg_7__26_/D
cluster_sum_y_reg_7__27_/D
cluster_sum_y_reg_7__28_/D
cluster_sum_y_reg_7__29_/D
cluster_sum_y_reg_7__30_/D
cluster_sum_y_reg_7__31_/D
cluster_sum_y_reg_8__0_/D
cluster_sum_y_reg_8__1_/D
cluster_sum_y_reg_8__2_/D
cluster_sum_y_reg_8__3_/D
cluster_sum_y_reg_8__4_/D
cluster_sum_y_reg_8__5_/D
cluster_sum_y_reg_8__6_/D
cluster_sum_y_reg_8__7_/D
cluster_sum_y_reg_8__8_/D
cluster_sum_y_reg_8__9_/D
cluster_sum_y_reg_8__10_/D
cluster_sum_y_reg_8__11_/D
cluster_sum_y_reg_8__12_/D
cluster_sum_y_reg_8__13_/D
cluster_sum_y_reg_8__14_/D
cluster_sum_y_reg_8__15_/D
cluster_sum_y_reg_8__16_/D
cluster_sum_y_reg_8__17_/D
cluster_sum_y_reg_8__18_/D
cluster_sum_y_reg_8__19_/D
cluster_sum_y_reg_8__20_/D
cluster_sum_y_reg_8__21_/D
cluster_sum_y_reg_8__22_/D
cluster_sum_y_reg_8__23_/D
cluster_sum_y_reg_8__24_/D
cluster_sum_y_reg_8__25_/D
cluster_sum_y_reg_8__26_/D
cluster_sum_y_reg_8__27_/D
cluster_sum_y_reg_8__28_/D
cluster_sum_y_reg_8__29_/D
cluster_sum_y_reg_8__30_/D
cluster_sum_y_reg_8__31_/D
cluster_sum_y_reg_9__0_/D
cluster_sum_y_reg_9__1_/D
cluster_sum_y_reg_9__2_/D
cluster_sum_y_reg_9__3_/D
cluster_sum_y_reg_9__4_/D
cluster_sum_y_reg_9__5_/D
cluster_sum_y_reg_9__6_/D
cluster_sum_y_reg_9__7_/D
cluster_sum_y_reg_9__8_/D
cluster_sum_y_reg_9__9_/D
cluster_sum_y_reg_9__10_/D
cluster_sum_y_reg_9__11_/D
cluster_sum_y_reg_9__12_/D
cluster_sum_y_reg_9__13_/D
cluster_sum_y_reg_9__14_/D
cluster_sum_y_reg_9__15_/D
cluster_sum_y_reg_9__16_/D
cluster_sum_y_reg_9__17_/D
cluster_sum_y_reg_9__18_/D
cluster_sum_y_reg_9__19_/D
cluster_sum_y_reg_9__20_/D
cluster_sum_y_reg_9__21_/D
cluster_sum_y_reg_9__22_/D
cluster_sum_y_reg_9__23_/D
cluster_sum_y_reg_9__24_/D
cluster_sum_y_reg_9__25_/D
cluster_sum_y_reg_9__26_/D
cluster_sum_y_reg_9__27_/D
cluster_sum_y_reg_9__28_/D
cluster_sum_y_reg_9__29_/D
cluster_sum_y_reg_9__30_/D
cluster_sum_y_reg_9__31_/D
cx_reg_0__0_/D
cx_reg_0__1_/D
cx_reg_0__2_/D
cx_reg_0__3_/D
cx_reg_0__4_/D
cx_reg_0__5_/D
cx_reg_0__6_/D
cx_reg_0__7_/D
cx_reg_0__8_/D
cx_reg_0__9_/D
cx_reg_0__10_/D
cx_reg_0__11_/D
cx_reg_0__12_/D
cx_reg_0__13_/D
cx_reg_0__14_/D
cx_reg_0__15_/D
cx_reg_1__0_/D
cx_reg_1__1_/D
cx_reg_1__2_/D
cx_reg_1__3_/D
cx_reg_1__4_/D
cx_reg_1__5_/D
cx_reg_1__6_/D
cx_reg_1__7_/D
cx_reg_1__8_/D
cx_reg_1__9_/D
cx_reg_1__10_/D
cx_reg_1__11_/D
cx_reg_1__12_/D
cx_reg_1__13_/D
cx_reg_1__14_/D
cx_reg_1__15_/D
cx_reg_2__0_/D
cx_reg_2__1_/D
cx_reg_2__2_/D
cx_reg_2__3_/D
cx_reg_2__4_/D
cx_reg_2__5_/D
cx_reg_2__6_/D
cx_reg_2__7_/D
cx_reg_2__8_/D
cx_reg_2__9_/D
cx_reg_2__10_/D
cx_reg_2__11_/D
cx_reg_2__12_/D
cx_reg_2__13_/D
cx_reg_2__14_/D
cx_reg_2__15_/D
cx_reg_3__0_/D
cx_reg_3__1_/D
cx_reg_3__2_/D
cx_reg_3__3_/D
cx_reg_3__4_/D
cx_reg_3__5_/D
cx_reg_3__6_/D
cx_reg_3__7_/D
cx_reg_3__8_/D
cx_reg_3__9_/D
cx_reg_3__10_/D
cx_reg_3__11_/D
cx_reg_3__12_/D
cx_reg_3__13_/D
cx_reg_3__14_/D
cx_reg_3__15_/D
cx_reg_4__0_/D
cx_reg_4__1_/D
cx_reg_4__2_/D
cx_reg_4__3_/D
cx_reg_4__4_/D
cx_reg_4__5_/D
cx_reg_4__6_/D
cx_reg_4__7_/D
cx_reg_4__8_/D
cx_reg_4__9_/D
cx_reg_4__10_/D
cx_reg_4__11_/D
cx_reg_4__12_/D
cx_reg_4__13_/D
cx_reg_4__14_/D
cx_reg_4__15_/D
cx_reg_5__0_/D
cx_reg_5__1_/D
cx_reg_5__2_/D
cx_reg_5__3_/D
cx_reg_5__4_/D
cx_reg_5__5_/D
cx_reg_5__6_/D
cx_reg_5__7_/D
cx_reg_5__8_/D
cx_reg_5__9_/D
cx_reg_5__10_/D
cx_reg_5__11_/D
cx_reg_5__12_/D
cx_reg_5__13_/D
cx_reg_5__14_/D
cx_reg_5__15_/D
cx_reg_6__0_/D
cx_reg_6__1_/D
cx_reg_6__2_/D
cx_reg_6__3_/D
cx_reg_6__4_/D
cx_reg_6__5_/D
cx_reg_6__6_/D
cx_reg_6__7_/D
cx_reg_6__8_/D
cx_reg_6__9_/D
cx_reg_6__10_/D
cx_reg_6__11_/D
cx_reg_6__12_/D
cx_reg_6__13_/D
cx_reg_6__14_/D
cx_reg_6__15_/D
cx_reg_7__0_/D
cx_reg_7__1_/D
cx_reg_7__2_/D
cx_reg_7__3_/D
cx_reg_7__4_/D
cx_reg_7__5_/D
cx_reg_7__6_/D
cx_reg_7__7_/D
cx_reg_7__8_/D
cx_reg_7__9_/D
cx_reg_7__10_/D
cx_reg_7__11_/D
cx_reg_7__12_/D
cx_reg_7__13_/D
cx_reg_7__14_/D
cx_reg_7__15_/D
cx_reg_8__0_/D
cx_reg_8__1_/D
cx_reg_8__2_/D
cx_reg_8__3_/D
cx_reg_8__4_/D
cx_reg_8__5_/D
cx_reg_8__6_/D
cx_reg_8__7_/D
cx_reg_8__8_/D
cx_reg_8__9_/D
cx_reg_8__10_/D
cx_reg_8__11_/D
cx_reg_8__12_/D
cx_reg_8__13_/D
cx_reg_8__14_/D
cx_reg_8__15_/D
cx_reg_9__0_/D
cx_reg_9__1_/D
cx_reg_9__2_/D
cx_reg_9__3_/D
cx_reg_9__4_/D
cx_reg_9__5_/D
cx_reg_9__6_/D
cx_reg_9__7_/D
cx_reg_9__8_/D
cx_reg_9__9_/D
cx_reg_9__10_/D
cx_reg_9__11_/D
cx_reg_9__12_/D
cx_reg_9__13_/D
cx_reg_9__14_/D
cx_reg_9__15_/D
cy_reg_0__0_/D
cy_reg_0__1_/D
cy_reg_0__2_/D
cy_reg_0__3_/D
cy_reg_0__4_/D
cy_reg_0__5_/D
cy_reg_0__6_/D
cy_reg_0__7_/D
cy_reg_0__8_/D
cy_reg_0__9_/D
cy_reg_0__10_/D
cy_reg_0__11_/D
cy_reg_0__12_/D
cy_reg_0__13_/D
cy_reg_0__14_/D
cy_reg_0__15_/D
cy_reg_1__0_/D
cy_reg_1__1_/D
cy_reg_1__2_/D
cy_reg_1__3_/D
cy_reg_1__4_/D
cy_reg_1__5_/D
cy_reg_1__6_/D
cy_reg_1__7_/D
cy_reg_1__8_/D
cy_reg_1__9_/D
cy_reg_1__10_/D
cy_reg_1__11_/D
cy_reg_1__12_/D
cy_reg_1__13_/D
cy_reg_1__14_/D
cy_reg_1__15_/D
cy_reg_2__0_/D
cy_reg_2__1_/D
cy_reg_2__2_/D
cy_reg_2__3_/D
cy_reg_2__4_/D
cy_reg_2__5_/D
cy_reg_2__6_/D
cy_reg_2__7_/D
cy_reg_2__8_/D
cy_reg_2__9_/D
cy_reg_2__10_/D
cy_reg_2__11_/D
cy_reg_2__12_/D
cy_reg_2__13_/D
cy_reg_2__14_/D
cy_reg_2__15_/D
cy_reg_3__0_/D
cy_reg_3__1_/D
cy_reg_3__2_/D
cy_reg_3__3_/D
cy_reg_3__4_/D
cy_reg_3__5_/D
cy_reg_3__6_/D
cy_reg_3__7_/D
cy_reg_3__8_/D
cy_reg_3__9_/D
cy_reg_3__10_/D
cy_reg_3__11_/D
cy_reg_3__12_/D
cy_reg_3__13_/D
cy_reg_3__14_/D
cy_reg_3__15_/D
cy_reg_4__0_/D
cy_reg_4__1_/D
cy_reg_4__2_/D
cy_reg_4__3_/D
cy_reg_4__4_/D
cy_reg_4__5_/D
cy_reg_4__6_/D
cy_reg_4__7_/D
cy_reg_4__8_/D
cy_reg_4__9_/D
cy_reg_4__10_/D
cy_reg_4__11_/D
cy_reg_4__12_/D
cy_reg_4__13_/D
cy_reg_4__14_/D
cy_reg_4__15_/D
cy_reg_5__0_/D
cy_reg_5__1_/D
cy_reg_5__2_/D
cy_reg_5__3_/D
cy_reg_5__4_/D
cy_reg_5__5_/D
cy_reg_5__6_/D
cy_reg_5__7_/D
cy_reg_5__8_/D
cy_reg_5__9_/D
cy_reg_5__10_/D
cy_reg_5__11_/D
cy_reg_5__12_/D
cy_reg_5__13_/D
cy_reg_5__14_/D
cy_reg_5__15_/D
cy_reg_6__0_/D
cy_reg_6__1_/D
cy_reg_6__2_/D
cy_reg_6__3_/D
cy_reg_6__4_/D
cy_reg_6__5_/D
cy_reg_6__6_/D
cy_reg_6__7_/D
cy_reg_6__8_/D
cy_reg_6__9_/D
cy_reg_6__10_/D
cy_reg_6__11_/D
cy_reg_6__12_/D
cy_reg_6__13_/D
cy_reg_6__14_/D
cy_reg_6__15_/D
cy_reg_7__0_/D
cy_reg_7__1_/D
cy_reg_7__2_/D
cy_reg_7__3_/D
cy_reg_7__4_/D
cy_reg_7__5_/D
cy_reg_7__6_/D
cy_reg_7__7_/D
cy_reg_7__8_/D
cy_reg_7__9_/D
cy_reg_7__10_/D
cy_reg_7__11_/D
cy_reg_7__12_/D
cy_reg_7__13_/D
cy_reg_7__14_/D
cy_reg_7__15_/D
cy_reg_8__0_/D
cy_reg_8__1_/D
cy_reg_8__2_/D
cy_reg_8__3_/D
cy_reg_8__4_/D
cy_reg_8__5_/D
cy_reg_8__6_/D
cy_reg_8__7_/D
cy_reg_8__8_/D
cy_reg_8__9_/D
cy_reg_8__10_/D
cy_reg_8__11_/D
cy_reg_8__12_/D
cy_reg_8__13_/D
cy_reg_8__14_/D
cy_reg_8__15_/D
cy_reg_9__0_/D
cy_reg_9__1_/D
cy_reg_9__2_/D
cy_reg_9__3_/D
cy_reg_9__4_/D
cy_reg_9__5_/D
cy_reg_9__6_/D
cy_reg_9__7_/D
cy_reg_9__8_/D
cy_reg_9__9_/D
cy_reg_9__10_/D
cy_reg_9__11_/D
cy_reg_9__12_/D
cy_reg_9__13_/D
cy_reg_9__14_/D
cy_reg_9__15_/D
done
done_reg/D
i_reg_0_/D
i_reg_1_/D
i_reg_2_/D
i_reg_3_/D
i_reg_4_/D
i_reg_5_/D
i_reg_6_/D
i_reg_7_/D
i_reg_8_/D
i_reg_9_/D
i_reg_10_/D
i_reg_11_/D
i_reg_12_/D
i_reg_13_/D
i_reg_14_/D
i_reg_15_/D
i_reg_16_/D
i_reg_17_/D
i_reg_18_/D
i_reg_19_/D
i_reg_20_/D
i_reg_21_/D
i_reg_22_/D
i_reg_23_/D
i_reg_24_/D
i_reg_25_/D
i_reg_26_/D
i_reg_27_/D
i_reg_28_/D
i_reg_29_/D
i_reg_30_/D
i_reg_31_/D
iter_reg_0_/D
iter_reg_1_/D
iter_reg_2_/D
iter_reg_3_/D
iter_reg_4_/D
iter_reg_5_/D
iter_reg_6_/D
iter_reg_7_/D
iter_reg_8_/D
iter_reg_9_/D
iter_reg_10_/D
iter_reg_11_/D
iter_reg_12_/D
iter_reg_13_/D
iter_reg_14_/D
iter_reg_15_/D
iter_reg_16_/D
iter_reg_17_/D
iter_reg_18_/D
iter_reg_19_/D
iter_reg_20_/D
iter_reg_21_/D
iter_reg_22_/D
iter_reg_23_/D
iter_reg_24_/D
iter_reg_25_/D
iter_reg_26_/D
iter_reg_27_/D
iter_reg_28_/D
iter_reg_29_/D
iter_reg_30_/D
iter_reg_31_/D
prev_cx_reg_0__0_/D
prev_cx_reg_0__1_/D
prev_cx_reg_0__2_/D
prev_cx_reg_0__3_/D
prev_cx_reg_0__4_/D
prev_cx_reg_0__5_/D
prev_cx_reg_0__6_/D
prev_cx_reg_0__7_/D
prev_cx_reg_0__8_/D
prev_cx_reg_0__9_/D
prev_cx_reg_0__10_/D
prev_cx_reg_0__11_/D
prev_cx_reg_0__12_/D
prev_cx_reg_0__13_/D
prev_cx_reg_0__14_/D
prev_cx_reg_0__15_/D
prev_cx_reg_1__0_/D
prev_cx_reg_1__1_/D
prev_cx_reg_1__2_/D
prev_cx_reg_1__3_/D
prev_cx_reg_1__4_/D
prev_cx_reg_1__5_/D
prev_cx_reg_1__6_/D
prev_cx_reg_1__7_/D
prev_cx_reg_1__8_/D
prev_cx_reg_1__9_/D
prev_cx_reg_1__10_/D
prev_cx_reg_1__11_/D
prev_cx_reg_1__12_/D
prev_cx_reg_1__13_/D
prev_cx_reg_1__14_/D
prev_cx_reg_1__15_/D
prev_cx_reg_2__0_/D
prev_cx_reg_2__1_/D
prev_cx_reg_2__2_/D
prev_cx_reg_2__3_/D
prev_cx_reg_2__4_/D
prev_cx_reg_2__5_/D
prev_cx_reg_2__6_/D
prev_cx_reg_2__7_/D
prev_cx_reg_2__8_/D
prev_cx_reg_2__9_/D
prev_cx_reg_2__10_/D
prev_cx_reg_2__11_/D
prev_cx_reg_2__12_/D
prev_cx_reg_2__13_/D
prev_cx_reg_2__14_/D
prev_cx_reg_2__15_/D
prev_cx_reg_3__0_/D
prev_cx_reg_3__1_/D
prev_cx_reg_3__2_/D
prev_cx_reg_3__3_/D
prev_cx_reg_3__4_/D
prev_cx_reg_3__5_/D
prev_cx_reg_3__6_/D
prev_cx_reg_3__7_/D
prev_cx_reg_3__8_/D
prev_cx_reg_3__9_/D
prev_cx_reg_3__10_/D
prev_cx_reg_3__11_/D
prev_cx_reg_3__12_/D
prev_cx_reg_3__13_/D
prev_cx_reg_3__14_/D
prev_cx_reg_3__15_/D
prev_cx_reg_4__0_/D
prev_cx_reg_4__1_/D
prev_cx_reg_4__2_/D
prev_cx_reg_4__3_/D
prev_cx_reg_4__4_/D
prev_cx_reg_4__5_/D
prev_cx_reg_4__6_/D
prev_cx_reg_4__7_/D
prev_cx_reg_4__8_/D
prev_cx_reg_4__9_/D
prev_cx_reg_4__10_/D
prev_cx_reg_4__11_/D
prev_cx_reg_4__12_/D
prev_cx_reg_4__13_/D
prev_cx_reg_4__14_/D
prev_cx_reg_4__15_/D
prev_cx_reg_5__0_/D
prev_cx_reg_5__1_/D
prev_cx_reg_5__2_/D
prev_cx_reg_5__3_/D
prev_cx_reg_5__4_/D
prev_cx_reg_5__5_/D
prev_cx_reg_5__6_/D
prev_cx_reg_5__7_/D
prev_cx_reg_5__8_/D
prev_cx_reg_5__9_/D
prev_cx_reg_5__10_/D
prev_cx_reg_5__11_/D
prev_cx_reg_5__12_/D
prev_cx_reg_5__13_/D
prev_cx_reg_5__14_/D
prev_cx_reg_5__15_/D
prev_cx_reg_6__0_/D
prev_cx_reg_6__1_/D
prev_cx_reg_6__2_/D
prev_cx_reg_6__3_/D
prev_cx_reg_6__4_/D
prev_cx_reg_6__5_/D
prev_cx_reg_6__6_/D
prev_cx_reg_6__7_/D
prev_cx_reg_6__8_/D
prev_cx_reg_6__9_/D
prev_cx_reg_6__10_/D
prev_cx_reg_6__11_/D
prev_cx_reg_6__12_/D
prev_cx_reg_6__13_/D
prev_cx_reg_6__14_/D
prev_cx_reg_6__15_/D
prev_cx_reg_7__0_/D
prev_cx_reg_7__1_/D
prev_cx_reg_7__2_/D
prev_cx_reg_7__3_/D
prev_cx_reg_7__4_/D
prev_cx_reg_7__5_/D
prev_cx_reg_7__6_/D
prev_cx_reg_7__7_/D
prev_cx_reg_7__8_/D
prev_cx_reg_7__9_/D
prev_cx_reg_7__10_/D
prev_cx_reg_7__11_/D
prev_cx_reg_7__12_/D
prev_cx_reg_7__13_/D
prev_cx_reg_7__14_/D
prev_cx_reg_7__15_/D
prev_cx_reg_8__0_/D
prev_cx_reg_8__1_/D
prev_cx_reg_8__2_/D
prev_cx_reg_8__3_/D
prev_cx_reg_8__4_/D
prev_cx_reg_8__5_/D
prev_cx_reg_8__6_/D
prev_cx_reg_8__7_/D
prev_cx_reg_8__8_/D
prev_cx_reg_8__9_/D
prev_cx_reg_8__10_/D
prev_cx_reg_8__11_/D
prev_cx_reg_8__12_/D
prev_cx_reg_8__13_/D
prev_cx_reg_8__14_/D
prev_cx_reg_8__15_/D
prev_cx_reg_9__0_/D
prev_cx_reg_9__1_/D
prev_cx_reg_9__2_/D
prev_cx_reg_9__3_/D
prev_cx_reg_9__4_/D
prev_cx_reg_9__5_/D
prev_cx_reg_9__6_/D
prev_cx_reg_9__7_/D
prev_cx_reg_9__8_/D
prev_cx_reg_9__9_/D
prev_cx_reg_9__10_/D
prev_cx_reg_9__11_/D
prev_cx_reg_9__12_/D
prev_cx_reg_9__13_/D
prev_cx_reg_9__14_/D
prev_cx_reg_9__15_/D
prev_cy_reg_0__0_/D
prev_cy_reg_0__1_/D
prev_cy_reg_0__2_/D
prev_cy_reg_0__3_/D
prev_cy_reg_0__4_/D
prev_cy_reg_0__5_/D
prev_cy_reg_0__6_/D
prev_cy_reg_0__7_/D
prev_cy_reg_0__8_/D
prev_cy_reg_0__9_/D
prev_cy_reg_0__10_/D
prev_cy_reg_0__11_/D
prev_cy_reg_0__12_/D
prev_cy_reg_0__13_/D
prev_cy_reg_0__14_/D
prev_cy_reg_0__15_/D
prev_cy_reg_1__0_/D
prev_cy_reg_1__1_/D
prev_cy_reg_1__2_/D
prev_cy_reg_1__3_/D
prev_cy_reg_1__4_/D
prev_cy_reg_1__5_/D
prev_cy_reg_1__6_/D
prev_cy_reg_1__7_/D
prev_cy_reg_1__8_/D
prev_cy_reg_1__9_/D
prev_cy_reg_1__10_/D
prev_cy_reg_1__11_/D
prev_cy_reg_1__12_/D
prev_cy_reg_1__13_/D
prev_cy_reg_1__14_/D
prev_cy_reg_1__15_/D
prev_cy_reg_2__0_/D
prev_cy_reg_2__1_/D
prev_cy_reg_2__2_/D
prev_cy_reg_2__3_/D
prev_cy_reg_2__4_/D
prev_cy_reg_2__5_/D
prev_cy_reg_2__6_/D
prev_cy_reg_2__7_/D
prev_cy_reg_2__8_/D
prev_cy_reg_2__9_/D
prev_cy_reg_2__10_/D
prev_cy_reg_2__11_/D
prev_cy_reg_2__12_/D
prev_cy_reg_2__13_/D
prev_cy_reg_2__14_/D
prev_cy_reg_2__15_/D
prev_cy_reg_3__0_/D
prev_cy_reg_3__1_/D
prev_cy_reg_3__2_/D
prev_cy_reg_3__3_/D
prev_cy_reg_3__4_/D
prev_cy_reg_3__5_/D
prev_cy_reg_3__6_/D
prev_cy_reg_3__7_/D
prev_cy_reg_3__8_/D
prev_cy_reg_3__9_/D
prev_cy_reg_3__10_/D
prev_cy_reg_3__11_/D
prev_cy_reg_3__12_/D
prev_cy_reg_3__13_/D
prev_cy_reg_3__14_/D
prev_cy_reg_3__15_/D
prev_cy_reg_4__0_/D
prev_cy_reg_4__1_/D
prev_cy_reg_4__2_/D
prev_cy_reg_4__3_/D
prev_cy_reg_4__4_/D
prev_cy_reg_4__5_/D
prev_cy_reg_4__6_/D
prev_cy_reg_4__7_/D
prev_cy_reg_4__8_/D
prev_cy_reg_4__9_/D
prev_cy_reg_4__10_/D
prev_cy_reg_4__11_/D
prev_cy_reg_4__12_/D
prev_cy_reg_4__13_/D
prev_cy_reg_4__14_/D
prev_cy_reg_4__15_/D
prev_cy_reg_5__0_/D
prev_cy_reg_5__1_/D
prev_cy_reg_5__2_/D
prev_cy_reg_5__3_/D
prev_cy_reg_5__4_/D
prev_cy_reg_5__5_/D
prev_cy_reg_5__6_/D
prev_cy_reg_5__7_/D
prev_cy_reg_5__8_/D
prev_cy_reg_5__9_/D
prev_cy_reg_5__10_/D
prev_cy_reg_5__11_/D
prev_cy_reg_5__12_/D
prev_cy_reg_5__13_/D
prev_cy_reg_5__14_/D
prev_cy_reg_5__15_/D
prev_cy_reg_6__0_/D
prev_cy_reg_6__1_/D
prev_cy_reg_6__2_/D
prev_cy_reg_6__3_/D
prev_cy_reg_6__4_/D
prev_cy_reg_6__5_/D
prev_cy_reg_6__6_/D
prev_cy_reg_6__7_/D
prev_cy_reg_6__8_/D
prev_cy_reg_6__9_/D
prev_cy_reg_6__10_/D
prev_cy_reg_6__11_/D
prev_cy_reg_6__12_/D
prev_cy_reg_6__13_/D
prev_cy_reg_6__14_/D
prev_cy_reg_6__15_/D
prev_cy_reg_7__0_/D
prev_cy_reg_7__1_/D
prev_cy_reg_7__2_/D
prev_cy_reg_7__3_/D
prev_cy_reg_7__4_/D
prev_cy_reg_7__5_/D
prev_cy_reg_7__6_/D
prev_cy_reg_7__7_/D
prev_cy_reg_7__8_/D
prev_cy_reg_7__9_/D
prev_cy_reg_7__10_/D
prev_cy_reg_7__11_/D
prev_cy_reg_7__12_/D
prev_cy_reg_7__13_/D
prev_cy_reg_7__14_/D
prev_cy_reg_7__15_/D
prev_cy_reg_8__0_/D
prev_cy_reg_8__1_/D
prev_cy_reg_8__2_/D
prev_cy_reg_8__3_/D
prev_cy_reg_8__4_/D
prev_cy_reg_8__5_/D
prev_cy_reg_8__6_/D
prev_cy_reg_8__7_/D
prev_cy_reg_8__8_/D
prev_cy_reg_8__9_/D
prev_cy_reg_8__10_/D
prev_cy_reg_8__11_/D
prev_cy_reg_8__12_/D
prev_cy_reg_8__13_/D
prev_cy_reg_8__14_/D
prev_cy_reg_8__15_/D
prev_cy_reg_9__0_/D
prev_cy_reg_9__1_/D
prev_cy_reg_9__2_/D
prev_cy_reg_9__3_/D
prev_cy_reg_9__4_/D
prev_cy_reg_9__5_/D
prev_cy_reg_9__6_/D
prev_cy_reg_9__7_/D
prev_cy_reg_9__8_/D
prev_cy_reg_9__9_/D
prev_cy_reg_9__10_/D
prev_cy_reg_9__11_/D
prev_cy_reg_9__12_/D
prev_cy_reg_9__13_/D
prev_cy_reg_9__14_/D
prev_cy_reg_9__15_/D
state_reg_0_/D
state_reg_1_/D

Information: Checking pulse_clock_cell_type...

Information: Checking no_driving_cell...

Information: Checking partial_input_delay...
1
