 
****************************************
Report : constraint
        -all_violators
Design : isodata_cluster
Version: Q-2019.12-SP3
Date   : Wed Jun 11 03:14:09 2025
****************************************


   max_transition

                             Required        Actual
   Net                      Transition     Transition        Slack
   -----------------------------------------------------------------
   i[2]                         0.09           0.10          -0.01  (VIOLATED)
       PIN :   i_reg_2_/Q       0.09           0.10          -0.01  (VIOLATED)
   n159427                      0.09           0.10          -0.01  (VIOLATED)
       PIN :   i_reg_11_/Q      0.09           0.10          -0.01  (VIOLATED)
   i[6]                         0.09           0.10          -0.01  (VIOLATED)
       PIN :   i_reg_6_/Q       0.09           0.10          -0.01  (VIOLATED)
   n159429                      0.09           0.10          -0.01  (VIOLATED)
       PIN :   i_reg_7_/Q       0.09           0.10          -0.01  (VIOLATED)
   n159430                      0.09           0.10          -0.01  (VIOLATED)
       PIN :   i_reg_4_/Q       0.09           0.10          -0.01  (VIOLATED)
   n159426                      0.09           0.10          -0.01  (VIOLATED)
       PIN :   i_reg_10_/Q      0.09           0.10          -0.01  (VIOLATED)
   n159514                      0.11           0.11          -0.01  (VIOLATED)
       PIN :   i_reg_7_/QN      0.11           0.11          -0.01  (VIOLATED)
   i[8]                         0.09           0.10          -0.01  (VIOLATED)
       PIN :   i_reg_8_/Q       0.09           0.10          -0.01  (VIOLATED)
   n159431                      0.11           0.11          -0.01  (VIOLATED)
       PIN :   i_reg_8_/QN      0.11           0.11          -0.01  (VIOLATED)
   n159432                      0.11           0.11          -0.01  (VIOLATED)
       PIN :   i_reg_12_/QN     0.11           0.11          -0.01  (VIOLATED)
   n159684                      0.09           0.10          -0.01  (VIOLATED)
       PIN :   i_reg_0_/Q       0.09           0.10          -0.01  (VIOLATED)
   i[12]                        0.09           0.09          -0.01  (VIOLATED)
       PIN :   i_reg_12_/Q      0.09           0.09          -0.01  (VIOLATED)
   n159467                      0.11           0.11          -0.01  (VIOLATED)
       PIN :   i_reg_9_/QN      0.11           0.11          -0.01  (VIOLATED)
   n159466                      0.11           0.12          -0.01  (VIOLATED)
       PIN :   i_reg_5_/QN      0.11           0.12          -0.01  (VIOLATED)
   i[5]                         0.09           0.09          -0.01  (VIOLATED)
       PIN :   i_reg_5_/Q       0.09           0.09          -0.01  (VIOLATED)
   n159468                      0.11           0.11          -0.01  (VIOLATED)
       PIN :   i_reg_10_/QN     0.11           0.11          -0.01  (VIOLATED)
   cluster_count[63]            0.09           0.09           0.00  (VIOLATED: increase significant digits)
   cluster_count[31]            0.09           0.09           0.00  (VIOLATED: increase significant digits)
   cluster_count[127]           0.09           0.09           0.00  (VIOLATED: increase significant digits)
   cluster_count[191]           0.09           0.09           0.00  (VIOLATED: increase significant digits)
   cluster_count[223]           0.09           0.09           0.00  (VIOLATED: increase significant digits)
   cluster_count[287]           0.09           0.09           0.00  (VIOLATED: increase significant digits)
   cluster_count[319]           0.09           0.09           0.00  (VIOLATED: increase significant digits)
   cluster_count[159]           0.09           0.09           0.00  (VIOLATED: increase significant digits)
   cluster_count[255]           0.09           0.09           0.00  (VIOLATED: increase significant digits)
   n159445                      0.11           0.11           0.00  (VIOLATED: increase significant digits)
   n159428                      0.09           0.09           0.00  (VIOLATED: increase significant digits)
   n159436                      0.11           0.11           0.00  (VIOLATED: increase significant digits)
   n159437                      0.11           0.11           0.00  (VIOLATED: increase significant digits)
   n159439                      0.11           0.11           0.00  (VIOLATED: increase significant digits)
   n159438                      0.11           0.11           0.00  (VIOLATED: increase significant digits)
   n159442                      0.11           0.11           0.00  (VIOLATED: increase significant digits)
   n159434                      0.11           0.11           0.00  (VIOLATED: increase significant digits)
   n159433                      0.11           0.11           0.00  (VIOLATED: increase significant digits)
   n159441                      0.11           0.11           0.00  (VIOLATED: increase significant digits)
   n159435                      0.11           0.11           0.00  (VIOLATED: increase significant digits)
   n159444                      0.11           0.11           0.00  (VIOLATED: increase significant digits)
   n159493                      0.11           0.11           0.00  (VIOLATED: increase significant digits)

   -----------------------------------------------------------------
   Total                      38                 -0.20  

   max_capacitance

                             Required        Actual
   Net                      Capacitance    Capacitance       Slack
   -----------------------------------------------------------------
   n159680                      8.00          10.30          -2.30  (VIOLATED)
   n169345                      8.00           8.08          -0.08  (VIOLATED)
   n169352                      8.00           8.08          -0.08  (VIOLATED)
   n165758                      8.00           8.08          -0.08  (VIOLATED)
   n169353                      8.00           8.07          -0.07  (VIOLATED)
   n165757                      8.00           8.07          -0.07  (VIOLATED)
   n165759                      8.00           8.06          -0.06  (VIOLATED)
   n175576                      8.00           8.06          -0.06  (VIOLATED)
   n175883                      8.00           8.05          -0.05  (VIOLATED)
   n175886                      8.00           8.05          -0.05  (VIOLATED)
   n175887                      8.00           8.05          -0.05  (VIOLATED)
   n175888                      8.00           8.05          -0.05  (VIOLATED)
   n176293                      8.00           8.05          -0.05  (VIOLATED)
   n176292                      8.00           8.04          -0.04  (VIOLATED)
   n165711                      8.00           8.04          -0.04  (VIOLATED)
   n165753                      8.00           8.04          -0.04  (VIOLATED)
   n165754                      8.00           8.04          -0.04  (VIOLATED)
   n165712                      8.00           8.04          -0.04  (VIOLATED)
   n165720                      8.00           8.04          -0.04  (VIOLATED)
   n165750                      8.00           8.04          -0.04  (VIOLATED)
   n165755                      8.00           8.04          -0.04  (VIOLATED)
   n168947                      8.00           8.04          -0.04  (VIOLATED)
   n168949                      8.00           8.04          -0.04  (VIOLATED)
   n168707                      8.00           8.04          -0.04  (VIOLATED)
   n169335                      8.00           8.04          -0.04  (VIOLATED)
   n175127                      8.00           8.04          -0.04  (VIOLATED)
   n175128                      8.00           8.04          -0.04  (VIOLATED)
   n175764                      8.00           8.04          -0.04  (VIOLATED)
   n175788                      8.00           8.04          -0.04  (VIOLATED)
   n175795                      8.00           8.04          -0.04  (VIOLATED)
   n175805                      8.00           8.04          -0.04  (VIOLATED)
   n175830                      8.00           8.04          -0.04  (VIOLATED)
   n175849                      8.00           8.04          -0.04  (VIOLATED)
   n175864                      8.00           8.04          -0.04  (VIOLATED)
   n175922                      8.00           8.04          -0.04  (VIOLATED)
   n175927                      8.00           8.04          -0.04  (VIOLATED)
   n175964                      8.00           8.04          -0.04  (VIOLATED)
   n175970                      8.00           8.04          -0.04  (VIOLATED)
   n175979                      8.00           8.04          -0.04  (VIOLATED)
   n175980                      8.00           8.04          -0.04  (VIOLATED)
   n175985                      8.00           8.04          -0.04  (VIOLATED)
   n175987                      8.00           8.04          -0.04  (VIOLATED)
   n176031                      8.00           8.04          -0.04  (VIOLATED)
   n176072                      8.00           8.04          -0.04  (VIOLATED)
   n176075                      8.00           8.04          -0.04  (VIOLATED)
   n176120                      8.00           8.04          -0.04  (VIOLATED)
   n176139                      8.00           8.04          -0.04  (VIOLATED)
   n176142                      8.00           8.04          -0.04  (VIOLATED)
   n176161                      8.00           8.04          -0.04  (VIOLATED)
   n176174                      8.00           8.04          -0.04  (VIOLATED)
   n176184                      8.00           8.04          -0.04  (VIOLATED)
   n176218                      8.00           8.04          -0.04  (VIOLATED)
   n176219                      8.00           8.04          -0.04  (VIOLATED)
   n176220                      8.00           8.04          -0.04  (VIOLATED)
   n176232                      8.00           8.04          -0.04  (VIOLATED)
   n176237                      8.00           8.04          -0.04  (VIOLATED)
   n176240                      8.00           8.04          -0.04  (VIOLATED)
   n176264                      8.00           8.04          -0.04  (VIOLATED)
   n176265                      8.00           8.04          -0.04  (VIOLATED)
   n176268                      8.00           8.04          -0.04  (VIOLATED)
   n176286                      8.00           8.04          -0.04  (VIOLATED)
   n176289                      8.00           8.04          -0.04  (VIOLATED)
   n176294                      8.00           8.04          -0.04  (VIOLATED)
   n176295                      8.00           8.04          -0.04  (VIOLATED)
   n176298                      8.00           8.04          -0.04  (VIOLATED)
   n176299                      8.00           8.04          -0.04  (VIOLATED)
   n176308                      8.00           8.04          -0.04  (VIOLATED)
   n176311                      8.00           8.04          -0.04  (VIOLATED)
   n176316                      8.00           8.04          -0.04  (VIOLATED)
   n176317                      8.00           8.04          -0.04  (VIOLATED)
   n176320                      8.00           8.04          -0.04  (VIOLATED)
   n176322                      8.00           8.04          -0.04  (VIOLATED)
   n176334                      8.00           8.04          -0.04  (VIOLATED)
   n176335                      8.00           8.04          -0.04  (VIOLATED)
   n176380                      8.00           8.04          -0.04  (VIOLATED)
   n176385                      8.00           8.04          -0.04  (VIOLATED)
   n176388                      8.00           8.04          -0.04  (VIOLATED)
   n176391                      8.00           8.04          -0.04  (VIOLATED)
   n176397                      8.00           8.04          -0.04  (VIOLATED)
   n176406                      8.00           8.04          -0.04  (VIOLATED)
   n176422                      8.00           8.04          -0.04  (VIOLATED)
   n176428                      8.00           8.04          -0.04  (VIOLATED)
   n176455                      8.00           8.04          -0.04  (VIOLATED)
   n176469                      8.00           8.04          -0.04  (VIOLATED)
   n176470                      8.00           8.04          -0.04  (VIOLATED)
   n176478                      8.00           8.04          -0.04  (VIOLATED)
   n176481                      8.00           8.04          -0.04  (VIOLATED)
   n176483                      8.00           8.04          -0.04  (VIOLATED)
   n176487                      8.00           8.04          -0.04  (VIOLATED)
   n176488                      8.00           8.04          -0.04  (VIOLATED)
   n176489                      8.00           8.04          -0.04  (VIOLATED)
   n176523                      8.00           8.04          -0.04  (VIOLATED)
   n176536                      8.00           8.04          -0.04  (VIOLATED)
   n176552                      8.00           8.04          -0.04  (VIOLATED)
   n176572                      8.00           8.04          -0.04  (VIOLATED)
   n176577                      8.00           8.04          -0.04  (VIOLATED)
   n176579                      8.00           8.04          -0.04  (VIOLATED)
   n176581                      8.00           8.04          -0.04  (VIOLATED)
   n176601                      8.00           8.04          -0.04  (VIOLATED)
   n176642                      8.00           8.04          -0.04  (VIOLATED)
   n176643                      8.00           8.04          -0.04  (VIOLATED)
   n176652                      8.00           8.04          -0.04  (VIOLATED)
   n176658                      8.00           8.04          -0.04  (VIOLATED)
   n176668                      8.00           8.04          -0.04  (VIOLATED)
   n176670                      8.00           8.04          -0.04  (VIOLATED)
   n176680                      8.00           8.04          -0.04  (VIOLATED)
   n176681                      8.00           8.04          -0.04  (VIOLATED)
   n176687                      8.00           8.04          -0.04  (VIOLATED)
   n176699                      8.00           8.04          -0.04  (VIOLATED)
   n176701                      8.00           8.04          -0.04  (VIOLATED)
   n176702                      8.00           8.04          -0.04  (VIOLATED)
   n176743                      8.00           8.04          -0.04  (VIOLATED)
   n176755                      8.00           8.04          -0.04  (VIOLATED)
   n176756                      8.00           8.04          -0.04  (VIOLATED)
   n176764                      8.00           8.04          -0.04  (VIOLATED)
   n176772                      8.00           8.04          -0.04  (VIOLATED)
   n176780                      8.00           8.04          -0.04  (VIOLATED)
   n176796                      8.00           8.04          -0.04  (VIOLATED)
   n176804                      8.00           8.04          -0.04  (VIOLATED)
   n176810                      8.00           8.04          -0.04  (VIOLATED)
   n176812                      8.00           8.04          -0.04  (VIOLATED)
   n176813                      8.00           8.04          -0.04  (VIOLATED)
   n176815                      8.00           8.04          -0.04  (VIOLATED)
   n176819                      8.00           8.04          -0.04  (VIOLATED)
   n176822                      8.00           8.04          -0.04  (VIOLATED)
   n176832                      8.00           8.04          -0.04  (VIOLATED)
   n176873                      8.00           8.04          -0.04  (VIOLATED)
   n176880                      8.00           8.04          -0.04  (VIOLATED)
   n176900                      8.00           8.04          -0.04  (VIOLATED)
   n176905                      8.00           8.04          -0.04  (VIOLATED)
   n176926                      8.00           8.04          -0.04  (VIOLATED)
   n176927                      8.00           8.04          -0.04  (VIOLATED)
   n176930                      8.00           8.04          -0.04  (VIOLATED)
   n176931                      8.00           8.04          -0.04  (VIOLATED)
   n176932                      8.00           8.04          -0.04  (VIOLATED)
   n176934                      8.00           8.04          -0.04  (VIOLATED)
   n176936                      8.00           8.04          -0.04  (VIOLATED)
   n176943                      8.00           8.04          -0.04  (VIOLATED)
   n176944                      8.00           8.04          -0.04  (VIOLATED)
   n176945                      8.00           8.04          -0.04  (VIOLATED)
   n176955                      8.00           8.04          -0.04  (VIOLATED)
   n176962                      8.00           8.04          -0.04  (VIOLATED)
   n176994                      8.00           8.04          -0.04  (VIOLATED)
   n177006                      8.00           8.04          -0.04  (VIOLATED)
   n177010                      8.00           8.04          -0.04  (VIOLATED)
   n177011                      8.00           8.04          -0.04  (VIOLATED)
   n177030                      8.00           8.04          -0.04  (VIOLATED)
   n165721                      8.00           8.03          -0.03  (VIOLATED)
   n165756                      8.00           8.03          -0.03  (VIOLATED)
   n176463                      8.00           8.03          -0.03  (VIOLATED)
   n176482                      8.00           8.03          -0.03  (VIOLATED)
   n176956                      8.00           8.03          -0.03  (VIOLATED)
   n168522                      8.00           8.03          -0.03  (VIOLATED)
   n174958                      8.00           8.03          -0.03  (VIOLATED)
   n174960                      8.00           8.03          -0.03  (VIOLATED)
   n174991                      8.00           8.03          -0.03  (VIOLATED)
   n174996                      8.00           8.03          -0.03  (VIOLATED)
   n175006                      8.00           8.03          -0.03  (VIOLATED)
   n175013                      8.00           8.03          -0.03  (VIOLATED)
   n175015                      8.00           8.03          -0.03  (VIOLATED)
   n175052                      8.00           8.03          -0.03  (VIOLATED)
   n175120                      8.00           8.03          -0.03  (VIOLATED)
   n176515                      8.00           8.03          -0.03  (VIOLATED)
   n176530                      8.00           8.03          -0.03  (VIOLATED)
   n176532                      8.00           8.03          -0.03  (VIOLATED)
   n176615                      8.00           8.03          -0.03  (VIOLATED)
   n176623                      8.00           8.03          -0.03  (VIOLATED)
   n177023                      8.00           8.03          -0.03  (VIOLATED)
   n169366                      8.00           8.02          -0.02  (VIOLATED)
   n176301                      8.00           8.02          -0.02  (VIOLATED)
   n176696                      8.00           8.02          -0.02  (VIOLATED)
   n176829                      8.00           8.02          -0.02  (VIOLATED)
   n177003                      8.00           8.02          -0.02  (VIOLATED)
   n167750                      8.00           8.02          -0.02  (VIOLATED)
   n165752                      8.00           8.01          -0.01  (VIOLATED)
   n165716                      8.00           8.01          -0.01  (VIOLATED)
   n165725                      8.00           8.01          -0.01  (VIOLATED)
   n176315                      8.00           8.01          -0.01  (VIOLATED)
   n176809                      8.00           8.01          -0.01  (VIOLATED)
   n167749                      8.00           8.01          -0.01  (VIOLATED)
   n176890                      8.00           8.01          -0.01  (VIOLATED)
   n165722                      8.00           8.01          -0.01  (VIOLATED)
   n166073                      8.00           8.01          -0.01  (VIOLATED)
   n176849                      8.00           8.01          -0.01  (VIOLATED)
   n176968                      8.00           8.00           0.00  (VIOLATED: increase significant digits)
   n156396                      8.00           8.00           0.00  (VIOLATED: increase significant digits)
   n162668                      8.00           8.00           0.00  (VIOLATED: increase significant digits)
   n157241                      8.00           8.00           0.00  (VIOLATED: increase significant digits)
   n176893                      8.00           8.00           0.00  (VIOLATED: increase significant digits)

   -----------------------------------------------------------------
   Total                      189                -8.62  

   max_leakage_power

                             Required        Actual
   Design                   Leakage Power  Leakage Power     Slack
   -----------------------------------------------------------------
   isodata_cluster              0.00       7826875904.00  -7826875904.00
                                                                    (VIOLATED)


1
