============================================================
  Generated by:           Genus(TM) Synthesis Solution 23.10-p004_1
  Generated on:           May 15 2024  11:17:07 pm
  Module:                 ORCA_TOP
  Technology libraries:   saed32rvt_ss0p75vn40c 1.0000000
                          saed32rvt_dlvl_ss0p75vn40c_i0p95v 1.0000000
                          saed32rvt_ulvl_ss0p75vn40c_i0p75v 1.0000000
                          saed32rvt_dlvl_ss0p75vn40c_i0p75v 1.0000000
                          saed32rvt_ss0p95vn40c 1.0000000
                          saed32rvt_ulvl_ss0p95vn40c_i0p75v 1.0000000
                          saed32lvt_ss0p75vn40c 1.0000000
                          saed32lvt_dlvl_ss0p75vn40c_i0p95v 1.0000000
                          saed32lvt_ulvl_ss0p75vn40c_i0p75v 1.0000000
                          saed32lvt_dlvl_ss0p75vn40c_i0p75v 1.0000000
                          saed32lvt_ss0p95vn40c 1.0000000
                          saed32lvt_ulvl_ss0p95vn40c_i0p75v 1.0000000
                          saed32hvt_ss0p75vn40c 1.0000000
                          saed32hvt_dlvl_ss0p75vn40c_i0p95v 1.0000000
                          saed32hvt_ulvl_ss0p75vn40c_i0p75v 1.0000000
                          saed32hvt_dlvl_ss0p75vn40c_i0p75v 1.0000000
                          saed32hvt_ss0p95vn40c 1.0000000
                          saed32hvt_ulvl_ss0p95vn40c_i0p75v 1.0000000
                          saed32sram_ss0p95vn40c 1.0000000
  Operating conditions:   _nominal_ (balanced_tree)
  Wireload mode:          enclosed
  Area mode:              timing library
============================================================

Timing
--------

   Clock    Period 
-------------------
PCI_CLK     7500.0 
SD_DDR_CLK  4100.0 
SD_DDR_CLKn 4100.0 
SDRAM_CLK   4100.0 
SYS_2x_CLK  2400.0 
SYS_CLK     4800.0 
v_PCI_CLK   7500.0 
v_SDRAM_CLK 4100.0 


    Cost      Critical         Violating 
   Group     Path Slack  TNS     Paths   
-----------------------------------------
default        No paths   0.0            
PCI_CLK          1685.9   0.0          0 
SD_DDR_CLK     No paths   0.0            
SD_DDR_CLKn    No paths   0.0            
SDRAM_CLK         591.0   0.0          0 
SYS_2x_CLK          0.0   0.0          0 
SYS_CLK          4000.0   0.0          0 
v_PCI_CLK        4251.6   0.0          0 
v_SDRAM_CLK    No paths   0.0            
-----------------------------------------
Total                     0.0          0 

Instance Count
--------------
Leaf Instance Count             37394 
Physical Instance count             0 
Sequential Instance Count        5278 
Combinational Instance Count    32116 
Hierarchical Instance Count        31 

Area
----
Cell Area                          368276.275
Physical Cell Area                 0.000
Total Cell Area (Cell+Physical)    368276.275
Net Area                           0.000
Total Area (Cell+Physical+Net)     368276.275

Max Fanout                         5213 (scan_enable)
Min Fanout                         0 (net_context_cmd_2_)
Average Fanout                     2.7
Terms to net ratio                 3.8468
Terms to instance ratio            4.7919
Runtime                            1525.339636 seconds
Elapsed Runtime                    2498 seconds
Genus peak memory usage            2316.41 
Innovus peak memory usage          no_value 
Hostname                           mo.ece.pdx.edu
