 
****************************************
Report : Scan path
Design : ORCA_TOP
Version: V-2023.12-SP2
Date   : Fri May 17 16:00:45 2024
****************************************

========================================
TEST MODE: -all
VIEW     : Specification
========================================
No scan path defined in this mode.

 
****************************************
Report : Scan path
Design : ORCA_TOP
Version: V-2023.12-SP2
Date   : Fri May 17 16:00:45 2024
****************************************

========================================
TEST MODE: -all
VIEW     : Existing DFT
========================================

========================================
AS SPECIFIED BY USER
========================================


========================================
AS BUILT BY insert_dft
========================================

No scan path defined in this mode.

0
