
Information: Checking generated_clocks...

Information: Checking loops...

Information: Checking no_input_delay...

Information: Checking unconstrained_endpoints...

Warning: The following end-points are not constrained for maximum delay.

End point
---------------
I_BLENDER_0/R_58_IP/D
I_BLENDER_0/R_77_IP/D
I_BLENDER_0/R_79_IP/D
I_BLENDER_0/R_81/D
I_BLENDER_0/R_92/D
I_BLENDER_0/R_93/D
I_BLENDER_0/R_94_IP/D
I_BLENDER_0/R_96_IP/D
I_BLENDER_0/R_104/D
I_BLENDER_0/R_105/D
I_BLENDER_0/R_106/D
I_BLENDER_0/R_107/D
I_BLENDER_0/R_110/D
I_BLENDER_0/R_115/D
I_BLENDER_0/R_116/D
I_BLENDER_0/R_118/D
I_BLENDER_0/R_121/D
I_BLENDER_0/R_123/D
I_BLENDER_0/R_126/D
I_BLENDER_0/R_127/D
I_BLENDER_0/R_128/D
I_BLENDER_0/R_129/D
I_BLENDER_0/R_130_IP/D
I_BLENDER_0/R_132/D
I_BLENDER_0/R_133/D
I_BLENDER_0/R_134/D
I_BLENDER_0/R_135/D
I_BLENDER_0/R_136/D
I_BLENDER_0/R_137/D
I_BLENDER_0/R_138/D
I_BLENDER_0/R_139/D
I_BLENDER_0/R_144/D
I_BLENDER_0/R_145/D
I_BLENDER_0/R_146/D
I_BLENDER_0/R_147/D
I_BLENDER_0/R_158/D
I_BLENDER_0/R_160/D
I_BLENDER_0/R_165/D
I_BLENDER_0/R_175/D
I_BLENDER_0/R_176/D
I_BLENDER_0/R_178/D
I_BLENDER_0/R_179/D
I_BLENDER_0/R_181/D
I_BLENDER_0/R_182/D
I_BLENDER_0/R_239/D
I_BLENDER_0/R_248/D
I_BLENDER_0/R_323/D
I_BLENDER_0/R_329/D
I_BLENDER_0/R_332/D
I_BLENDER_0/R_384/D
I_BLENDER_0/R_391/D
I_BLENDER_0/R_421/D
I_BLENDER_0/R_422/D
I_BLENDER_0/R_423/D
I_BLENDER_0/R_425/D
I_BLENDER_0/R_432/D
I_BLENDER_0/R_433/D
I_BLENDER_0/R_434/D
I_BLENDER_0/R_435/D
I_BLENDER_0/R_436/D
I_BLENDER_0/R_437/D
I_BLENDER_0/R_438/D
I_BLENDER_0/R_439/D
I_BLENDER_0/R_443/D
I_BLENDER_0/R_444/D
I_BLENDER_0/R_445/D
I_BLENDER_0/R_446/D
I_BLENDER_0/R_447/D
I_BLENDER_0/R_448/D
I_BLENDER_0/R_449/D
I_BLENDER_0/R_450/D
I_BLENDER_0/R_493/D
I_BLENDER_0/R_494/D
I_BLENDER_0/R_495/D
I_BLENDER_0/R_496/D
I_BLENDER_0/R_504/D
I_BLENDER_0/R_505/D
I_BLENDER_0/R_506/D
I_BLENDER_0/R_507/D
I_BLENDER_0/R_519/D
I_BLENDER_0/R_521/D
I_BLENDER_0/R_522/D
I_BLENDER_0/R_523/D
I_BLENDER_0/R_525/D
I_BLENDER_0/R_526/D
I_BLENDER_0/R_537/D
I_BLENDER_0/R_538/D
I_BLENDER_0/R_539/D
I_BLENDER_0/R_546/D
I_BLENDER_0/R_547/D
I_BLENDER_0/R_548/D
I_BLENDER_0/R_553/D
I_BLENDER_0/R_555/D
I_BLENDER_0/R_556/D
I_BLENDER_0/R_559/D
I_BLENDER_0/R_561/D
I_BLENDER_0/R_562/D
I_BLENDER_0/R_564/D
I_BLENDER_0/R_565/D
I_BLENDER_0/R_566/D
I_BLENDER_0/R_570/D
I_BLENDER_0/R_571/D
I_BLENDER_0/R_572/D
I_BLENDER_0/R_573/D
I_BLENDER_0/R_574/D
I_BLENDER_0/R_575/D
I_BLENDER_0/R_576/D
I_BLENDER_0/R_577/D
I_BLENDER_0/R_578/D
I_BLENDER_0/R_579/D
I_BLENDER_0/R_580/D
I_BLENDER_0/R_581/D
I_BLENDER_0/R_582/D
I_BLENDER_0/R_583/D
I_BLENDER_0/R_584/D
I_BLENDER_0/R_609/D
I_BLENDER_0/R_610/D
I_BLENDER_0/R_688/D
I_BLENDER_0/R_692/D
I_BLENDER_0/R_697/D
I_BLENDER_0/R_698/D
I_BLENDER_0/R_699/D
I_BLENDER_0/R_700/D
I_BLENDER_0/R_701/D
I_BLENDER_0/R_702/D
I_BLENDER_0/R_716/D
I_BLENDER_0/R_717/D
I_BLENDER_0/R_718/D
I_BLENDER_0/R_719/D
I_BLENDER_0/R_720/D
I_BLENDER_0/R_721/D
I_BLENDER_0/R_728/D
I_BLENDER_0/R_729/D
I_BLENDER_0/R_732/D
I_BLENDER_0/R_735/D
I_BLENDER_0/R_736/D
I_BLENDER_0/R_737/D
I_BLENDER_0/R_738/D
I_BLENDER_0/R_739/D
I_BLENDER_0/R_741/D
I_BLENDER_0/R_742/D
I_BLENDER_0/R_743/D
I_BLENDER_0/R_744/D
I_BLENDER_0/R_745/D
I_BLENDER_0/clk_gate_rem_green_reg/latch/EN
I_BLENDER_0/mega_shift_reg_0__0_/D
I_BLENDER_0/mega_shift_reg_0__1_/D
I_BLENDER_0/mega_shift_reg_0__2_/D
I_BLENDER_0/mega_shift_reg_0__3_/D
I_BLENDER_0/mega_shift_reg_0__4_/D
I_BLENDER_0/mega_shift_reg_0__5_/D
I_BLENDER_0/mega_shift_reg_0__6_/D
I_BLENDER_0/mega_shift_reg_0__7_/D
I_BLENDER_0/mega_shift_reg_0__8_/D
I_BLENDER_0/mega_shift_reg_0__9_/D
I_BLENDER_0/mega_shift_reg_0__10_/D
I_BLENDER_0/mega_shift_reg_0__11_/D
I_BLENDER_0/mega_shift_reg_0__12_/D
I_BLENDER_0/mega_shift_reg_0__13_/D
I_BLENDER_0/mega_shift_reg_0__14_/D
I_BLENDER_0/mega_shift_reg_0__15_/D
I_BLENDER_0/mega_shift_reg_0__16_/D
I_BLENDER_0/mega_shift_reg_0__17_/D
I_BLENDER_0/mega_shift_reg_0__18_/D
I_BLENDER_0/mega_shift_reg_0__19_/D
I_BLENDER_0/mega_shift_reg_0__20_/D
I_BLENDER_0/mega_shift_reg_0__21_/D
I_BLENDER_0/mega_shift_reg_0__22_/D
I_BLENDER_0/mega_shift_reg_0__23_/D
I_BLENDER_0/mega_shift_reg_0__24_/D
I_BLENDER_0/mega_shift_reg_0__25_/D
I_BLENDER_0/mega_shift_reg_0__26_/D
I_BLENDER_0/mega_shift_reg_0__27_/D
I_BLENDER_0/mega_shift_reg_0__28_/D
I_BLENDER_0/mega_shift_reg_0__29_/D
I_BLENDER_0/mega_shift_reg_0__30_/D
I_BLENDER_0/mega_shift_reg_0__31_/D
I_BLENDER_0/mega_shift_reg_1__0_/D
I_BLENDER_0/mega_shift_reg_1__1_/D
I_BLENDER_0/mega_shift_reg_1__2_/D
I_BLENDER_0/mega_shift_reg_1__3_/D
I_BLENDER_0/mega_shift_reg_1__4_/D
I_BLENDER_0/mega_shift_reg_1__5_/D
I_BLENDER_0/mega_shift_reg_1__6_/D
I_BLENDER_0/mega_shift_reg_1__7_/D
I_BLENDER_0/mega_shift_reg_1__8_/D
I_BLENDER_0/mega_shift_reg_1__9_/D
I_BLENDER_0/mega_shift_reg_1__10_/D
I_BLENDER_0/mega_shift_reg_1__11_/D
I_BLENDER_0/mega_shift_reg_1__12_/D
I_BLENDER_0/mega_shift_reg_1__13_/D
I_BLENDER_0/mega_shift_reg_1__14_/D
I_BLENDER_0/mega_shift_reg_1__15_/D
I_BLENDER_0/mega_shift_reg_1__16_/D
I_BLENDER_0/mega_shift_reg_1__17_/D
I_BLENDER_0/mega_shift_reg_1__18_/D
I_BLENDER_0/mega_shift_reg_1__19_/D
I_BLENDER_0/mega_shift_reg_1__20_/D
I_BLENDER_0/mega_shift_reg_1__21_/D
I_BLENDER_0/mega_shift_reg_1__22_/D
I_BLENDER_0/mega_shift_reg_1__23_/D
I_BLENDER_0/mega_shift_reg_1__24_/D
I_BLENDER_0/mega_shift_reg_1__25_/D
I_BLENDER_0/mega_shift_reg_1__26_/D
I_BLENDER_0/mega_shift_reg_1__27_/D
I_BLENDER_0/mega_shift_reg_1__28_/D
I_BLENDER_0/mega_shift_reg_1__29_/D
I_BLENDER_0/mega_shift_reg_1__30_/D
I_BLENDER_0/mega_shift_reg_1__31_/D
I_BLENDER_0/mega_shift_reg_2__0_/D
I_BLENDER_0/mega_shift_reg_2__1_/D
I_BLENDER_0/mega_shift_reg_2__2_/D
I_BLENDER_0/mega_shift_reg_2__3_/D
I_BLENDER_0/mega_shift_reg_2__4_/D
I_BLENDER_0/mega_shift_reg_2__5_/D
I_BLENDER_0/mega_shift_reg_2__6_/D
I_BLENDER_0/mega_shift_reg_2__7_/D
I_BLENDER_0/mega_shift_reg_2__8_/D
I_BLENDER_0/mega_shift_reg_2__9_/D
I_BLENDER_0/mega_shift_reg_2__10_/D
I_BLENDER_0/mega_shift_reg_2__11_/D
I_BLENDER_0/mega_shift_reg_2__12_/D
I_BLENDER_0/mega_shift_reg_2__13_/D
I_BLENDER_0/mega_shift_reg_2__14_/D
I_BLENDER_0/mega_shift_reg_2__15_/D
I_BLENDER_0/mega_shift_reg_2__16_/D
I_BLENDER_0/mega_shift_reg_2__17_/D
I_BLENDER_0/mega_shift_reg_2__18_/D
I_BLENDER_0/mega_shift_reg_2__19_/D
I_BLENDER_0/mega_shift_reg_2__20_/D
I_BLENDER_0/mega_shift_reg_2__21_/D
I_BLENDER_0/mega_shift_reg_2__22_/D
I_BLENDER_0/mega_shift_reg_2__23_/D
I_BLENDER_0/mega_shift_reg_2__24_/D
I_BLENDER_0/mega_shift_reg_2__25_/D
I_BLENDER_0/mega_shift_reg_2__26_/D
I_BLENDER_0/mega_shift_reg_2__27_/D
I_BLENDER_0/mega_shift_reg_2__28_/D
I_BLENDER_0/mega_shift_reg_2__29_/D
I_BLENDER_0/mega_shift_reg_2__30_/D
I_BLENDER_0/mega_shift_reg_2__31_/D
I_BLENDER_0/mega_shift_reg_3__0_/D
I_BLENDER_0/mega_shift_reg_3__1_/D
I_BLENDER_0/mega_shift_reg_3__2_/D
I_BLENDER_0/mega_shift_reg_3__3_/D
I_BLENDER_0/mega_shift_reg_3__4_/D
I_BLENDER_0/mega_shift_reg_3__5_/D
I_BLENDER_0/mega_shift_reg_3__6_/D
I_BLENDER_0/mega_shift_reg_3__7_/D
I_BLENDER_0/mega_shift_reg_3__8_/D
I_BLENDER_0/mega_shift_reg_3__9_/D
I_BLENDER_0/mega_shift_reg_3__10_/D
I_BLENDER_0/mega_shift_reg_3__11_/D
I_BLENDER_0/mega_shift_reg_3__12_/D
I_BLENDER_0/mega_shift_reg_3__13_/D
I_BLENDER_0/mega_shift_reg_3__14_/D
I_BLENDER_0/mega_shift_reg_3__15_/D
I_BLENDER_0/mega_shift_reg_3__16_/D
I_BLENDER_0/mega_shift_reg_3__17_/D
I_BLENDER_0/mega_shift_reg_3__18_/D
I_BLENDER_0/mega_shift_reg_3__19_/D
I_BLENDER_0/mega_shift_reg_3__20_/D
I_BLENDER_0/mega_shift_reg_3__21_/D
I_BLENDER_0/mega_shift_reg_3__22_/D
I_BLENDER_0/mega_shift_reg_3__23_/D
I_BLENDER_0/mega_shift_reg_3__24_/D
I_BLENDER_0/mega_shift_reg_3__25_/D
I_BLENDER_0/mega_shift_reg_3__26_/D
I_BLENDER_0/mega_shift_reg_3__27_/D
I_BLENDER_0/mega_shift_reg_3__28_/D
I_BLENDER_0/mega_shift_reg_3__29_/D
I_BLENDER_0/mega_shift_reg_3__30_/D
I_BLENDER_0/mega_shift_reg_3__31_/D
I_BLENDER_0/mega_shift_reg_4__0_/D
I_BLENDER_0/mega_shift_reg_4__1_/D
I_BLENDER_0/mega_shift_reg_4__2_/D
I_BLENDER_0/mega_shift_reg_4__3_/D
I_BLENDER_0/mega_shift_reg_4__4_/D
I_BLENDER_0/mega_shift_reg_4__5_/D
I_BLENDER_0/mega_shift_reg_4__6_/D
I_BLENDER_0/mega_shift_reg_4__7_/D
I_BLENDER_0/mega_shift_reg_4__8_/D
I_BLENDER_0/mega_shift_reg_4__9_/D
I_BLENDER_0/mega_shift_reg_4__10_/D
I_BLENDER_0/mega_shift_reg_4__11_/D
I_BLENDER_0/mega_shift_reg_4__12_/D
I_BLENDER_0/mega_shift_reg_4__13_/D
I_BLENDER_0/mega_shift_reg_4__14_/D
I_BLENDER_0/mega_shift_reg_4__15_/D
I_BLENDER_0/mega_shift_reg_4__16_/D
I_BLENDER_0/mega_shift_reg_4__17_/D
I_BLENDER_0/mega_shift_reg_4__18_/D
I_BLENDER_0/mega_shift_reg_4__19_/D
I_BLENDER_0/mega_shift_reg_4__20_/D
I_BLENDER_0/mega_shift_reg_4__21_/D
I_BLENDER_0/mega_shift_reg_4__22_/D
I_BLENDER_0/mega_shift_reg_4__23_/D
I_BLENDER_0/mega_shift_reg_4__24_/D
I_BLENDER_0/mega_shift_reg_4__25_/D
I_BLENDER_0/mega_shift_reg_4__26_/D
I_BLENDER_0/mega_shift_reg_4__27_/D
I_BLENDER_0/mega_shift_reg_4__28_/D
I_BLENDER_0/mega_shift_reg_4__29_/D
I_BLENDER_0/mega_shift_reg_4__30_/D
I_BLENDER_0/mega_shift_reg_4__31_/D
I_BLENDER_0/mega_shift_reg_5__0_/D
I_BLENDER_0/mega_shift_reg_5__1_/D
I_BLENDER_0/mega_shift_reg_5__2_/D
I_BLENDER_0/mega_shift_reg_5__3_/D
I_BLENDER_0/mega_shift_reg_5__4_/D
I_BLENDER_0/mega_shift_reg_5__5_/D
I_BLENDER_0/mega_shift_reg_5__6_/D
I_BLENDER_0/mega_shift_reg_5__7_/D
I_BLENDER_0/mega_shift_reg_5__8_/D
I_BLENDER_0/mega_shift_reg_5__9_/D
I_BLENDER_0/mega_shift_reg_5__10_/D
I_BLENDER_0/mega_shift_reg_5__11_/D
I_BLENDER_0/mega_shift_reg_5__12_/D
I_BLENDER_0/mega_shift_reg_5__13_/D
I_BLENDER_0/mega_shift_reg_5__14_/D
I_BLENDER_0/mega_shift_reg_5__15_/D
I_BLENDER_0/mega_shift_reg_5__16_/D
I_BLENDER_0/mega_shift_reg_5__17_/D
I_BLENDER_0/mega_shift_reg_5__18_/D
I_BLENDER_0/mega_shift_reg_5__19_/D
I_BLENDER_0/mega_shift_reg_5__20_/D
I_BLENDER_0/mega_shift_reg_5__21_/D
I_BLENDER_0/mega_shift_reg_5__22_/D
I_BLENDER_0/mega_shift_reg_5__23_/D
I_BLENDER_0/mega_shift_reg_5__24_/D
I_BLENDER_0/mega_shift_reg_5__25_/D
I_BLENDER_0/mega_shift_reg_5__26_/D
I_BLENDER_0/mega_shift_reg_5__27_/D
I_BLENDER_0/mega_shift_reg_5__28_/D
I_BLENDER_0/mega_shift_reg_5__29_/D
I_BLENDER_0/mega_shift_reg_5__30_/D
I_BLENDER_0/mega_shift_reg_5__31_/D
I_BLENDER_0/mega_shift_reg_6__0_/D
I_BLENDER_0/mega_shift_reg_6__1_/D
I_BLENDER_0/mega_shift_reg_6__2_/D
I_BLENDER_0/mega_shift_reg_6__3_/D
I_BLENDER_0/mega_shift_reg_6__4_/D
I_BLENDER_0/mega_shift_reg_6__5_/D
I_BLENDER_0/mega_shift_reg_6__6_/D
I_BLENDER_0/mega_shift_reg_6__7_/D
I_BLENDER_0/mega_shift_reg_6__8_/D
I_BLENDER_0/mega_shift_reg_6__9_/D
I_BLENDER_0/mega_shift_reg_6__10_/D
I_BLENDER_0/mega_shift_reg_6__11_/D
I_BLENDER_0/mega_shift_reg_6__12_/D
I_BLENDER_0/mega_shift_reg_6__13_/D
I_BLENDER_0/mega_shift_reg_6__14_/D
I_BLENDER_0/mega_shift_reg_6__15_/D
I_BLENDER_0/mega_shift_reg_6__16_/D
I_BLENDER_0/mega_shift_reg_6__17_/D
I_BLENDER_0/mega_shift_reg_6__18_/D
I_BLENDER_0/mega_shift_reg_6__19_/D
I_BLENDER_0/mega_shift_reg_6__20_/D
I_BLENDER_0/mega_shift_reg_6__21_/D
I_BLENDER_0/mega_shift_reg_6__22_/D
I_BLENDER_0/mega_shift_reg_6__23_/D
I_BLENDER_0/mega_shift_reg_6__24_/D
I_BLENDER_0/mega_shift_reg_6__25_/D
I_BLENDER_0/mega_shift_reg_6__26_/D
I_BLENDER_0/mega_shift_reg_6__27_/D
I_BLENDER_0/mega_shift_reg_6__28_/D
I_BLENDER_0/mega_shift_reg_6__29_/D
I_BLENDER_0/mega_shift_reg_6__30_/D
I_BLENDER_0/mega_shift_reg_6__31_/D
I_BLENDER_0/mega_shift_reg_7__0_/D
I_BLENDER_0/mega_shift_reg_7__1_/D
I_BLENDER_0/mega_shift_reg_7__2_/D
I_BLENDER_0/mega_shift_reg_7__3_/D
I_BLENDER_0/mega_shift_reg_7__4_/D
I_BLENDER_0/mega_shift_reg_7__5_/D
I_BLENDER_0/mega_shift_reg_7__6_/D
I_BLENDER_0/mega_shift_reg_7__7_/D
I_BLENDER_0/mega_shift_reg_7__8_/D
I_BLENDER_0/mega_shift_reg_7__9_/D
I_BLENDER_0/mega_shift_reg_7__10_/D
I_BLENDER_0/mega_shift_reg_7__11_/D
I_BLENDER_0/mega_shift_reg_7__12_/D
I_BLENDER_0/mega_shift_reg_7__13_/D
I_BLENDER_0/mega_shift_reg_7__14_/D
I_BLENDER_0/mega_shift_reg_7__15_/D
I_BLENDER_0/mega_shift_reg_7__16_/D
I_BLENDER_0/mega_shift_reg_7__17_/D
I_BLENDER_0/mega_shift_reg_7__18_/D
I_BLENDER_0/mega_shift_reg_7__19_/D
I_BLENDER_0/mega_shift_reg_7__20_/D
I_BLENDER_0/mega_shift_reg_7__21_/D
I_BLENDER_0/mega_shift_reg_7__22_/D
I_BLENDER_0/mega_shift_reg_7__23_/D
I_BLENDER_0/mega_shift_reg_7__24_/D
I_BLENDER_0/mega_shift_reg_7__25_/D
I_BLENDER_0/mega_shift_reg_7__26_/D
I_BLENDER_0/mega_shift_reg_7__27_/D
I_BLENDER_0/mega_shift_reg_7__28_/D
I_BLENDER_0/mega_shift_reg_7__29_/D
I_BLENDER_0/mega_shift_reg_7__30_/D
I_BLENDER_0/mega_shift_reg_7__31_/D
I_BLENDER_0/mega_shift_reg_8__0_/D
I_BLENDER_0/mega_shift_reg_8__1_/D
I_BLENDER_0/mega_shift_reg_8__2_/D
I_BLENDER_0/mega_shift_reg_8__3_/D
I_BLENDER_0/mega_shift_reg_8__4_/D
I_BLENDER_0/mega_shift_reg_8__5_/D
I_BLENDER_0/mega_shift_reg_8__6_/D
I_BLENDER_0/mega_shift_reg_8__7_/D
I_BLENDER_0/mega_shift_reg_8__8_/D
I_BLENDER_0/mega_shift_reg_8__9_/D
I_BLENDER_0/mega_shift_reg_8__10_/D
I_BLENDER_0/mega_shift_reg_8__11_/D
I_BLENDER_0/mega_shift_reg_8__12_/D
I_BLENDER_0/mega_shift_reg_8__13_/D
I_BLENDER_0/mega_shift_reg_8__14_/D
I_BLENDER_0/mega_shift_reg_8__15_/D
I_BLENDER_0/mega_shift_reg_8__16_/D
I_BLENDER_0/mega_shift_reg_8__17_/D
I_BLENDER_0/mega_shift_reg_8__18_/D
I_BLENDER_0/mega_shift_reg_8__19_/D
I_BLENDER_0/mega_shift_reg_8__20_/D
I_BLENDER_0/mega_shift_reg_8__21_/D
I_BLENDER_0/mega_shift_reg_8__22_/D
I_BLENDER_0/mega_shift_reg_8__23_/D
I_BLENDER_0/mega_shift_reg_8__24_/D
I_BLENDER_0/mega_shift_reg_8__25_/D
I_BLENDER_0/mega_shift_reg_8__26_/D
I_BLENDER_0/mega_shift_reg_8__27_/D
I_BLENDER_0/mega_shift_reg_8__28_/D
I_BLENDER_0/mega_shift_reg_8__29_/D
I_BLENDER_0/mega_shift_reg_8__30_/D
I_BLENDER_0/mega_shift_reg_8__31_/D
I_BLENDER_0/mega_shift_reg_9__0_/D
I_BLENDER_0/mega_shift_reg_9__1_/D
I_BLENDER_0/mega_shift_reg_9__2_/D
I_BLENDER_0/mega_shift_reg_9__3_/D
I_BLENDER_0/mega_shift_reg_9__4_/D
I_BLENDER_0/mega_shift_reg_9__5_/D
I_BLENDER_0/mega_shift_reg_9__6_/D
I_BLENDER_0/mega_shift_reg_9__7_/D
I_BLENDER_0/mega_shift_reg_9__8_/D
I_BLENDER_0/mega_shift_reg_9__9_/D
I_BLENDER_0/mega_shift_reg_9__10_/D
I_BLENDER_0/mega_shift_reg_9__11_/D
I_BLENDER_0/mega_shift_reg_9__12_/D
I_BLENDER_0/mega_shift_reg_9__13_/D
I_BLENDER_0/mega_shift_reg_9__14_/D
I_BLENDER_0/mega_shift_reg_9__15_/D
I_BLENDER_0/mega_shift_reg_9__16_/D
I_BLENDER_0/mega_shift_reg_9__17_/D
I_BLENDER_0/mega_shift_reg_9__18_/D
I_BLENDER_0/mega_shift_reg_9__19_/D
I_BLENDER_0/mega_shift_reg_9__20_/D
I_BLENDER_0/mega_shift_reg_9__21_/D
I_BLENDER_0/mega_shift_reg_9__22_/D
I_BLENDER_0/mega_shift_reg_9__23_/D
I_BLENDER_0/mega_shift_reg_9__24_/D
I_BLENDER_0/mega_shift_reg_9__25_/D
I_BLENDER_0/mega_shift_reg_9__26_/D
I_BLENDER_0/mega_shift_reg_9__27_/D
I_BLENDER_0/mega_shift_reg_9__28_/D
I_BLENDER_0/mega_shift_reg_9__29_/D
I_BLENDER_0/mega_shift_reg_9__30_/D
I_BLENDER_0/mega_shift_reg_9__31_/D
I_BLENDER_0/mega_shift_reg_10__0_/D
I_BLENDER_0/mega_shift_reg_10__1_/D
I_BLENDER_0/mega_shift_reg_10__2_/D
I_BLENDER_0/mega_shift_reg_10__3_/D
I_BLENDER_0/mega_shift_reg_10__4_/D
I_BLENDER_0/mega_shift_reg_10__5_/D
I_BLENDER_0/mega_shift_reg_10__6_/D
I_BLENDER_0/mega_shift_reg_10__7_/D
I_BLENDER_0/mega_shift_reg_10__8_/D
I_BLENDER_0/mega_shift_reg_10__9_/D
I_BLENDER_0/mega_shift_reg_10__10_/D
I_BLENDER_0/mega_shift_reg_10__11_/D
I_BLENDER_0/mega_shift_reg_10__12_/D
I_BLENDER_0/mega_shift_reg_10__13_/D
I_BLENDER_0/mega_shift_reg_10__14_/D
I_BLENDER_0/mega_shift_reg_10__15_/D
I_BLENDER_0/mega_shift_reg_10__16_/D
I_BLENDER_0/mega_shift_reg_10__17_/D
I_BLENDER_0/mega_shift_reg_10__18_/D
I_BLENDER_0/mega_shift_reg_10__19_/D
I_BLENDER_0/mega_shift_reg_10__20_/D
I_BLENDER_0/mega_shift_reg_10__21_/D
I_BLENDER_0/mega_shift_reg_10__22_/D
I_BLENDER_0/mega_shift_reg_10__23_/D
I_BLENDER_0/mega_shift_reg_10__24_/D
I_BLENDER_0/mega_shift_reg_10__25_/D
I_BLENDER_0/mega_shift_reg_10__26_/D
I_BLENDER_0/mega_shift_reg_10__27_/D
I_BLENDER_0/mega_shift_reg_10__28_/D
I_BLENDER_0/mega_shift_reg_10__29_/D
I_BLENDER_0/mega_shift_reg_10__30_/D
I_BLENDER_0/mega_shift_reg_10__31_/D
I_BLENDER_0/rem_blue_reg/D
I_BLENDER_0/rem_green_reg/D
I_BLENDER_0/rem_red_reg/D
I_BLENDER_0/result_reg_0_/D
I_BLENDER_0/result_reg_1_/D
I_BLENDER_0/result_reg_2_/D
I_BLENDER_0/result_reg_3_/D
I_BLENDER_0/result_reg_4_/D
I_BLENDER_0/result_reg_5_/D
I_BLENDER_0/result_reg_6_/D
I_BLENDER_0/result_reg_7_/D
I_BLENDER_0/result_reg_8_/D
I_BLENDER_0/result_reg_9_/D
I_BLENDER_0/result_reg_10_/D
I_BLENDER_0/result_reg_11_/D
I_BLENDER_0/result_reg_12_/D
I_BLENDER_0/result_reg_13_/D
I_BLENDER_0/result_reg_14_/D
I_BLENDER_0/result_reg_15_/D
I_BLENDER_0/result_reg_16_/D
I_BLENDER_0/result_reg_17_/D
I_BLENDER_0/result_reg_18_/D
I_BLENDER_0/result_reg_19_/D
I_BLENDER_0/result_reg_20_/D
I_BLENDER_0/result_reg_21_/D
I_BLENDER_0/result_reg_22_/D
I_BLENDER_0/result_reg_23_/D
I_BLENDER_0/result_reg_24_/D
I_BLENDER_0/result_reg_25_/D
I_BLENDER_0/result_reg_26_/D
I_BLENDER_0/result_reg_27_/D
I_BLENDER_0/result_reg_28_/D
I_BLENDER_0/result_reg_29_/D
I_BLENDER_0/result_reg_30_/D
I_BLENDER_0/result_reg_31_/D
I_BLENDER_0/s1_op1_reg_0_/D
I_BLENDER_0/s1_op1_reg_1_/D
I_BLENDER_0/s1_op1_reg_2_/D
I_BLENDER_0/s1_op1_reg_3_/D
I_BLENDER_0/s1_op1_reg_4_/D
I_BLENDER_0/s1_op1_reg_5_/D
I_BLENDER_0/s1_op1_reg_6_/D
I_BLENDER_0/s1_op1_reg_7_/D
I_BLENDER_0/s1_op1_reg_8_/D
I_BLENDER_0/s1_op1_reg_9_/D
I_BLENDER_0/s1_op1_reg_10_/D
I_BLENDER_0/s1_op1_reg_11_/D
I_BLENDER_0/s1_op1_reg_12_/D
I_BLENDER_0/s1_op1_reg_13_/D
I_BLENDER_0/s1_op1_reg_14_/D
I_BLENDER_0/s1_op1_reg_15_/D
I_BLENDER_0/s1_op1_reg_16_/D
I_BLENDER_0/s1_op1_reg_17_/D
I_BLENDER_0/s1_op1_reg_18_/D
I_BLENDER_0/s1_op1_reg_19_/D
I_BLENDER_0/s1_op1_reg_20_/D
I_BLENDER_0/s1_op1_reg_21_/D
I_BLENDER_0/s1_op1_reg_22_/D
I_BLENDER_0/s1_op1_reg_23_/D
I_BLENDER_0/s1_op1_reg_24_/D
I_BLENDER_0/s1_op1_reg_25_/D
I_BLENDER_0/s1_op1_reg_26_/D
I_BLENDER_0/s1_op1_reg_27_/D
I_BLENDER_0/s1_op1_reg_28_/D
I_BLENDER_0/s1_op1_reg_29_/D
I_BLENDER_0/s1_op1_reg_30_/D
I_BLENDER_0/s1_op1_reg_31_/D
I_BLENDER_0/s1_op2_reg_0_/D
I_BLENDER_0/s1_op2_reg_1_/D
I_BLENDER_0/s1_op2_reg_2_/D
I_BLENDER_0/s1_op2_reg_3_/D
I_BLENDER_0/s1_op2_reg_4_/D
I_BLENDER_0/s1_op2_reg_5_/D
I_BLENDER_0/s1_op2_reg_6_/D
I_BLENDER_0/s1_op2_reg_7_/D
I_BLENDER_0/s1_op2_reg_8_/D
I_BLENDER_0/s1_op2_reg_9_/D
I_BLENDER_0/s1_op2_reg_10_/D
I_BLENDER_0/s1_op2_reg_11_/D
I_BLENDER_0/s1_op2_reg_12_/D
I_BLENDER_0/s1_op2_reg_13_/D
I_BLENDER_0/s1_op2_reg_14_/D
I_BLENDER_0/s1_op2_reg_15_/D
I_BLENDER_0/s1_op2_reg_16_/D
I_BLENDER_0/s1_op2_reg_17_/D
I_BLENDER_0/s1_op2_reg_18_/D
I_BLENDER_0/s1_op2_reg_19_/D
I_BLENDER_0/s1_op2_reg_20_/D
I_BLENDER_0/s1_op2_reg_21_/D
I_BLENDER_0/s1_op2_reg_22_/D
I_BLENDER_0/s1_op2_reg_23_/D
I_BLENDER_0/s1_op2_reg_24_/D
I_BLENDER_0/s1_op2_reg_25_/D
I_BLENDER_0/s1_op2_reg_26_/D
I_BLENDER_0/s1_op2_reg_27_/D
I_BLENDER_0/s1_op2_reg_28_/D
I_BLENDER_0/s1_op2_reg_29_/D
I_BLENDER_0/s1_op2_reg_30_/D
I_BLENDER_0/s1_op2_reg_31_/D
I_BLENDER_0/s2_op1_reg_0_/D
I_BLENDER_0/s2_op1_reg_1_/D
I_BLENDER_0/s2_op1_reg_2_/D
I_BLENDER_0/s2_op1_reg_3_/D
I_BLENDER_0/s2_op1_reg_4_/D
I_BLENDER_0/s2_op1_reg_5_/D
I_BLENDER_0/s2_op1_reg_7_/D
I_BLENDER_0/s2_op1_reg_9_/D
I_BLENDER_0/s2_op1_reg_10_/D
I_BLENDER_0/s2_op1_reg_11_/D
I_BLENDER_0/s2_op1_reg_12_/D
I_BLENDER_0/s2_op1_reg_13_/D
I_BLENDER_0/s2_op1_reg_14_/D
I_BLENDER_0/s2_op1_reg_17_/D
I_BLENDER_0/s2_op1_reg_18_/D
I_BLENDER_0/s2_op1_reg_19_/D
I_BLENDER_0/s2_op1_reg_20_/D
I_BLENDER_0/s2_op1_reg_21_/D
I_BLENDER_0/s2_op1_reg_22_/D
I_BLENDER_0/s2_op1_reg_23_/D
I_BLENDER_0/s2_op1_reg_25_/D
I_BLENDER_0/s2_op1_reg_27_/D
I_BLENDER_0/s2_op1_reg_28_/D
I_BLENDER_0/s2_op1_reg_29_/D
I_BLENDER_0/s2_op1_reg_30_/D
I_BLENDER_0/s2_op1_reg_31_/D
I_BLENDER_0/s2_op2_reg_27_/D
I_BLENDER_0/s2_op2_reg_28_/D
I_BLENDER_0/s2_op2_reg_29_/D
I_BLENDER_0/s2_op2_reg_30_/D
I_BLENDER_0/s2_op2_reg_31_/D
I_BLENDER_0/s3_op1_reg_1_/D
I_BLENDER_0/s3_op1_reg_2_/D
I_BLENDER_0/s3_op1_reg_3_/D
I_BLENDER_0/s3_op1_reg_4_/D
I_BLENDER_0/s3_op1_reg_7_/D
I_BLENDER_0/s3_op1_reg_8_/D
I_BLENDER_0/s3_op1_reg_9_/D
I_BLENDER_0/s3_op1_reg_10_/D
I_BLENDER_0/s3_op1_reg_11_/D
I_BLENDER_0/s3_op1_reg_12_/D
I_BLENDER_0/s3_op1_reg_13_/D
I_BLENDER_0/s3_op1_reg_16_/D
I_BLENDER_0/s3_op1_reg_17_/D
I_BLENDER_0/s3_op1_reg_18_/D
I_BLENDER_0/s3_op1_reg_19_/D
I_BLENDER_0/s3_op1_reg_20_/D
I_BLENDER_0/s3_op1_reg_21_/D
I_BLENDER_0/s3_op1_reg_22_/D
I_BLENDER_0/s3_op1_reg_25_/D
I_BLENDER_0/s3_op1_reg_26_/D
I_BLENDER_0/s3_op1_reg_27_/D
I_BLENDER_0/s3_op1_reg_28_/D
I_BLENDER_0/s3_op1_reg_29_/D
I_BLENDER_0/s3_op1_reg_30_/D
I_BLENDER_0/s3_op1_reg_31_/D
I_BLENDER_0/s3_op2_reg_1_/D
I_BLENDER_0/s3_op2_reg_2_/D
I_BLENDER_0/s3_op2_reg_3_/D
I_BLENDER_0/s3_op2_reg_4_/D
I_BLENDER_0/s3_op2_reg_5_/D
I_BLENDER_0/s3_op2_reg_6_/D
I_BLENDER_0/s3_op2_reg_7_/D
I_BLENDER_0/s3_op2_reg_8_/D
I_BLENDER_0/s3_op2_reg_9_/D
I_BLENDER_0/s3_op2_reg_10_/D
I_BLENDER_0/s3_op2_reg_11_/D
I_BLENDER_0/s3_op2_reg_12_/D
I_BLENDER_0/s3_op2_reg_13_/D
I_BLENDER_0/s3_op2_reg_14_/D
I_BLENDER_0/s3_op2_reg_15_/D
I_BLENDER_0/s3_op2_reg_17_/D
I_BLENDER_0/s3_op2_reg_18_/D
I_BLENDER_0/s3_op2_reg_19_/D
I_BLENDER_0/s3_op2_reg_20_/D
I_BLENDER_0/s3_op2_reg_21_/D
I_BLENDER_0/s3_op2_reg_22_/D
I_BLENDER_0/s3_op2_reg_23_/D
I_BLENDER_0/s3_op2_reg_24_/D
I_BLENDER_0/s3_op2_reg_25_/D
I_BLENDER_0/s3_op2_reg_26_/D
I_BLENDER_0/s3_op2_reg_27_/D
I_BLENDER_0/s3_op2_reg_28_/D
I_BLENDER_0/s3_op2_reg_29_/D
I_BLENDER_0/s3_op2_reg_30_/D
I_BLENDER_0/s3_op2_reg_31_/D
I_BLENDER_0/s4_op1_reg_1_/D
I_BLENDER_0/s4_op1_reg_3_/D
I_BLENDER_0/s4_op1_reg_5_/D
I_BLENDER_0/s4_op1_reg_7_/D
I_BLENDER_0/s4_op1_reg_8_/D
I_BLENDER_0/s4_op1_reg_9_/D
I_BLENDER_0/s4_op1_reg_10_/D
I_BLENDER_0/s4_op1_reg_11_/D
I_BLENDER_0/s4_op1_reg_13_/D
I_BLENDER_0/s4_op1_reg_15_/D
I_BLENDER_0/s4_op1_reg_16_/D
I_BLENDER_0/s4_op1_reg_17_/D
I_BLENDER_0/s4_op1_reg_18_/D
I_BLENDER_0/s4_op1_reg_19_/D
I_BLENDER_0/s4_op1_reg_20_/D
I_BLENDER_0/s4_op1_reg_21_/D
I_BLENDER_0/s4_op1_reg_22_/D
I_BLENDER_0/s4_op1_reg_23_/D
I_BLENDER_0/s4_op1_reg_24_/D
I_BLENDER_0/s4_op1_reg_25_/D
I_BLENDER_0/s4_op1_reg_26_/D
I_BLENDER_0/s4_op1_reg_27_/D
I_BLENDER_0/s4_op1_reg_28_/D
I_BLENDER_0/s4_op1_reg_29_/D
I_BLENDER_0/s4_op1_reg_30_/D
I_BLENDER_0/s4_op1_reg_31_/D
I_BLENDER_0/s4_op2_reg_1_/D
I_BLENDER_0/s4_op2_reg_3_/D
I_BLENDER_0/s4_op2_reg_5_/D
I_BLENDER_0/s4_op2_reg_7_/D
I_BLENDER_0/s4_op2_reg_8_/D
I_BLENDER_0/s4_op2_reg_9_/D
I_BLENDER_0/s4_op2_reg_10_/D
I_BLENDER_0/s4_op2_reg_11_/D
I_BLENDER_0/s4_op2_reg_13_/D
I_BLENDER_0/s4_op2_reg_15_/D
I_BLENDER_0/s4_op2_reg_16_/D
I_BLENDER_0/s4_op2_reg_17_/D
I_BLENDER_0/s4_op2_reg_18_/D
I_BLENDER_0/s4_op2_reg_19_/D
I_BLENDER_0/s4_op2_reg_20_/D
I_BLENDER_0/s4_op2_reg_21_/D
I_BLENDER_0/s4_op2_reg_22_/D
I_BLENDER_0/s4_op2_reg_23_/D
I_BLENDER_0/s4_op2_reg_24_/D
I_BLENDER_0/s4_op2_reg_26_/D
I_BLENDER_0/s4_op2_reg_28_/D
I_BLENDER_0/s4_op2_reg_29_/D
I_BLENDER_0/s4_op2_reg_30_/D
I_BLENDER_0/s4_op2_reg_31_/D
I_BLENDER_0/trans1_reg/D
I_BLENDER_0/trans2_reg/D
I_BLENDER_0/trans3_reg/D
I_BLENDER_1/R_35_IP/D
I_BLENDER_1/R_37/D
I_BLENDER_1/R_38_IP/D
I_BLENDER_1/R_41/D
I_BLENDER_1/R_43_IP/D
I_BLENDER_1/R_47/D
I_BLENDER_1/R_48/D
I_BLENDER_1/R_49/D
I_BLENDER_1/R_50/D
I_BLENDER_1/R_51/D
I_BLENDER_1/R_53/D
I_BLENDER_1/R_54/D
I_BLENDER_1/R_56/D
I_BLENDER_1/R_62/D
I_BLENDER_1/R_63/D
I_BLENDER_1/R_64/D
I_BLENDER_1/R_65/D
I_BLENDER_1/R_66/D
I_BLENDER_1/R_67/D
I_BLENDER_1/R_69/D
I_BLENDER_1/R_73/D
I_BLENDER_1/R_74/D
I_BLENDER_1/R_75/D
I_BLENDER_1/R_76/D
I_BLENDER_1/R_83/D
I_BLENDER_1/R_85/D
I_BLENDER_1/R_90/D
I_BLENDER_1/R_98/D
I_BLENDER_1/R_108_IP/D
I_BLENDER_1/R_124/D
I_BLENDER_1/R_141/D
I_BLENDER_1/R_142/D
I_BLENDER_1/R_143/D
I_BLENDER_1/R_148/D
I_BLENDER_1/R_149/D
I_BLENDER_1/R_150/D
I_BLENDER_1/R_151/D
I_BLENDER_1/R_152/D
I_BLENDER_1/R_153/D
I_BLENDER_1/R_154/D
I_BLENDER_1/R_155/D
I_BLENDER_1/R_156/D
I_BLENDER_1/R_166/D
I_BLENDER_1/R_169/D
I_BLENDER_1/R_172/D
I_BLENDER_1/R_173/D
I_BLENDER_1/R_189/D
I_BLENDER_1/R_209/D
I_BLENDER_1/R_211/D
I_BLENDER_1/R_224/D
I_BLENDER_1/R_226/D
I_BLENDER_1/R_227/D
I_BLENDER_1/R_233/D
I_BLENDER_1/R_235/D
I_BLENDER_1/R_252/D
I_BLENDER_1/R_253/D
I_BLENDER_1/R_262/D
I_BLENDER_1/R_265/D
I_BLENDER_1/R_266/D
I_BLENDER_1/R_268/D
I_BLENDER_1/R_269/D
I_BLENDER_1/R_270/D
I_BLENDER_1/R_271/D
I_BLENDER_1/R_273/D
I_BLENDER_1/R_275/D
I_BLENDER_1/R_280/D
I_BLENDER_1/R_284/D
I_BLENDER_1/R_286/D
I_BLENDER_1/R_289/D
I_BLENDER_1/R_292/D
I_BLENDER_1/R_295/D
I_BLENDER_1/R_297/D
I_BLENDER_1/R_298/D
I_BLENDER_1/R_301/D
I_BLENDER_1/R_303/D
I_BLENDER_1/R_305/D
I_BLENDER_1/R_309/D
I_BLENDER_1/R_310/D
I_BLENDER_1/R_313/D
I_BLENDER_1/R_315/D
I_BLENDER_1/R_317/D
I_BLENDER_1/R_324/D
I_BLENDER_1/R_325/D
I_BLENDER_1/R_333/D
I_BLENDER_1/R_334/D
I_BLENDER_1/R_339/D
I_BLENDER_1/R_340/D
I_BLENDER_1/R_344/D
I_BLENDER_1/R_346/D
I_BLENDER_1/R_347/D
I_BLENDER_1/R_348/D
I_BLENDER_1/R_349/D
I_BLENDER_1/R_350/D
I_BLENDER_1/R_353/D
I_BLENDER_1/R_354/D
I_BLENDER_1/R_363/D
I_BLENDER_1/R_364/D
I_BLENDER_1/R_366/D
I_BLENDER_1/R_367/D
I_BLENDER_1/R_368/D
I_BLENDER_1/R_369/D
I_BLENDER_1/R_370/D
I_BLENDER_1/R_372/D
I_BLENDER_1/R_373/D
I_BLENDER_1/R_375/D
I_BLENDER_1/R_376/D
I_BLENDER_1/R_377/D
I_BLENDER_1/R_379/D
I_BLENDER_1/R_382/D
I_BLENDER_1/R_387/D
I_BLENDER_1/R_392/D
I_BLENDER_1/R_393/D
I_BLENDER_1/R_395/D
I_BLENDER_1/R_396/D
I_BLENDER_1/R_399/D
I_BLENDER_1/R_401/D
I_BLENDER_1/R_402/D
I_BLENDER_1/R_404/D
I_BLENDER_1/R_407/D
I_BLENDER_1/R_408/D
I_BLENDER_1/R_409/D
I_BLENDER_1/R_410/D
I_BLENDER_1/R_411/D
I_BLENDER_1/R_412/D
I_BLENDER_1/R_413/D
I_BLENDER_1/R_414/D
I_BLENDER_1/R_415/D
I_BLENDER_1/R_416/D
I_BLENDER_1/R_417/D
I_BLENDER_1/R_427/D
I_BLENDER_1/R_428/D
I_BLENDER_1/R_429/D
I_BLENDER_1/R_431/D
I_BLENDER_1/R_452/D
I_BLENDER_1/R_454/D
I_BLENDER_1/R_455/D
I_BLENDER_1/R_458/D
I_BLENDER_1/R_460/D
I_BLENDER_1/R_461/D
I_BLENDER_1/R_464/D
I_BLENDER_1/R_466/D
I_BLENDER_1/R_467/D
I_BLENDER_1/R_470/D
I_BLENDER_1/R_472/D
I_BLENDER_1/R_473/D
I_BLENDER_1/R_476/D
I_BLENDER_1/R_478/D
I_BLENDER_1/R_479/D
I_BLENDER_1/R_482/D
I_BLENDER_1/R_484/D
I_BLENDER_1/R_485/D
I_BLENDER_1/R_488/D
I_BLENDER_1/R_490/D
I_BLENDER_1/R_492/D
I_BLENDER_1/R_499/D
I_BLENDER_1/R_500/D
I_BLENDER_1/R_501/D
I_BLENDER_1/R_503/D
I_BLENDER_1/R_509/D
I_BLENDER_1/R_511/D
I_BLENDER_1/R_513/D
I_BLENDER_1/R_514/D
I_BLENDER_1/R_515/D
I_BLENDER_1/R_516/D
I_BLENDER_1/R_517/D
I_BLENDER_1/R_527/D
I_BLENDER_1/R_528/D
I_BLENDER_1/R_529/D
I_BLENDER_1/R_530/D
I_BLENDER_1/R_531/D
I_BLENDER_1/R_536/D
I_BLENDER_1/R_540/D
I_BLENDER_1/R_541/D
I_BLENDER_1/R_542/D
I_BLENDER_1/R_543/D
I_BLENDER_1/R_544/D
I_BLENDER_1/R_545/D
I_BLENDER_1/R_567/D
I_BLENDER_1/R_568/D
I_BLENDER_1/R_586/D
I_BLENDER_1/R_588/D
I_BLENDER_1/R_589/D
I_BLENDER_1/R_592/D
I_BLENDER_1/R_594/D
I_BLENDER_1/R_595/D
I_BLENDER_1/R_597/D
I_BLENDER_1/R_598/D
I_BLENDER_1/R_600/D
I_BLENDER_1/R_601/D
I_BLENDER_1/R_604/D
I_BLENDER_1/R_606/D
I_BLENDER_1/R_607/D
I_BLENDER_1/R_612/D
I_BLENDER_1/R_614/D
I_BLENDER_1/R_616/D
I_BLENDER_1/R_617/D
I_BLENDER_1/R_620/D
I_BLENDER_1/R_622/D
I_BLENDER_1/R_623/D
I_BLENDER_1/R_626/D
I_BLENDER_1/R_628/D
I_BLENDER_1/R_629/D
I_BLENDER_1/R_632/D
I_BLENDER_1/R_634/D
I_BLENDER_1/R_635/D
I_BLENDER_1/R_638/D
I_BLENDER_1/R_640/D
I_BLENDER_1/R_641/D
I_BLENDER_1/R_643_IP/D
I_BLENDER_1/R_646/D
I_BLENDER_1/R_648/D
I_BLENDER_1/R_649/D
I_BLENDER_1/R_652/D
I_BLENDER_1/R_654/D
I_BLENDER_1/R_655/D
I_BLENDER_1/R_658/D
I_BLENDER_1/R_660/D
I_BLENDER_1/R_661/D
I_BLENDER_1/R_667_IP/D
I_BLENDER_1/R_668/D
I_BLENDER_1/R_669/D
I_BLENDER_1/R_670/D
I_BLENDER_1/R_671/D
I_BLENDER_1/R_672/D
I_BLENDER_1/R_673/D
I_BLENDER_1/R_674/D
I_BLENDER_1/R_675/D
I_BLENDER_1/R_676_IP/D
I_BLENDER_1/R_683/D
I_BLENDER_1/R_723/D
I_BLENDER_1/R_724/D
I_BLENDER_1/R_731/D
I_BLENDER_1/R_746/D
I_BLENDER_1/R_747/D
I_BLENDER_1/R_748/D
I_BLENDER_1/R_749/D
I_BLENDER_1/R_750/D
I_BLENDER_1/R_754/D
I_BLENDER_1/R_756/D
I_BLENDER_1/R_757/D
I_BLENDER_1/clk_gate_rem_green_reg/latch/EN
I_BLENDER_1/mega_shift_reg_0__0_/D
I_BLENDER_1/mega_shift_reg_0__1_/D
I_BLENDER_1/mega_shift_reg_0__2_/D
I_BLENDER_1/mega_shift_reg_0__3_/D
I_BLENDER_1/mega_shift_reg_0__4_/D
I_BLENDER_1/mega_shift_reg_0__5_/D
I_BLENDER_1/mega_shift_reg_0__6_/D
I_BLENDER_1/mega_shift_reg_0__7_/D
I_BLENDER_1/mega_shift_reg_0__8_/D
I_BLENDER_1/mega_shift_reg_0__9_/D
I_BLENDER_1/mega_shift_reg_0__10_/D
I_BLENDER_1/mega_shift_reg_0__11_/D
I_BLENDER_1/mega_shift_reg_0__12_/D
I_BLENDER_1/mega_shift_reg_0__13_/D
I_BLENDER_1/mega_shift_reg_0__14_/D
I_BLENDER_1/mega_shift_reg_0__15_/D
I_BLENDER_1/mega_shift_reg_0__16_/D
I_BLENDER_1/mega_shift_reg_0__17_/D
I_BLENDER_1/mega_shift_reg_0__18_/D
I_BLENDER_1/mega_shift_reg_0__19_/D
I_BLENDER_1/mega_shift_reg_0__20_/D
I_BLENDER_1/mega_shift_reg_0__21_/D
I_BLENDER_1/mega_shift_reg_0__22_/D
I_BLENDER_1/mega_shift_reg_0__23_/D
I_BLENDER_1/mega_shift_reg_0__24_/D
I_BLENDER_1/mega_shift_reg_0__25_/D
I_BLENDER_1/mega_shift_reg_0__26_/D
I_BLENDER_1/mega_shift_reg_0__27_/D
I_BLENDER_1/mega_shift_reg_0__28_/D
I_BLENDER_1/mega_shift_reg_0__29_/D
I_BLENDER_1/mega_shift_reg_0__30_/D
I_BLENDER_1/mega_shift_reg_0__31_/D
I_BLENDER_1/mega_shift_reg_1__0_/D
I_BLENDER_1/mega_shift_reg_1__1_/D
I_BLENDER_1/mega_shift_reg_1__2_/D
I_BLENDER_1/mega_shift_reg_1__3_/D
I_BLENDER_1/mega_shift_reg_1__4_/D
I_BLENDER_1/mega_shift_reg_1__5_/D
I_BLENDER_1/mega_shift_reg_1__6_/D
I_BLENDER_1/mega_shift_reg_1__7_/D
I_BLENDER_1/mega_shift_reg_1__8_/D
I_BLENDER_1/mega_shift_reg_1__9_/D
I_BLENDER_1/mega_shift_reg_1__10_/D
I_BLENDER_1/mega_shift_reg_1__11_/D
I_BLENDER_1/mega_shift_reg_1__12_/D
I_BLENDER_1/mega_shift_reg_1__13_/D
I_BLENDER_1/mega_shift_reg_1__14_/D
I_BLENDER_1/mega_shift_reg_1__15_/D
I_BLENDER_1/mega_shift_reg_1__16_/D
I_BLENDER_1/mega_shift_reg_1__17_/D
I_BLENDER_1/mega_shift_reg_1__18_/D
I_BLENDER_1/mega_shift_reg_1__19_/D
I_BLENDER_1/mega_shift_reg_1__20_/D
I_BLENDER_1/mega_shift_reg_1__21_/D
I_BLENDER_1/mega_shift_reg_1__22_/D
I_BLENDER_1/mega_shift_reg_1__23_/D
I_BLENDER_1/mega_shift_reg_1__24_/D
I_BLENDER_1/mega_shift_reg_1__25_/D
I_BLENDER_1/mega_shift_reg_1__26_/D
I_BLENDER_1/mega_shift_reg_1__27_/D
I_BLENDER_1/mega_shift_reg_1__28_/D
I_BLENDER_1/mega_shift_reg_1__29_/D
I_BLENDER_1/mega_shift_reg_1__30_/D
I_BLENDER_1/mega_shift_reg_1__31_/D
I_BLENDER_1/mega_shift_reg_2__0_/D
I_BLENDER_1/mega_shift_reg_2__1_/D
I_BLENDER_1/mega_shift_reg_2__2_/D
I_BLENDER_1/mega_shift_reg_2__3_/D
I_BLENDER_1/mega_shift_reg_2__4_/D
I_BLENDER_1/mega_shift_reg_2__5_/D
I_BLENDER_1/mega_shift_reg_2__6_/D
I_BLENDER_1/mega_shift_reg_2__7_/D
I_BLENDER_1/mega_shift_reg_2__8_/D
I_BLENDER_1/mega_shift_reg_2__9_/D
I_BLENDER_1/mega_shift_reg_2__10_/D
I_BLENDER_1/mega_shift_reg_2__11_/D
I_BLENDER_1/mega_shift_reg_2__12_/D
I_BLENDER_1/mega_shift_reg_2__13_/D
I_BLENDER_1/mega_shift_reg_2__14_/D
I_BLENDER_1/mega_shift_reg_2__15_/D
I_BLENDER_1/mega_shift_reg_2__16_/D
I_BLENDER_1/mega_shift_reg_2__17_/D
I_BLENDER_1/mega_shift_reg_2__18_/D
I_BLENDER_1/mega_shift_reg_2__19_/D
I_BLENDER_1/mega_shift_reg_2__20_/D
I_BLENDER_1/mega_shift_reg_2__21_/D
I_BLENDER_1/mega_shift_reg_2__22_/D
I_BLENDER_1/mega_shift_reg_2__23_/D
I_BLENDER_1/mega_shift_reg_2__24_/D
I_BLENDER_1/mega_shift_reg_2__25_/D
I_BLENDER_1/mega_shift_reg_2__26_/D
I_BLENDER_1/mega_shift_reg_2__27_/D
I_BLENDER_1/mega_shift_reg_2__28_/D
I_BLENDER_1/mega_shift_reg_2__29_/D
I_BLENDER_1/mega_shift_reg_2__30_/D
I_BLENDER_1/mega_shift_reg_2__31_/D
I_BLENDER_1/mega_shift_reg_3__0_/D
I_BLENDER_1/mega_shift_reg_3__1_/D
I_BLENDER_1/mega_shift_reg_3__2_/D
I_BLENDER_1/mega_shift_reg_3__3_/D
I_BLENDER_1/mega_shift_reg_3__4_/D
I_BLENDER_1/mega_shift_reg_3__5_/D
I_BLENDER_1/mega_shift_reg_3__6_/D
I_BLENDER_1/mega_shift_reg_3__7_/D
I_BLENDER_1/mega_shift_reg_3__8_/D
I_BLENDER_1/mega_shift_reg_3__9_/D
I_BLENDER_1/mega_shift_reg_3__10_/D
I_BLENDER_1/mega_shift_reg_3__11_/D
I_BLENDER_1/mega_shift_reg_3__12_/D
I_BLENDER_1/mega_shift_reg_3__13_/D
I_BLENDER_1/mega_shift_reg_3__14_/D
I_BLENDER_1/mega_shift_reg_3__15_/D
I_BLENDER_1/mega_shift_reg_3__16_/D
I_BLENDER_1/mega_shift_reg_3__17_/D
I_BLENDER_1/mega_shift_reg_3__18_/D
I_BLENDER_1/mega_shift_reg_3__19_/D
I_BLENDER_1/mega_shift_reg_3__20_/D
I_BLENDER_1/mega_shift_reg_3__21_/D
I_BLENDER_1/mega_shift_reg_3__22_/D
I_BLENDER_1/mega_shift_reg_3__23_/D
I_BLENDER_1/mega_shift_reg_3__24_/D
I_BLENDER_1/mega_shift_reg_3__25_/D
I_BLENDER_1/mega_shift_reg_3__26_/D
I_BLENDER_1/mega_shift_reg_3__27_/D
I_BLENDER_1/mega_shift_reg_3__28_/D
I_BLENDER_1/mega_shift_reg_3__29_/D
I_BLENDER_1/mega_shift_reg_3__30_/D
I_BLENDER_1/mega_shift_reg_3__31_/D
I_BLENDER_1/mega_shift_reg_4__0_/D
I_BLENDER_1/mega_shift_reg_4__1_/D
I_BLENDER_1/mega_shift_reg_4__2_/D
I_BLENDER_1/mega_shift_reg_4__3_/D
I_BLENDER_1/mega_shift_reg_4__4_/D
I_BLENDER_1/mega_shift_reg_4__5_/D
I_BLENDER_1/mega_shift_reg_4__6_/D
I_BLENDER_1/mega_shift_reg_4__7_/D
I_BLENDER_1/mega_shift_reg_4__8_/D
I_BLENDER_1/mega_shift_reg_4__9_/D
I_BLENDER_1/mega_shift_reg_4__10_/D
I_BLENDER_1/mega_shift_reg_4__11_/D
I_BLENDER_1/mega_shift_reg_4__12_/D
I_BLENDER_1/mega_shift_reg_4__13_/D
I_BLENDER_1/mega_shift_reg_4__14_/D
I_BLENDER_1/mega_shift_reg_4__15_/D
I_BLENDER_1/mega_shift_reg_4__16_/D
I_BLENDER_1/mega_shift_reg_4__17_/D
I_BLENDER_1/mega_shift_reg_4__18_/D
I_BLENDER_1/mega_shift_reg_4__19_/D
I_BLENDER_1/mega_shift_reg_4__20_/D
I_BLENDER_1/mega_shift_reg_4__21_/D
I_BLENDER_1/mega_shift_reg_4__22_/D
I_BLENDER_1/mega_shift_reg_4__23_/D
I_BLENDER_1/mega_shift_reg_4__24_/D
I_BLENDER_1/mega_shift_reg_4__25_/D
I_BLENDER_1/mega_shift_reg_4__26_/D
I_BLENDER_1/mega_shift_reg_4__27_/D
I_BLENDER_1/mega_shift_reg_4__28_/D
I_BLENDER_1/mega_shift_reg_4__29_/D
I_BLENDER_1/mega_shift_reg_4__30_/D
I_BLENDER_1/mega_shift_reg_4__31_/D
I_BLENDER_1/mega_shift_reg_5__0_/D
I_BLENDER_1/mega_shift_reg_5__1_/D
I_BLENDER_1/mega_shift_reg_5__2_/D
I_BLENDER_1/mega_shift_reg_5__3_/D
I_BLENDER_1/mega_shift_reg_5__4_/D
I_BLENDER_1/mega_shift_reg_5__5_/D
I_BLENDER_1/mega_shift_reg_5__6_/D
I_BLENDER_1/mega_shift_reg_5__7_/D
I_BLENDER_1/mega_shift_reg_5__8_/D
I_BLENDER_1/mega_shift_reg_5__9_/D
I_BLENDER_1/mega_shift_reg_5__10_/D
I_BLENDER_1/mega_shift_reg_5__11_/D
I_BLENDER_1/mega_shift_reg_5__12_/D
I_BLENDER_1/mega_shift_reg_5__13_/D
I_BLENDER_1/mega_shift_reg_5__14_/D
I_BLENDER_1/mega_shift_reg_5__15_/D
I_BLENDER_1/mega_shift_reg_5__16_/D
I_BLENDER_1/mega_shift_reg_5__17_/D
I_BLENDER_1/mega_shift_reg_5__18_/D
I_BLENDER_1/mega_shift_reg_5__19_/D
I_BLENDER_1/mega_shift_reg_5__20_/D
I_BLENDER_1/mega_shift_reg_5__21_/D
I_BLENDER_1/mega_shift_reg_5__22_/D
I_BLENDER_1/mega_shift_reg_5__23_/D
I_BLENDER_1/mega_shift_reg_5__24_/D
I_BLENDER_1/mega_shift_reg_5__25_/D
I_BLENDER_1/mega_shift_reg_5__26_/D
I_BLENDER_1/mega_shift_reg_5__27_/D
I_BLENDER_1/mega_shift_reg_5__28_/D
I_BLENDER_1/mega_shift_reg_5__29_/D
I_BLENDER_1/mega_shift_reg_5__30_/D
I_BLENDER_1/mega_shift_reg_5__31_/D
I_BLENDER_1/mega_shift_reg_6__0_/D
I_BLENDER_1/mega_shift_reg_6__1_/D
I_BLENDER_1/mega_shift_reg_6__2_/D
I_BLENDER_1/mega_shift_reg_6__3_/D
I_BLENDER_1/mega_shift_reg_6__4_/D
I_BLENDER_1/mega_shift_reg_6__5_/D
I_BLENDER_1/mega_shift_reg_6__6_/D
I_BLENDER_1/mega_shift_reg_6__7_/D
I_BLENDER_1/mega_shift_reg_6__8_/D
I_BLENDER_1/mega_shift_reg_6__9_/D
I_BLENDER_1/mega_shift_reg_6__10_/D
I_BLENDER_1/mega_shift_reg_6__11_/D
I_BLENDER_1/mega_shift_reg_6__12_/D
I_BLENDER_1/mega_shift_reg_6__13_/D
I_BLENDER_1/mega_shift_reg_6__14_/D
I_BLENDER_1/mega_shift_reg_6__15_/D
I_BLENDER_1/mega_shift_reg_6__16_/D
I_BLENDER_1/mega_shift_reg_6__17_/D
I_BLENDER_1/mega_shift_reg_6__18_/D
I_BLENDER_1/mega_shift_reg_6__19_/D
I_BLENDER_1/mega_shift_reg_6__20_/D
I_BLENDER_1/mega_shift_reg_6__21_/D
I_BLENDER_1/mega_shift_reg_6__22_/D
I_BLENDER_1/mega_shift_reg_6__23_/D
I_BLENDER_1/mega_shift_reg_6__24_/D
I_BLENDER_1/mega_shift_reg_6__25_/D
I_BLENDER_1/mega_shift_reg_6__26_/D
I_BLENDER_1/mega_shift_reg_6__27_/D
I_BLENDER_1/mega_shift_reg_6__28_/D
I_BLENDER_1/mega_shift_reg_6__29_/D
I_BLENDER_1/mega_shift_reg_6__30_/D
I_BLENDER_1/mega_shift_reg_6__31_/D
I_BLENDER_1/mega_shift_reg_7__0_/D
I_BLENDER_1/mega_shift_reg_7__1_/D
I_BLENDER_1/mega_shift_reg_7__2_/D
I_BLENDER_1/mega_shift_reg_7__3_/D
I_BLENDER_1/mega_shift_reg_7__4_/D
I_BLENDER_1/mega_shift_reg_7__5_/D
I_BLENDER_1/mega_shift_reg_7__6_/D
I_BLENDER_1/mega_shift_reg_7__7_/D
I_BLENDER_1/mega_shift_reg_7__8_/D
I_BLENDER_1/mega_shift_reg_7__9_/D
I_BLENDER_1/mega_shift_reg_7__10_/D
I_BLENDER_1/mega_shift_reg_7__11_/D
I_BLENDER_1/mega_shift_reg_7__12_/D
I_BLENDER_1/mega_shift_reg_7__13_/D
I_BLENDER_1/mega_shift_reg_7__14_/D
I_BLENDER_1/mega_shift_reg_7__15_/D
I_BLENDER_1/mega_shift_reg_7__16_/D
I_BLENDER_1/mega_shift_reg_7__17_/D
I_BLENDER_1/mega_shift_reg_7__18_/D
I_BLENDER_1/mega_shift_reg_7__19_/D
I_BLENDER_1/mega_shift_reg_7__20_/D
I_BLENDER_1/mega_shift_reg_7__21_/D
I_BLENDER_1/mega_shift_reg_7__22_/D
I_BLENDER_1/mega_shift_reg_7__23_/D
I_BLENDER_1/mega_shift_reg_7__24_/D
I_BLENDER_1/mega_shift_reg_7__25_/D
I_BLENDER_1/mega_shift_reg_7__26_/D
I_BLENDER_1/mega_shift_reg_7__27_/D
I_BLENDER_1/mega_shift_reg_7__28_/D
I_BLENDER_1/mega_shift_reg_7__29_/D
I_BLENDER_1/mega_shift_reg_7__30_/D
I_BLENDER_1/mega_shift_reg_7__31_/D
I_BLENDER_1/mega_shift_reg_8__0_/D
I_BLENDER_1/mega_shift_reg_8__1_/D
I_BLENDER_1/mega_shift_reg_8__2_/D
I_BLENDER_1/mega_shift_reg_8__3_/D
I_BLENDER_1/mega_shift_reg_8__4_/D
I_BLENDER_1/mega_shift_reg_8__5_/D
I_BLENDER_1/mega_shift_reg_8__6_/D
I_BLENDER_1/mega_shift_reg_8__7_/D
I_BLENDER_1/mega_shift_reg_8__8_/D
I_BLENDER_1/mega_shift_reg_8__9_/D
I_BLENDER_1/mega_shift_reg_8__10_/D
I_BLENDER_1/mega_shift_reg_8__11_/D
I_BLENDER_1/mega_shift_reg_8__12_/D
I_BLENDER_1/mega_shift_reg_8__13_/D
I_BLENDER_1/mega_shift_reg_8__14_/D
I_BLENDER_1/mega_shift_reg_8__15_/D
I_BLENDER_1/mega_shift_reg_8__16_/D
I_BLENDER_1/mega_shift_reg_8__17_/D
I_BLENDER_1/mega_shift_reg_8__18_/D
I_BLENDER_1/mega_shift_reg_8__19_/D
I_BLENDER_1/mega_shift_reg_8__20_/D
I_BLENDER_1/mega_shift_reg_8__21_/D
I_BLENDER_1/mega_shift_reg_8__22_/D
I_BLENDER_1/mega_shift_reg_8__23_/D
I_BLENDER_1/mega_shift_reg_8__24_/D
I_BLENDER_1/mega_shift_reg_8__25_/D
I_BLENDER_1/mega_shift_reg_8__26_/D
I_BLENDER_1/mega_shift_reg_8__27_/D
I_BLENDER_1/mega_shift_reg_8__28_/D
I_BLENDER_1/mega_shift_reg_8__29_/D
I_BLENDER_1/mega_shift_reg_8__30_/D
I_BLENDER_1/mega_shift_reg_8__31_/D
I_BLENDER_1/mega_shift_reg_9__0_/D
I_BLENDER_1/mega_shift_reg_9__1_/D
I_BLENDER_1/mega_shift_reg_9__2_/D
I_BLENDER_1/mega_shift_reg_9__3_/D
I_BLENDER_1/mega_shift_reg_9__4_/D
I_BLENDER_1/mega_shift_reg_9__5_/D
I_BLENDER_1/mega_shift_reg_9__6_/D
I_BLENDER_1/mega_shift_reg_9__7_/D
I_BLENDER_1/mega_shift_reg_9__8_/D
I_BLENDER_1/mega_shift_reg_9__9_/D
I_BLENDER_1/mega_shift_reg_9__10_/D
I_BLENDER_1/mega_shift_reg_9__11_/D
I_BLENDER_1/mega_shift_reg_9__12_/D
I_BLENDER_1/mega_shift_reg_9__13_/D
I_BLENDER_1/mega_shift_reg_9__14_/D
I_BLENDER_1/mega_shift_reg_9__15_/D
I_BLENDER_1/mega_shift_reg_9__16_/D
I_BLENDER_1/mega_shift_reg_9__17_/D
I_BLENDER_1/mega_shift_reg_9__18_/D
I_BLENDER_1/mega_shift_reg_9__19_/D
I_BLENDER_1/mega_shift_reg_9__20_/D
I_BLENDER_1/mega_shift_reg_9__21_/D
I_BLENDER_1/mega_shift_reg_9__22_/D
I_BLENDER_1/mega_shift_reg_9__23_/D
I_BLENDER_1/mega_shift_reg_9__24_/D
I_BLENDER_1/mega_shift_reg_9__25_/D
I_BLENDER_1/mega_shift_reg_9__26_/D
I_BLENDER_1/mega_shift_reg_9__27_/D
I_BLENDER_1/mega_shift_reg_9__28_/D
I_BLENDER_1/mega_shift_reg_9__29_/D
I_BLENDER_1/mega_shift_reg_9__30_/D
I_BLENDER_1/mega_shift_reg_9__31_/D
I_BLENDER_1/mega_shift_reg_10__0_/D
I_BLENDER_1/mega_shift_reg_10__1_/D
I_BLENDER_1/mega_shift_reg_10__2_/D
I_BLENDER_1/mega_shift_reg_10__3_/D
I_BLENDER_1/mega_shift_reg_10__4_/D
I_BLENDER_1/mega_shift_reg_10__5_/D
I_BLENDER_1/mega_shift_reg_10__6_/D
I_BLENDER_1/mega_shift_reg_10__7_/D
I_BLENDER_1/mega_shift_reg_10__8_/D
I_BLENDER_1/mega_shift_reg_10__9_/D
I_BLENDER_1/mega_shift_reg_10__10_/D
I_BLENDER_1/mega_shift_reg_10__11_/D
I_BLENDER_1/mega_shift_reg_10__12_/D
I_BLENDER_1/mega_shift_reg_10__13_/D
I_BLENDER_1/mega_shift_reg_10__14_/D
I_BLENDER_1/mega_shift_reg_10__15_/D
I_BLENDER_1/mega_shift_reg_10__16_/D
I_BLENDER_1/mega_shift_reg_10__17_/D
I_BLENDER_1/mega_shift_reg_10__18_/D
I_BLENDER_1/mega_shift_reg_10__19_/D
I_BLENDER_1/mega_shift_reg_10__20_/D
I_BLENDER_1/mega_shift_reg_10__21_/D
I_BLENDER_1/mega_shift_reg_10__22_/D
I_BLENDER_1/mega_shift_reg_10__23_/D
I_BLENDER_1/mega_shift_reg_10__24_/D
I_BLENDER_1/mega_shift_reg_10__25_/D
I_BLENDER_1/mega_shift_reg_10__26_/D
I_BLENDER_1/mega_shift_reg_10__27_/D
I_BLENDER_1/mega_shift_reg_10__28_/D
I_BLENDER_1/mega_shift_reg_10__29_/D
I_BLENDER_1/mega_shift_reg_10__30_/D
I_BLENDER_1/mega_shift_reg_10__31_/D
I_BLENDER_1/rem_blue_reg/D
I_BLENDER_1/rem_green_reg/D
I_BLENDER_1/rem_red_reg/D
I_BLENDER_1/result_reg_0_/D
I_BLENDER_1/result_reg_1_/D
I_BLENDER_1/result_reg_2_/D
I_BLENDER_1/result_reg_3_/D
I_BLENDER_1/result_reg_4_/D
I_BLENDER_1/result_reg_5_/D
I_BLENDER_1/result_reg_6_/D
I_BLENDER_1/result_reg_7_/D
I_BLENDER_1/result_reg_8_/D
I_BLENDER_1/result_reg_9_/D
I_BLENDER_1/result_reg_10_/D
I_BLENDER_1/result_reg_11_/D
I_BLENDER_1/result_reg_12_/D
I_BLENDER_1/result_reg_13_/D
I_BLENDER_1/result_reg_14_/D
I_BLENDER_1/result_reg_15_/D
I_BLENDER_1/result_reg_16_/D
I_BLENDER_1/result_reg_17_/D
I_BLENDER_1/result_reg_18_/D
I_BLENDER_1/result_reg_19_/D
I_BLENDER_1/result_reg_20_/D
I_BLENDER_1/result_reg_21_/D
I_BLENDER_1/result_reg_22_/D
I_BLENDER_1/result_reg_23_/D
I_BLENDER_1/result_reg_24_/D
I_BLENDER_1/result_reg_25_/D
I_BLENDER_1/result_reg_26_/D
I_BLENDER_1/result_reg_27_/D
I_BLENDER_1/result_reg_28_/D
I_BLENDER_1/result_reg_29_/D
I_BLENDER_1/result_reg_30_/D
I_BLENDER_1/result_reg_31_/D
I_BLENDER_1/s1_op1_reg_0_/D
I_BLENDER_1/s1_op1_reg_1_/D
I_BLENDER_1/s1_op1_reg_2_/D
I_BLENDER_1/s1_op1_reg_3_/D
I_BLENDER_1/s1_op1_reg_4_/D
I_BLENDER_1/s1_op1_reg_5_/D
I_BLENDER_1/s1_op1_reg_6_/D
I_BLENDER_1/s1_op1_reg_7_/D
I_BLENDER_1/s1_op1_reg_8_/D
I_BLENDER_1/s1_op1_reg_9_/D
I_BLENDER_1/s1_op1_reg_10_/D
I_BLENDER_1/s1_op1_reg_11_/D
I_BLENDER_1/s1_op1_reg_12_/D
I_BLENDER_1/s1_op1_reg_13_/D
I_BLENDER_1/s1_op1_reg_14_/D
I_BLENDER_1/s1_op1_reg_15_/D
I_BLENDER_1/s1_op1_reg_16_/D
I_BLENDER_1/s1_op1_reg_17_/D
I_BLENDER_1/s1_op1_reg_18_/D
I_BLENDER_1/s1_op1_reg_19_/D
I_BLENDER_1/s1_op1_reg_20_/D
I_BLENDER_1/s1_op1_reg_21_/D
I_BLENDER_1/s1_op1_reg_22_/D
I_BLENDER_1/s1_op1_reg_23_/D
I_BLENDER_1/s1_op1_reg_24_/D
I_BLENDER_1/s1_op1_reg_25_/D
I_BLENDER_1/s1_op1_reg_26_/D
I_BLENDER_1/s1_op1_reg_27_/D
I_BLENDER_1/s1_op1_reg_28_/D
I_BLENDER_1/s1_op1_reg_29_/D
I_BLENDER_1/s1_op1_reg_30_/D
I_BLENDER_1/s1_op1_reg_31_/D
I_BLENDER_1/s1_op2_reg_0_/D
I_BLENDER_1/s1_op2_reg_1_/D
I_BLENDER_1/s1_op2_reg_2_/D
I_BLENDER_1/s1_op2_reg_3_/D
I_BLENDER_1/s1_op2_reg_4_/D
I_BLENDER_1/s1_op2_reg_5_/D
I_BLENDER_1/s1_op2_reg_6_/D
I_BLENDER_1/s1_op2_reg_7_/D
I_BLENDER_1/s1_op2_reg_8_/D
I_BLENDER_1/s1_op2_reg_9_/D
I_BLENDER_1/s1_op2_reg_10_/D
I_BLENDER_1/s1_op2_reg_11_/D
I_BLENDER_1/s1_op2_reg_12_/D
I_BLENDER_1/s1_op2_reg_13_/D
I_BLENDER_1/s1_op2_reg_14_/D
I_BLENDER_1/s1_op2_reg_15_/D
I_BLENDER_1/s1_op2_reg_16_/D
I_BLENDER_1/s1_op2_reg_17_/D
I_BLENDER_1/s1_op2_reg_18_/D
I_BLENDER_1/s1_op2_reg_19_/D
I_BLENDER_1/s1_op2_reg_20_/D
I_BLENDER_1/s1_op2_reg_21_/D
I_BLENDER_1/s1_op2_reg_22_/D
I_BLENDER_1/s1_op2_reg_23_/D
I_BLENDER_1/s1_op2_reg_24_/D
I_BLENDER_1/s1_op2_reg_25_/D
I_BLENDER_1/s1_op2_reg_26_/D
I_BLENDER_1/s1_op2_reg_27_/D
I_BLENDER_1/s1_op2_reg_28_/D
I_BLENDER_1/s1_op2_reg_29_/D
I_BLENDER_1/s1_op2_reg_30_/D
I_BLENDER_1/s1_op2_reg_31_/D
I_BLENDER_1/s2_op1_reg_0_/D
I_BLENDER_1/s2_op1_reg_1_/D
I_BLENDER_1/s2_op1_reg_2_/D
I_BLENDER_1/s2_op1_reg_3_/D
I_BLENDER_1/s2_op1_reg_4_/D
I_BLENDER_1/s2_op1_reg_5_/D
I_BLENDER_1/s2_op1_reg_6_/D
I_BLENDER_1/s2_op1_reg_8_/D
I_BLENDER_1/s2_op1_reg_9_/D
I_BLENDER_1/s2_op1_reg_10_/D
I_BLENDER_1/s2_op1_reg_11_/D
I_BLENDER_1/s2_op1_reg_12_/D
I_BLENDER_1/s2_op1_reg_13_/D
I_BLENDER_1/s2_op1_reg_14_/D
I_BLENDER_1/s2_op1_reg_18_/D
I_BLENDER_1/s2_op1_reg_19_/D
I_BLENDER_1/s2_op1_reg_20_/D
I_BLENDER_1/s2_op1_reg_21_/D
I_BLENDER_1/s2_op1_reg_22_/D
I_BLENDER_1/s2_op1_reg_23_/D
I_BLENDER_1/s2_op1_reg_27_/D
I_BLENDER_1/s2_op1_reg_28_/D
I_BLENDER_1/s2_op1_reg_29_/D
I_BLENDER_1/s2_op1_reg_30_/D
I_BLENDER_1/s2_op1_reg_31_/D
I_BLENDER_1/s2_op2_reg_27_/D
I_BLENDER_1/s2_op2_reg_28_/D
I_BLENDER_1/s2_op2_reg_29_/D
I_BLENDER_1/s2_op2_reg_30_/D
I_BLENDER_1/s2_op2_reg_31_/D
I_BLENDER_1/s3_op1_reg_0_/D
I_BLENDER_1/s3_op1_reg_1_/D
I_BLENDER_1/s3_op1_reg_2_/D
I_BLENDER_1/s3_op1_reg_3_/D
I_BLENDER_1/s3_op1_reg_4_/D
I_BLENDER_1/s3_op1_reg_8_/D
I_BLENDER_1/s3_op1_reg_9_/D
I_BLENDER_1/s3_op1_reg_10_/D
I_BLENDER_1/s3_op1_reg_11_/D
I_BLENDER_1/s3_op1_reg_12_/D
I_BLENDER_1/s3_op1_reg_13_/D
I_BLENDER_1/s3_op1_reg_16_/D
I_BLENDER_1/s3_op1_reg_17_/D
I_BLENDER_1/s3_op1_reg_18_/D
I_BLENDER_1/s3_op1_reg_19_/D
I_BLENDER_1/s3_op1_reg_20_/D
I_BLENDER_1/s3_op1_reg_21_/D
I_BLENDER_1/s3_op1_reg_22_/D
I_BLENDER_1/s3_op1_reg_26_/D
I_BLENDER_1/s3_op1_reg_27_/D
I_BLENDER_1/s3_op1_reg_28_/D
I_BLENDER_1/s3_op1_reg_29_/D
I_BLENDER_1/s3_op1_reg_30_/D
I_BLENDER_1/s3_op1_reg_31_/D
I_BLENDER_1/s3_op2_reg_0_/D
I_BLENDER_1/s3_op2_reg_1_/D
I_BLENDER_1/s3_op2_reg_2_/D
I_BLENDER_1/s3_op2_reg_3_/D
I_BLENDER_1/s3_op2_reg_4_/D
I_BLENDER_1/s3_op2_reg_5_/D
I_BLENDER_1/s3_op2_reg_6_/D
I_BLENDER_1/s3_op2_reg_7_/D
I_BLENDER_1/s3_op2_reg_8_/D
I_BLENDER_1/s3_op2_reg_9_/D
I_BLENDER_1/s3_op2_reg_10_/D
I_BLENDER_1/s3_op2_reg_11_/D
I_BLENDER_1/s3_op2_reg_12_/D
I_BLENDER_1/s3_op2_reg_13_/D
I_BLENDER_1/s3_op2_reg_14_/D
I_BLENDER_1/s3_op2_reg_15_/D
I_BLENDER_1/s3_op2_reg_16_/D
I_BLENDER_1/s3_op2_reg_17_/D
I_BLENDER_1/s3_op2_reg_18_/D
I_BLENDER_1/s3_op2_reg_19_/D
I_BLENDER_1/s3_op2_reg_20_/D
I_BLENDER_1/s3_op2_reg_21_/D
I_BLENDER_1/s3_op2_reg_22_/D
I_BLENDER_1/s3_op2_reg_23_/D
I_BLENDER_1/s3_op2_reg_24_/D
I_BLENDER_1/s3_op2_reg_25_/D
I_BLENDER_1/s3_op2_reg_26_/D
I_BLENDER_1/s3_op2_reg_27_/D
I_BLENDER_1/s3_op2_reg_28_/D
I_BLENDER_1/s3_op2_reg_29_/D
I_BLENDER_1/s3_op2_reg_30_/D
I_BLENDER_1/s3_op2_reg_31_/D
I_BLENDER_1/s4_op1_reg_0_/D
I_BLENDER_1/s4_op1_reg_1_/D
I_BLENDER_1/s4_op1_reg_2_/D
I_BLENDER_1/s4_op1_reg_3_/D
I_BLENDER_1/s4_op1_reg_4_/D
I_BLENDER_1/s4_op1_reg_5_/D
I_BLENDER_1/s4_op1_reg_6_/D
I_BLENDER_1/s4_op1_reg_7_/D
I_BLENDER_1/s4_op1_reg_8_/D
I_BLENDER_1/s4_op1_reg_9_/D
I_BLENDER_1/s4_op1_reg_10_/D
I_BLENDER_1/s4_op1_reg_11_/D
I_BLENDER_1/s4_op1_reg_12_/D
I_BLENDER_1/s4_op1_reg_13_/D
I_BLENDER_1/s4_op1_reg_14_/D
I_BLENDER_1/s4_op1_reg_15_/D
I_BLENDER_1/s4_op1_reg_16_/D
I_BLENDER_1/s4_op1_reg_17_/D
I_BLENDER_1/s4_op1_reg_18_/D
I_BLENDER_1/s4_op1_reg_19_/D
I_BLENDER_1/s4_op1_reg_20_/D
I_BLENDER_1/s4_op1_reg_21_/D
I_BLENDER_1/s4_op1_reg_22_/D
I_BLENDER_1/s4_op1_reg_23_/D
I_BLENDER_1/s4_op1_reg_31_/D
I_BLENDER_1/s4_op2_reg_0_/D
I_BLENDER_1/s4_op2_reg_1_/D
I_BLENDER_1/s4_op2_reg_2_/D
I_BLENDER_1/s4_op2_reg_3_/D
I_BLENDER_1/s4_op2_reg_4_/D
I_BLENDER_1/s4_op2_reg_5_/D
I_BLENDER_1/s4_op2_reg_6_/D
I_BLENDER_1/s4_op2_reg_7_/D
I_BLENDER_1/s4_op2_reg_8_/D
I_BLENDER_1/s4_op2_reg_9_/D
I_BLENDER_1/s4_op2_reg_10_/D
I_BLENDER_1/s4_op2_reg_11_/D
I_BLENDER_1/s4_op2_reg_12_/D
I_BLENDER_1/s4_op2_reg_13_/D
I_BLENDER_1/s4_op2_reg_14_/D
I_BLENDER_1/s4_op2_reg_15_/D
I_BLENDER_1/s4_op2_reg_16_/D
I_BLENDER_1/s4_op2_reg_17_/D
I_BLENDER_1/s4_op2_reg_18_/D
I_BLENDER_1/s4_op2_reg_19_/D
I_BLENDER_1/trans1_reg/D
I_BLENDER_1/trans2_reg/D
I_BLENDER_1/trans3_reg/D
I_CONTEXT_MEM/I_CONTEXT_RAM_0_1/A1[0]
I_CONTEXT_MEM/I_CONTEXT_RAM_0_1/A1[1]
I_CONTEXT_MEM/I_CONTEXT_RAM_0_1/A1[2]
I_CONTEXT_MEM/I_CONTEXT_RAM_0_1/A1[3]
I_CONTEXT_MEM/I_CONTEXT_RAM_0_1/A1[4]
I_CONTEXT_MEM/I_CONTEXT_RAM_0_1/A1[5]
I_CONTEXT_MEM/I_CONTEXT_RAM_0_1/A2[0]
I_CONTEXT_MEM/I_CONTEXT_RAM_0_1/A2[1]
I_CONTEXT_MEM/I_CONTEXT_RAM_0_1/A2[2]
I_CONTEXT_MEM/I_CONTEXT_RAM_0_1/A2[3]
I_CONTEXT_MEM/I_CONTEXT_RAM_0_1/A2[4]
I_CONTEXT_MEM/I_CONTEXT_RAM_0_1/A2[5]
I_CONTEXT_MEM/I_CONTEXT_RAM_0_1/CSB1
I_CONTEXT_MEM/I_CONTEXT_RAM_0_1/I1[0]
I_CONTEXT_MEM/I_CONTEXT_RAM_0_1/I1[1]
I_CONTEXT_MEM/I_CONTEXT_RAM_0_1/I1[2]
I_CONTEXT_MEM/I_CONTEXT_RAM_0_1/I1[3]
I_CONTEXT_MEM/I_CONTEXT_RAM_0_1/I1[4]
I_CONTEXT_MEM/I_CONTEXT_RAM_0_1/I1[5]
I_CONTEXT_MEM/I_CONTEXT_RAM_0_1/I1[6]
I_CONTEXT_MEM/I_CONTEXT_RAM_0_1/I1[7]
I_CONTEXT_MEM/I_CONTEXT_RAM_0_2/A1[0]
I_CONTEXT_MEM/I_CONTEXT_RAM_0_2/A1[1]
I_CONTEXT_MEM/I_CONTEXT_RAM_0_2/A1[2]
I_CONTEXT_MEM/I_CONTEXT_RAM_0_2/A1[3]
I_CONTEXT_MEM/I_CONTEXT_RAM_0_2/A1[4]
I_CONTEXT_MEM/I_CONTEXT_RAM_0_2/A1[5]
I_CONTEXT_MEM/I_CONTEXT_RAM_0_2/A2[0]
I_CONTEXT_MEM/I_CONTEXT_RAM_0_2/A2[1]
I_CONTEXT_MEM/I_CONTEXT_RAM_0_2/A2[2]
I_CONTEXT_MEM/I_CONTEXT_RAM_0_2/A2[3]
I_CONTEXT_MEM/I_CONTEXT_RAM_0_2/A2[4]
I_CONTEXT_MEM/I_CONTEXT_RAM_0_2/A2[5]
I_CONTEXT_MEM/I_CONTEXT_RAM_0_2/CSB1
I_CONTEXT_MEM/I_CONTEXT_RAM_0_2/I1[0]
I_CONTEXT_MEM/I_CONTEXT_RAM_0_2/I1[1]
I_CONTEXT_MEM/I_CONTEXT_RAM_0_2/I1[2]
I_CONTEXT_MEM/I_CONTEXT_RAM_0_2/I1[3]
I_CONTEXT_MEM/I_CONTEXT_RAM_0_2/I1[4]
I_CONTEXT_MEM/I_CONTEXT_RAM_0_2/I1[5]
I_CONTEXT_MEM/I_CONTEXT_RAM_0_2/I1[6]
I_CONTEXT_MEM/I_CONTEXT_RAM_0_2/I1[7]
I_CONTEXT_MEM/I_CONTEXT_RAM_0_3/A1[0]
I_CONTEXT_MEM/I_CONTEXT_RAM_0_3/A1[1]
I_CONTEXT_MEM/I_CONTEXT_RAM_0_3/A1[2]
I_CONTEXT_MEM/I_CONTEXT_RAM_0_3/A1[3]
I_CONTEXT_MEM/I_CONTEXT_RAM_0_3/A1[4]
I_CONTEXT_MEM/I_CONTEXT_RAM_0_3/A1[5]
I_CONTEXT_MEM/I_CONTEXT_RAM_0_3/A2[0]
I_CONTEXT_MEM/I_CONTEXT_RAM_0_3/A2[1]
I_CONTEXT_MEM/I_CONTEXT_RAM_0_3/A2[2]
I_CONTEXT_MEM/I_CONTEXT_RAM_0_3/A2[3]
I_CONTEXT_MEM/I_CONTEXT_RAM_0_3/A2[4]
I_CONTEXT_MEM/I_CONTEXT_RAM_0_3/A2[5]
I_CONTEXT_MEM/I_CONTEXT_RAM_0_3/CSB1
I_CONTEXT_MEM/I_CONTEXT_RAM_0_3/I1[0]
I_CONTEXT_MEM/I_CONTEXT_RAM_0_3/I1[1]
I_CONTEXT_MEM/I_CONTEXT_RAM_0_3/I1[2]
I_CONTEXT_MEM/I_CONTEXT_RAM_0_3/I1[3]
I_CONTEXT_MEM/I_CONTEXT_RAM_0_3/I1[4]
I_CONTEXT_MEM/I_CONTEXT_RAM_0_3/I1[5]
I_CONTEXT_MEM/I_CONTEXT_RAM_0_3/I1[6]
I_CONTEXT_MEM/I_CONTEXT_RAM_0_3/I1[7]
I_CONTEXT_MEM/I_CONTEXT_RAM_0_4/A1[0]
I_CONTEXT_MEM/I_CONTEXT_RAM_0_4/A1[1]
I_CONTEXT_MEM/I_CONTEXT_RAM_0_4/A1[2]
I_CONTEXT_MEM/I_CONTEXT_RAM_0_4/A1[3]
I_CONTEXT_MEM/I_CONTEXT_RAM_0_4/A1[4]
I_CONTEXT_MEM/I_CONTEXT_RAM_0_4/A1[5]
I_CONTEXT_MEM/I_CONTEXT_RAM_0_4/A2[0]
I_CONTEXT_MEM/I_CONTEXT_RAM_0_4/A2[1]
I_CONTEXT_MEM/I_CONTEXT_RAM_0_4/A2[2]
I_CONTEXT_MEM/I_CONTEXT_RAM_0_4/A2[3]
I_CONTEXT_MEM/I_CONTEXT_RAM_0_4/A2[4]
I_CONTEXT_MEM/I_CONTEXT_RAM_0_4/A2[5]
I_CONTEXT_MEM/I_CONTEXT_RAM_0_4/CSB1
I_CONTEXT_MEM/I_CONTEXT_RAM_0_4/I1[0]
I_CONTEXT_MEM/I_CONTEXT_RAM_0_4/I1[1]
I_CONTEXT_MEM/I_CONTEXT_RAM_0_4/I1[2]
I_CONTEXT_MEM/I_CONTEXT_RAM_0_4/I1[3]
I_CONTEXT_MEM/I_CONTEXT_RAM_0_4/I1[4]
I_CONTEXT_MEM/I_CONTEXT_RAM_0_4/I1[5]
I_CONTEXT_MEM/I_CONTEXT_RAM_0_4/I1[6]
I_CONTEXT_MEM/I_CONTEXT_RAM_0_4/I1[7]
I_CONTEXT_MEM/I_CONTEXT_RAM_1_1/A1[0]
I_CONTEXT_MEM/I_CONTEXT_RAM_1_1/A1[1]
I_CONTEXT_MEM/I_CONTEXT_RAM_1_1/A1[2]
I_CONTEXT_MEM/I_CONTEXT_RAM_1_1/A1[3]
I_CONTEXT_MEM/I_CONTEXT_RAM_1_1/A1[4]
I_CONTEXT_MEM/I_CONTEXT_RAM_1_1/A1[5]
I_CONTEXT_MEM/I_CONTEXT_RAM_1_1/A2[0]
I_CONTEXT_MEM/I_CONTEXT_RAM_1_1/A2[1]
I_CONTEXT_MEM/I_CONTEXT_RAM_1_1/A2[2]
I_CONTEXT_MEM/I_CONTEXT_RAM_1_1/A2[3]
I_CONTEXT_MEM/I_CONTEXT_RAM_1_1/A2[4]
I_CONTEXT_MEM/I_CONTEXT_RAM_1_1/A2[5]
I_CONTEXT_MEM/I_CONTEXT_RAM_1_1/CSB1
I_CONTEXT_MEM/I_CONTEXT_RAM_1_1/I1[0]
I_CONTEXT_MEM/I_CONTEXT_RAM_1_1/I1[1]
I_CONTEXT_MEM/I_CONTEXT_RAM_1_1/I1[2]
I_CONTEXT_MEM/I_CONTEXT_RAM_1_1/I1[3]
I_CONTEXT_MEM/I_CONTEXT_RAM_1_1/I1[4]
I_CONTEXT_MEM/I_CONTEXT_RAM_1_1/I1[5]
I_CONTEXT_MEM/I_CONTEXT_RAM_1_1/I1[6]
I_CONTEXT_MEM/I_CONTEXT_RAM_1_1/I1[7]
I_CONTEXT_MEM/I_CONTEXT_RAM_1_2/A1[0]
I_CONTEXT_MEM/I_CONTEXT_RAM_1_2/A1[1]
I_CONTEXT_MEM/I_CONTEXT_RAM_1_2/A1[2]
I_CONTEXT_MEM/I_CONTEXT_RAM_1_2/A1[3]
I_CONTEXT_MEM/I_CONTEXT_RAM_1_2/A1[4]
I_CONTEXT_MEM/I_CONTEXT_RAM_1_2/A1[5]
I_CONTEXT_MEM/I_CONTEXT_RAM_1_2/A2[0]
I_CONTEXT_MEM/I_CONTEXT_RAM_1_2/A2[1]
I_CONTEXT_MEM/I_CONTEXT_RAM_1_2/A2[2]
I_CONTEXT_MEM/I_CONTEXT_RAM_1_2/A2[3]
I_CONTEXT_MEM/I_CONTEXT_RAM_1_2/A2[4]
I_CONTEXT_MEM/I_CONTEXT_RAM_1_2/A2[5]
I_CONTEXT_MEM/I_CONTEXT_RAM_1_2/CSB1
I_CONTEXT_MEM/I_CONTEXT_RAM_1_2/I1[0]
I_CONTEXT_MEM/I_CONTEXT_RAM_1_2/I1[1]
I_CONTEXT_MEM/I_CONTEXT_RAM_1_2/I1[2]
I_CONTEXT_MEM/I_CONTEXT_RAM_1_2/I1[3]
I_CONTEXT_MEM/I_CONTEXT_RAM_1_2/I1[4]
I_CONTEXT_MEM/I_CONTEXT_RAM_1_2/I1[5]
I_CONTEXT_MEM/I_CONTEXT_RAM_1_2/I1[6]
I_CONTEXT_MEM/I_CONTEXT_RAM_1_2/I1[7]
I_CONTEXT_MEM/I_CONTEXT_RAM_1_3/A1[0]
I_CONTEXT_MEM/I_CONTEXT_RAM_1_3/A1[1]
I_CONTEXT_MEM/I_CONTEXT_RAM_1_3/A1[2]
I_CONTEXT_MEM/I_CONTEXT_RAM_1_3/A1[3]
I_CONTEXT_MEM/I_CONTEXT_RAM_1_3/A1[4]
I_CONTEXT_MEM/I_CONTEXT_RAM_1_3/A1[5]
I_CONTEXT_MEM/I_CONTEXT_RAM_1_3/A2[0]
I_CONTEXT_MEM/I_CONTEXT_RAM_1_3/A2[1]
I_CONTEXT_MEM/I_CONTEXT_RAM_1_3/A2[2]
I_CONTEXT_MEM/I_CONTEXT_RAM_1_3/A2[3]
I_CONTEXT_MEM/I_CONTEXT_RAM_1_3/A2[4]
I_CONTEXT_MEM/I_CONTEXT_RAM_1_3/A2[5]
I_CONTEXT_MEM/I_CONTEXT_RAM_1_3/CSB1
I_CONTEXT_MEM/I_CONTEXT_RAM_1_3/I1[0]
I_CONTEXT_MEM/I_CONTEXT_RAM_1_3/I1[1]
I_CONTEXT_MEM/I_CONTEXT_RAM_1_3/I1[2]
I_CONTEXT_MEM/I_CONTEXT_RAM_1_3/I1[3]
I_CONTEXT_MEM/I_CONTEXT_RAM_1_3/I1[4]
I_CONTEXT_MEM/I_CONTEXT_RAM_1_3/I1[5]
I_CONTEXT_MEM/I_CONTEXT_RAM_1_3/I1[6]
I_CONTEXT_MEM/I_CONTEXT_RAM_1_3/I1[7]
I_CONTEXT_MEM/I_CONTEXT_RAM_1_4/A1[0]
I_CONTEXT_MEM/I_CONTEXT_RAM_1_4/A1[1]
I_CONTEXT_MEM/I_CONTEXT_RAM_1_4/A1[2]
I_CONTEXT_MEM/I_CONTEXT_RAM_1_4/A1[3]
I_CONTEXT_MEM/I_CONTEXT_RAM_1_4/A1[4]
I_CONTEXT_MEM/I_CONTEXT_RAM_1_4/A1[5]
I_CONTEXT_MEM/I_CONTEXT_RAM_1_4/A2[0]
I_CONTEXT_MEM/I_CONTEXT_RAM_1_4/A2[1]
I_CONTEXT_MEM/I_CONTEXT_RAM_1_4/A2[2]
I_CONTEXT_MEM/I_CONTEXT_RAM_1_4/A2[3]
I_CONTEXT_MEM/I_CONTEXT_RAM_1_4/A2[4]
I_CONTEXT_MEM/I_CONTEXT_RAM_1_4/A2[5]
I_CONTEXT_MEM/I_CONTEXT_RAM_1_4/CSB1
I_CONTEXT_MEM/I_CONTEXT_RAM_1_4/I1[0]
I_CONTEXT_MEM/I_CONTEXT_RAM_1_4/I1[1]
I_CONTEXT_MEM/I_CONTEXT_RAM_1_4/I1[2]
I_CONTEXT_MEM/I_CONTEXT_RAM_1_4/I1[3]
I_CONTEXT_MEM/I_CONTEXT_RAM_1_4/I1[4]
I_CONTEXT_MEM/I_CONTEXT_RAM_1_4/I1[5]
I_CONTEXT_MEM/I_CONTEXT_RAM_1_4/I1[6]
I_CONTEXT_MEM/I_CONTEXT_RAM_1_4/I1[7]
I_CONTEXT_MEM/I_CONTEXT_RAM_2_1/A1[0]
I_CONTEXT_MEM/I_CONTEXT_RAM_2_1/A1[1]
I_CONTEXT_MEM/I_CONTEXT_RAM_2_1/A1[2]
I_CONTEXT_MEM/I_CONTEXT_RAM_2_1/A1[3]
I_CONTEXT_MEM/I_CONTEXT_RAM_2_1/A1[4]
I_CONTEXT_MEM/I_CONTEXT_RAM_2_1/A1[5]
I_CONTEXT_MEM/I_CONTEXT_RAM_2_1/A2[0]
I_CONTEXT_MEM/I_CONTEXT_RAM_2_1/A2[1]
I_CONTEXT_MEM/I_CONTEXT_RAM_2_1/A2[2]
I_CONTEXT_MEM/I_CONTEXT_RAM_2_1/A2[3]
I_CONTEXT_MEM/I_CONTEXT_RAM_2_1/A2[4]
I_CONTEXT_MEM/I_CONTEXT_RAM_2_1/A2[5]
I_CONTEXT_MEM/I_CONTEXT_RAM_2_1/CSB1
I_CONTEXT_MEM/I_CONTEXT_RAM_2_1/I1[0]
I_CONTEXT_MEM/I_CONTEXT_RAM_2_1/I1[1]
I_CONTEXT_MEM/I_CONTEXT_RAM_2_1/I1[2]
I_CONTEXT_MEM/I_CONTEXT_RAM_2_1/I1[3]
I_CONTEXT_MEM/I_CONTEXT_RAM_2_1/I1[4]
I_CONTEXT_MEM/I_CONTEXT_RAM_2_1/I1[5]
I_CONTEXT_MEM/I_CONTEXT_RAM_2_1/I1[6]
I_CONTEXT_MEM/I_CONTEXT_RAM_2_1/I1[7]
I_CONTEXT_MEM/I_CONTEXT_RAM_2_2/A1[0]
I_CONTEXT_MEM/I_CONTEXT_RAM_2_2/A1[1]
I_CONTEXT_MEM/I_CONTEXT_RAM_2_2/A1[2]
I_CONTEXT_MEM/I_CONTEXT_RAM_2_2/A1[3]
I_CONTEXT_MEM/I_CONTEXT_RAM_2_2/A1[4]
I_CONTEXT_MEM/I_CONTEXT_RAM_2_2/A1[5]
I_CONTEXT_MEM/I_CONTEXT_RAM_2_2/A2[0]
I_CONTEXT_MEM/I_CONTEXT_RAM_2_2/A2[1]
I_CONTEXT_MEM/I_CONTEXT_RAM_2_2/A2[2]
I_CONTEXT_MEM/I_CONTEXT_RAM_2_2/A2[3]
I_CONTEXT_MEM/I_CONTEXT_RAM_2_2/A2[4]
I_CONTEXT_MEM/I_CONTEXT_RAM_2_2/A2[5]
I_CONTEXT_MEM/I_CONTEXT_RAM_2_2/CSB1
I_CONTEXT_MEM/I_CONTEXT_RAM_2_2/I1[0]
I_CONTEXT_MEM/I_CONTEXT_RAM_2_2/I1[1]
I_CONTEXT_MEM/I_CONTEXT_RAM_2_2/I1[2]
I_CONTEXT_MEM/I_CONTEXT_RAM_2_2/I1[3]
I_CONTEXT_MEM/I_CONTEXT_RAM_2_2/I1[4]
I_CONTEXT_MEM/I_CONTEXT_RAM_2_2/I1[5]
I_CONTEXT_MEM/I_CONTEXT_RAM_2_2/I1[6]
I_CONTEXT_MEM/I_CONTEXT_RAM_2_2/I1[7]
I_CONTEXT_MEM/I_CONTEXT_RAM_2_3/A1[0]
I_CONTEXT_MEM/I_CONTEXT_RAM_2_3/A1[1]
I_CONTEXT_MEM/I_CONTEXT_RAM_2_3/A1[2]
I_CONTEXT_MEM/I_CONTEXT_RAM_2_3/A1[3]
I_CONTEXT_MEM/I_CONTEXT_RAM_2_3/A1[4]
I_CONTEXT_MEM/I_CONTEXT_RAM_2_3/A1[5]
I_CONTEXT_MEM/I_CONTEXT_RAM_2_3/A2[0]
I_CONTEXT_MEM/I_CONTEXT_RAM_2_3/A2[1]
I_CONTEXT_MEM/I_CONTEXT_RAM_2_3/A2[2]
I_CONTEXT_MEM/I_CONTEXT_RAM_2_3/A2[3]
I_CONTEXT_MEM/I_CONTEXT_RAM_2_3/A2[4]
I_CONTEXT_MEM/I_CONTEXT_RAM_2_3/A2[5]
I_CONTEXT_MEM/I_CONTEXT_RAM_2_3/CSB1
I_CONTEXT_MEM/I_CONTEXT_RAM_2_3/I1[0]
I_CONTEXT_MEM/I_CONTEXT_RAM_2_3/I1[1]
I_CONTEXT_MEM/I_CONTEXT_RAM_2_3/I1[2]
I_CONTEXT_MEM/I_CONTEXT_RAM_2_3/I1[3]
I_CONTEXT_MEM/I_CONTEXT_RAM_2_3/I1[4]
I_CONTEXT_MEM/I_CONTEXT_RAM_2_3/I1[5]
I_CONTEXT_MEM/I_CONTEXT_RAM_2_3/I1[6]
I_CONTEXT_MEM/I_CONTEXT_RAM_2_3/I1[7]
I_CONTEXT_MEM/I_CONTEXT_RAM_2_4/A1[0]
I_CONTEXT_MEM/I_CONTEXT_RAM_2_4/A1[1]
I_CONTEXT_MEM/I_CONTEXT_RAM_2_4/A1[2]
I_CONTEXT_MEM/I_CONTEXT_RAM_2_4/A1[3]
I_CONTEXT_MEM/I_CONTEXT_RAM_2_4/A1[4]
I_CONTEXT_MEM/I_CONTEXT_RAM_2_4/A1[5]
I_CONTEXT_MEM/I_CONTEXT_RAM_2_4/A2[0]
I_CONTEXT_MEM/I_CONTEXT_RAM_2_4/A2[1]
I_CONTEXT_MEM/I_CONTEXT_RAM_2_4/A2[2]
I_CONTEXT_MEM/I_CONTEXT_RAM_2_4/A2[3]
I_CONTEXT_MEM/I_CONTEXT_RAM_2_4/A2[4]
I_CONTEXT_MEM/I_CONTEXT_RAM_2_4/A2[5]
I_CONTEXT_MEM/I_CONTEXT_RAM_2_4/CSB1
I_CONTEXT_MEM/I_CONTEXT_RAM_2_4/I1[0]
I_CONTEXT_MEM/I_CONTEXT_RAM_2_4/I1[1]
I_CONTEXT_MEM/I_CONTEXT_RAM_2_4/I1[2]
I_CONTEXT_MEM/I_CONTEXT_RAM_2_4/I1[3]
I_CONTEXT_MEM/I_CONTEXT_RAM_2_4/I1[4]
I_CONTEXT_MEM/I_CONTEXT_RAM_2_4/I1[5]
I_CONTEXT_MEM/I_CONTEXT_RAM_2_4/I1[6]
I_CONTEXT_MEM/I_CONTEXT_RAM_2_4/I1[7]
I_CONTEXT_MEM/I_CONTEXT_RAM_3_1/A1[0]
I_CONTEXT_MEM/I_CONTEXT_RAM_3_1/A1[1]
I_CONTEXT_MEM/I_CONTEXT_RAM_3_1/A1[2]
I_CONTEXT_MEM/I_CONTEXT_RAM_3_1/A1[3]
I_CONTEXT_MEM/I_CONTEXT_RAM_3_1/A1[4]
I_CONTEXT_MEM/I_CONTEXT_RAM_3_1/A1[5]
I_CONTEXT_MEM/I_CONTEXT_RAM_3_1/A2[0]
I_CONTEXT_MEM/I_CONTEXT_RAM_3_1/A2[1]
I_CONTEXT_MEM/I_CONTEXT_RAM_3_1/A2[2]
I_CONTEXT_MEM/I_CONTEXT_RAM_3_1/A2[3]
I_CONTEXT_MEM/I_CONTEXT_RAM_3_1/A2[4]
I_CONTEXT_MEM/I_CONTEXT_RAM_3_1/A2[5]
I_CONTEXT_MEM/I_CONTEXT_RAM_3_1/CSB1
I_CONTEXT_MEM/I_CONTEXT_RAM_3_1/I1[0]
I_CONTEXT_MEM/I_CONTEXT_RAM_3_1/I1[1]
I_CONTEXT_MEM/I_CONTEXT_RAM_3_1/I1[2]
I_CONTEXT_MEM/I_CONTEXT_RAM_3_1/I1[3]
I_CONTEXT_MEM/I_CONTEXT_RAM_3_1/I1[4]
I_CONTEXT_MEM/I_CONTEXT_RAM_3_1/I1[5]
I_CONTEXT_MEM/I_CONTEXT_RAM_3_1/I1[6]
I_CONTEXT_MEM/I_CONTEXT_RAM_3_1/I1[7]
I_CONTEXT_MEM/I_CONTEXT_RAM_3_2/A1[0]
I_CONTEXT_MEM/I_CONTEXT_RAM_3_2/A1[1]
I_CONTEXT_MEM/I_CONTEXT_RAM_3_2/A1[2]
I_CONTEXT_MEM/I_CONTEXT_RAM_3_2/A1[3]
I_CONTEXT_MEM/I_CONTEXT_RAM_3_2/A1[4]
I_CONTEXT_MEM/I_CONTEXT_RAM_3_2/A1[5]
I_CONTEXT_MEM/I_CONTEXT_RAM_3_2/A2[0]
I_CONTEXT_MEM/I_CONTEXT_RAM_3_2/A2[1]
I_CONTEXT_MEM/I_CONTEXT_RAM_3_2/A2[2]
I_CONTEXT_MEM/I_CONTEXT_RAM_3_2/A2[3]
I_CONTEXT_MEM/I_CONTEXT_RAM_3_2/A2[4]
I_CONTEXT_MEM/I_CONTEXT_RAM_3_2/A2[5]
I_CONTEXT_MEM/I_CONTEXT_RAM_3_2/CSB1
I_CONTEXT_MEM/I_CONTEXT_RAM_3_2/I1[0]
I_CONTEXT_MEM/I_CONTEXT_RAM_3_2/I1[1]
I_CONTEXT_MEM/I_CONTEXT_RAM_3_2/I1[2]
I_CONTEXT_MEM/I_CONTEXT_RAM_3_2/I1[3]
I_CONTEXT_MEM/I_CONTEXT_RAM_3_2/I1[4]
I_CONTEXT_MEM/I_CONTEXT_RAM_3_2/I1[5]
I_CONTEXT_MEM/I_CONTEXT_RAM_3_2/I1[6]
I_CONTEXT_MEM/I_CONTEXT_RAM_3_2/I1[7]
I_CONTEXT_MEM/I_CONTEXT_RAM_3_3/A1[0]
I_CONTEXT_MEM/I_CONTEXT_RAM_3_3/A1[1]
I_CONTEXT_MEM/I_CONTEXT_RAM_3_3/A1[2]
I_CONTEXT_MEM/I_CONTEXT_RAM_3_3/A1[3]
I_CONTEXT_MEM/I_CONTEXT_RAM_3_3/A1[4]
I_CONTEXT_MEM/I_CONTEXT_RAM_3_3/A1[5]
I_CONTEXT_MEM/I_CONTEXT_RAM_3_3/A2[0]
I_CONTEXT_MEM/I_CONTEXT_RAM_3_3/A2[1]
I_CONTEXT_MEM/I_CONTEXT_RAM_3_3/A2[2]
I_CONTEXT_MEM/I_CONTEXT_RAM_3_3/A2[3]
I_CONTEXT_MEM/I_CONTEXT_RAM_3_3/A2[4]
I_CONTEXT_MEM/I_CONTEXT_RAM_3_3/A2[5]
I_CONTEXT_MEM/I_CONTEXT_RAM_3_3/CSB1
I_CONTEXT_MEM/I_CONTEXT_RAM_3_3/I1[0]
I_CONTEXT_MEM/I_CONTEXT_RAM_3_3/I1[1]
I_CONTEXT_MEM/I_CONTEXT_RAM_3_3/I1[2]
I_CONTEXT_MEM/I_CONTEXT_RAM_3_3/I1[3]
I_CONTEXT_MEM/I_CONTEXT_RAM_3_3/I1[4]
I_CONTEXT_MEM/I_CONTEXT_RAM_3_3/I1[5]
I_CONTEXT_MEM/I_CONTEXT_RAM_3_3/I1[6]
I_CONTEXT_MEM/I_CONTEXT_RAM_3_3/I1[7]
I_CONTEXT_MEM/I_CONTEXT_RAM_3_4/A1[0]
I_CONTEXT_MEM/I_CONTEXT_RAM_3_4/A1[1]
I_CONTEXT_MEM/I_CONTEXT_RAM_3_4/A1[2]
I_CONTEXT_MEM/I_CONTEXT_RAM_3_4/A1[3]
I_CONTEXT_MEM/I_CONTEXT_RAM_3_4/A1[4]
I_CONTEXT_MEM/I_CONTEXT_RAM_3_4/A1[5]
I_CONTEXT_MEM/I_CONTEXT_RAM_3_4/A2[0]
I_CONTEXT_MEM/I_CONTEXT_RAM_3_4/A2[1]
I_CONTEXT_MEM/I_CONTEXT_RAM_3_4/A2[2]
I_CONTEXT_MEM/I_CONTEXT_RAM_3_4/A2[3]
I_CONTEXT_MEM/I_CONTEXT_RAM_3_4/A2[4]
I_CONTEXT_MEM/I_CONTEXT_RAM_3_4/A2[5]
I_CONTEXT_MEM/I_CONTEXT_RAM_3_4/CSB1
I_CONTEXT_MEM/I_CONTEXT_RAM_3_4/I1[0]
I_CONTEXT_MEM/I_CONTEXT_RAM_3_4/I1[1]
I_CONTEXT_MEM/I_CONTEXT_RAM_3_4/I1[2]
I_CONTEXT_MEM/I_CONTEXT_RAM_3_4/I1[3]
I_CONTEXT_MEM/I_CONTEXT_RAM_3_4/I1[4]
I_CONTEXT_MEM/I_CONTEXT_RAM_3_4/I1[5]
I_CONTEXT_MEM/I_CONTEXT_RAM_3_4/I1[6]
I_CONTEXT_MEM/I_CONTEXT_RAM_3_4/I1[7]
I_CONTEXT_MEM/clk_gate_ram_read_addr_reg/latch/EN
I_CONTEXT_MEM/clk_gate_ram_write_addr_reg/latch/EN
I_CONTEXT_MEM/ram_read_addr_reg_0_/D
I_CONTEXT_MEM/ram_read_addr_reg_1_/D
I_CONTEXT_MEM/ram_read_addr_reg_2_/D
I_CONTEXT_MEM/ram_read_addr_reg_3_/D
I_CONTEXT_MEM/ram_read_addr_reg_4_/D
I_CONTEXT_MEM/ram_read_addr_reg_5_/D
I_CONTEXT_MEM/ram_write_addr_reg_0_/D
I_CONTEXT_MEM/ram_write_addr_reg_1_/D
I_CONTEXT_MEM/ram_write_addr_reg_2_/D
I_CONTEXT_MEM/ram_write_addr_reg_3_/D
I_CONTEXT_MEM/ram_write_addr_reg_4_/D
I_CONTEXT_MEM/ram_write_addr_reg_5_/D
I_PARSER/i_reg_reg_0_/D
I_PARSER/i_reg_reg_1_/D
I_PARSER/i_reg_reg_2_/D
I_PARSER/i_reg_reg_3_/D
I_PARSER/i_reg_reg_4_/D
I_PARSER/i_reg_reg_5_/D
I_PARSER/i_reg_reg_6_/D
I_PARSER/i_reg_reg_7_/D
I_PARSER/i_reg_reg_8_/D
I_PARSER/i_reg_reg_9_/D
I_PARSER/i_reg_reg_10_/D
I_PARSER/i_reg_reg_11_/D
I_PARSER/i_reg_reg_12_/D
I_PARSER/i_reg_reg_13_/D
I_PARSER/i_reg_reg_14_/D
I_PARSER/i_reg_reg_15_/D
I_PARSER/i_reg_reg_16_/D
I_PARSER/i_reg_reg_17_/D
I_PARSER/i_reg_reg_18_/D
I_PARSER/i_reg_reg_19_/D
I_PARSER/out_bus_reg_0_/D
I_PARSER/out_bus_reg_1_/D
I_PARSER/out_bus_reg_2_/D
I_PARSER/out_bus_reg_3_/D
I_PARSER/out_bus_reg_4_/D
I_PARSER/out_bus_reg_5_/D
I_PARSER/out_bus_reg_6_/D
I_PARSER/out_bus_reg_7_/D
I_PARSER/out_bus_reg_8_/D
I_PARSER/out_bus_reg_9_/D
I_PARSER/out_bus_reg_10_/D
I_PARSER/out_bus_reg_11_/D
I_PARSER/out_bus_reg_12_/D
I_PARSER/out_bus_reg_13_/D
I_PARSER/out_bus_reg_14_/D
I_PARSER/out_bus_reg_15_/D
I_PARSER/out_bus_reg_16_/D
I_PARSER/out_bus_reg_18_/D
I_PARSER/out_bus_reg_19_/D
I_PARSER/pci_w_mux_select_reg_0_/D
I_PARSER/pci_w_mux_select_reg_1_/D
I_PARSER/pci_w_mux_select_reg_2_/D
I_PARSER/r_pcmd_reg_0_/D
I_PARSER/r_pcmd_reg_1_/D
I_PARSER/r_pcmd_reg_2_/D
I_PARSER/r_pcmd_reg_3_/D
I_PARSER/r_pcmd_valid_reg/D
I_PARSER/sync_pcmd_reg_0_/D
I_PARSER/sync_pcmd_reg_1_/D
I_PARSER/sync_pcmd_reg_2_/D
I_PARSER/sync_pcmd_reg_3_/D
I_PARSER/sync_pcmd_valid_reg/D
I_PCI_TOP/I_PCI_READ_FIFO_PCI_FIFO_CTL_U1_count_int_reg_0_/D
I_PCI_TOP/I_PCI_READ_FIFO_PCI_FIFO_CTL_U1_count_int_reg_1_/D
I_PCI_TOP/I_PCI_READ_FIFO_PCI_FIFO_CTL_U1_count_int_reg_2_/D
I_PCI_TOP/I_PCI_READ_FIFO_PCI_FIFO_CTL_U1_count_int_reg_3_/D
I_PCI_TOP/I_PCI_READ_FIFO_PCI_FIFO_CTL_U1_count_int_reg_4_/D
I_PCI_TOP/I_PCI_READ_FIFO_PCI_FIFO_CTL_U1_count_int_reg_5_/D
I_PCI_TOP/I_PCI_READ_FIFO_PCI_FIFO_CTL_U1_full_int_reg/D
I_PCI_TOP/I_PCI_READ_FIFO_PCI_FIFO_CTL_U2_count_int_reg_0_/D
I_PCI_TOP/I_PCI_READ_FIFO_PCI_FIFO_CTL_U2_syncff_reg_5_/D
I_PCI_TOP/I_PCI_READ_FIFO_PCI_FIFO_RAM_1/A2[0]
I_PCI_TOP/I_PCI_READ_FIFO_PCI_FIFO_RAM_2/A2[0]
I_PCI_TOP/I_PCI_READ_FIFO_PCI_FIFO_RAM_3/A2[0]
I_PCI_TOP/I_PCI_READ_FIFO_PCI_FIFO_RAM_4/A2[0]
I_PCI_TOP/I_PCI_READ_FIFO_PCI_FIFO_RAM_5/A2[0]
I_PCI_TOP/I_PCI_READ_FIFO_PCI_FIFO_RAM_6/A2[0]
I_PCI_TOP/I_PCI_READ_FIFO_PCI_FIFO_RAM_7/A2[0]
I_PCI_TOP/I_PCI_READ_FIFO_PCI_FIFO_RAM_8/A2[0]
I_PCI_TOP/I_PCI_WRITE_FIFO_PCI_FIFO_CTL_U1_count_int_reg_0_/D
I_PCI_TOP/I_PCI_WRITE_FIFO_PCI_FIFO_CTL_U1_count_int_reg_1_/D
I_PCI_TOP/I_PCI_WRITE_FIFO_PCI_FIFO_CTL_U1_count_int_reg_2_/D
I_PCI_TOP/I_PCI_WRITE_FIFO_PCI_FIFO_CTL_U1_count_int_reg_3_/D
I_PCI_TOP/I_PCI_WRITE_FIFO_PCI_FIFO_CTL_U1_count_int_reg_4_/D
I_PCI_TOP/I_PCI_WRITE_FIFO_PCI_FIFO_CTL_U1_count_int_reg_5_/D
I_PCI_TOP/I_PCI_WRITE_FIFO_PCI_FIFO_CTL_U1_full_int_reg/D
I_PCI_TOP/I_PCI_WRITE_FIFO_PCI_FIFO_RAM_1/A1[0]
I_PCI_TOP/I_PCI_WRITE_FIFO_PCI_FIFO_RAM_1/A1[1]
I_PCI_TOP/I_PCI_WRITE_FIFO_PCI_FIFO_RAM_1/A1[2]
I_PCI_TOP/I_PCI_WRITE_FIFO_PCI_FIFO_RAM_1/A1[3]
I_PCI_TOP/I_PCI_WRITE_FIFO_PCI_FIFO_RAM_1/A1[4]
I_PCI_TOP/I_PCI_WRITE_FIFO_PCI_FIFO_RAM_1/I1[0]
I_PCI_TOP/I_PCI_WRITE_FIFO_PCI_FIFO_RAM_1/I1[1]
I_PCI_TOP/I_PCI_WRITE_FIFO_PCI_FIFO_RAM_1/I1[2]
I_PCI_TOP/I_PCI_WRITE_FIFO_PCI_FIFO_RAM_1/I1[3]
I_PCI_TOP/I_PCI_WRITE_FIFO_PCI_FIFO_RAM_2/A1[0]
I_PCI_TOP/I_PCI_WRITE_FIFO_PCI_FIFO_RAM_2/A1[1]
I_PCI_TOP/I_PCI_WRITE_FIFO_PCI_FIFO_RAM_2/A1[2]
I_PCI_TOP/I_PCI_WRITE_FIFO_PCI_FIFO_RAM_2/A1[3]
I_PCI_TOP/I_PCI_WRITE_FIFO_PCI_FIFO_RAM_2/A1[4]
I_PCI_TOP/I_PCI_WRITE_FIFO_PCI_FIFO_RAM_2/I1[0]
I_PCI_TOP/I_PCI_WRITE_FIFO_PCI_FIFO_RAM_2/I1[1]
I_PCI_TOP/I_PCI_WRITE_FIFO_PCI_FIFO_RAM_2/I1[2]
I_PCI_TOP/I_PCI_WRITE_FIFO_PCI_FIFO_RAM_2/I1[3]
I_PCI_TOP/I_PCI_WRITE_FIFO_PCI_FIFO_RAM_3/A1[0]
I_PCI_TOP/I_PCI_WRITE_FIFO_PCI_FIFO_RAM_3/A1[1]
I_PCI_TOP/I_PCI_WRITE_FIFO_PCI_FIFO_RAM_3/A1[2]
I_PCI_TOP/I_PCI_WRITE_FIFO_PCI_FIFO_RAM_3/A1[3]
I_PCI_TOP/I_PCI_WRITE_FIFO_PCI_FIFO_RAM_3/A1[4]
I_PCI_TOP/I_PCI_WRITE_FIFO_PCI_FIFO_RAM_3/I1[0]
I_PCI_TOP/I_PCI_WRITE_FIFO_PCI_FIFO_RAM_3/I1[1]
I_PCI_TOP/I_PCI_WRITE_FIFO_PCI_FIFO_RAM_3/I1[2]
I_PCI_TOP/I_PCI_WRITE_FIFO_PCI_FIFO_RAM_3/I1[3]
I_PCI_TOP/I_PCI_WRITE_FIFO_PCI_FIFO_RAM_4/A1[0]
I_PCI_TOP/I_PCI_WRITE_FIFO_PCI_FIFO_RAM_4/A1[1]
I_PCI_TOP/I_PCI_WRITE_FIFO_PCI_FIFO_RAM_4/A1[2]
I_PCI_TOP/I_PCI_WRITE_FIFO_PCI_FIFO_RAM_4/A1[3]
I_PCI_TOP/I_PCI_WRITE_FIFO_PCI_FIFO_RAM_4/A1[4]
I_PCI_TOP/I_PCI_WRITE_FIFO_PCI_FIFO_RAM_4/I1[0]
I_PCI_TOP/I_PCI_WRITE_FIFO_PCI_FIFO_RAM_4/I1[1]
I_PCI_TOP/I_PCI_WRITE_FIFO_PCI_FIFO_RAM_4/I1[2]
I_PCI_TOP/I_PCI_WRITE_FIFO_PCI_FIFO_RAM_4/I1[3]
I_PCI_TOP/I_PCI_WRITE_FIFO_PCI_FIFO_RAM_5/A1[0]
I_PCI_TOP/I_PCI_WRITE_FIFO_PCI_FIFO_RAM_5/A1[1]
I_PCI_TOP/I_PCI_WRITE_FIFO_PCI_FIFO_RAM_5/A1[2]
I_PCI_TOP/I_PCI_WRITE_FIFO_PCI_FIFO_RAM_5/A1[3]
I_PCI_TOP/I_PCI_WRITE_FIFO_PCI_FIFO_RAM_5/A1[4]
I_PCI_TOP/I_PCI_WRITE_FIFO_PCI_FIFO_RAM_5/I1[0]
I_PCI_TOP/I_PCI_WRITE_FIFO_PCI_FIFO_RAM_5/I1[1]
I_PCI_TOP/I_PCI_WRITE_FIFO_PCI_FIFO_RAM_5/I1[2]
I_PCI_TOP/I_PCI_WRITE_FIFO_PCI_FIFO_RAM_5/I1[3]
I_PCI_TOP/I_PCI_WRITE_FIFO_PCI_FIFO_RAM_6/A1[0]
I_PCI_TOP/I_PCI_WRITE_FIFO_PCI_FIFO_RAM_6/A1[1]
I_PCI_TOP/I_PCI_WRITE_FIFO_PCI_FIFO_RAM_6/A1[2]
I_PCI_TOP/I_PCI_WRITE_FIFO_PCI_FIFO_RAM_6/A1[3]
I_PCI_TOP/I_PCI_WRITE_FIFO_PCI_FIFO_RAM_6/A1[4]
I_PCI_TOP/I_PCI_WRITE_FIFO_PCI_FIFO_RAM_6/I1[0]
I_PCI_TOP/I_PCI_WRITE_FIFO_PCI_FIFO_RAM_6/I1[1]
I_PCI_TOP/I_PCI_WRITE_FIFO_PCI_FIFO_RAM_6/I1[2]
I_PCI_TOP/I_PCI_WRITE_FIFO_PCI_FIFO_RAM_6/I1[3]
I_PCI_TOP/I_PCI_WRITE_FIFO_PCI_FIFO_RAM_7/A1[0]
I_PCI_TOP/I_PCI_WRITE_FIFO_PCI_FIFO_RAM_7/A1[1]
I_PCI_TOP/I_PCI_WRITE_FIFO_PCI_FIFO_RAM_7/A1[2]
I_PCI_TOP/I_PCI_WRITE_FIFO_PCI_FIFO_RAM_7/A1[3]
I_PCI_TOP/I_PCI_WRITE_FIFO_PCI_FIFO_RAM_7/A1[4]
I_PCI_TOP/I_PCI_WRITE_FIFO_PCI_FIFO_RAM_7/I1[0]
I_PCI_TOP/I_PCI_WRITE_FIFO_PCI_FIFO_RAM_7/I1[1]
I_PCI_TOP/I_PCI_WRITE_FIFO_PCI_FIFO_RAM_7/I1[2]
I_PCI_TOP/I_PCI_WRITE_FIFO_PCI_FIFO_RAM_7/I1[3]
I_PCI_TOP/I_PCI_WRITE_FIFO_PCI_FIFO_RAM_8/A1[0]
I_PCI_TOP/I_PCI_WRITE_FIFO_PCI_FIFO_RAM_8/A1[1]
I_PCI_TOP/I_PCI_WRITE_FIFO_PCI_FIFO_RAM_8/A1[2]
I_PCI_TOP/I_PCI_WRITE_FIFO_PCI_FIFO_RAM_8/A1[3]
I_PCI_TOP/I_PCI_WRITE_FIFO_PCI_FIFO_RAM_8/A1[4]
I_PCI_TOP/I_PCI_WRITE_FIFO_PCI_FIFO_RAM_8/I1[0]
I_PCI_TOP/I_PCI_WRITE_FIFO_PCI_FIFO_RAM_8/I1[1]
I_PCI_TOP/I_PCI_WRITE_FIFO_PCI_FIFO_RAM_8/I1[2]
I_PCI_TOP/I_PCI_WRITE_FIFO_PCI_FIFO_RAM_8/I1[3]
I_PCI_TOP/R_663/D
I_PCI_TOP/R_664/D
I_RISC_CORE/I_INSTRN_LAT_Crnt_Instrn_2_reg_0_/D
I_RISC_CORE/I_INSTRN_LAT_Crnt_Instrn_2_reg_1_/D
I_RISC_CORE/I_INSTRN_LAT_Crnt_Instrn_2_reg_2_/D
I_RISC_CORE/I_INSTRN_LAT_Crnt_Instrn_2_reg_3_/D
I_RISC_CORE/I_INSTRN_LAT_Crnt_Instrn_2_reg_4_/D
I_RISC_CORE/I_INSTRN_LAT_Crnt_Instrn_2_reg_5_/D
I_RISC_CORE/I_INSTRN_LAT_Crnt_Instrn_2_reg_6_/D
I_RISC_CORE/I_INSTRN_LAT_Crnt_Instrn_2_reg_7_/D
I_RISC_CORE/I_INSTRN_LAT_Crnt_Instrn_2_reg_8_/D
I_RISC_CORE/I_INSTRN_LAT_Crnt_Instrn_2_reg_9_/D
I_RISC_CORE/I_INSTRN_LAT_Crnt_Instrn_2_reg_10_/D
I_RISC_CORE/I_INSTRN_LAT_Crnt_Instrn_2_reg_11_/D
I_RISC_CORE/I_INSTRN_LAT_Crnt_Instrn_2_reg_12_/D
I_RISC_CORE/I_INSTRN_LAT_Crnt_Instrn_2_reg_13_/D
I_RISC_CORE/I_INSTRN_LAT_Crnt_Instrn_2_reg_14_/D
I_RISC_CORE/I_INSTRN_LAT_Crnt_Instrn_2_reg_15_/D
I_RISC_CORE/I_INSTRN_LAT_Crnt_Instrn_2_reg_16_/D
I_RISC_CORE/I_INSTRN_LAT_Crnt_Instrn_2_reg_17_/D
I_RISC_CORE/I_INSTRN_LAT_Crnt_Instrn_2_reg_18_/D
I_RISC_CORE/I_INSTRN_LAT_Crnt_Instrn_2_reg_19_/D
I_RISC_CORE/I_INSTRN_LAT_Crnt_Instrn_2_reg_20_/D
I_RISC_CORE/I_INSTRN_LAT_Crnt_Instrn_2_reg_21_/D
I_RISC_CORE/I_INSTRN_LAT_Crnt_Instrn_2_reg_22_/D
I_RISC_CORE/I_INSTRN_LAT_Crnt_Instrn_2_reg_23_/D
I_RISC_CORE/I_INSTRN_LAT_Crnt_Instrn_2_reg_24_/D
I_RISC_CORE/I_INSTRN_LAT_Crnt_Instrn_2_reg_25_/D
I_RISC_CORE/I_INSTRN_LAT_Crnt_Instrn_2_reg_26_/D
I_RISC_CORE/I_INSTRN_LAT_Crnt_Instrn_2_reg_27_/D
I_RISC_CORE/I_INSTRN_LAT_Crnt_Instrn_2_reg_28_/D
I_RISC_CORE/I_INSTRN_LAT_Crnt_Instrn_2_reg_29_/D
I_RISC_CORE/I_INSTRN_LAT_Crnt_Instrn_2_reg_30_/D
I_RISC_CORE/I_INSTRN_LAT_Crnt_Instrn_2_reg_31_/D
I_SDRAM_TOP/I_SDRAM_READ_FIFO_SD_FIFO_CTL_U1_count_int_reg_0_/D
I_SDRAM_TOP/I_SDRAM_READ_FIFO_SD_FIFO_CTL_U1_count_int_reg_1_/D
I_SDRAM_TOP/I_SDRAM_READ_FIFO_SD_FIFO_CTL_U1_count_int_reg_2_/D
I_SDRAM_TOP/I_SDRAM_READ_FIFO_SD_FIFO_CTL_U1_count_int_reg_3_/D
I_SDRAM_TOP/I_SDRAM_READ_FIFO_SD_FIFO_CTL_U1_count_int_reg_4_/D
I_SDRAM_TOP/I_SDRAM_READ_FIFO_SD_FIFO_CTL_U1_count_int_reg_5_/D
I_SDRAM_TOP/I_SDRAM_READ_FIFO_SD_FIFO_CTL_U1_count_int_reg_6_/D
I_SDRAM_TOP/I_SDRAM_READ_FIFO_SD_FIFO_CTL_U1_full_int_reg/D
I_SDRAM_TOP/I_SDRAM_READ_FIFO_SD_FIFO_CTL_U1_syncff_reg_0_/D
I_SDRAM_TOP/I_SDRAM_READ_FIFO_SD_FIFO_CTL_U1_syncff_reg_1_/D
I_SDRAM_TOP/I_SDRAM_READ_FIFO_SD_FIFO_CTL_U1_syncff_reg_2_/D
I_SDRAM_TOP/I_SDRAM_READ_FIFO_SD_FIFO_CTL_U1_syncff_reg_3_/D
I_SDRAM_TOP/I_SDRAM_READ_FIFO_SD_FIFO_CTL_U1_syncff_reg_4_/D
I_SDRAM_TOP/I_SDRAM_READ_FIFO_SD_FIFO_CTL_U1_syncff_reg_5_/D
I_SDRAM_TOP/I_SDRAM_READ_FIFO_SD_FIFO_CTL_U1_syncff_reg_6_/D
I_SDRAM_TOP/I_SDRAM_READ_FIFO_SD_FIFO_CTL_U2_count_int_reg_0_/D
I_SDRAM_TOP/I_SDRAM_READ_FIFO_SD_FIFO_CTL_U2_count_int_reg_1_/D
I_SDRAM_TOP/I_SDRAM_READ_FIFO_SD_FIFO_CTL_U2_count_int_reg_2_/D
I_SDRAM_TOP/I_SDRAM_READ_FIFO_SD_FIFO_CTL_U2_count_int_reg_3_/D
I_SDRAM_TOP/I_SDRAM_READ_FIFO_SD_FIFO_CTL_U2_count_int_reg_4_/D
I_SDRAM_TOP/I_SDRAM_READ_FIFO_SD_FIFO_CTL_U2_count_int_reg_5_/D
I_SDRAM_TOP/I_SDRAM_READ_FIFO_SD_FIFO_CTL_U2_count_int_reg_6_/D
I_SDRAM_TOP/I_SDRAM_READ_FIFO_SD_FIFO_CTL_U2_empty_int_reg/D
I_SDRAM_TOP/I_SDRAM_READ_FIFO_SD_FIFO_CTL_U2_syncff_reg_0_/D
I_SDRAM_TOP/I_SDRAM_READ_FIFO_SD_FIFO_CTL_U2_syncff_reg_1_/D
I_SDRAM_TOP/I_SDRAM_READ_FIFO_SD_FIFO_CTL_U2_syncff_reg_2_/D
I_SDRAM_TOP/I_SDRAM_READ_FIFO_SD_FIFO_CTL_U2_syncff_reg_3_/D
I_SDRAM_TOP/I_SDRAM_READ_FIFO_SD_FIFO_CTL_U2_syncff_reg_4_/D
I_SDRAM_TOP/I_SDRAM_READ_FIFO_SD_FIFO_CTL_U2_syncff_reg_5_/D
I_SDRAM_TOP/I_SDRAM_READ_FIFO_SD_FIFO_CTL_U2_syncff_reg_6_/D
I_SDRAM_TOP/I_SDRAM_READ_FIFO_SD_FIFO_CTL_U2_this_addr_g_int_reg_0_/D
I_SDRAM_TOP/I_SDRAM_READ_FIFO_SD_FIFO_CTL_U2_this_addr_g_int_reg_1_/D
I_SDRAM_TOP/I_SDRAM_READ_FIFO_SD_FIFO_CTL_U2_this_addr_g_int_reg_2_/D
I_SDRAM_TOP/I_SDRAM_READ_FIFO_SD_FIFO_CTL_U2_this_addr_g_int_reg_3_/D
I_SDRAM_TOP/I_SDRAM_READ_FIFO_SD_FIFO_CTL_U2_this_addr_g_int_reg_4_/D
I_SDRAM_TOP/I_SDRAM_READ_FIFO_SD_FIFO_CTL_U2_this_addr_g_int_reg_5_/D
I_SDRAM_TOP/I_SDRAM_READ_FIFO_SD_FIFO_RAM_0/A1[0]
I_SDRAM_TOP/I_SDRAM_READ_FIFO_SD_FIFO_RAM_0/A1[1]
I_SDRAM_TOP/I_SDRAM_READ_FIFO_SD_FIFO_RAM_0/A1[2]
I_SDRAM_TOP/I_SDRAM_READ_FIFO_SD_FIFO_RAM_0/A1[3]
I_SDRAM_TOP/I_SDRAM_READ_FIFO_SD_FIFO_RAM_0/A1[4]
I_SDRAM_TOP/I_SDRAM_READ_FIFO_SD_FIFO_RAM_0/A1[5]
I_SDRAM_TOP/I_SDRAM_READ_FIFO_SD_FIFO_RAM_0/A2[0]
I_SDRAM_TOP/I_SDRAM_READ_FIFO_SD_FIFO_RAM_0/A2[1]
I_SDRAM_TOP/I_SDRAM_READ_FIFO_SD_FIFO_RAM_0/A2[2]
I_SDRAM_TOP/I_SDRAM_READ_FIFO_SD_FIFO_RAM_0/A2[3]
I_SDRAM_TOP/I_SDRAM_READ_FIFO_SD_FIFO_RAM_0/A2[4]
I_SDRAM_TOP/I_SDRAM_READ_FIFO_SD_FIFO_RAM_0/A2[5]
I_SDRAM_TOP/I_SDRAM_READ_FIFO_SD_FIFO_RAM_1/A1[0]
I_SDRAM_TOP/I_SDRAM_READ_FIFO_SD_FIFO_RAM_1/A1[1]
I_SDRAM_TOP/I_SDRAM_READ_FIFO_SD_FIFO_RAM_1/A1[2]
I_SDRAM_TOP/I_SDRAM_READ_FIFO_SD_FIFO_RAM_1/A1[3]
I_SDRAM_TOP/I_SDRAM_READ_FIFO_SD_FIFO_RAM_1/A1[4]
I_SDRAM_TOP/I_SDRAM_READ_FIFO_SD_FIFO_RAM_1/A1[5]
I_SDRAM_TOP/I_SDRAM_READ_FIFO_SD_FIFO_RAM_1/A2[0]
I_SDRAM_TOP/I_SDRAM_READ_FIFO_SD_FIFO_RAM_1/A2[1]
I_SDRAM_TOP/I_SDRAM_READ_FIFO_SD_FIFO_RAM_1/A2[2]
I_SDRAM_TOP/I_SDRAM_READ_FIFO_SD_FIFO_RAM_1/A2[3]
I_SDRAM_TOP/I_SDRAM_READ_FIFO_SD_FIFO_RAM_1/A2[4]
I_SDRAM_TOP/I_SDRAM_READ_FIFO_SD_FIFO_RAM_1/A2[5]
I_SDRAM_TOP/I_SDRAM_WRITE_FIFO_SD_FIFO_CTL_U1_count_int_reg_0_/D
I_SDRAM_TOP/I_SDRAM_WRITE_FIFO_SD_FIFO_CTL_U1_count_int_reg_1_/D
I_SDRAM_TOP/I_SDRAM_WRITE_FIFO_SD_FIFO_CTL_U1_count_int_reg_2_/D
I_SDRAM_TOP/I_SDRAM_WRITE_FIFO_SD_FIFO_CTL_U1_count_int_reg_3_/D
I_SDRAM_TOP/I_SDRAM_WRITE_FIFO_SD_FIFO_CTL_U1_count_int_reg_4_/D
I_SDRAM_TOP/I_SDRAM_WRITE_FIFO_SD_FIFO_CTL_U1_count_int_reg_5_/D
I_SDRAM_TOP/I_SDRAM_WRITE_FIFO_SD_FIFO_CTL_U1_count_int_reg_6_/D
I_SDRAM_TOP/I_SDRAM_WRITE_FIFO_SD_FIFO_CTL_U1_full_int_reg/D
I_SDRAM_TOP/I_SDRAM_WRITE_FIFO_SD_FIFO_CTL_U1_syncff_reg_0_/D
I_SDRAM_TOP/I_SDRAM_WRITE_FIFO_SD_FIFO_CTL_U1_syncff_reg_1_/D
I_SDRAM_TOP/I_SDRAM_WRITE_FIFO_SD_FIFO_CTL_U1_syncff_reg_2_/D
I_SDRAM_TOP/I_SDRAM_WRITE_FIFO_SD_FIFO_CTL_U1_syncff_reg_3_/D
I_SDRAM_TOP/I_SDRAM_WRITE_FIFO_SD_FIFO_CTL_U1_syncff_reg_4_/D
I_SDRAM_TOP/I_SDRAM_WRITE_FIFO_SD_FIFO_CTL_U1_syncff_reg_6_/D
I_SDRAM_TOP/I_SDRAM_WRITE_FIFO_SD_FIFO_CTL_U1_this_addr_g_int_reg_0_/D
I_SDRAM_TOP/I_SDRAM_WRITE_FIFO_SD_FIFO_CTL_U1_this_addr_g_int_reg_1_/D
I_SDRAM_TOP/I_SDRAM_WRITE_FIFO_SD_FIFO_CTL_U1_this_addr_g_int_reg_2_/D
I_SDRAM_TOP/I_SDRAM_WRITE_FIFO_SD_FIFO_CTL_U1_this_addr_g_int_reg_3_/D
I_SDRAM_TOP/I_SDRAM_WRITE_FIFO_SD_FIFO_CTL_U1_this_addr_g_int_reg_4_/D
I_SDRAM_TOP/I_SDRAM_WRITE_FIFO_SD_FIFO_CTL_U1_this_addr_g_int_reg_5_/D
I_SDRAM_TOP/I_SDRAM_WRITE_FIFO_SD_FIFO_CTL_U2_syncff_reg_0_/D
I_SDRAM_TOP/I_SDRAM_WRITE_FIFO_SD_FIFO_CTL_U2_syncff_reg_1_/D
I_SDRAM_TOP/I_SDRAM_WRITE_FIFO_SD_FIFO_CTL_U2_syncff_reg_2_/D
I_SDRAM_TOP/I_SDRAM_WRITE_FIFO_SD_FIFO_CTL_U2_syncff_reg_3_/D
I_SDRAM_TOP/I_SDRAM_WRITE_FIFO_SD_FIFO_CTL_U2_syncff_reg_4_/D
I_SDRAM_TOP/I_SDRAM_WRITE_FIFO_SD_FIFO_CTL_U2_syncff_reg_5_/D
I_SDRAM_TOP/I_SDRAM_WRITE_FIFO_SD_FIFO_CTL_U2_syncff_reg_6_/D
I_SDRAM_TOP/I_SDRAM_WRITE_FIFO_SD_FIFO_RAM_0/A1[0]
I_SDRAM_TOP/I_SDRAM_WRITE_FIFO_SD_FIFO_RAM_0/A1[1]
I_SDRAM_TOP/I_SDRAM_WRITE_FIFO_SD_FIFO_RAM_0/A1[2]
I_SDRAM_TOP/I_SDRAM_WRITE_FIFO_SD_FIFO_RAM_0/A1[3]
I_SDRAM_TOP/I_SDRAM_WRITE_FIFO_SD_FIFO_RAM_0/A1[4]
I_SDRAM_TOP/I_SDRAM_WRITE_FIFO_SD_FIFO_RAM_0/A1[5]
I_SDRAM_TOP/I_SDRAM_WRITE_FIFO_SD_FIFO_RAM_0/I1[0]
I_SDRAM_TOP/I_SDRAM_WRITE_FIFO_SD_FIFO_RAM_0/I1[1]
I_SDRAM_TOP/I_SDRAM_WRITE_FIFO_SD_FIFO_RAM_0/I1[2]
I_SDRAM_TOP/I_SDRAM_WRITE_FIFO_SD_FIFO_RAM_0/I1[3]
I_SDRAM_TOP/I_SDRAM_WRITE_FIFO_SD_FIFO_RAM_0/I1[4]
I_SDRAM_TOP/I_SDRAM_WRITE_FIFO_SD_FIFO_RAM_0/I1[5]
I_SDRAM_TOP/I_SDRAM_WRITE_FIFO_SD_FIFO_RAM_0/I1[6]
I_SDRAM_TOP/I_SDRAM_WRITE_FIFO_SD_FIFO_RAM_0/I1[7]
I_SDRAM_TOP/I_SDRAM_WRITE_FIFO_SD_FIFO_RAM_0/I1[8]
I_SDRAM_TOP/I_SDRAM_WRITE_FIFO_SD_FIFO_RAM_0/I1[9]
I_SDRAM_TOP/I_SDRAM_WRITE_FIFO_SD_FIFO_RAM_0/I1[10]
I_SDRAM_TOP/I_SDRAM_WRITE_FIFO_SD_FIFO_RAM_0/I1[11]
I_SDRAM_TOP/I_SDRAM_WRITE_FIFO_SD_FIFO_RAM_0/I1[12]
I_SDRAM_TOP/I_SDRAM_WRITE_FIFO_SD_FIFO_RAM_0/I1[13]
I_SDRAM_TOP/I_SDRAM_WRITE_FIFO_SD_FIFO_RAM_0/I1[14]
I_SDRAM_TOP/I_SDRAM_WRITE_FIFO_SD_FIFO_RAM_0/I1[15]
I_SDRAM_TOP/I_SDRAM_WRITE_FIFO_SD_FIFO_RAM_0/I1[16]
I_SDRAM_TOP/I_SDRAM_WRITE_FIFO_SD_FIFO_RAM_0/I1[17]
I_SDRAM_TOP/I_SDRAM_WRITE_FIFO_SD_FIFO_RAM_0/I1[18]
I_SDRAM_TOP/I_SDRAM_WRITE_FIFO_SD_FIFO_RAM_0/I1[19]
I_SDRAM_TOP/I_SDRAM_WRITE_FIFO_SD_FIFO_RAM_0/I1[20]
I_SDRAM_TOP/I_SDRAM_WRITE_FIFO_SD_FIFO_RAM_0/I1[21]
I_SDRAM_TOP/I_SDRAM_WRITE_FIFO_SD_FIFO_RAM_0/I1[22]
I_SDRAM_TOP/I_SDRAM_WRITE_FIFO_SD_FIFO_RAM_0/I1[23]
I_SDRAM_TOP/I_SDRAM_WRITE_FIFO_SD_FIFO_RAM_0/I1[24]
I_SDRAM_TOP/I_SDRAM_WRITE_FIFO_SD_FIFO_RAM_0/I1[25]
I_SDRAM_TOP/I_SDRAM_WRITE_FIFO_SD_FIFO_RAM_0/I1[26]
I_SDRAM_TOP/I_SDRAM_WRITE_FIFO_SD_FIFO_RAM_0/I1[27]
I_SDRAM_TOP/I_SDRAM_WRITE_FIFO_SD_FIFO_RAM_0/I1[28]
I_SDRAM_TOP/I_SDRAM_WRITE_FIFO_SD_FIFO_RAM_0/I1[29]
I_SDRAM_TOP/I_SDRAM_WRITE_FIFO_SD_FIFO_RAM_0/I1[30]
I_SDRAM_TOP/I_SDRAM_WRITE_FIFO_SD_FIFO_RAM_0/I1[31]
I_SDRAM_TOP/I_SDRAM_WRITE_FIFO_SD_FIFO_RAM_1/A1[0]
I_SDRAM_TOP/I_SDRAM_WRITE_FIFO_SD_FIFO_RAM_1/A1[1]
I_SDRAM_TOP/I_SDRAM_WRITE_FIFO_SD_FIFO_RAM_1/A1[2]
I_SDRAM_TOP/I_SDRAM_WRITE_FIFO_SD_FIFO_RAM_1/A1[3]
I_SDRAM_TOP/I_SDRAM_WRITE_FIFO_SD_FIFO_RAM_1/A1[4]
I_SDRAM_TOP/I_SDRAM_WRITE_FIFO_SD_FIFO_RAM_1/A1[5]
I_SDRAM_TOP/I_SDRAM_WRITE_FIFO_SD_FIFO_RAM_1/I1[0]
I_SDRAM_TOP/I_SDRAM_WRITE_FIFO_SD_FIFO_RAM_1/I1[1]
I_SDRAM_TOP/I_SDRAM_WRITE_FIFO_SD_FIFO_RAM_1/I1[2]
I_SDRAM_TOP/I_SDRAM_WRITE_FIFO_SD_FIFO_RAM_1/I1[3]
I_SDRAM_TOP/I_SDRAM_WRITE_FIFO_SD_FIFO_RAM_1/I1[4]
I_SDRAM_TOP/I_SDRAM_WRITE_FIFO_SD_FIFO_RAM_1/I1[5]
I_SDRAM_TOP/I_SDRAM_WRITE_FIFO_SD_FIFO_RAM_1/I1[6]
I_SDRAM_TOP/I_SDRAM_WRITE_FIFO_SD_FIFO_RAM_1/I1[7]
I_SDRAM_TOP/I_SDRAM_WRITE_FIFO_SD_FIFO_RAM_1/I1[8]
I_SDRAM_TOP/I_SDRAM_WRITE_FIFO_SD_FIFO_RAM_1/I1[9]
I_SDRAM_TOP/I_SDRAM_WRITE_FIFO_SD_FIFO_RAM_1/I1[10]
I_SDRAM_TOP/I_SDRAM_WRITE_FIFO_SD_FIFO_RAM_1/I1[11]
I_SDRAM_TOP/I_SDRAM_WRITE_FIFO_SD_FIFO_RAM_1/I1[12]
I_SDRAM_TOP/I_SDRAM_WRITE_FIFO_SD_FIFO_RAM_1/I1[13]
I_SDRAM_TOP/I_SDRAM_WRITE_FIFO_SD_FIFO_RAM_1/I1[14]
I_SDRAM_TOP/I_SDRAM_WRITE_FIFO_SD_FIFO_RAM_1/I1[15]
I_SDRAM_TOP/I_SDRAM_WRITE_FIFO_SD_FIFO_RAM_1/I1[16]
I_SDRAM_TOP/I_SDRAM_WRITE_FIFO_SD_FIFO_RAM_1/I1[17]
I_SDRAM_TOP/I_SDRAM_WRITE_FIFO_SD_FIFO_RAM_1/I1[18]
I_SDRAM_TOP/I_SDRAM_WRITE_FIFO_SD_FIFO_RAM_1/I1[19]
I_SDRAM_TOP/I_SDRAM_WRITE_FIFO_SD_FIFO_RAM_1/I1[20]
I_SDRAM_TOP/I_SDRAM_WRITE_FIFO_SD_FIFO_RAM_1/I1[21]
I_SDRAM_TOP/I_SDRAM_WRITE_FIFO_SD_FIFO_RAM_1/I1[22]
I_SDRAM_TOP/I_SDRAM_WRITE_FIFO_SD_FIFO_RAM_1/I1[23]
I_SDRAM_TOP/I_SDRAM_WRITE_FIFO_SD_FIFO_RAM_1/I1[24]
I_SDRAM_TOP/I_SDRAM_WRITE_FIFO_SD_FIFO_RAM_1/I1[25]
I_SDRAM_TOP/I_SDRAM_WRITE_FIFO_SD_FIFO_RAM_1/I1[26]
I_SDRAM_TOP/I_SDRAM_WRITE_FIFO_SD_FIFO_RAM_1/I1[27]
I_SDRAM_TOP/I_SDRAM_WRITE_FIFO_SD_FIFO_RAM_1/I1[28]
I_SDRAM_TOP/I_SDRAM_WRITE_FIFO_SD_FIFO_RAM_1/I1[29]
I_SDRAM_TOP/I_SDRAM_WRITE_FIFO_SD_FIFO_RAM_1/I1[30]
I_SDRAM_TOP/I_SDRAM_WRITE_FIFO_SD_FIFO_RAM_1/I1[31]
R_678/D
sd_CK
sd_CKn

Information: Checking pulse_clock_cell_type...

Information: Checking no_driving_cell...

Information: Checking partial_input_delay...
1
