============================================================
  Generated by:           Genus(TM) Synthesis Solution 23.10-p004_1
  Generated on:           May 12 2025  10:52:31 pm
  Module:                 sqrt_newton
  Operating conditions:   _nominal_ (balanced_tree)
  Wireload mode:          enclosed
  Area mode:              timing library
============================================================

-------------------------------------------------------------------------------
Sequential clock pins without clock waveform

The following sequential clock pins have no clock waveform driving them.  No    
timing constraints will be derived for paths leading to or from these pins.     
(Pin | Source | Reason)                                                         

pin:sqrt_newton/done_reg/CLK port:sqrt_newton/clk {Unclocked source}
pin:sqrt_newton/guess_reg_0_/CLK port:sqrt_newton/clk {Unclocked source}
pin:sqrt_newton/guess_reg_10_/CLK port:sqrt_newton/clk {Unclocked source}
pin:sqrt_newton/guess_reg_11_/CLK port:sqrt_newton/clk {Unclocked source}
pin:sqrt_newton/guess_reg_12_/CLK port:sqrt_newton/clk {Unclocked source}
pin:sqrt_newton/guess_reg_13_/CLK port:sqrt_newton/clk {Unclocked source}
pin:sqrt_newton/guess_reg_14_/CLK port:sqrt_newton/clk {Unclocked source}
pin:sqrt_newton/guess_reg_15_/CLK port:sqrt_newton/clk {Unclocked source}
pin:sqrt_newton/guess_reg_16_/CLK port:sqrt_newton/clk {Unclocked source}
pin:sqrt_newton/guess_reg_17_/CLK port:sqrt_newton/clk {Unclocked source}
pin:sqrt_newton/guess_reg_18_/CLK port:sqrt_newton/clk {Unclocked source}
pin:sqrt_newton/guess_reg_19_/CLK port:sqrt_newton/clk {Unclocked source}
pin:sqrt_newton/guess_reg_1_/CLK port:sqrt_newton/clk {Unclocked source}
pin:sqrt_newton/guess_reg_20_/CLK port:sqrt_newton/clk {Unclocked source}
pin:sqrt_newton/guess_reg_21_/CLK port:sqrt_newton/clk {Unclocked source}
pin:sqrt_newton/guess_reg_22_/CLK port:sqrt_newton/clk {Unclocked source}
pin:sqrt_newton/guess_reg_23_/CLK port:sqrt_newton/clk {Unclocked source}
pin:sqrt_newton/guess_reg_24_/CLK port:sqrt_newton/clk {Unclocked source}
pin:sqrt_newton/guess_reg_25_/CLK port:sqrt_newton/clk {Unclocked source}
pin:sqrt_newton/guess_reg_26_/CLK port:sqrt_newton/clk {Unclocked source}
pin:sqrt_newton/guess_reg_27_/CLK port:sqrt_newton/clk {Unclocked source}
pin:sqrt_newton/guess_reg_28_/CLK port:sqrt_newton/clk {Unclocked source}
pin:sqrt_newton/guess_reg_29_/CLK port:sqrt_newton/clk {Unclocked source}
pin:sqrt_newton/guess_reg_2_/CLK port:sqrt_newton/clk {Unclocked source}
pin:sqrt_newton/guess_reg_30_/CLK port:sqrt_newton/clk {Unclocked source}
pin:sqrt_newton/guess_reg_3_/CLK port:sqrt_newton/clk {Unclocked source}
pin:sqrt_newton/guess_reg_4_/CLK port:sqrt_newton/clk {Unclocked source}
pin:sqrt_newton/guess_reg_5_/CLK port:sqrt_newton/clk {Unclocked source}
pin:sqrt_newton/guess_reg_6_/CLK port:sqrt_newton/clk {Unclocked source}
pin:sqrt_newton/guess_reg_7_/CLK port:sqrt_newton/clk {Unclocked source}
pin:sqrt_newton/guess_reg_8_/CLK port:sqrt_newton/clk {Unclocked source}
pin:sqrt_newton/guess_reg_9_/CLK port:sqrt_newton/clk {Unclocked source}
pin:sqrt_newton/iter_count_reg_0_/CLK port:sqrt_newton/clk {Unclocked source}
pin:sqrt_newton/iter_count_reg_1_/CLK port:sqrt_newton/clk {Unclocked source}
pin:sqrt_newton/iter_count_reg_2_/CLK port:sqrt_newton/clk {Unclocked source}
pin:sqrt_newton/iter_count_reg_3_/CLK port:sqrt_newton/clk {Unclocked source}
pin:sqrt_newton/iter_count_reg_4_/CLK port:sqrt_newton/clk {Unclocked source}
pin:sqrt_newton/new_guess_reg_0_/CLK port:sqrt_newton/clk {Unclocked source}
pin:sqrt_newton/new_guess_reg_10_/CLK port:sqrt_newton/clk {Unclocked source}
pin:sqrt_newton/new_guess_reg_11_/CLK port:sqrt_newton/clk {Unclocked source}
pin:sqrt_newton/new_guess_reg_12_/CLK port:sqrt_newton/clk {Unclocked source}
pin:sqrt_newton/new_guess_reg_13_/CLK port:sqrt_newton/clk {Unclocked source}
pin:sqrt_newton/new_guess_reg_14_/CLK port:sqrt_newton/clk {Unclocked source}
pin:sqrt_newton/new_guess_reg_15_/CLK port:sqrt_newton/clk {Unclocked source}
pin:sqrt_newton/new_guess_reg_16_/CLK port:sqrt_newton/clk {Unclocked source}
pin:sqrt_newton/new_guess_reg_17_/CLK port:sqrt_newton/clk {Unclocked source}
pin:sqrt_newton/new_guess_reg_18_/CLK port:sqrt_newton/clk {Unclocked source}
pin:sqrt_newton/new_guess_reg_19_/CLK port:sqrt_newton/clk {Unclocked source}
pin:sqrt_newton/new_guess_reg_1_/CLK port:sqrt_newton/clk {Unclocked source}
pin:sqrt_newton/new_guess_reg_20_/CLK port:sqrt_newton/clk {Unclocked source}
pin:sqrt_newton/new_guess_reg_21_/CLK port:sqrt_newton/clk {Unclocked source}
pin:sqrt_newton/new_guess_reg_22_/CLK port:sqrt_newton/clk {Unclocked source}
pin:sqrt_newton/new_guess_reg_23_/CLK port:sqrt_newton/clk {Unclocked source}
pin:sqrt_newton/new_guess_reg_24_/CLK port:sqrt_newton/clk {Unclocked source}
pin:sqrt_newton/new_guess_reg_25_/CLK port:sqrt_newton/clk {Unclocked source}
pin:sqrt_newton/new_guess_reg_26_/CLK port:sqrt_newton/clk {Unclocked source}
pin:sqrt_newton/new_guess_reg_27_/CLK port:sqrt_newton/clk {Unclocked source}
pin:sqrt_newton/new_guess_reg_28_/CLK port:sqrt_newton/clk {Unclocked source}
pin:sqrt_newton/new_guess_reg_29_/CLK port:sqrt_newton/clk {Unclocked source}
pin:sqrt_newton/new_guess_reg_2_/CLK port:sqrt_newton/clk {Unclocked source}
pin:sqrt_newton/new_guess_reg_30_/CLK port:sqrt_newton/clk {Unclocked source}
pin:sqrt_newton/new_guess_reg_3_/CLK port:sqrt_newton/clk {Unclocked source}
pin:sqrt_newton/new_guess_reg_4_/CLK port:sqrt_newton/clk {Unclocked source}
pin:sqrt_newton/new_guess_reg_5_/CLK port:sqrt_newton/clk {Unclocked source}
pin:sqrt_newton/new_guess_reg_6_/CLK port:sqrt_newton/clk {Unclocked source}
pin:sqrt_newton/new_guess_reg_7_/CLK port:sqrt_newton/clk {Unclocked source}
pin:sqrt_newton/new_guess_reg_8_/CLK port:sqrt_newton/clk {Unclocked source}
pin:sqrt_newton/new_guess_reg_9_/CLK port:sqrt_newton/clk {Unclocked source}
pin:sqrt_newton/root_reg_0_/CLK port:sqrt_newton/clk {Unclocked source}
pin:sqrt_newton/root_reg_10_/CLK port:sqrt_newton/clk {Unclocked source}
pin:sqrt_newton/root_reg_11_/CLK port:sqrt_newton/clk {Unclocked source}
pin:sqrt_newton/root_reg_12_/CLK port:sqrt_newton/clk {Unclocked source}
pin:sqrt_newton/root_reg_13_/CLK port:sqrt_newton/clk {Unclocked source}
pin:sqrt_newton/root_reg_14_/CLK port:sqrt_newton/clk {Unclocked source}
pin:sqrt_newton/root_reg_15_/CLK port:sqrt_newton/clk {Unclocked source}
pin:sqrt_newton/root_reg_16_/CLK port:sqrt_newton/clk {Unclocked source}
pin:sqrt_newton/root_reg_17_/CLK port:sqrt_newton/clk {Unclocked source}
pin:sqrt_newton/root_reg_18_/CLK port:sqrt_newton/clk {Unclocked source}
pin:sqrt_newton/root_reg_19_/CLK port:sqrt_newton/clk {Unclocked source}
pin:sqrt_newton/root_reg_1_/CLK port:sqrt_newton/clk {Unclocked source}
pin:sqrt_newton/root_reg_20_/CLK port:sqrt_newton/clk {Unclocked source}
pin:sqrt_newton/root_reg_21_/CLK port:sqrt_newton/clk {Unclocked source}
pin:sqrt_newton/root_reg_22_/CLK port:sqrt_newton/clk {Unclocked source}
pin:sqrt_newton/root_reg_23_/CLK port:sqrt_newton/clk {Unclocked source}
pin:sqrt_newton/root_reg_24_/CLK port:sqrt_newton/clk {Unclocked source}
pin:sqrt_newton/root_reg_25_/CLK port:sqrt_newton/clk {Unclocked source}
pin:sqrt_newton/root_reg_26_/CLK port:sqrt_newton/clk {Unclocked source}
pin:sqrt_newton/root_reg_27_/CLK port:sqrt_newton/clk {Unclocked source}
pin:sqrt_newton/root_reg_28_/CLK port:sqrt_newton/clk {Unclocked source}
pin:sqrt_newton/root_reg_29_/CLK port:sqrt_newton/clk {Unclocked source}
pin:sqrt_newton/root_reg_2_/CLK port:sqrt_newton/clk {Unclocked source}
pin:sqrt_newton/root_reg_30_/CLK port:sqrt_newton/clk {Unclocked source}
pin:sqrt_newton/root_reg_3_/CLK port:sqrt_newton/clk {Unclocked source}
pin:sqrt_newton/root_reg_4_/CLK port:sqrt_newton/clk {Unclocked source}
pin:sqrt_newton/root_reg_5_/CLK port:sqrt_newton/clk {Unclocked source}
pin:sqrt_newton/root_reg_6_/CLK port:sqrt_newton/clk {Unclocked source}
pin:sqrt_newton/root_reg_7_/CLK port:sqrt_newton/clk {Unclocked source}
pin:sqrt_newton/root_reg_8_/CLK port:sqrt_newton/clk {Unclocked source}
pin:sqrt_newton/root_reg_9_/CLK port:sqrt_newton/clk {Unclocked source}
pin:sqrt_newton/state_reg_0_/CLK port:sqrt_newton/clk {Unclocked source}
pin:sqrt_newton/state_reg_1_/CLK port:sqrt_newton/clk {Unclocked source}
-------------------------------------------------------------------------------

-------------------------------------------------------------------------------
Inputs without clocked external delays

The following primary inputs have no clocked external delays.  As a result the  
timing paths leading from the ports have no timing constraints derived from     
clock waveforms.  The'external_delay' command is used to create new external    
delays.                                                                         

port:sqrt_newton/clk
port:sqrt_newton/rst
port:sqrt_newton/start
port:sqrt_newton/x[0]
port:sqrt_newton/x[10]
port:sqrt_newton/x[11]
port:sqrt_newton/x[12]
port:sqrt_newton/x[13]
port:sqrt_newton/x[14]
port:sqrt_newton/x[15]
port:sqrt_newton/x[16]
port:sqrt_newton/x[17]
port:sqrt_newton/x[18]
port:sqrt_newton/x[19]
port:sqrt_newton/x[1]
port:sqrt_newton/x[20]
port:sqrt_newton/x[21]
port:sqrt_newton/x[22]
port:sqrt_newton/x[23]
port:sqrt_newton/x[24]
port:sqrt_newton/x[25]
port:sqrt_newton/x[26]
port:sqrt_newton/x[27]
port:sqrt_newton/x[28]
port:sqrt_newton/x[29]
port:sqrt_newton/x[2]
port:sqrt_newton/x[30]
port:sqrt_newton/x[31]
port:sqrt_newton/x[3]
port:sqrt_newton/x[4]
port:sqrt_newton/x[5]
port:sqrt_newton/x[6]
port:sqrt_newton/x[7]
port:sqrt_newton/x[8]
port:sqrt_newton/x[9]
-------------------------------------------------------------------------------

-------------------------------------------------------------------------------
Outputs without clocked external delays

The following primary outputs have no clocked external delays.  As a result the 
timing paths leading to the ports have no timing constraints derived from clock 
waveforms.  The'external_delay' command is used to create new external delays.  

port:sqrt_newton/done
port:sqrt_newton/root[0]
port:sqrt_newton/root[10]
port:sqrt_newton/root[11]
port:sqrt_newton/root[12]
port:sqrt_newton/root[13]
port:sqrt_newton/root[14]
port:sqrt_newton/root[15]
port:sqrt_newton/root[16]
port:sqrt_newton/root[17]
port:sqrt_newton/root[18]
port:sqrt_newton/root[19]
port:sqrt_newton/root[1]
port:sqrt_newton/root[20]
port:sqrt_newton/root[21]
port:sqrt_newton/root[22]
port:sqrt_newton/root[23]
port:sqrt_newton/root[24]
port:sqrt_newton/root[25]
port:sqrt_newton/root[26]
port:sqrt_newton/root[27]
port:sqrt_newton/root[28]
port:sqrt_newton/root[29]
port:sqrt_newton/root[2]
port:sqrt_newton/root[30]
port:sqrt_newton/root[31]
port:sqrt_newton/root[3]
port:sqrt_newton/root[4]
port:sqrt_newton/root[5]
port:sqrt_newton/root[6]
port:sqrt_newton/root[7]
port:sqrt_newton/root[8]
port:sqrt_newton/root[9]
-------------------------------------------------------------------------------

-------------------------------------------------------------------------------
Inputs without external driver/transition

The following primary inputs have no external driver or input transition set.   
As a result the transition on the ports will be assumed as zero. The            
'external_driver' attribute is used to add and external driver or the           
'fixed_slew' attribute to add an external transition.                           

port:sqrt_newton/clk
port:sqrt_newton/rst
port:sqrt_newton/start
port:sqrt_newton/x[0]
port:sqrt_newton/x[10]
port:sqrt_newton/x[11]
port:sqrt_newton/x[12]
port:sqrt_newton/x[13]
port:sqrt_newton/x[14]
port:sqrt_newton/x[15]
port:sqrt_newton/x[16]
port:sqrt_newton/x[17]
port:sqrt_newton/x[18]
port:sqrt_newton/x[19]
port:sqrt_newton/x[1]
port:sqrt_newton/x[20]
port:sqrt_newton/x[21]
port:sqrt_newton/x[22]
port:sqrt_newton/x[23]
port:sqrt_newton/x[24]
port:sqrt_newton/x[25]
port:sqrt_newton/x[26]
port:sqrt_newton/x[27]
port:sqrt_newton/x[28]
port:sqrt_newton/x[29]
port:sqrt_newton/x[2]
port:sqrt_newton/x[30]
port:sqrt_newton/x[31]
port:sqrt_newton/x[3]
port:sqrt_newton/x[4]
port:sqrt_newton/x[5]
port:sqrt_newton/x[6]
port:sqrt_newton/x[7]
port:sqrt_newton/x[8]
port:sqrt_newton/x[9]
-------------------------------------------------------------------------------

-------------------------------------------------------------------------------
Outputs without external load

The following primary outputs have no external load set. As a result the load   
on the ports will be assumed as zero. The 'external_pin_cap' attribute is used  
to add and external pin cap.                                                    

port:sqrt_newton/done
port:sqrt_newton/root[0]
port:sqrt_newton/root[10]
port:sqrt_newton/root[11]
port:sqrt_newton/root[12]
port:sqrt_newton/root[13]
port:sqrt_newton/root[14]
port:sqrt_newton/root[15]
port:sqrt_newton/root[16]
port:sqrt_newton/root[17]
port:sqrt_newton/root[18]
port:sqrt_newton/root[19]
port:sqrt_newton/root[1]
port:sqrt_newton/root[20]
port:sqrt_newton/root[21]
port:sqrt_newton/root[22]
port:sqrt_newton/root[23]
port:sqrt_newton/root[24]
port:sqrt_newton/root[25]
port:sqrt_newton/root[26]
port:sqrt_newton/root[27]
port:sqrt_newton/root[28]
port:sqrt_newton/root[29]
port:sqrt_newton/root[2]
port:sqrt_newton/root[30]
port:sqrt_newton/root[31]
port:sqrt_newton/root[3]
port:sqrt_newton/root[4]
port:sqrt_newton/root[5]
port:sqrt_newton/root[6]
port:sqrt_newton/root[7]
port:sqrt_newton/root[8]
port:sqrt_newton/root[9]
-------------------------------------------------------------------------------


Lint summary
 Unconnected/logic driven clocks                                  0
 Sequential data pins driven by a clock signal                    0
 Sequential clock pins without clock waveform                   101
 Sequential clock pins with multiple clock waveforms              0
 Generated clocks without clock waveform                          0
 Generated clocks with incompatible options                       0
 Generated clocks with multi-master clock                         0
 Paths constrained with different clocks                          0
 Loop-breaking cells for combinational feedback                   0
 Nets with multiple drivers                                       0
 Timing exceptions with no effect                                 0
 Suspicious multi_cycle exceptions                                0
 Pins/ports with conflicting case constants                       0
 Inputs without clocked external delays                          35
 Outputs without clocked external delays                         33
 Inputs without external driver/transition                       35
 Outputs without external load                                   33
 Exceptions with invalid timing start-/endpoints                  0

                                                  Total:        237

