============================================================
  Generated by:           Genus(TM) Synthesis Solution 23.10-p004_1
  Generated on:           May 12 2025  10:52:30 pm
  Module:                 sqrt_newton
  Technology libraries:   saed32rvt_ss0p75vn40c 1.0000000
                          saed32rvt_dlvl_ss0p75vn40c_i0p95v 1.0000000
                          saed32rvt_ulvl_ss0p75vn40c_i0p75v 1.0000000
                          saed32rvt_dlvl_ss0p75vn40c_i0p75v 1.0000000
                          saed32rvt_ss0p95vn40c 1.0000000
                          saed32rvt_ulvl_ss0p95vn40c_i0p75v 1.0000000
                          saed32lvt_ss0p75vn40c 1.0000000
                          saed32lvt_dlvl_ss0p75vn40c_i0p95v 1.0000000
                          saed32lvt_ulvl_ss0p75vn40c_i0p75v 1.0000000
                          saed32lvt_dlvl_ss0p75vn40c_i0p75v 1.0000000
                          saed32lvt_ss0p95vn40c 1.0000000
                          saed32lvt_ulvl_ss0p95vn40c_i0p75v 1.0000000
                          saed32hvt_ss0p75vn40c 1.0000000
                          saed32hvt_dlvl_ss0p75vn40c_i0p95v 1.0000000
                          saed32hvt_ulvl_ss0p75vn40c_i0p75v 1.0000000
                          saed32hvt_dlvl_ss0p75vn40c_i0p75v 1.0000000
                          saed32hvt_ss0p95vn40c 1.0000000
                          saed32hvt_ulvl_ss0p95vn40c_i0p75v 1.0000000
                          saed32sram_ss0p95vn40c 1.0000000
  Operating conditions:   _nominal_ (balanced_tree)
  Wireload mode:          enclosed
  Area mode:              timing library
============================================================

Timing
-------
  Cost    Critical         Violating 
 Group   Path Slack  TNS     Paths   
-------------------------------------
default    No paths   0.0            
-------------------------------------
Total                 0.0          0 

Instance Count
--------------
Leaf Instance Count             1759 
Physical Instance count            0 
Sequential Instance Count        101 
Combinational Instance Count    1658 
Hierarchical Instance Count        0 

Area
----
Cell Area                          6075.058
Physical Cell Area                 0.000
Total Cell Area (Cell+Physical)    6075.058
Net Area                           0.000
Total Area (Cell+Physical+Net)     6075.058

Max Fanout                         101 (clk)
Min Fanout                         0 (n_104)
Average Fanout                     2.4
Terms to net ratio                 3.4059
Terms to instance ratio            4.6316
Runtime                            994.549667 seconds
Elapsed Runtime                    23771 seconds
Genus peak memory usage            2339.16 
Innovus peak memory usage          no_value 
Hostname                           mo.ece.pdx.edu
