
Information: Checking generated_clocks...

Information: Checking loops...

Information: Checking no_input_delay...

Information: Checking unconstrained_endpoints...

Warning: The following end-points are not constrained for maximum delay.

End point
---------------
done
done_reg/next_state
done_reg/synch_enable
guess_reg_0_/next_state
guess_reg_0_/synch_enable
guess_reg_1_/next_state
guess_reg_1_/synch_enable
guess_reg_2_/next_state
guess_reg_2_/synch_enable
guess_reg_3_/next_state
guess_reg_3_/synch_enable
guess_reg_4_/next_state
guess_reg_4_/synch_enable
guess_reg_5_/next_state
guess_reg_5_/synch_enable
guess_reg_6_/next_state
guess_reg_6_/synch_enable
guess_reg_7_/next_state
guess_reg_7_/synch_enable
guess_reg_8_/next_state
guess_reg_8_/synch_enable
guess_reg_9_/next_state
guess_reg_9_/synch_enable
guess_reg_10_/next_state
guess_reg_10_/synch_enable
guess_reg_11_/next_state
guess_reg_11_/synch_enable
guess_reg_12_/next_state
guess_reg_12_/synch_enable
guess_reg_13_/next_state
guess_reg_13_/synch_enable
guess_reg_14_/next_state
guess_reg_14_/synch_enable
guess_reg_15_/next_state
guess_reg_15_/synch_enable
guess_reg_16_/next_state
guess_reg_16_/synch_enable
guess_reg_17_/next_state
guess_reg_17_/synch_enable
guess_reg_18_/next_state
guess_reg_18_/synch_enable
guess_reg_19_/next_state
guess_reg_19_/synch_enable
guess_reg_20_/next_state
guess_reg_20_/synch_enable
guess_reg_21_/next_state
guess_reg_21_/synch_enable
guess_reg_22_/next_state
guess_reg_22_/synch_enable
guess_reg_23_/next_state
guess_reg_23_/synch_enable
guess_reg_24_/next_state
guess_reg_24_/synch_enable
guess_reg_25_/next_state
guess_reg_25_/synch_enable
guess_reg_26_/next_state
guess_reg_26_/synch_enable
guess_reg_27_/next_state
guess_reg_27_/synch_enable
guess_reg_28_/next_state
guess_reg_28_/synch_enable
guess_reg_29_/next_state
guess_reg_29_/synch_enable
guess_reg_30_/next_state
guess_reg_30_/synch_enable
guess_reg_31_/next_state
guess_reg_31_/synch_enable
iter_count_reg_0_/next_state
iter_count_reg_0_/synch_enable
iter_count_reg_1_/next_state
iter_count_reg_1_/synch_enable
iter_count_reg_2_/next_state
iter_count_reg_2_/synch_enable
iter_count_reg_3_/next_state
iter_count_reg_3_/synch_enable
iter_count_reg_4_/next_state
iter_count_reg_4_/synch_enable
new_guess_reg_0_/next_state
new_guess_reg_0_/synch_enable
new_guess_reg_1_/next_state
new_guess_reg_1_/synch_enable
new_guess_reg_2_/next_state
new_guess_reg_2_/synch_enable
new_guess_reg_3_/next_state
new_guess_reg_3_/synch_enable
new_guess_reg_4_/next_state
new_guess_reg_4_/synch_enable
new_guess_reg_5_/next_state
new_guess_reg_5_/synch_enable
new_guess_reg_6_/next_state
new_guess_reg_6_/synch_enable
new_guess_reg_7_/next_state
new_guess_reg_7_/synch_enable
new_guess_reg_8_/next_state
new_guess_reg_8_/synch_enable
new_guess_reg_9_/next_state
new_guess_reg_9_/synch_enable
new_guess_reg_10_/next_state
new_guess_reg_10_/synch_enable
new_guess_reg_11_/next_state
new_guess_reg_11_/synch_enable
new_guess_reg_12_/next_state
new_guess_reg_12_/synch_enable
new_guess_reg_13_/next_state
new_guess_reg_13_/synch_enable
new_guess_reg_14_/next_state
new_guess_reg_14_/synch_enable
new_guess_reg_15_/next_state
new_guess_reg_15_/synch_enable
new_guess_reg_16_/next_state
new_guess_reg_16_/synch_enable
new_guess_reg_17_/next_state
new_guess_reg_17_/synch_enable
new_guess_reg_18_/next_state
new_guess_reg_18_/synch_enable
new_guess_reg_19_/next_state
new_guess_reg_19_/synch_enable
new_guess_reg_20_/next_state
new_guess_reg_20_/synch_enable
new_guess_reg_21_/next_state
new_guess_reg_21_/synch_enable
new_guess_reg_22_/next_state
new_guess_reg_22_/synch_enable
new_guess_reg_23_/next_state
new_guess_reg_23_/synch_enable
new_guess_reg_24_/next_state
new_guess_reg_24_/synch_enable
new_guess_reg_25_/next_state
new_guess_reg_25_/synch_enable
new_guess_reg_26_/next_state
new_guess_reg_26_/synch_enable
new_guess_reg_27_/next_state
new_guess_reg_27_/synch_enable
new_guess_reg_28_/next_state
new_guess_reg_28_/synch_enable
new_guess_reg_29_/next_state
new_guess_reg_29_/synch_enable
new_guess_reg_30_/next_state
new_guess_reg_30_/synch_enable
new_guess_reg_31_/synch_enable
root[0]
root[1]
root[2]
root[3]
root[4]
root[5]
root[6]
root[7]
root[8]
root[9]
root[10]
root[11]
root[12]
root[13]
root[14]
root[15]
root[16]
root[17]
root[18]
root[19]
root[20]
root[21]
root[22]
root[23]
root[24]
root[25]
root[26]
root[27]
root[28]
root[29]
root[30]
root[31]
root_reg_0_/next_state
root_reg_0_/synch_enable
root_reg_1_/next_state
root_reg_1_/synch_enable
root_reg_2_/next_state
root_reg_2_/synch_enable
root_reg_3_/next_state
root_reg_3_/synch_enable
root_reg_4_/next_state
root_reg_4_/synch_enable
root_reg_5_/next_state
root_reg_5_/synch_enable
root_reg_6_/next_state
root_reg_6_/synch_enable
root_reg_7_/next_state
root_reg_7_/synch_enable
root_reg_8_/next_state
root_reg_8_/synch_enable
root_reg_9_/next_state
root_reg_9_/synch_enable
root_reg_10_/next_state
root_reg_10_/synch_enable
root_reg_11_/next_state
root_reg_11_/synch_enable
root_reg_12_/next_state
root_reg_12_/synch_enable
root_reg_13_/next_state
root_reg_13_/synch_enable
root_reg_14_/next_state
root_reg_14_/synch_enable
root_reg_15_/next_state
root_reg_15_/synch_enable
root_reg_16_/next_state
root_reg_16_/synch_enable
root_reg_17_/next_state
root_reg_17_/synch_enable
root_reg_18_/next_state
root_reg_18_/synch_enable
root_reg_19_/next_state
root_reg_19_/synch_enable
root_reg_20_/next_state
root_reg_20_/synch_enable
root_reg_21_/next_state
root_reg_21_/synch_enable
root_reg_22_/next_state
root_reg_22_/synch_enable
root_reg_23_/next_state
root_reg_23_/synch_enable
root_reg_24_/next_state
root_reg_24_/synch_enable
root_reg_25_/next_state
root_reg_25_/synch_enable
root_reg_26_/next_state
root_reg_26_/synch_enable
root_reg_27_/next_state
root_reg_27_/synch_enable
root_reg_28_/next_state
root_reg_28_/synch_enable
root_reg_29_/next_state
root_reg_29_/synch_enable
root_reg_30_/next_state
root_reg_30_/synch_enable
root_reg_31_/next_state
root_reg_31_/synch_enable
state_reg_0_/next_state
state_reg_1_/next_state

Information: Checking pulse_clock_cell_type...

Information: Checking no_driving_cell...

Information: Checking partial_input_delay...
1
