 ------------------------------------------------------------------------------------------------------------------------------------------------------- 
| Snapshot                | WNS                  | TNS                  | Density (%) | Hotspot                   | Resource               | DRVs       |
|                         | HEPG (ns) | ALL (ns) | HEPG (ns) | ALL (ns) |             | Max (bins) | Total (bins) | Real (s) | Memory (MB) | Tran | Cap |
|-------------------------+-----------+----------+-----------+----------+-------------+------------+--------------+----------+-------------+------+-----|
| initial_summary         |           |   -1.032 |           |      -20 |       42.72 |            |              | 0:00:13  |        4889 |   55 |  65 |
| route_type_refinement   |           |          |           |          |             |            |              | 0:00:03  |        4984 |      |     |
| simplify_netlist        |           |          |           |          |             |            |              | 0:00:04  |        4984 |      |     |
| excluded_clk_net_fixing |           |          |           |          |             |            |              | 0:00:00  |        4984 |      |     |
| drv_fixing              |     0.000 |   -0.608 |         0 |       -6 |       42.89 |            |              | 0:00:12  |        5165 |    0 |   5 |
| global_opt              |           |   -0.271 |           |       -1 |       42.89 |            |              | 0:00:06  |        5233 |      |     |
| global_opt_2            |           |   -0.267 |           |       -1 |       42.90 |            |              | 0:00:09  |        5258 |      |     |
| area_reclaiming         |     0.000 |   -0.267 |         0 |       -1 |       42.73 |            |              | 0:00:29  |        5282 |      |     |
| drv_fixing_2            |     0.000 |   -0.266 |         0 |       -1 |       42.64 |            |              | 0:00:14  |        5282 |    0 |   0 |
| wns_fixing              |    -0.267 |   -0.283 |        -0 |       -1 |       42.75 |            |              | 0:00:47  |        5925 |      |     |
| tns_fixing              |    -0.267 |   -0.283 |        -0 |       -1 |       42.76 |            |              | 0:00:21  |        5931 |      |     |
| area_reclaiming_2       |    -0.267 |   -0.267 |        -0 |       -1 |       42.04 |            |              | 0:00:45  |        5459 |      |     |
| area_reclaiming_3       |    -0.267 |   -0.267 |        -0 |       -1 |       42.04 |            |              | 0:00:13  |        5402 |      |     |
| local_wire_reclaim      |           |          |           |          |             |            |              | 0:01:09  |        5405 |      |     |
| global_route            |           |          |           |          |             |       0.00 |         0.00 | 0:00:09  |        5187 |      |     |
| route_type_refinement_2 |           |          |           |          |             |            |              | 0:00:01  |        5187 |      |     |
| drv_eco_fixing          |    -0.269 |   -0.269 |        -0 |       -0 |       42.09 |            |              | 0:00:06  |        5360 |    0 |   5 |
| tns_eco_fixing          |    -0.269 |   -0.269 |        -0 |       -0 |       42.09 |            |              | 0:00:12  |        5994 |      |     |
| tns_eco_fixing_2        |    -0.269 |   -0.269 |        -0 |       -0 |       42.09 |            |              | 0:00:05  |        5813 |      |     |
| final_summary           |    -0.269 |   -0.269 |           |       -0 |       41.98 |       2.62 |         4.20 | 0:00:13  |        5327 |    0 |   0 |
 ------------------------------------------------------------------------------------------------------------------------------------------------------- 
