**INFO: Starting Blocking QThread with 4 CPU
   ____________________________________________________________________
__/ message from Blocking QThread
Multi-CPU acceleration using 4 CPU(s).
*** QThread MetricCollect [begin] (IncrReplace #1 / place_opt_design #1) : mem = 0.3M
Multithreaded Timing Analysis is initialized with 4 threads

###############################################################
#  Generated by:      Cadence Innovus 23.10-p003_1
#  OS:                Linux x86_64(Host ID mo.ece.pdx.edu)
#  Generated on:      Sat May 18 19:27:54 2024
#  Design:            ORCA_TOP
#  Command:           place_opt_design
###############################################################

REPORT ANALYSIS SUMMARY (View:test_worst_scenario) (EL:Setup)
=========================================================================================================================================================================================================

REPORT ANALYSIS SUMMARY (View:func_worst_scenario) (EL:Setup)
=========================================================================================================================================================================================================
Ending "set_metric_timing_analysis_summary" (total cpu=0:00:00.4, real=0:00:01.0, peak res=3133.5M, current mem=2647.4M)
Ending "get_summary_setup_timing" (total cpu=0:00:00.5, real=0:00:01.0, peak res=3133.5M, current mem=2647.7M)
*** QThread MetricCollect [finish] (IncrReplace #1 / place_opt_design #1) : cpu/real = 0:00:00.6/0:00:00.6 (1.1), mem = 0.0M
_______________________________________________________________________
